stdout: Processing wallet (group 14): 65BULC6KjGaUfDX5rHcpGNxxfYKFxCHWfZRDxaAf5uCo
stdout: Processing wallet address: 65BULC6KjGaUfDX5rHcpGNxxfYKFxCHWfZRDxaAf5uCo
No more transactions available.
{
  '1776': [
    {
      timestamp: 1720047000,
      token_amount: 2555221.336584,
      amount: 4.237937514,
      usdBalance: 597.893430897694,
      sp: 1
    },
    {
      timestamp: 1720046940,
      token_amount: 2555221.336584,
      amount: 5,
      usdBalance: 705.7518027895578,
      sp: -1
    }
  ],
  PEPEON: [
    {
      timestamp: 1720119720,
      token_amount: 3359364.509747,
      amount: 2.400821118,
      usdBalance: 330.2408473494641,
      sp: 1
    },
    {
      timestamp: 1720119600,
      token_amount: 3359364.509747,
      amount: 2.895918215,
      usdBalance: 398.34308270873333,
      sp: 1
    },
    {
      timestamp: 1720119480,
      token_amount: 2879455.294068,
      amount: 2.40411292,
      usdBalance: 330.69364554989494,
      sp: 1
    }
  ],
  Peon: [
    {
      timestamp: 1720117620,
      token_amount: 1586372.725386,
      amount: 19.948079397,
      usdBalance: 2743.92398236963,
      sp: 1
    },
    {
      timestamp: 1720117140,
      token_amount: 443978.381325,
      amount: 5,
      usdBalance: 687.7664580536735,
      sp: -1
    },
    {
      timestamp: 1720117080,
      token_amount: 403300.155274,
      amount: 5,
      usdBalance: 687.7664580536735,
      sp: -1
    },
    {
      timestamp: 1720117020,
      token_amount: 739094.188787,
      amount: 10,
      usdBalance: 1375.532916107347,
      sp: -1
    },
    {
      timestamp: 1720116780,
      token_amount: 1016979.784475,
      amount: 10.70390847,
      usdBalance: 1472.3578431485232,
      sp: 1
    },
    {
      timestamp: 1720116600,
      token_amount: 1016979.784475,
      amount: 10,
      usdBalance: 1375.532916107347,
      sp: -1
    },
    {
      timestamp: 1720115640,
      token_amount: 2868979.574397,
      amount: 21.289434108,
      usdBalance: 2928.4317380852453,
      sp: 1
    },
    {
      timestamp: 1720114920,
      token_amount: 2868979.574397,
      amount: 20,
      usdBalance: 2751.065832214694,
      sp: -1
    },
    {
      timestamp: 1720114680,
      token_amount: 3760798.612363,
      amount: 14.372018973,
      usdBalance: 1976.9185168280808,
      sp: 1
    },
    {
      timestamp: 1720114320,
      token_amount: 3760798.612363,
      amount: 20,
      usdBalance: 2751.065832214694,
      sp: -1
    }
  ],
  LEEROY: [
    {
      timestamp: 1720115700,
      token_amount: 29011395.921956953,
      amount: 7.681673386,
      usdBalance: 1056.6394593228779,
      sp: 1
    },
    {
      timestamp: 1720114680,
      token_amount: 29011395.921956953,
      amount: 1,
      usdBalance: 137.5532916107347,
      sp: -1
    }
  ],
  PEON: [
    {
      timestamp: 1720114260,
      token_amount: 2174906.984049,
      amount: 5.099130997,
      usdBalance: 701.4022529916773,
      sp: 1
    },
    {
      timestamp: 1720113600,
      token_amount: 2174906.984049,
      amount: 5,
      usdBalance: 687.7664580536735,
      sp: -1
    }
  ],
  MOG: [
    {
      timestamp: 1720113420,
      token_amount: 8106483.597053,
      amount: 4.440006287,
      usdBalance: 610.7374795492065,
      sp: 1
    },
    {
      timestamp: 1720112640,
      token_amount: 8106483.597053,
      amount: 5,
      usdBalance: 687.7664580536735,
      sp: -1
    }
  ],
  Moko: [
    {
      timestamp: 1720105920,
      token_amount: 3576597.598169,
      amount: 8.637830131,
      usdBalance: 1188.1619668934336,
      sp: 1
    },
    {
      timestamp: 1720104660,
      token_amount: 3576597.598169,
      amount: 7,
      usdBalance: 962.8730412751429,
      sp: -1
    },
    {
      timestamp: 1720104540,
      token_amount: 3484577.961527,
      amount: 5.253345441,
      usdBalance: 722.6149573777966,
      sp: 1
    },
    {
      timestamp: 1720104420,
      token_amount: 3484577.961527,
      amount: 5,
      usdBalance: 687.7664580536735,
      sp: -1
    }
  ],
  DRAGGY: [
    {
      timestamp: 1720101960,
      token_amount: 8542555.536813,
      amount: 7.476613691,
      usdBalance: 1028.4328232989344,
      sp: 1
    },
    {
      timestamp: 1720100640,
      token_amount: 8542555.536813,
      amount: 10,
      usdBalance: 1375.532916107347,
      sp: -1
    }
  ],
  groot: [
    {
      timestamp: 1720099920,
      token_amount: 5778678.820358,
      amount: 1.741038168,
      usdBalance: 239.4855308283233,
      sp: 1
    },
    {
      timestamp: 1720099200,
      token_amount: 5778678.820358,
      amount: 5,
      usdBalance: 687.7664580536735,
      sp: -1
    }
  ],
  BBQ: [
    {
      timestamp: 1720062660,
      token_amount: 5834389.331067,
      amount: 9.571323984,
      usdBalance: 1316.5671190719709,
      sp: 1
    },
    {
      timestamp: 1720061700,
      token_amount: 1980106.120095,
      amount: 5,
      usdBalance: 687.7664580536735,
      sp: -1
    },
    {
      timestamp: 1720061340,
      token_amount: 1906607.373505,
      amount: 5,
      usdBalance: 687.7664580536735,
      sp: -1
    },
    {
      timestamp: 1720061340,
      token_amount: 1947675.837467,
      amount: 5,
      usdBalance: 687.7664580536735,
      sp: -1
    },
    {
      timestamp: 1720061040,
      token_amount: 3673801.283986,
      amount: 4.825120593,
      usdBalance: 663.7112199858902,
      sp: 1
    },
    {
      timestamp: 1720060020,
      token_amount: 3673801.283986,
      amount: 5,
      usdBalance: 687.7664580536735,
      sp: -1
    },
    {
      timestamp: 1720058580,
      token_amount: 4361328.204145,
      amount: 4.022604024,
      usdBalance: 540.8790641135803,
      sp: 1
    },
    {
      timestamp: 1720058460,
      token_amount: 4361328.204145,
      amount: 5,
      usdBalance: 672.3077154537033,
      sp: -1
    },
    {
      timestamp: 1720058040,
      token_amount: 4630465.907887,
      amount: 4.269976857,
      usdBalance: 578.6385576994867,
      sp: 1
    },
    {
      timestamp: 1720056900,
      token_amount: 4630465.907887,
      amount: 5,
      usdBalance: 682.2062417656655,
      sp: -1
    }
  ],
  Bull: [
    {
      timestamp: 1720056360,
      token_amount: 3701932.339043,
      amount: 12.371363547,
      usdBalance: 1717.104670959289,
      sp: 1
    },
    {
      timestamp: 1720056240,
      token_amount: 1730421.207156,
      amount: 5,
      usdBalance: 694.2454751404124,
      sp: -1
    },
    {
      timestamp: 1720056120,
      token_amount: 1971511.131887,
      amount: 10,
      usdBalance: 1386.0432754700769,
      sp: -1
    },
    {
      timestamp: 1720054980,
      token_amount: 1736967.73395,
      amount: 5.396874902,
      usdBalance: 762.4278722344185,
      sp: 1
    },
    {
      timestamp: 1720054920,
      token_amount: 1736967.733949,
      amount: 5.966333954,
      usdBalance: 841.7824397332913,
      sp: 1
    },
    {
      timestamp: 1720054440,
      token_amount: 1177103.22085,
      amount: 5,
      usdBalance: 707.3258503770403,
      sp: -1
    },
    {
      timestamp: 1720054380,
      token_amount: 2296832.247049,
      amount: 10,
      usdBalance: 1414.1484675863967,
      sp: -1
    }
  ],
  mylo: [
    {
      timestamp: 1720053960,
      token_amount: 4627736.693445,
      amount: 3.982650865,
      usdBalance: 564.5075766705291,
      sp: 1
    },
    {
      timestamp: 1720053720,
      token_amount: 4627736.693445,
      amount: 5,
      usdBalance: 711.9911842864018,
      sp: -1
    },
    {
      timestamp: 1720053300,
      token_amount: 3727441.627311,
      amount: 3.033204517,
      usdBalance: 432.28433775602923,
      sp: 1
    },
    {
      timestamp: 1720053240,
      token_amount: 3727441.627311,
      amount: 3.199060221,
      usdBalance: 455.3827881460222,
      sp: 1
    },
    {
      timestamp: 1720052940,
      token_amount: 7454883.254622,
      amount: 3,
      usdBalance: 426.28837950851255,
      sp: -1
    }
  ],
  WINNY: [
    {
      timestamp: 1720050600,
      token_amount: 3329386.722701,
      amount: 6.10180255,
      usdBalance: 858.8934693405943,
      sp: 1
    },
    {
      timestamp: 1720050600,
      token_amount: 3329386.7227,
      amount: 6.019105825,
      usdBalance: 847.2530276094282,
      sp: 1
    }
  ],
  BARNY: [
    {
      timestamp: 1720046640,
      token_amount: 2926946.318924,
      amount: 6.98798444,
      usdBalance: 986.6659356717171,
      sp: 1
    },
    {
      timestamp: 1720046640,
      token_amount: 2926946.318924,
      amount: 7.307431196,
      usdBalance: 1031.7701048512974,
      sp: 1
    },
    {
      timestamp: 1720044180,
      token_amount: 2715875.907227,
      amount: 5,
      usdBalance: 708.021867610576,
      sp: -1
    },
    {
      timestamp: 1720043460,
      token_amount: 3138016.730621,
      amount: 5,
      usdBalance: 706.1556747119472,
      sp: -1
    }
  ],
  WALTER: [
    {
      timestamp: 1720043100,
      token_amount: 3613227.189426,
      amount: 9.939791277,
      usdBalance: 1402.8858087744197,
      sp: 1
    },
    {
      timestamp: 1720042800,
      token_amount: 3613227.189426,
      amount: 10,
      usdBalance: 1407.1880529620776,
      sp: -1
    },
    {
      timestamp: 1720031220,
      token_amount: 5891089.539663,
      amount: 14.959834914,
      usdBalance: 2125.471331606582,
      sp: 1
    },
    {
      timestamp: 1720030440,
      token_amount: 1778796.820877,
      amount: 5,
      usdBalance: 707.9276710532093,
      sp: -1
    },
    {
      timestamp: 1720030260,
      token_amount: 4112292.718786,
      amount: 10,
      usdBalance: 1414.650363441083,
      sp: -1
    },
    {
      timestamp: 1720029180,
      token_amount: 5270514.61617,
      amount: 9.177910303,
      usdBalance: 1301.2474097998038,
      sp: 1
    },
    {
      timestamp: 1720029000,
      token_amount: 2575180.771501,
      amount: 5,
      usdBalance: 708.1693829584173,
      sp: -1
    },
    {
      timestamp: 1720028940,
      token_amount: 2695333.844669,
      amount: 5,
      usdBalance: 707.0891577778959,
      sp: -1
    },
    {
      timestamp: 1719978960,
      token_amount: 6871187.761568,
      amount: 7.025840171,
      usdBalance: 1056.536177715293,
      sp: 1
    },
    {
      timestamp: 1719977940,
      token_amount: 6871187.761568,
      amount: 5,
      usdBalance: 755.2025300881355,
      sp: -1
    }
  ],
  RETIREDIO: [
    {
      timestamp: 1720039860,
      token_amount: 4989921.755332,
      amount: 2.397726352,
      usdBalance: 336.59869598477746,
      sp: 1
    },
    {
      timestamp: 1720039740,
      token_amount: 4989921.755332,
      amount: 3,
      usdBalance: 421.8249910251568,
      sp: -1
    }
  ],
  SAGE: [
    {
      timestamp: 1720037640,
      token_amount: 668247.398962,
      amount: 2.120118353,
      usdBalance: 297.5983883819383,
      sp: 1
    },
    {
      timestamp: 1720037580,
      token_amount: 668247.398962,
      amount: 2.140441603,
      usdBalance: 300.4349583286319,
      sp: 1
    },
    {
      timestamp: 1720037400,
      token_amount: 1336494.797924,
      amount: 1,
      usdBalance: 140.16811401035673,
      sp: -1
    },
    {
      timestamp: 1720035240,
      token_amount: 2083190.811981,
      amount: 0.878203851,
      usdBalance: 123.18209271265111,
      sp: 1
    },
    {
      timestamp: 1720035120,
      token_amount: 2083190.811981,
      amount: 1,
      usdBalance: 139.8521288772024,
      sp: -1
    },
    {
      timestamp: 1720034460,
      token_amount: 1578245.264625,
      amount: 0.066154083,
      usdBalance: 9.26325396446124,
      sp: 1
    },
    {
      timestamp: 1720034160,
      token_amount: 1578245.264625,
      amount: 5,
      usdBalance: 702.7271374105155,
      sp: -1
    }
  ],
  '$Belle': [
    {
      timestamp: 1720033800,
      token_amount: 7319774.067845,
      amount: 3.37876265,
      usdBalance: 478.0675522578653,
      sp: 1
    },
    {
      timestamp: 1720033500,
      token_amount: 7319774.067845,
      amount: 3,
      usdBalance: 423.48756858909576,
      sp: -1
    }
  ],
  MAD: [
    {
      timestamp: 1720028220,
      token_amount: 409046807.112151,
      amount: 20.253714964,
      usdBalance: 2883.397316019383,
      sp: 1
    },
    {
      timestamp: 1720026120,
      token_amount: 409046807.112151,
      amount: 22,
      usdBalance: 3132.9735248502293,
      sp: -1
    }
  ],
  mao: [
    {
      timestamp: 1720026060,
      token_amount: 607868.560473,
      amount: 22.554283507,
      usdBalance: 3211.9020379390554,
      sp: 1
    },
    {
      timestamp: 1720022220,
      token_amount: 607868.560473,
      amount: 22,
      usdBalance: 3113.6429453478695,
      sp: -1
    }
  ],
  TRW: [
    {
      timestamp: 1719982680,
      token_amount: 2020890.358266,
      amount: 1.53613847,
      usdBalance: 227.45012338497622,
      sp: 1
    },
    {
      timestamp: 1719981900,
      token_amount: 2020890.358266,
      amount: 2,
      usdBalance: 295.83722069130766,
      sp: -1
    }
  ],
  ONGOD: [
    {
      timestamp: 1719973860,
      token_amount: 7965407.380134,
      amount: 21.148377897,
      usdBalance: 3225.7173918930353,
      sp: 1
    },
    {
      timestamp: 1719961080,
      token_amount: 7965407.380134,
      amount: 16.5,
      usdBalance: 2546.259162305934,
      sp: -1
    },
    {
      timestamp: 1719959280,
      token_amount: 8496994.599353,
      amount: 16.528419227,
      usdBalance: 2543.8411667802525,
      sp: 1
    },
    {
      timestamp: 1719947220,
      token_amount: 5460710.028407,
      amount: 14,
      usdBalance: 2134.7156729336157,
      sp: -1
    },
    {
      timestamp: 1719944580,
      token_amount: 3036284.570946,
      amount: 2.8,
      usdBalance: 427.09999510876514,
      sp: -1
    }
  ],
  CRAWLY: [
    {
      timestamp: 1719947220,
      token_amount: 1814546.671921,
      amount: 14.77694906,
      usdBalance: 2253.1846254659754,
      sp: 1
    },
    {
      timestamp: 1719938520,
      token_amount: 597042.282452,
      amount: 5,
      usdBalance: 741.4806437357793,
      sp: -1
    },
    {
      timestamp: 1719938460,
      token_amount: 1217504.389469,
      amount: 10,
      usdBalance: 1480.9971699825255,
      sp: -1
    },
    {
      timestamp: 1719801420,
      token_amount: 2520450.534441,
      amount: 12.573254351,
      usdBalance: 1858.5782892545164,
      sp: 1
    },
    {
      timestamp: 1719801420,
      token_amount: 2520450.53444,
      amount: 13.208232951,
      usdBalance: 1952.440817376153,
      sp: 1
    },
    {
      timestamp: 1719800040,
      token_amount: 934070.355765,
      amount: 5,
      usdBalance: 739.1414972870763,
      sp: -1
    },
    {
      timestamp: 1719798120,
      token_amount: 781695.159787,
      amount: 5,
      usdBalance: 740.8803173110389,
      sp: -1
    },
    {
      timestamp: 1719794220,
      token_amount: 682916.969551,
      amount: 5,
      usdBalance: 735.401027727708,
      sp: -1
    },
    {
      timestamp: 1719794220,
      token_amount: 1419083.998713,
      amount: 10,
      usdBalance: 1470.802055455416,
      sp: -1
    },
    {
      timestamp: 1719794160,
      token_amount: 1223134.585065,
      amount: 10,
      usdBalance: 1470.0871414811836,
      sp: -1
    },
    {
      timestamp: 1719779700,
      token_amount: 3829885.520092,
      amount: 9.684892185,
      usdBalance: 1405.1171090297623,
      sp: 1
    },
    {
      timestamp: 1719779640,
      token_amount: 3829885.520092,
      amount: 10.096407585,
      usdBalance: 1464.7794741517278,
      sp: 1
    },
    {
      timestamp: 1719773580,
      token_amount: 7659771.040184,
      amount: 5,
      usdBalance: 726.7795369636451,
      sp: -1
    },
    {
      timestamp: 1719773340,
      token_amount: 6383842.020366,
      amount: 2.867776126,
      usdBalance: 416.67607606634226,
      sp: 1
    },
    {
      timestamp: 1719773040,
      token_amount: 6383842.020366,
      amount: 5,
      usdBalance: 724.3457798490971,
      sp: -1
    },
    {
      timestamp: 1719772800,
      token_amount: 4523932.597009,
      amount: 1.587871239,
      usdBalance: 229.61312517386474,
      sp: 1
    },
    {
      timestamp: 1719772200,
      token_amount: 4523932.597009,
      amount: 3,
      usdBalance: 432.3943744471296,
      sp: -1
    },
    {
      timestamp: 1719772200,
      token_amount: 4523932.597009,
      amount: 3,
      usdBalance: 432.3943744471296,
      sp: -1
    }
  ],
  GIGA: [
    {
      timestamp: 1719871680,
      token_amount: 213451.84815,
      amount: 12.405090459,
      usdBalance: 1827.9272457540728,
      sp: 1
    },
    {
      timestamp: 1719871500,
      token_amount: 213451.84815,
      amount: 20,
      usdBalance: 2950.937084988955,
      sp: -1
    }
  ],
  CHWY: [
    {
      timestamp: 1719870120,
      token_amount: 1432305.745734,
      amount: 25.8673552,
      usdBalance: 3815.3730696159078,
      sp: 1
    },
    {
      timestamp: 1719866940,
      token_amount: 1432305.745734,
      amount: 33.3,
      usdBalance: 4915.8288180080945,
      sp: -1
    },
    {
      timestamp: 1719865560,
      token_amount: 989804.64491,
      amount: 16.499791209,
      usdBalance: 2436.615334256609,
      sp: 1
    },
    {
      timestamp: 1719865560,
      token_amount: 989804.644909,
      amount: 16.756904923,
      usdBalance: 2474.5847370353754,
      sp: 1
    },
    {
      timestamp: 1719855540,
      token_amount: 256816.139697,
      amount: 6,
      usdBalance: 885.2644508192311,
      sp: -1
    },
    {
      timestamp: 1719855540,
      token_amount: 849130.01211,
      amount: 20,
      usdBalance: 2950.88150273077,
      sp: -1
    },
    {
      timestamp: 1719855540,
      token_amount: 873663.138012,
      amount: 20,
      usdBalance: 2950.88150273077,
      sp: -1
    },
    {
      timestamp: 1719855480,
      token_amount: 167965110010621.56,
      amount: 39.23293886,
      usdBalance: 5793.005737994929,
      sp: 1
    },
    {
      timestamp: 1719842220,
      token_amount: 8885627268714.25,
      amount: 5,
      usdBalance: 733.1136986674425,
      sp: -1
    },
    {
      timestamp: 1719837960,
      token_amount: 6902836265112.71,
      amount: 5,
      usdBalance: 736.0410568361895,
      sp: -1
    },
    {
      timestamp: 1719837540,
      token_amount: 13147730565359.39,
      amount: 10,
      usdBalance: 1469.4666749351359,
      sp: -1
    },
    {
      timestamp: 1719837480,
      token_amount: 6690290206117.99,
      amount: 5,
      usdBalance: 734.6357953774715,
      sp: -1
    },
    {
      timestamp: 1719837480,
      token_amount: 6539692291051.05,
      amount: 5,
      usdBalance: 734.6357953774715,
      sp: -1
    },
    {
      timestamp: 1719837420,
      token_amount: 5693984678353.12,
      amount: 5,
      usdBalance: 734.6145770573,
      sp: -1
    },
    {
      timestamp: 1719836880,
      token_amount: 20452738081262.44,
      amount: 20,
      usdBalance: 2933.6854370630963,
      sp: -1
    },
    {
      timestamp: 1719836820,
      token_amount: 22262336087457.25,
      amount: 20,
      usdBalance: 2934.1201257877287,
      sp: -1
    }
  ],
  HERO: [
    {
      timestamp: 1719815700,
      token_amount: 185421.162175238,
      amount: 82.256650687,
      usdBalance: 12132.656949161805,
      sp: 1
    },
    {
      timestamp: 1719808740,
      token_amount: 185421.162175238,
      amount: 20,
      usdBalance: 2950.652861040166,
      sp: -1
    }
  ],
  BROTHER: [
    {
      timestamp: 1719808740,
      token_amount: 2203093.099629,
      amount: 22.843484387,
      usdBalance: 3370.1596281313955,
      sp: 1
    },
    {
      timestamp: 1719802500,
      token_amount: 224895.819401,
      amount: 3,
      usdBalance: 440.7372067252106,
      sp: -1
    },
    {
      timestamp: 1719801780,
      token_amount: 277543.842849,
      amount: 5,
      usdBalance: 740.0211759474196,
      sp: -1
    },
    {
      timestamp: 1719801480,
      token_amount: 1021666.563314,
      amount: 20,
      usdBalance: 2956.6322570404654,
      sp: -1
    },
    {
      timestamp: 1719801240,
      token_amount: 244263.169299,
      amount: 5,
      usdBalance: 739.3339706962519,
      sp: -1
    },
    {
      timestamp: 1719801120,
      token_amount: 434723.704766,
      amount: 10,
      usdBalance: 1479.1950663242212,
      sp: -1
    }
  ],
  MOMOI: [
    {
      timestamp: 1719800580,
      token_amount: 4614969.84185,
      amount: 1.549653072,
      usdBalance: 228.95364910519666,
      sp: 1
    },
    {
      timestamp: 1719800520,
      token_amount: 4614969.84185,
      amount: 2,
      usdBalance: 295.82517578149714,
      sp: -1
    }
  ],
  BENNY: [
    {
      timestamp: 1719796920,
      token_amount: 2765313.467926,
      amount: 4.997323304,
      usdBalance: 739.3674882608453,
      sp: 1
    },
    {
      timestamp: 1719796860,
      token_amount: 2765313.467925,
      amount: 5.465141633,
      usdBalance: 808.9927287848267,
      sp: 1
    },
    {
      timestamp: 1719796620,
      token_amount: 5530626.935851,
      amount: 3,
      usdBalance: 443.87497891981087,
      sp: -1
    }
  ],
  MILO: [
    {
      timestamp: 1719792780,
      token_amount: 4047903.45257,
      amount: 2.809000646,
      usdBalance: 409.89123843422635,
      sp: 1
    },
    {
      timestamp: 1719791760,
      token_amount: 4047903.45257,
      amount: 2,
      usdBalance: 292.98939333292475,
      sp: -1
    }
  ],
  'FREEKITTY!': [
    {
      timestamp: 1719791460,
      token_amount: 5313360.245114,
      amount: 2.139386227,
      usdBalance: 313.1810728810135,
      sp: 1
    },
    {
      timestamp: 1719791340,
      token_amount: 5313360.245114,
      amount: 3,
      usdBalance: 438.86280873910243,
      sp: -1
    }
  ],
  chubby: [
    {
      timestamp: 1719791460,
      token_amount: 5305917.509444,
      amount: 0.966458676,
      usdBalance: 141.47822456035837,
      sp: 1
    }
  ],
  junebug: [
    {
      timestamp: 1719790620,
      token_amount: 5548079.914877,
      amount: 2.152479567,
      usdBalance: 315.71899337186494,
      sp: 1
    }
  ],
  FLY: [
    {
      timestamp: 1719789000,
      token_amount: 11374341.478809,
      amount: 1.941364522,
      usdBalance: 284.6879683951996,
      sp: 1
    },
    {
      timestamp: 1719788400,
      token_amount: 11374341.478809,
      amount: 2,
      usdBalance: 293.9587148682529,
      sp: -1
    },
    {
      timestamp: 1719767940,
      token_amount: 12860945.717019,
      amount: 2.331225447,
      usdBalance: 334.935987385624,
      sp: 1
    },
    {
      timestamp: 1719765600,
      token_amount: 12860945.717019,
      amount: 1,
      usdBalance: 142.9801947890829,
      sp: -1
    }
  ],
  Crash: [
    {
      timestamp: 1719776580,
      token_amount: 2300819.193552,
      amount: 3.533825072,
      usdBalance: 512.1657527634943,
      sp: 1
    },
    {
      timestamp: 1719776160,
      token_amount: 2300819.193552,
      amount: 5,
      usdBalance: 722.8983655842991,
      sp: -1
    },
    {
      timestamp: 1719776040,
      token_amount: 5392885.243995,
      amount: 6.128474699,
      usdBalance: 886.1282465124807,
      sp: 1
    },
    {
      timestamp: 1719775860,
      token_amount: 5392885.243995,
      amount: 5,
      usdBalance: 723.1792886309447,
      sp: -1
    }
  ],
  CHITO: [
    {
      timestamp: 1719773760,
      token_amount: 7485664.186625,
      amount: 0.749679487,
      usdBalance: 108.89248661326371,
      sp: 1
    }
  ],
  Platinum: [
    {
      timestamp: 1719772260,
      token_amount: 4183439.97918,
      amount: 0.157555935,
      usdBalance: 22.704752714248773,
      sp: 1
    },
    {
      timestamp: 1719772140,
      token_amount: 4183439.97918,
      amount: 0.3,
      usdBalance: 43.252655682321524,
      sp: -1
    }
  ],
  awsiiq: [
    {
      timestamp: 1719767400,
      token_amount: 4088576.498791,
      amount: 0.669680872,
      usdBalance: 95.85095295021617,
      sp: 1
    },
    {
      timestamp: 1719767160,
      token_amount: 4088576.498791,
      amount: 3,
      usdBalance: 429.1535094113174,
      sp: -1
    }
  ],
  BAKED: [
    {
      timestamp: 1719758880,
      token_amount: 47104.085531,
      amount: 21.557407717,
      usdBalance: 3058.074088935197,
      sp: 1
    },
    {
      timestamp: 1719758520,
      token_amount: 94208.171063,
      amount: 20,
      usdBalance: 2829.7364437000374,
      sp: -1
    }
  ],
  POSH: [
    {
      timestamp: 1719758460,
      token_amount: 9336215.404487,
      amount: 9.650948326,
      usdBalance: 1365.2943391072322,
      sp: 1
    },
    {
      timestamp: 1719758160,
      token_amount: 3358581.554796,
      amount: 5,
      usdBalance: 708.8583192191034,
      sp: -1
    },
    {
      timestamp: 1719757800,
      token_amount: 2954463.844945,
      amount: 5,
      usdBalance: 708.5479796714276,
      sp: -1
    },
    {
      timestamp: 1719757800,
      token_amount: 3023170.004746,
      amount: 5,
      usdBalance: 708.5479796714276,
      sp: -1
    }
  ],
  goal: [
    {
      timestamp: 1719757380,
      token_amount: 3326021.409657,
      amount: 4.188081065,
      usdBalance: 594.3019392182547,
      sp: 1
    },
    {
      timestamp: 1719755880,
      token_amount: 3326021.409657,
      amount: 3,
      usdBalance: 426.23297146749667,
      sp: -1
    }
  ],
  NELLY: [
    {
      timestamp: 1719727740,
      token_amount: 1325526.960446,
      amount: 5.950562919,
      usdBalance: 816.8086725442009,
      sp: 1
    },
    {
      timestamp: 1719727680,
      token_amount: 1325526.960446,
      amount: 6.351034681,
      usdBalance: 872.1164725921229,
      sp: 1
    },
    {
      timestamp: 1719726720,
      token_amount: 59877.282606,
      amount: 0.3,
      usdBalance: 41.24528460331368,
      sp: -1
    },
    {
      timestamp: 1719726660,
      token_amount: 751244.444487,
      amount: 4,
      usdBalance: 549.9219229616325,
      sp: -1
    },
    {
      timestamp: 1719726600,
      token_amount: 933937.583324,
      amount: 5,
      usdBalance: 687.8273049550157,
      sp: -1
    },
    {
      timestamp: 1719726600,
      token_amount: 905994.610475,
      amount: 5,
      usdBalance: 687.8273049550157,
      sp: -1
    }
  ],
  awtysm: [
    {
      timestamp: 1719726540,
      token_amount: 5776100.960444,
      amount: 3.722192152,
      usdBalance: 511.8728399057834,
      sp: 1
    },
    {
      timestamp: 1719726000,
      token_amount: 1915052.128123,
      amount: 2,
      usdBalance: 274.8567043096875,
      sp: -1
    },
    {
      timestamp: 1719725940,
      token_amount: 3861048.832321,
      amount: 5,
      usdBalance: 687.8018921219405,
      sp: -1
    },
    {
      timestamp: 1719725700,
      token_amount: 5086937.246456,
      amount: 3.065047704,
      usdBalance: 421.64233644987183,
      sp: 1
    },
    {
      timestamp: 1719725640,
      token_amount: 5086937.246456,
      amount: 3,
      usdBalance: 412.37971670261004,
      sp: -1
    }
  ],
  BIRRY: [
    {
      timestamp: 1719708180,
      token_amount: 6791084.903107,
      amount: 7.549316662,
      usdBalance: 1061.8150132239994,
      sp: 1
    },
    {
      timestamp: 1719704640,
      token_amount: 6791084.903107,
      amount: 2,
      usdBalance: 280.20937023884625,
      sp: -1
    },
    {
      timestamp: 1719704520,
      token_amount: 4569338.085664,
      amount: 0.699592491,
      usdBalance: 97.95694067389542,
      sp: 1
    },
    {
      timestamp: 1719704100,
      token_amount: 4569338.085664,
      amount: 2,
      usdBalance: 280.21290523236036,
      sp: -1
    }
  ],
  cat: [
    {
      timestamp: 1719704280,
      token_amount: 2160803.834412,
      amount: 4.161098023,
      usdBalance: 582.7554444698195,
      sp: 1
    },
    {
      timestamp: 1719703800,
      token_amount: 2160803.834412,
      amount: 5,
      usdBalance: 700.1851283252563,
      sp: -1
    },
    {
      timestamp: 1719702900,
      token_amount: 1375067.504914,
      amount: 2.856765371,
      usdBalance: 400.52133048644527,
      sp: 1
    },
    {
      timestamp: 1719702300,
      token_amount: 1375067.504914,
      amount: 2.9,
      usdBalance: 405.8040946660743,
      sp: -1
    },
    {
      timestamp: 1719701280,
      token_amount: 1731205.467671,
      amount: 2.94099616,
      usdBalance: 410.46344843397844,
      sp: 1
    },
    {
      timestamp: 1719700980,
      token_amount: 1731205.467671,
      amount: 3.05,
      usdBalance: 426.60049149237915,
      sp: -1
    },
    {
      timestamp: 1719695880,
      token_amount: 2350373.305365,
      amount: 8.235133515,
      usdBalance: 1157.506079300055,
      sp: 1
    },
    {
      timestamp: 1719667380,
      token_amount: 79256.165847,
      amount: 1,
      usdBalance: 141.87627108629368,
      sp: -1
    },
    {
      timestamp: 1719667380,
      token_amount: 852020.341899,
      amount: 10,
      usdBalance: 1418.7627108629367,
      sp: -1
    },
    {
      timestamp: 1719667320,
      token_amount: 687159.934341,
      amount: 10,
      usdBalance: 1419.7037609837062,
      sp: -1
    },
    {
      timestamp: 1719667320,
      token_amount: 731936.863278,
      amount: 10,
      usdBalance: 1419.7037609837062,
      sp: -1
    }
  ],
  OMNOM: [
    {
      timestamp: 1719699060,
      token_amount: 2124957.411835,
      amount: 1.568142935,
      usdBalance: 220.02989499013532,
      sp: 1
    },
    {
      timestamp: 1719698100,
      token_amount: 2124957.411835,
      amount: 4,
      usdBalance: 562.3105745389278,
      sp: -1
    }
  ],
  Coq: [
    {
      timestamp: 1719698520,
      token_amount: 3743118.896857,
      amount: 1.424286812,
      usdBalance: 199.5726784644154,
      sp: 1
    }
  ],
  franky: [
    {
      timestamp: 1719696840,
      token_amount: 6722400.438209097,
      amount: 2.774548656,
      usdBalance: 390.9098769322493,
      sp: 1
    },
    {
      timestamp: 1719696600,
      token_amount: 6722400.438209097,
      amount: 5,
      usdBalance: 703.8888884611383,
      sp: -1
    }
  ],
  Charizard: [
    {
      timestamp: 1719645660,
      token_amount: 4360009.926457,
      amount: 16.284107466,
      usdBalance: 2305.742347715637,
      sp: 1
    },
    {
      timestamp: 1719645540,
      token_amount: 1239558.875474,
      amount: 5,
      usdBalance: 707.5517893340264,
      sp: -1
    },
    {
      timestamp: 1719645300,
      token_amount: 1072242.502883,
      amount: 5,
      usdBalance: 706.7501802252409,
      sp: -1
    },
    {
      timestamp: 1719645120,
      token_amount: 1005108.323132,
      amount: 5,
      usdBalance: 707.2499571566893,
      sp: -1
    },
    {
      timestamp: 1719645120,
      token_amount: 1043100.224968,
      amount: 5,
      usdBalance: 707.2499571566893,
      sp: -1
    }
  ],
  PIKACHU: [
    {
      timestamp: 1719644520,
      token_amount: 7955387.342633,
      amount: 5.614346072,
      usdBalance: 792.8948742456985,
      sp: 1
    },
    {
      timestamp: 1719644220,
      token_amount: 4100511.811106,
      amount: 5,
      usdBalance: 704.2915226936952,
      sp: -1
    },
    {
      timestamp: 1719644100,
      token_amount: 3854875.531527,
      amount: 5,
      usdBalance: 704.023176581011,
      sp: -1
    }
  ],
  '$OGA': [
    {
      timestamp: 1719643200,
      token_amount: 2302732.411598,
      amount: 5.210685679,
      usdBalance: 733.9955244807219,
      sp: 1
    },
    {
      timestamp: 1719643200,
      token_amount: 2302732.411597,
      amount: 5.320114511,
      usdBalance: 749.410054906316,
      sp: 1
    },
    {
      timestamp: 1719640860,
      token_amount: 2277315.713451,
      amount: 5,
      usdBalance: 702.8662915861435,
      sp: -1
    },
    {
      timestamp: 1719640860,
      token_amount: 2328149.109744,
      amount: 5,
      usdBalance: 702.8662915861435,
      sp: -1
    },
    {
      timestamp: 1719639660,
      token_amount: 5756136.92362,
      amount: 8.446464741,
      usdBalance: 1182.923786113265,
      sp: 1
    },
    {
      timestamp: 1719639540,
      token_amount: 5756136.92362,
      amount: 10,
      usdBalance: 1402.051438676548,
      sp: -1
    }
  ],
  OBLOCK: [
    {
      timestamp: 1719630420,
      token_amount: 800831.64113458,
      amount: 11.064026168,
      usdBalance: 1567.8965298365179,
      sp: 1
    },
    {
      timestamp: 1719630300,
      token_amount: 800831.64113458,
      amount: 10,
      usdBalance: 1419.3075353243196,
      sp: -1
    }
  ],
  Gugu: [
    {
      timestamp: 1719627720,
      token_amount: 5058797.777408,
      amount: 2.033328579,
      usdBalance: 288.4365103361977,
      sp: 1
    },
    {
      timestamp: 1719627540,
      token_amount: 5058797.777408,
      amount: 2,
      usdBalance: 283.51276363147946,
      sp: -1
    },
    {
      timestamp: 1719627240,
      token_amount: 3926967.328707,
      amount: 2.463548301,
      usdBalance: 348.9506641095614,
      sp: 1
    },
    {
      timestamp: 1719627180,
      token_amount: 3926967.328707,
      amount: 3.116699974,
      usdBalance: 441.206926285103,
      sp: 1
    }
  ],
  bounce: [
    {
      timestamp: 1719626820,
      token_amount: 5442073.396831,
      amount: 1.252814971,
      usdBalance: 177.69098666218378,
      sp: 1
    },
    {
      timestamp: 1719626700,
      token_amount: 5442073.396831,
      amount: 2,
      usdBalance: 283.6109282928395,
      sp: -1
    }
  ],
  crash: [
    {
      timestamp: 1719624720,
      token_amount: 3023984.65215,
      amount: 9.67072726,
      usdBalance: 1370.9756772482137,
      sp: 1
    },
    {
      timestamp: 1719624600,
      token_amount: 1596782.385369,
      amount: 5,
      usdBalance: 707.8800610771168,
      sp: -1
    },
    {
      timestamp: 1719624240,
      token_amount: 1427202.266781,
      amount: 10,
      usdBalance: 1413.1562990561179,
      sp: -1
    }
  ],
  melo: [
    {
      timestamp: 1719623040,
      token_amount: 6368217.373464,
      amount: 5.767750404,
      usdBalance: 812.6309168627157,
      sp: 1
    },
    {
      timestamp: 1719622740,
      token_amount: 6368217.373464,
      amount: 5,
      usdBalance: 703.9819977743614,
      sp: -1
    },
    {
      timestamp: 1719621600,
      token_amount: 7726072.911459,
      amount: 7.51237803,
      usdBalance: 1058.3723164174257,
      sp: 1
    },
    {
      timestamp: 1719621060,
      token_amount: 3677087.694571,
      amount: 5,
      usdBalance: 701.7780623552478,
      sp: -1
    },
    {
      timestamp: 1719621060,
      token_amount: 4048985.216888,
      amount: 5,
      usdBalance: 701.7780623552478,
      sp: -1
    }
  ],
  HOOD: [
    {
      timestamp: 1719621060,
      token_amount: 3946431.318043,
      amount: 8.915775976,
      usdBalance: 1251.37919776615,
      sp: 1
    },
    {
      timestamp: 1719620940,
      token_amount: 3946431.318043,
      amount: 10,
      usdBalance: 1403.2201637736036,
      sp: -1
    }
  ],
  JIMI: [
    {
      timestamp: 1719620640,
      token_amount: 703390.692572,
      amount: 0.673584218,
      usdBalance: 94.420520562588,
      sp: 1
    },
    {
      timestamp: 1719620580,
      token_amount: 703390.692572,
      amount: 1,
      usdBalance: 139.91931835264054,
      sp: -1
    }
  ],
  '$SOLE': [
    {
      timestamp: 1719620100,
      token_amount: 3110999.657157,
      amount: 15.537745739,
      usdBalance: 2178.7196511617058,
      sp: 1
    },
    {
      timestamp: 1719620100,
      token_amount: 2073999.771437,
      amount: 11.444164692,
      usdBalance: 1604.713252773054,
      sp: 1
    },
    {
      timestamp: 1719615840,
      token_amount: 1296249.857148,
      amount: 12.517386419,
      usdBalance: 1749.939359404347,
      sp: 1
    },
    {
      timestamp: 1719615540,
      token_amount: 1620312.321435,
      amount: 11.769705233,
      usdBalance: 1645.716246474567,
      sp: 1
    },
    {
      timestamp: 1719607020,
      token_amount: 162015.830792,
      amount: 0.1,
      usdBalance: 14.065280706338342,
      sp: -1
    },
    {
      timestamp: 1719601380,
      token_amount: 134489.487031,
      amount: 0.2,
      usdBalance: 28.22673446187513,
      sp: -1
    },
    {
      timestamp: 1719600180,
      token_amount: 5117542.212517,
      amount: 7.5,
      usdBalance: 1062.1382400327793,
      sp: -1
    },
    {
      timestamp: 1719599880,
      token_amount: 2687514.076837,
      amount: 5,
      usdBalance: 708.7699607429688,
      sp: -1
    }
  ],
  Chill: [
    {
      timestamp: 1719618960,
      token_amount: 1089571.398938,
      amount: 5,
      usdBalance: 698.2040040596232,
      sp: -1
    },
    {
      timestamp: 1719618960,
      token_amount: 1132799.542717,
      amount: 5,
      usdBalance: 698.2040040596232,
      sp: -1
    },
    {
      timestamp: 1719617880,
      token_amount: 2285759.473714,
      amount: 10,
      usdBalance: 1397.5600266131053,
      sp: -1
    }
  ],
  meesa: [
    {
      timestamp: 1719599820,
      token_amount: 2797373.408438,
      amount: 12.52139481,
      usdBalance: 1775.175275266904,
      sp: 1
    },
    {
      timestamp: 1719599580,
      token_amount: 440476.49716,
      amount: 3,
      usdBalance: 424.9762615886689,
      sp: -1
    },
    {
      timestamp: 1719599160,
      token_amount: 633489.045511,
      amount: 5,
      usdBalance: 707.4191655853866,
      sp: -1
    },
    {
      timestamp: 1719599100,
      token_amount: 541128.700313,
      amount: 5,
      usdBalance: 707.0506657645262,
      sp: -1
    },
    {
      timestamp: 1719599040,
      token_amount: 1182279.165454,
      amount: 10,
      usdBalance: 1413.438865922193,
      sp: -1
    },
    {
      timestamp: 1719598260,
      token_amount: 944090.789787,
      amount: 4.985772126,
      usdBalance: 704.4727632423042,
      sp: 1
    },
    {
      timestamp: 1719598140,
      token_amount: 944090.789787,
      amount: 5,
      usdBalance: 707.5988688910913,
      sp: -1
    }
  ],
  kevin: [
    {
      timestamp: 1719598440,
      token_amount: 1816923.461145,
      amount: 4.663134653,
      usdBalance: 660.4227504361837,
      sp: 1
    },
    {
      timestamp: 1719597960,
      token_amount: 1816923.461145,
      amount: 5,
      usdBalance: 704.988519579899,
      sp: -1
    }
  ],
  MC: [
    {
      timestamp: 1719597840,
      token_amount: 2929991.712373,
      amount: 17.544612018,
      usdBalance: 2475.166578162281,
      sp: 1
    },
    {
      timestamp: 1719597840,
      token_amount: 154210.090124,
      amount: 0.966564117,
      usdBalance: 136.36136242823906,
      sp: 1
    },
    {
      timestamp: 1719597840,
      token_amount: 771050.450624,
      amount: 4.895107714,
      usdBalance: 690.5941834317266,
      sp: 1
    },
    {
      timestamp: 1719589380,
      token_amount: 1136769.703949,
      amount: 5,
      usdBalance: 707.2734723260925,
      sp: -1
    },
    {
      timestamp: 1719588780,
      token_amount: 1042695.43688,
      amount: 5,
      usdBalance: 708.6058352333067,
      sp: -1
    },
    {
      timestamp: 1719588600,
      token_amount: 844040.719296,
      amount: 5,
      usdBalance: 708.5039198639754,
      sp: -1
    },
    {
      timestamp: 1719588540,
      token_amount: 831746.392996,
      amount: 5,
      usdBalance: 709.4871232315531,
      sp: -1
    }
  ],
  '$TOBBY': [
    {
      timestamp: 1719589320,
      token_amount: 9774639.279484,
      amount: 2.113964991,
      usdBalance: 299.4276387771881,
      sp: 1
    }
  ],
  pc: [
    {
      timestamp: 1719551580,
      token_amount: 4237086.869806,
      amount: 2.568772794,
      usdBalance: 373.03973368310307,
      sp: 1
    },
    {
      timestamp: 1719550320,
      token_amount: 4237086.869806,
      amount: 5,
      usdBalance: 729.7308468955896,
      sp: -1
    }
  ],
  USACTO: [
    {
      timestamp: 1719549900,
      token_amount: 278505.728822,
      amount: 3.826479284,
      usdBalance: 558.2551260856567,
      sp: 1
    }
  ]
}
{
  '1776': -107.85837189186395,
  PEPEON: 1032.6505964043304,
  Peon: -496.73035858180594,
  LEEROY: 902.1872073296664,
  PEON: 14.226464058608258,
  MOG: -74.71394756584323,
  Moko: 258.7482711125724,
  DRAGGY: -315.22405282653665,
  groot: -431.6731277600939,
  BBQ: -994.9639177591869,
  Bull: -1949.890689636365,
  mylo: 100.75094902341004,
  WINNY: 1706.1464969500225,
  BARNY: -54.399479150827915,
  WALTER: 185.91356961527936,
  RETIREDIO: -85.22629504037934,
  SAGE: -322.3527439155705,
  '$Belle': 54.57998366876956,
  MAD: -249.5762088308461,
  mao: 98.25909259118589,
  TRW: -68.38709730633144,
  ONGOD: 661.4837283249731,
  CRAWLY: 2497.5609783707896,
  GIGA: -1123.0098392348823,
  CHWY: -8193.590556487881,
  HERO: 9182.00408812164,
  BROTHER: -2985.760048602173,
  MOMOI: -66.87152667630048,
  BENNY: 882.5477486659958,
  MILO: 116.9018451013016,
  'FREEKITTY!': -125.68173585808893,
  chubby: 141.47822456035837,
  junebug: 315.71899337186494,
  FLY: 182.68504612348778,
  Crash: -47.783654939268786,
  CHITO: 108.89248661326371,
  Platinum: -20.54790296807275,
  awsiiq: -333.3025564611012,
  BAKED: 1643.2058671001969,
  POSH: -760.6599394547263,
  goal: 168.06896775075802,
  NELLY: -586.8742858050225,
  awtysm: -441.5231367785827,
  BIRRY: 599.3496784266881,
  cat: -4355.670772954802,
  OMNOM: -342.2806795487925,
  Coq: 199.5726784644154,
  franky: -312.97901152888903,
  Charizard: -523.0595361570089,
  PIKACHU: -615.4198250290076,
  '$OGA': -836.6476677756955,
  OBLOCK: 148.58899451219827,
  Gugu: 575.0003200197278,
  bounce: -105.91994163065573,
  crash: -750.0606828850207,
  melo: -236.53488920471557,
  HOOD: -151.84096600745374,
  JIMI: -45.49879779005255,
  '$SOLE': 4440.405286567067,
  Chill: -2793.968034732352,
  meesa: -1480.835789242658,
  kevin: -44.56576914371533,
  MC: -267.9587312017193,
  '$TOBBY': 299.4276387771881,
  pc: -356.6911132124865,
  USACTO: 558.2551260856567
}
Total Transaction: 261
Win Rate: 15.2% (10/66)
Total PnL: -5981.92$

Processing wallet (group 14): 
stdout: Processing wallet address: undefined
No more transactions available.
{}
{}
Total Transaction: 0
Win Rate: 0% (0/0)
Total PnL: 0.00$

Processing wallet (group 14): 
stdout: Processing wallet address: undefined
No more transactions available.
{}
{}
Total Transaction: 0
Win Rate: 0% (0/0)
Total PnL: 0.00$

Processing completed for group 14.

