stdout: Processing wallet (group 30): HXNMs5Ex56phUvM81Vkk7ArS7xRQnkMozwNJTWUKYAPh
stdout: Processing wallet address: HXNMs5Ex56phUvM81Vkk7ArS7xRQnkMozwNJTWUKYAPh
{
  CABAL: [
    {
      timestamp: 1720820160,
      token_amount: 2107420.318551,
      amount: 2.749910128,
      usdBalance: 466.3938394633593,
      sp: 1
    },
    {
      timestamp: 1720820100,
      token_amount: 702473.439516,
      amount: 0.983480446,
      usdBalance: 166.80153164884706,
      sp: 1
    },
    {
      timestamp: 1720820100,
      token_amount: 936631.252689,
      amount: 1.392612599,
      usdBalance: 236.19169598282147,
      sp: 1
    },
    {
      timestamp: 1720819860,
      token_amount: 3746525.010755,
      amount: 3.373799358,
      usdBalance: 572.2075133055537,
      sp: 1
    }
  ],
  VPTRUMP: [
    {
      timestamp: 1720750440,
      token_amount: 10599225.488218,
      amount: 4.64668493,
      usdBalance: 788.09311010299,
      sp: 1
    },
    {
      timestamp: 1720748520,
      token_amount: 3533075.162739,
      amount: 3.304126783,
      usdBalance: 560.3908144874064,
      sp: 1
    },
    {
      timestamp: 1720748520,
      token_amount: 4710766.883652,
      amount: 4.72060972,
      usdBalance: 800.63099862835,
      sp: 1
    },
    {
      timestamp: 1720743960,
      token_amount: 9530277.11871,
      amount: 1,
      usdBalance: 169.6033025641336,
      sp: -1
    },
    {
      timestamp: 1720742340,
      token_amount: 2836261.297251,
      amount: 1,
      usdBalance: 169.6033025641336,
      sp: -1
    },
    {
      timestamp: 1720742160,
      token_amount: 6476529.118648,
      amount: 2,
      usdBalance: 339.2066051282672,
      sp: -1
    }
  ],
  SIMBA: [
    {
      timestamp: 1719940560,
      token_amount: 31916244.191704,
      amount: 2.454731331,
      usdBalance: 416.3305406452514,
      sp: 1
    }
  ],
  MIKE: [
    {
      timestamp: 1719892380,
      token_amount: 4822987.383427,
      amount: 0.111218918,
      usdBalance: 16.587943065965298,
      sp: 1
    },
    {
      timestamp: 1719870300,
      token_amount: 4822987.383427,
      amount: 3.418256392,
      usdBalance: 504.3375897072992,
      sp: -1
    }
  ],
  Warren: [
    {
      timestamp: 1719810300,
      token_amount: 4684449.559156,
      amount: 5.150829475,
      usdBalance: 760.4761830805967,
      sp: 1
    },
    {
      timestamp: 1719810060,
      token_amount: 4684449.559155,
      amount: 5.330853588,
      usdBalance: 786.5647709568171,
      sp: 1
    },
    {
      timestamp: 1719809580,
      token_amount: 9368899.118311,
      amount: 4.736130391,
      usdBalance: 697.2578908906396,
      sp: -1
    }
  ],
  Adidas: [
    {
      timestamp: 1719744000,
      token_amount: 9030893.81257,
      amount: 4.345564001,
      usdBalance: 610.0314038417154,
      sp: 1
    },
    {
      timestamp: 1719743700,
      token_amount: 9030893.81257,
      amount: 4,
      usdBalance: 561.8789062225741,
      sp: -1
    }
  ],
  BAKED: [
    {
      timestamp: 1719743400,
      token_amount: 16030834.300314,
      amount: 0.33190554,
      usdBalance: 46.69172345215286,
      sp: 1
    },
    {
      timestamp: 1719743220,
      token_amount: 5604508.022313,
      amount: 4,
      usdBalance: 562.6701414115633,
      sp: -1
    },
    {
      timestamp: 1719743160,
      token_amount: 10426326.278001,
      amount: 5.050907751,
      usdBalance: 710.3448411854406,
      sp: -1
    }
  ],
  LIMI: [
    {
      timestamp: 1719722340,
      token_amount: 11965956.418865,
      amount: 1.573541548,
      usdBalance: 216.28216528425392,
      sp: 1
    },
    {
      timestamp: 1719722100,
      token_amount: 11965956.418865,
      amount: 3,
      usdBalance: 412.3274441140134,
      sp: -1
    }
  ],
  COOL: [
    {
      timestamp: 1719721920,
      token_amount: 19619415.791213,
      amount: 0.662762963,
      usdBalance: 91.04950484212897,
      sp: 1
    },
    {
      timestamp: 1719721680,
      token_amount: 19619415.791213,
      amount: 1,
      usdBalance: 137.24191888479604,
      sp: -1
    },
    {
      timestamp: 1719717180,
      token_amount: 11459104.580925,
      amount: 0.773212191,
      usdBalance: 107.24373984193602,
      sp: 1
    },
    {
      timestamp: 1719716760,
      token_amount: 3819701.526974,
      amount: 4.220805044,
      usdBalance: 586.569341233701,
      sp: 1
    },
    {
      timestamp: 1719716640,
      token_amount: 14758806.107898,
      amount: 5,
      usdBalance: 693.4409257103454,
      sp: -1
    },
    {
      timestamp: 1719716640,
      token_amount: 250939.076932,
      amount: 2.865084429,
      usdBalance: 397.3533597368112,
      sp: 1
    },
    {
      timestamp: 1719716340,
      token_amount: 770939.076933,
      amount: 3,
      usdBalance: 415.954951966046,
      sp: -1
    }
  ],
  FUN: [
    {
      timestamp: 1719721920,
      token_amount: 22153821.903783,
      amount: 0.520160421,
      usdBalance: 71.45895503295247,
      sp: 1
    },
    {
      timestamp: 1719721440,
      token_amount: 22153821.903783,
      amount: 0.5,
      usdBalance: 68.72474188018603,
      sp: -1
    }
  ],
  SMART: [
    {
      timestamp: 1719721920,
      token_amount: 9646477.34289,
      amount: 0.391869958,
      usdBalance: 53.83457982760856,
      sp: 1
    },
    {
      timestamp: 1719721560,
      token_amount: 9646477.34289,
      amount: 0.5,
      usdBalance: 68.69119488875998,
      sp: -1
    },
    {
      timestamp: 1719721500,
      token_amount: 15067741.27802,
      amount: 1.216585922,
      usdBalance: 167.09823304548212,
      sp: 1
    },
    {
      timestamp: 1719721500,
      token_amount: 15067741.27802,
      amount: 1,
      usdBalance: 137.35012876918867,
      sp: -1
    },
    {
      timestamp: 1719721080,
      token_amount: 16968033.569615,
      amount: 1.548365555,
      usdBalance: 213.3646243848921,
      sp: 1
    },
    {
      timestamp: 1719720900,
      token_amount: 10172464.916168,
      amount: 1,
      usdBalance: 137.69644656258225,
      sp: -1
    },
    {
      timestamp: 1719720900,
      token_amount: 5766595.440137,
      amount: 1,
      usdBalance: 137.69644656258225,
      sp: -1
    },
    {
      timestamp: 1719719640,
      token_amount: 3086919.639928,
      amount: 3.50536623,
      usdBalance: 484.5831914696359,
      sp: 1
    },
    {
      timestamp: 1719719580,
      token_amount: 4115892.853238,
      amount: 3,
      usdBalance: 414.57400088958605,
      sp: -1
    }
  ],
  OMNOM: [
    {
      timestamp: 1719711840,
      token_amount: 13026576.198633,
      amount: 6.701933892,
      usdBalance: 936.7432236264925,
      sp: 1
    },
    {
      timestamp: 1719711780,
      token_amount: 13026576.198632,
      amount: 7.184225256,
      usdBalance: 1003.6691399505447,
      sp: 1
    },
    {
      timestamp: 1719697860,
      token_amount: 5607427.840813,
      amount: 1,
      usdBalance: 140.72461188261164,
      sp: -1
    },
    {
      timestamp: 1719697800,
      token_amount: 3554685.718437,
      amount: 1,
      usdBalance: 140.8549931226552,
      sp: -1
    },
    {
      timestamp: 1719697800,
      token_amount: 3510439.078646,
      amount: 1,
      usdBalance: 140.8549931226552,
      sp: -1
    },
    {
      timestamp: 1719697740,
      token_amount: 13380599.759369,
      amount: 5,
      usdBalance: 704.0182901515818,
      sp: -1
    }
  ],
  DJT: [
    {
      timestamp: 1719692100,
      token_amount: 29640530.017085,
      amount: 0.582094264,
      usdBalance: 82.32322221905281,
      sp: 1
    },
    {
      timestamp: 1718664000,
      token_amount: 17144682.730194,
      amount: 1,
      usdBalance: 143.7620524727429,
      sp: -1
    }
  ],
  MAGANOMICS: [
    {
      timestamp: 1719692100,
      token_amount: 24036746.748389,
      amount: 0.515469954,
      usdBalance: 72.9008172641724,
      sp: 1
    },
    {
      timestamp: 1718745660,
      token_amount: 24036746.748389,
      amount: 1,
      usdBalance: 138.00059836416315,
      sp: -1
    },
    {
      timestamp: 1718744940,
      token_amount: 30954455.44051,
      amount: 2.552259329,
      usdBalance: 349.1663804087548,
      sp: 1
    }
  ],
  Laika: [
    {
      timestamp: 1719300240,
      token_amount: 12674746.698871631,
      amount: 5.377112901,
      usdBalance: 728.296032949659,
      sp: 1
    },
    {
      timestamp: 1719298200,
      token_amount: 3890900.750897919,
      amount: 5,
      usdBalance: 679.16860261365,
      sp: -1
    },
    {
      timestamp: 1719298140,
      token_amount: 4405653.84680745,
      amount: 5,
      usdBalance: 678.1731258967989,
      sp: -1
    },
    {
      timestamp: 1719298140,
      token_amount: 4378192.101166263,
      amount: 5,
      usdBalance: 678.1731258967989,
      sp: -1
    }
  ],
  CHROME: [
    {
      timestamp: 1718744820,
      token_amount: 29306065.911355,
      amount: 3.249443667,
      usdBalance: 443.44875753950737,
      sp: 1
    }
  ],
  NOTOP: [
    {
      timestamp: 1718469720,
      token_amount: 12976497.000693,
      amount: 9.228187318,
      usdBalance: 1343.7815477676913,
      sp: 1
    }
  ],
  PAULYSHORE: [
    {
      timestamp: 1718305380,
      token_amount: 30844905.389259,
      amount: 6.204674188,
      usdBalance: 921.1786684316348,
      sp: 1
    }
  ],
  SWIFT: [
    {
      timestamp: 1718294880,
      token_amount: 18489599.536847,
      amount: 0.346689107,
      usdBalance: 50.98423704080253,
      sp: 1
    }
  ]
}
{
  CABAL: 1176.8998255263514,
  VPTRUMP: 912.9615484964495,
  SIMBA: 363.69800998333665,
  MIKE: -487.74964664133387,
  Warren: 501.1541177014917,
  Adidas: 48.152497619141286,
  BAKED: -1226.3232591448511,
  LIMI: -196.0452788297595,
  COOL: -354.8504516493473,
  FUN: 2.7342131527664435,
  SMART: -288.05808961221965,
  OMNOM: 128.568082772788,
  DJT: -61.4388302536901,
  MAGANOMICS: 284.066599308764,
  Laika: -1307.2188214575885,
  CHROME: 443.44875753950737,
  NOTOP: 1343.7815477676913,
  PAULYSHORE: 921.1786684316348,
  SWIFT: 50.98423704080253
}
Total Transaction: 60
Win Rate: 10.5% (2/19)
Total PnL: 2255.94$

Processing wallet (group 30): 
stdout: Processing wallet address: undefined
No more transactions available.
{}
{}
Total Transaction: 0
Win Rate: 0% (0/0)
Total PnL: 0.00$

Processing completed for group 30.

