stdout: Processing wallet (group 6): BeeCjUgb5emADnFifbPcoWuRvCnPf1bNfukbbFiHiZop
stdout: Processing wallet address: BeeCjUgb5emADnFifbPcoWuRvCnPf1bNfukbbFiHiZop
{}
{}
Total Transaction: 0
Win Rate: 0% (0/0)
Total PnL: 0.00$

Processing wallet (group 6): EoqH4hujQodEi9vMjaJVwcvQ4WqReZmghbjccC75xPZ1
stdout: Processing wallet address: EoqH4hujQodEi9vMjaJVwcvQ4WqReZmghbjccC75xPZ1
No more transactions available.
{}
{}
Total Transaction: 0
Win Rate: 0% (0/0)
Total PnL: 0.00$

Processing wallet (group 6): 
stdout: Processing wallet address: undefined
No more transactions available.
{}
{}
Total Transaction: 0
Win Rate: 0% (0/0)
Total PnL: 0.00$

Processing completed for group 6.

