stdout: Processing wallet (group 31): FcDjPtyXCmYecsHa68YysYo66jRfPpRBqF6HToVy6FzR
stdout: Processing wallet address: FcDjPtyXCmYecsHa68YysYo66jRfPpRBqF6HToVy6FzR
No more transactions available.
{
  CTO: [
    {
      timestamp: 1720815480,
      token_amount: 5307455.760164,
      amount: 5.793037799,
      usdBalance: 872.8340642344201,
      sp: 1
    },
    {
      timestamp: 1720814340,
      token_amount: 5307455.760164,
      amount: 5,
      usdBalance: 753.3474616591399,
      sp: -1
    }
  ],
  frig: [
    {
      timestamp: 1720813500,
      token_amount: 5720099.684646,
      amount: 2.987476489,
      usdBalance: 450.12156595090187,
      sp: 1
    }
  ],
  MOVE: [
    {
      timestamp: 1720589880,
      token_amount: 12905153.226173,
      amount: 7.235814417,
      usdBalance: 1090.2164848167117,
      sp: 1
    },
    {
      timestamp: 1720569780,
      token_amount: 12905153.226173,
      amount: 7.436640309,
      usdBalance: 1120.4748200114384,
      sp: 1
    },
    {
      timestamp: 1719553680,
      token_amount: 25810306.452346,
      amount: 15,
      usdBalance: 2161.4236120937353,
      sp: -1
    },
    {
      timestamp: 1719550140,
      token_amount: 4968527.935767,
      amount: 5.31328252,
      usdBalance: 775.1826862966768,
      sp: 1
    },
    {
      timestamp: 1719244800,
      token_amount: 4968527.935767,
      amount: 10,
      usdBalance: 1259.8212107752217,
      sp: -1
    }
  ],
  '-aura': [
    {
      timestamp: 1720577340,
      token_amount: 7896293.314291,
      amount: 2.779741669,
      usdBalance: 418.8222660818582,
      sp: 1
    }
  ],
  BUB: [
    {
      timestamp: 1720500540,
      token_amount: 837074.883399,
      amount: 0.624159547,
      usdBalance: 94.04180208055371,
      sp: 1
    },
    {
      timestamp: 1720332180,
      token_amount: 837074.883399,
      amount: 2.905940717,
      usdBalance: 437.8366125767782,
      sp: 1
    },
    {
      timestamp: 1720331160,
      token_amount: 1674149.766798,
      amount: 6,
      usdBalance: 904.0169539909677,
      sp: -1
    }
  ],
  CABAL: [
    {
      timestamp: 1720302960,
      token_amount: 5524406.492219,
      amount: 2.370872504,
      usdBalance: 357.21815656116974,
      sp: 1
    }
  ],
  TG: [
    {
      timestamp: 1720163160,
      token_amount: 18063514.190167,
      amount: 0.375797815,
      usdBalance: 56.6212660054602,
      sp: 1
    },
    {
      timestamp: 1719960840,
      token_amount: 18063514.190167,
      amount: 10,
      usdBalance: 1506.6949233182797,
      sp: -1
    }
  ],
  TARMER: [
    {
      timestamp: 1720163160,
      token_amount: 7062367.109951,
      amount: 4.973470851,
      usdBalance: 749.3503282473145,
      sp: 1
    },
    {
      timestamp: 1720128720,
      token_amount: 7062367.109951,
      amount: 10,
      usdBalance: 1506.6949233182797,
      sp: -1
    }
  ],
  EMI: [
    {
      timestamp: 1720039380,
      token_amount: 12646986.119357,
      amount: 1.763468894,
      usdBalance: 265.70096300195013,
      sp: 1
    },
    {
      timestamp: 1720038960,
      token_amount: 12646986.119357,
      amount: 2.874138661,
      usdBalance: 433.0450129441498,
      sp: 1
    }
  ],
  SAM: [
    {
      timestamp: 1719993000,
      token_amount: 14950555.069787,
      amount: 5.730824032,
      usdBalance: 863.4603475444794,
      sp: 1
    }
  ],
  ROOB: [
    {
      timestamp: 1719985080,
      token_amount: 12421925.721169,
      amount: 6.022420658,
      usdBalance: 907.3950631495733,
      sp: 1
    },
    {
      timestamp: 1719985020,
      token_amount: 12421925.721169,
      amount: 5,
      usdBalance: 753.3474616591399,
      sp: -1
    }
  ],
  JULY: [
    {
      timestamp: 1719895980,
      token_amount: 45547002.078861,
      amount: 13.389912859,
      usdBalance: 2017.4513728329453,
      sp: 1
    },
    {
      timestamp: 1719895740,
      token_amount: 45547002.078861,
      amount: 15,
      usdBalance: 2260.0423849774197,
      sp: -1
    },
    {
      timestamp: 1719895020,
      token_amount: 12991908.135311,
      amount: 8.092765875,
      usdBalance: 1219.3329259465916,
      sp: 1
    },
    {
      timestamp: 1719893940,
      token_amount: 12991908.13531,
      amount: 7.783113565,
      usdBalance: 1172.6777695995138,
      sp: 1
    }
  ],
  BB: [
    {
      timestamp: 1719894960,
      token_amount: 1657043.369502,
      amount: 0.154210364,
      usdBalance: 23.234797256186397,
      sp: 1
    },
    {
      timestamp: 1719894900,
      token_amount: 1657043.369502,
      amount: 20,
      usdBalance: 3013.3898466365595,
      sp: -1
    }
  ],
  OUTSIDE: [
    {
      timestamp: 1719892800,
      token_amount: 2721078.124208,
      amount: 4.858509842,
      usdBalance: 732.0292113833298,
      sp: 1
    },
    {
      timestamp: 1719892740,
      token_amount: 2721078.124208,
      amount: 5,
      usdBalance: 753.3474616591399,
      sp: -1
    }
  ],
  PRESI: [
    {
      timestamp: 1719891300,
      token_amount: 232723.310637614,
      amount: 15.348623601,
      usdBalance: 2278.4156255556304,
      sp: 1
    },
    {
      timestamp: 1719891180,
      token_amount: 232723.310637614,
      amount: 15.883922844,
      usdBalance: 2357.9038054131697,
      sp: 1
    },
    {
      timestamp: 1719890940,
      token_amount: 465446.621275228,
      amount: 30,
      usdBalance: 4455.9792022987385,
      sp: -1
    }
  ],
  WOS: [
    {
      timestamp: 1719884460,
      token_amount: 7759595.049624,
      amount: 14.258200785,
      usdBalance: 2095.9988474944485,
      sp: 1
    },
    {
      timestamp: 1719884460,
      token_amount: 7759595.049623,
      amount: 12.015632994,
      usdBalance: 1766.3345668294482,
      sp: 1
    },
    {
      timestamp: 1719884220,
      token_amount: 15519190.099247,
      amount: 10,
      usdBalance: 1472.9590750139575,
      sp: -1
    }
  ],
  GIGA: [
    {
      timestamp: 1719871560,
      token_amount: 90850.42702,
      amount: 6.498409729,
      usdBalance: 957.4113420675029,
      sp: 1
    },
    {
      timestamp: 1719871500,
      token_amount: 90850.42702,
      amount: 10,
      usdBalance: 1475.4685424944776,
      sp: -1
    }
  ],
  SEAN: [
    {
      timestamp: 1719869760,
      token_amount: 8191217.314142,
      amount: 5.472393388,
      usdBalance: 806.0642470460357,
      sp: 1
    },
    {
      timestamp: 1719869400,
      token_amount: 3457718.58005,
      amount: 5,
      usdBalance: 738.2610736929281,
      sp: -1
    },
    {
      timestamp: 1719869340,
      token_amount: 4733498.734092,
      amount: 10,
      usdBalance: 1475.9666606603382,
      sp: -1
    }
  ],
  BROTHER: [
    {
      timestamp: 1719861660,
      token_amount: 1935877.214801,
      amount: 14.552868331,
      usdBalance: 2145.290542747053,
      sp: 1
    },
    {
      timestamp: 1719842400,
      token_amount: 1935877.214801,
      amount: 10,
      usdBalance: 1471.286152292739,
      sp: -1
    }
  ],
  Warren: [
    {
      timestamp: 1719811320,
      token_amount: 16581426.59987,
      amount: 15.263814892,
      usdBalance: 2262.1479527036845,
      sp: 1
    },
    {
      timestamp: 1719810480,
      token_amount: 16581426.59987,
      amount: 10,
      usdBalance: 1476.4710261964362,
      sp: -1
    }
  ],
  MUVA: [
    {
      timestamp: 1719553260,
      token_amount: 465045.667942,
      amount: 17.47750501,
      usdBalance: 2518.7549739348206,
      sp: 1
    },
    {
      timestamp: 1719553020,
      token_amount: 465045.667942,
      amount: 15,
      usdBalance: 2165.58603627258,
      sp: -1
    }
  ],
  PLONK: [
    {
      timestamp: 1719473040,
      token_amount: 6868928,
      amount: 1.508539196,
      usdBalance: 204.7467396912112,
      sp: 1
    }
  ],
  Democrats: [
    {
      timestamp: 1719464160,
      token_amount: 10675813.968328,
      amount: 6.397520825,
      usdBalance: 875.4291443616518,
      sp: 1
    },
    {
      timestamp: 1719463980,
      token_amount: 10675813.968328,
      amount: 5,
      usdBalance: 684.4331207718469,
      sp: -1
    }
  ],
  JASON: [
    {
      timestamp: 1719440880,
      token_amount: 73982.793223,
      amount: 15.198188276,
      usdBalance: 2094.823670043066,
      sp: 1
    },
    {
      timestamp: 1719423300,
      token_amount: 73982.793222,
      amount: 14.970847515,
      usdBalance: 2027.0045743148023,
      sp: 1
    },
    {
      timestamp: 1719420660,
      token_amount: 49321.862148,
      amount: 10.006210893,
      usdBalance: 1359.6576709508206,
      sp: 1
    },
    {
      timestamp: 1719343560,
      token_amount: 197287.448593,
      amount: 10,
      usdBalance: 1388.5413839787589,
      sp: -1
    },
    {
      timestamp: 1719260640,
      token_amount: 176417.830758,
      amount: 14.858451947,
      usdBalance: 1880.0313653316284,
      sp: 1
    },
    {
      timestamp: 1719260640,
      token_amount: 176417.830758,
      amount: 14.877186276,
      usdBalance: 1882.401809187696,
      sp: 1
    },
    {
      timestamp: 1719244260,
      token_amount: 352835.661516,
      amount: 25,
      usdBalance: 3158.2360919710704,
      sp: -1
    }
  ],
  VENCE: [
    {
      timestamp: 1719440880,
      token_amount: 10480792.978947,
      amount: 2.27071141,
      usdBalance: 312.9807265920243,
      sp: 1
    },
    {
      timestamp: 1719440700,
      token_amount: 10480792.978947,
      amount: 5,
      usdBalance: 690.3641938767009,
      sp: -1
    }
  ],
  OGpepe: [
    {
      timestamp: 1719438900,
      token_amount: 11343252.408195,
      amount: 3.601552005,
      usdBalance: 495.3748433543893,
      sp: 1
    },
    {
      timestamp: 1719438780,
      token_amount: 3781084.136064,
      amount: 1.837286475,
      usdBalance: 252.39867448418053,
      sp: 1
    }
  ],
  Faddy: [
    {
      timestamp: 1719436320,
      token_amount: 695419.115831,
      amount: 6.783047327,
      usdBalance: 928.5783598635921,
      sp: 1
    },
    {
      timestamp: 1719436320,
      token_amount: 695419.11583,
      amount: 6.035676643,
      usdBalance: 826.2656071283419,
      sp: 1
    },
    {
      timestamp: 1719436200,
      token_amount: 1390838.231661,
      amount: 10,
      usdBalance: 1369.47657874761,
      sp: -1
    }
  ],
  MD: [
    {
      timestamp: 1719420720,
      token_amount: 9117450.779018195,
      amount: 1.253973028,
      usdBalance: 170.47265187040801,
      sp: 1
    },
    {
      timestamp: 1719336240,
      token_amount: 2704783.07373393,
      amount: 7.47164347,
      usdBalance: 1031.1284913956613,
      sp: 1
    },
    {
      timestamp: 1719313380,
      token_amount: 2704783.073733929,
      amount: 20.586235636,
      usdBalance: 2852.2507451279553,
      sp: 1
    },
    {
      timestamp: 1719297180,
      token_amount: 5409566.14746786,
      amount: 15.841671026,
      usdBalance: 2151.990878095371,
      sp: 1
    },
    {
      timestamp: 1719296700,
      token_amount: 7078764.02313311,
      amount: 10,
      usdBalance: 1356.5580024992391,
      sp: -1
    },
    {
      timestamp: 1719296640,
      token_amount: 3740368.271802609,
      amount: 10,
      usdBalance: 1356.779321784843,
      sp: -1
    },
    {
      timestamp: 1719295800,
      token_amount: 9117450.779018195,
      amount: 10,
      usdBalance: 1354.5866291960763,
      sp: -1
    }
  ],
  KING: [
    {
      timestamp: 1719293040,
      token_amount: 456061.295032,
      amount: 5.531277717,
      usdBalance: 754.6686677171506,
      sp: 1
    },
    {
      timestamp: 1719292980,
      token_amount: 456061.295031,
      amount: 5.972990375,
      usdBalance: 814.3319639127359,
      sp: 1
    },
    {
      timestamp: 1719292860,
      token_amount: 912122.590063,
      amount: 10,
      usdBalance: 1363.6738203623918,
      sp: -1
    }
  ],
  BOBBI: [
    {
      timestamp: 1719280440,
      token_amount: 6898071.052591,
      amount: 4.054844925,
      usdBalance: 533.2151029936484,
      sp: 1
    },
    {
      timestamp: 1719280020,
      token_amount: 6898071.052591,
      amount: 10,
      usdBalance: 1316.5757486092489,
      sp: -1
    }
  ],
  MC: [
    {
      timestamp: 1719254580,
      token_amount: 6970348.701094638,
      amount: 8.377971635,
      usdBalance: 1079.876686112225,
      sp: 1
    },
    {
      timestamp: 1719252660,
      token_amount: 2839997.450728422,
      amount: 10,
      usdBalance: 1280.5554791708364,
      sp: -1
    },
    {
      timestamp: 1719251880,
      token_amount: 3218546.478035866,
      amount: 20,
      usdBalance: 2558.7622314019227,
      sp: -1
    },
    {
      timestamp: 1719251400,
      token_amount: 911804.77233035,
      amount: 10,
      usdBalance: 1277.1610560758081,
      sp: -1
    },
    {
      timestamp: 1719250320,
      token_amount: 941234.465444088,
      amount: 13.029498018,
      usdBalance: 1653.2882436076432,
      sp: 1
    },
    {
      timestamp: 1719250260,
      token_amount: 313744.821814695,
      amount: 4.5189849,
      usdBalance: 575.2652751770227,
      sp: 1
    },
    {
      timestamp: 1719250200,
      token_amount: 418326.42908626,
      amount: 5.029486735,
      usdBalance: 637.3002225527528,
      sp: 1
    },
    {
      timestamp: 1719250140,
      token_amount: 557768.572115014,
      amount: 5.317243639,
      usdBalance: 674.3722971082898,
      sp: 1
    },
    {
      timestamp: 1719249900,
      token_amount: 2231074.288460057,
      amount: 16.968924073,
      usdBalance: 2169.271466888775,
      sp: 1
    },
    {
      timestamp: 1719249780,
      token_amount: 4462148.576920114,
      amount: 15,
      usdBalance: 1920.4798155290127,
      sp: -1
    }
  ],
  STAN: [
    {
      timestamp: 1719250620,
      token_amount: 4835183.242988244,
      amount: 39.456419892,
      usdBalance: 5031.121761202133,
      sp: 1
    },
    {
      timestamp: 1719250560,
      token_amount: 4835183.242988244,
      amount: 40,
      usdBalance: 5102.011809336838,
      sp: -1
    }
  ],
  HAWKHAT: [
    {
      timestamp: 1719040020,
      token_amount: 19691236.74418,
      amount: 2.684210333,
      usdBalance: 362.6493011555271,
      sp: 1
    },
    {
      timestamp: 1719038580,
      token_amount: 19691236.74418,
      amount: 10,
      usdBalance: 1357.4679242683296,
      sp: -1
    }
  ],
  misshawk: [
    {
      timestamp: 1719030540,
      token_amount: 7651067.026751,
      amount: 8.422359822,
      usdBalance: 1135.625348500657,
      sp: 1
    },
    {
      timestamp: 1719030300,
      token_amount: 7651067.02675,
      amount: 9.813186225,
      usdBalance: 1324.568846107981,
      sp: 1
    },
    {
      timestamp: 1719030060,
      token_amount: 15302134.053501,
      amount: 5,
      usdBalance: 674.8679993463094,
      sp: -1
    }
  ],
  SPIKE: [
    {
      timestamp: 1718982360,
      token_amount: 1945894.696454,
      amount: 23.514763992,
      usdBalance: 3127.8583457833274,
      sp: 1
    },
    {
      timestamp: 1718910300,
      token_amount: 1945894.696454,
      amount: 20,
      usdBalance: 2683.9248304377397,
      sp: -1
    }
  ],
  KITTY: [
    {
      timestamp: 1718951280,
      token_amount: 2562878.910808,
      amount: 0.981958943,
      usdBalance: 129.93198052477854,
      sp: 1
    },
    {
      timestamp: 1718950980,
      token_amount: 2562878.910807,
      amount: 2.553714347,
      usdBalance: 338.11275563529534,
      sp: 1
    },
    {
      timestamp: 1718950920,
      token_amount: 5125757.821615,
      amount: 4.55696294,
      usdBalance: 603.1877830756576,
      sp: 1
    }
  ],
  BLIND: [
    {
      timestamp: 1718936520,
      token_amount: 4815948.121537,
      amount: 6.404441843,
      usdBalance: 856.5387585445719,
      sp: 1
    },
    {
      timestamp: 1718936400,
      token_amount: 4815948.121537,
      amount: 6.92874081,
      usdBalance: 927.8555155974351,
      sp: 1
    },
    {
      timestamp: 1718935380,
      token_amount: 9631896.243074,
      amount: 10,
      usdBalance: 1343.1845046668068,
      sp: -1
    },
    {
      timestamp: 1718898120,
      token_amount: 23004181.614966,
      amount: 5.282251206,
      usdBalance: 710.6178692804632,
      sp: 1
    },
    {
      timestamp: 1718897700,
      token_amount: 23004181.614966,
      amount: 4,
      usdBalance: 536.9324977021885,
      sp: -1
    }
  ],
  biri: [
    {
      timestamp: 1718920320,
      token_amount: 6108309.770173,
      amount: 6.288388134,
      usdBalance: 840.7557006767938,
      sp: 1
    },
    {
      timestamp: 1718920260,
      token_amount: 6108309.770173,
      amount: 10,
      usdBalance: 1336.9305583153832,
      sp: -1
    },
    {
      timestamp: 1718919960,
      token_amount: 4796823.784062,
      amount: 11.345507048,
      usdBalance: 1522.603503004147,
      sp: 1
    },
    {
      timestamp: 1718919480,
      token_amount: 4796823.784062,
      amount: 10,
      usdBalance: 1341.2412600331484,
      sp: -1
    }
  ],
  FrogCat: [
    {
      timestamp: 1718916540,
      token_amount: 15617282.878634,
      amount: 12.85735279,
      usdBalance: 1723.6310022521657,
      sp: 1
    },
    {
      timestamp: 1718915880,
      token_amount: 2914443.423278,
      amount: 2,
      usdBalance: 267.2738554570682,
      sp: -1
    },
    {
      timestamp: 1718915580,
      token_amount: 4611398.778061,
      amount: 5,
      usdBalance: 668.566906215445,
      sp: -1
    },
    {
      timestamp: 1718915340,
      token_amount: 8091440.677295,
      amount: 10,
      usdBalance: 1336.4329656241273,
      sp: -1
    },
    {
      timestamp: 1718915160,
      token_amount: 6612016.067273,
      amount: 13.412680238,
      usdBalance: 1793.9207583769335,
      sp: 1
    },
    {
      timestamp: 1718914920,
      token_amount: 6612016.067273,
      amount: 10,
      usdBalance: 1340.5240615461016,
      sp: -1
    },
    {
      timestamp: 1718914260,
      token_amount: 11672215.567819,
      amount: 14.041265063,
      usdBalance: 1880.6566760986602,
      sp: 1
    },
    {
      timestamp: 1718913300,
      token_amount: 4602874.407662,
      amount: 3,
      usdBalance: 401.41814333441505,
      sp: -1
    },
    {
      timestamp: 1718913120,
      token_amount: 7069341.160157,
      amount: 5,
      usdBalance: 669.5814814091948,
      sp: -1
    }
  ],
  FINO: [
    {
      timestamp: 1718655300,
      token_amount: 2798482.207657,
      amount: 1.719337591,
      usdBalance: 245.473606681092,
      sp: 1
    },
    {
      timestamp: 1718655300,
      token_amount: 2798482.207656,
      amount: 1.399575627,
      usdBalance: 199.82048829794982,
      sp: 1
    }
  ],
  ARO: [
    {
      timestamp: 1718649060,
      token_amount: 7781932.812363,
      amount: 6.55024255,
      usdBalance: 954.9197679591906,
      sp: 1
    },
    {
      timestamp: 1718648880,
      token_amount: 7781932.812363,
      amount: 5,
      usdBalance: 728.1440752184178,
      sp: -1
    }
  ],
  KBILLY: [
    {
      timestamp: 1718649000,
      token_amount: 10473179.991242,
      amount: 8.174459911,
      usdBalance: 1191.8557103840708,
      sp: 1
    },
    {
      timestamp: 1718648820,
      token_amount: 2929521.963226,
      amount: 1.5,
      usdBalance: 218.37845009830278,
      sp: -1
    },
    {
      timestamp: 1718648640,
      token_amount: 7543658.028016,
      amount: 5,
      usdBalance: 728.9128659130101,
      sp: -1
    }
  ],
  WILLY: [
    {
      timestamp: 1718637960,
      token_amount: 4222306.590455643,
      amount: 1.093073037,
      usdBalance: 156.05530932468847,
      sp: 1
    },
    {
      timestamp: 1718637660,
      token_amount: 4222306.590455643,
      amount: 1.5,
      usdBalance: 213.95961313675417,
      sp: -1
    }
  ],
  CA: [
    {
      timestamp: 1718511300,
      token_amount: 7636970.340086,
      amount: 2.8976572,
      usdBalance: 416.2185776916857,
      sp: 1
    },
    {
      timestamp: 1718511180,
      token_amount: 7636970.340085,
      amount: 3.965943266,
      usdBalance: 569.8493252749513,
      sp: 1
    }
  ],
  Cateuro: [
    {
      timestamp: 1718374080,
      token_amount: 16775918.374113,
      amount: 1.298015736,
      usdBalance: 190.99407631102923,
      sp: 1
    }
  ],
  STRAWHAM: [
    {
      timestamp: 1718353140,
      token_amount: 8828872.227755,
      amount: 5.374296853,
      usdBalance: 794.4243631582256,
      sp: 1
    },
    {
      timestamp: 1718353020,
      token_amount: 8828872.227755,
      amount: 5,
      usdBalance: 739.5995738583782,
      sp: -1
    }
  ],
  VIRGIN: [
    {
      timestamp: 1718266800,
      token_amount: 7292336.045249,
      amount: 0.879414468,
      usdBalance: 133.87277769349146,
      sp: 1
    }
  ]
}
{
  CTO: 109.80561535105403,
  frig: 413.6520284847753,
  MOVE: -1695.1962272435517,
  '-aura': 384.88864574475474,
  BUB: -761.7935643579706,
  CABAL: 339.3450839304581,
  TG: -1495.955977907381,
  TARMER: -726.9331818690206,
  EMI: 653.440435521825,
  SAM: 839.5523527410683,
  ROOB: 150.63371070689664,
  JULY: 598.3753961672546,
  BB: -2962.339982777187,
  OUTSIDE: -21.028169409194902,
  PRESI: -2047.6493724793077,
  WOS: 1652.8948018030076,
  GIGA: -518.0572004269746,
  SEAN: -1408.1634873072308,
  BROTHER: 674.0043904543143,
  Warren: 785.6769265072483,
  MUVA: 353.16893766224075,
  PLONK: 204.7467396912112,
  Democrats: 190.99602358980485,
  JASON: 2076.617529915032,
  VENCE: -377.3834672846766,
  OGpepe: 747.7735178385699,
  Faddy: -299.3709011289884,
  MD: -271.17922576218507,
  KING: -476.5100989129537,
  BOBBI: -783.3606456156004,
  MC: -4568.6639756711465,
  STAN: -70.89004813470547,
  HAWKHAT: -994.8186231128025,
  misshawk: 1447.8921955891965,
  SPIKE: 443.9335153455877,
  KITTY: 1071.2325192357316,
  BLIND: -56.69711127992855,
  biri: -314.8126146675909,
  FrogCat: 714.4110231414077,
  FINO: 445.2940949790418,
  ARO: 226.7756927407728,
  KBILLY: 244.56439437275787,
  WILLY: -57.904303812065706,
  CA: 986.067902966637,
  Cateuro: 190.99407631102923,
  STRAWHAM: 54.82478929984734,
  VIRGIN: 133.87277769349146
}
Total Transaction: 131
Win Rate: 27.7% (13/47)
Total PnL: -3773.27$

Processing wallet (group 31): 
stdout: Processing wallet address: undefined
No more transactions available.
{}
{}
Total Transaction: 0
Win Rate: 0% (0/0)
Total PnL: 0.00$

Processing completed for group 31.

