stdout: Processing wallet (group 8): HoZoWggoMaFcHmKkUc2eRfU7D2Uq5sEDhz424USpkzbv
stdout: Processing wallet address: HoZoWggoMaFcHmKkUc2eRfU7D2Uq5sEDhz424USpkzbv
{
  COUSIN: [
    {
      timestamp: 1720810440,
      token_amount: 329391.987395581,
      amount: 4.236270668,
      usdBalance: 761.2334721113713,
      sp: 1
    },
    {
      timestamp: 1720806720,
      token_amount: 329391.987395581,
      amount: 10,
      usdBalance: 1796.9424802375993,
      sp: -1
    }
  ],
  LNGCAT: [
    {
      timestamp: 1720808700,
      token_amount: 480976.89753,
      amount: 19.823606477,
      usdBalance: 3562.1880590034516,
      sp: 1
    },
    {
      timestamp: 1720807500,
      token_amount: 480976.89753,
      amount: 10,
      usdBalance: 1796.9424802375993,
      sp: -1
    }
  ],
  MEOW: [
    {
      timestamp: 1720654380,
      token_amount: 2249597.75521464,
      amount: 10,
      usdBalance: 1796.9424802375993,
      sp: -1
    }
  ],
  WIGGER: [
    {
      timestamp: 1720637580,
      token_amount: 9775449.737182,
      amount: 10,
      usdBalance: 1796.9424802375993,
      sp: -1
    }
  ],
  RICO: [
    {
      timestamp: 1720411080,
      token_amount: 6685604.852433,
      amount: 7.308328548,
      usdBalance: 1313.2646027434375,
      sp: 1
    },
    {
      timestamp: 1720410240,
      token_amount: 3413411.060424,
      amount: 5,
      usdBalance: 898.4712401187996,
      sp: -1
    },
    {
      timestamp: 1720410180,
      token_amount: 3272193.792009,
      amount: 5,
      usdBalance: 898.4712401187996,
      sp: -1
    }
  ],
  BIG: [
    {
      timestamp: 1720317360,
      token_amount: 3744818.317701,
      amount: 7.290730999,
      usdBalance: 1310.102424408821,
      sp: 1
    },
    {
      timestamp: 1720317120,
      token_amount: 3744818.3177,
      amount: 4.205751118,
      usdBalance: 755.7492845240977,
      sp: 1
    },
    {
      timestamp: 1720317060,
      token_amount: 1872409.15885,
      amount: 2.76368427,
      usdBalance: 496.61816667274394,
      sp: 1
    },
    {
      timestamp: 1720316820,
      token_amount: 9362045.794251,
      amount: 22.186396276,
      usdBalance: 3986.767795172968,
      sp: 1
    },
    {
      timestamp: 1720316760,
      token_amount: 4681022.897125,
      amount: 17.708874118,
      usdBalance: 3182.182817981435,
      sp: 1
    }
  ],
  MIAU: [
    {
      timestamp: 1720231860,
      token_amount: 7690113.052185,
      amount: 2.792455252,
      usdBalance: 501.78814664813905,
      sp: 1
    },
    {
      timestamp: 1720231620,
      token_amount: 7690113.052185,
      amount: 10,
      usdBalance: 1796.9424802375993,
      sp: -1
    }
  ],
  omni: [
    {
      timestamp: 1720225200,
      token_amount: 7936743.836563,
      amount: 9.235141376,
      usdBalance: 1659.5017849534315,
      sp: 1
    },
    {
      timestamp: 1720222680,
      token_amount: 7936743.836563,
      amount: 15,
      usdBalance: 2695.413720356399,
      sp: -1
    }
  ],
  NAHMIR: [
    {
      timestamp: 1720225080,
      token_amount: 9352415.050667,
      amount: 2.448534009,
      usdBalance: 439.98747750785725,
      sp: 1
    },
    {
      timestamp: 1720225020,
      token_amount: 9352415.050667,
      amount: 5,
      usdBalance: 898.4712401187996,
      sp: -1
    }
  ],
  relax: [
    {
      timestamp: 1720220880,
      token_amount: 2119589.598524,
      amount: 11.960687265,
      usdBalance: 2149.266703931537,
      sp: 1
    },
    {
      timestamp: 1720218300,
      token_amount: 2119589.598524,
      amount: 15,
      usdBalance: 2695.413720356399,
      sp: -1
    }
  ],
  Moggy: [
    {
      timestamp: 1720212600,
      token_amount: 17795066.966211,
      amount: 4.020229122,
      usdBalance: 722.4120489610107,
      sp: 1
    },
    {
      timestamp: 1720208340,
      token_amount: 17795066.966211,
      amount: 10,
      usdBalance: 1796.9424802375993,
      sp: -1
    }
  ],
  NGMI: [
    {
      timestamp: 1720212360,
      token_amount: 8928947.830509,
      amount: 2.278883455,
      usdBalance: 409.50224878001296,
      sp: 1
    }
  ],
  SUPERCAT: [
    {
      timestamp: 1720210080,
      token_amount: 6262320.378142,
      amount: 7.885956441,
      usdBalance: 1417.0610126136212,
      sp: 1
    },
    {
      timestamp: 1720206600,
      token_amount: 2926364.157588,
      amount: 5,
      usdBalance: 898.4712401187996,
      sp: -1
    },
    {
      timestamp: 1720205760,
      token_amount: 3335956.220554,
      amount: 5,
      usdBalance: 898.4712401187996,
      sp: -1
    }
  ],
  Hamster: [
    {
      timestamp: 1720199280,
      token_amount: 3901802.198975,
      amount: 13.861414939,
      usdBalance: 2490.816534008917,
      sp: 1
    },
    {
      timestamp: 1720199040,
      token_amount: 3901802.198975,
      amount: 20,
      usdBalance: 3593.8849604751986,
      sp: -1
    }
  ],
  Peon: [
    {
      timestamp: 1720127460,
      token_amount: 2144571.049081,
      amount: 12.72507942,
      usdBalance: 2286.6235774195234,
      sp: 1
    },
    {
      timestamp: 1720120620,
      token_amount: 2144571.049081,
      amount: 26.211514695,
      usdBalance: 4710.058422681759,
      sp: 1
    },
    {
      timestamp: 1720114200,
      token_amount: 4289142.098162,
      amount: 10,
      usdBalance: 1351.8175751769663,
      sp: -1
    }
  ],
  LEEROY: [
    {
      timestamp: 1720118040,
      token_amount: 5674618.919934,
      amount: 3.323432831,
      usdBalance: 597.2017634240207,
      sp: 1
    },
    {
      timestamp: 1720117800,
      token_amount: 1943335.603491,
      amount: 2,
      usdBalance: 268.7212027856627,
      sp: -1
    },
    {
      timestamp: 1720117560,
      token_amount: 3731283.316443,
      amount: 3,
      usdBalance: 402.45355464716056,
      sp: -1
    }
  ],
  DRAGON: [
    {
      timestamp: 1720117740,
      token_amount: 119430.395088,
      amount: 2.711057184,
      usdBalance: 363.72287994173035,
      sp: 1
    },
    {
      timestamp: 1720048560,
      token_amount: 119430.395088,
      amount: 10,
      usdBalance: 1408.479514421576,
      sp: -1
    }
  ],
  Bull: [
    {
      timestamp: 1720057500,
      token_amount: 4297952.85404,
      amount: 8.77238932,
      usdBalance: 1187.8024574432463,
      sp: 1
    },
    {
      timestamp: 1720054680,
      token_amount: 1651038.755524,
      amount: 7,
      usdBalance: 989.161272636245,
      sp: -1
    },
    {
      timestamp: 1720054440,
      token_amount: 2646914.098516,
      amount: 10,
      usdBalance: 1414.6517007540806,
      sp: -1
    }
  ],
  KPOP: [
    {
      timestamp: 1720054680,
      token_amount: 8698996.532358,
      amount: 8.717070888,
      usdBalance: 1231.7984190334919,
      sp: 1
    },
    {
      timestamp: 1720052340,
      token_amount: 2894588.062911,
      amount: 5,
      usdBalance: 710.5749492897002,
      sp: -1
    },
    {
      timestamp: 1720052340,
      token_amount: 5804408.469447,
      amount: 10,
      usdBalance: 1421.1498985794003,
      sp: -1
    }
  ],
  FlynnVP: [
    {
      timestamp: 1720033020,
      token_amount: 12182886.217153,
      amount: 5,
      usdBalance: 706.9234546141874,
      sp: -1
    }
  ],
  Cheese: [
    {
      timestamp: 1720016640,
      token_amount: 202521.656555,
      amount: 10,
      usdBalance: 1432.1144274739795,
      sp: -1
    },
    {
      timestamp: 1719544140,
      token_amount: 236155.828344,
      amount: 10,
      usdBalance: 1469.1501411512381,
      sp: -1
    },
    {
      timestamp: 1718671560,
      token_amount: 173637.087954,
      amount: 10,
      usdBalance: 1406.0450187195997,
      sp: -1
    },
    {
      timestamp: 1718312640,
      token_amount: 153342.534636,
      amount: 10,
      usdBalance: 1470.3259258737794,
      sp: -1
    }
  ],
  sweeney: [
    {
      timestamp: 1719968040,
      token_amount: 6405702.09229,
      amount: 54.002576313,
      usdBalance: 8288.771770484858,
      sp: 1
    },
    {
      timestamp: 1719967860,
      token_amount: 6405702.09229,
      amount: 63.027172888,
      usdBalance: 9686.91327033953,
      sp: 1
    },
    {
      timestamp: 1719966120,
      token_amount: 3208971.718798,
      amount: 10,
      usdBalance: 1542.0347473347622,
      sp: -1
    },
    {
      timestamp: 1719949980,
      token_amount: 2066433.386125,
      amount: 5,
      usdBalance: 763.2549273998819,
      sp: -1
    },
    {
      timestamp: 1719947580,
      token_amount: 2334038.061265,
      amount: 5,
      usdBalance: 761.8028105294899,
      sp: -1
    },
    {
      timestamp: 1719947520,
      token_amount: 2562012.277858,
      amount: 5,
      usdBalance: 761.8084015514044,
      sp: -1
    },
    {
      timestamp: 1719947100,
      token_amount: 955864.125818,
      amount: 3,
      usdBalance: 457.60369715752256,
      sp: -1
    },
    {
      timestamp: 1719946920,
      token_amount: 1684084.614716,
      amount: 10,
      usdBalance: 1527.2788407447013,
      sp: -1
    }
  ],
  MAMA: [
    {
      timestamp: 1719963720,
      token_amount: 6981093.959963,
      amount: 4.536733645,
      usdBalance: 698.2956741132946,
      sp: 1
    },
    {
      timestamp: 1719963600,
      token_amount: 1821315.59272,
      amount: 2,
      usdBalance: 307.7655436515947,
      sp: -1
    },
    {
      timestamp: 1719963420,
      token_amount: 5159778.367243,
      amount: 3,
      usdBalance: 461.8569484210309,
      sp: -1
    }
  ],
  WHITMER: [
    {
      timestamp: 1719949920,
      token_amount: 1309791.640653,
      amount: 3.924063002,
      usdBalance: 598.9793356729083,
      sp: 1
    },
    {
      timestamp: 1719731700,
      token_amount: 327447.910163,
      amount: 3.110832075,
      usdBalance: 437.4829972728797,
      sp: 1
    },
    {
      timestamp: 1719731460,
      token_amount: 409309.887703,
      amount: 4.283531327,
      usdBalance: 601.7223618307996,
      sp: 1
    },
    {
      timestamp: 1719731340,
      token_amount: 511637.359629,
      amount: 5.338805922,
      usdBalance: 747.3956939076478,
      sp: 1
    },
    {
      timestamp: 1719731220,
      token_amount: 639546.699536,
      amount: 7.994048092,
      usdBalance: 1117.6092098552626,
      sp: 1
    },
    {
      timestamp: 1719730740,
      token_amount: 799433.37442,
      amount: 8.354490109,
      usdBalance: 1160.1620799458974,
      sp: 1
    },
    {
      timestamp: 1719730680,
      token_amount: 999291.718025,
      amount: 11.360571108,
      usdBalance: 1575.735822377616,
      sp: 1
    },
    {
      timestamp: 1719730560,
      token_amount: 1249114.647532,
      amount: 16.481766007,
      usdBalance: 2285.2459628639394,
      sp: 1
    },
    {
      timestamp: 1719730440,
      token_amount: 1561393.309415,
      amount: 23.743104526,
      usdBalance: 3289.4815944204906,
      sp: 1
    },
    {
      timestamp: 1719730380,
      token_amount: 1951741.636768,
      amount: 28.08068053,
      usdBalance: 3888.626738436823,
      sp: 1
    },
    {
      timestamp: 1719729720,
      token_amount: 2439677.045961,
      amount: 9.362916941,
      usdBalance: 1294.3162430558948,
      sp: 1
    },
    {
      timestamp: 1719729660,
      token_amount: 3049596.307451,
      amount: 17.8752072,
      usdBalance: 2468.4534262676225,
      sp: 1
    },
    {
      timestamp: 1719729600,
      token_amount: 3811995.384314,
      amount: 23.04940022,
      usdBalance: 3182.3619836398034,
      sp: 1
    },
    {
      timestamp: 1719729420,
      token_amount: 4764994.230392,
      amount: 31.643629263,
      usdBalance: 4361.667089374545,
      sp: 1
    },
    {
      timestamp: 1719729300,
      token_amount: 5956242.78799,
      amount: 44.633954552,
      usdBalance: 6149.156814853881,
      sp: 1
    },
    {
      timestamp: 1719729300,
      token_amount: 7445303.484988,
      amount: 59.291549558,
      usdBalance: 8168.512955827377,
      sp: 1
    }
  ],
  BUD: [
    {
      timestamp: 1719939480,
      token_amount: 3511379.803835,
      amount: 6.236547651,
      usdBalance: 928.3323599238511,
      sp: 1
    },
    {
      timestamp: 1719938400,
      token_amount: 3511379.803835,
      amount: 10,
      usdBalance: 1480.6432804238987,
      sp: -1
    }
  ],
  KING: [
    {
      timestamp: 1719932280,
      token_amount: 7346529.317867,
      amount: 5,
      usdBalance: 740.5498863531968,
      sp: -1
    },
    {
      timestamp: 1719932220,
      token_amount: 3724307.762736,
      amount: 2,
      usdBalance: 296.1427856936559,
      sp: -1
    }
  ],
  PRESI: [
    {
      timestamp: 1719892800,
      token_amount: 318030.246185247,
      amount: 21.307633041,
      usdBalance: 3175.2611711105137,
      sp: 1
    },
    {
      timestamp: 1719891960,
      token_amount: 35336.694020582,
      amount: 2.665307381,
      usdBalance: 397.6788559382399,
      sp: 1
    },
    {
      timestamp: 1719891660,
      token_amount: 68457.173477302,
      amount: 5,
      usdBalance: 745.804137975163,
      sp: -1
    },
    {
      timestamp: 1719891540,
      token_amount: 284909.766728527,
      amount: 20,
      usdBalance: 2980.0994515993484,
      sp: -1
    },
    {
      timestamp: 1719889200,
      token_amount: 751170.224826954,
      amount: 25.683824513,
      usdBalance: 3822.406529487377,
      sp: 1
    },
    {
      timestamp: 1719888540,
      token_amount: 359384.934704505,
      amount: 15,
      usdBalance: 2221.2553989962926,
      sp: -1
    },
    {
      timestamp: 1719888540,
      token_amount: 391785.290122449,
      amount: 20,
      usdBalance: 2961.67386532839,
      sp: -1
    }
  ],
  OUTSIDE: [
    {
      timestamp: 1719892740,
      token_amount: 2572509.590232,
      amount: 5,
      usdBalance: 745.0427805617466,
      sp: -1
    }
  ],
  Rubicon: [
    {
      timestamp: 1719884160,
      token_amount: 15240400.217084,
      amount: 3.242700526,
      usdBalance: 477.56935550433104,
      sp: 1
    },
    {
      timestamp: 1719884040,
      token_amount: 15240400.217084,
      amount: 5,
      usdBalance: 736.8995138747504,
      sp: -1
    }
  ],
  GIGA: [
    {
      timestamp: 1719871620,
      token_amount: 330895.22691,
      amount: 18.692971773,
      usdBalance: 2753.446037549998,
      sp: 1
    },
    {
      timestamp: 1719871500,
      token_amount: 330895.22691,
      amount: 30,
      usdBalance: 4426.405627483433,
      sp: -1
    }
  ],
  DEXTER: [
    {
      timestamp: 1719867300,
      token_amount: 45072011.990056,
      amount: 5.961156823,
      usdBalance: 879.2118283002751,
      sp: 1
    },
    {
      timestamp: 1719865860,
      token_amount: 19277659.78775,
      amount: 5,
      usdBalance: 737.531729445455,
      sp: -1
    },
    {
      timestamp: 1719865800,
      token_amount: 25794352.202306,
      amount: 10,
      usdBalance: 1475.5648289355142,
      sp: -1
    }
  ],
  Larp: [
    {
      timestamp: 1719857460,
      token_amount: 21525463.980877,
      amount: 1.714459656,
      usdBalance: 253.57618423221882,
      sp: 1
    },
    {
      timestamp: 1719849240,
      token_amount: 21525463.980877,
      amount: 5,
      usdBalance: 741.9512246694013,
      sp: -1
    },
    {
      timestamp: 1719795720,
      token_amount: 7554808.557872,
      amount: 3.899591035,
      usdBalance: 574.5308763085498,
      sp: 1
    },
    {
      timestamp: 1719795420,
      token_amount: 3717382.185722,
      amount: 5,
      usdBalance: 738.0601420551797,
      sp: -1
    },
    {
      timestamp: 1719795360,
      token_amount: 3837426.37215,
      amount: 5,
      usdBalance: 738.055506042495,
      sp: -1
    }
  ],
  PUNGU: [
    {
      timestamp: 1719851820,
      token_amount: 649338.306674,
      amount: 7.74886342,
      usdBalance: 1146.0518219462074,
      sp: 1
    },
    {
      timestamp: 1719849960,
      token_amount: 649338.306674,
      amount: 10,
      usdBalance: 1478.47177808254,
      sp: -1
    }
  ],
  HERO: [
    {
      timestamp: 1719812820,
      token_amount: 11662.321098298,
      amount: 4.737403935,
      usdBalance: 701.1570839625431,
      sp: 1
    },
    {
      timestamp: 1719810660,
      token_amount: 14577.901372872,
      amount: 5.603633214,
      usdBalance: 827.5222991341552,
      sp: 1
    },
    {
      timestamp: 1719810600,
      token_amount: 18222.37671609,
      amount: 7.257505312,
      usdBalance: 1071.7573911872857,
      sp: 1
    },
    {
      timestamp: 1719810180,
      token_amount: 22777.970895113,
      amount: 9.024695801,
      usdBalance: 1331.51654205916,
      sp: 1
    },
    {
      timestamp: 1719810060,
      token_amount: 28472.463618891,
      amount: 10.490812545,
      usdBalance: 1547.914124894332,
      sp: 1
    },
    {
      timestamp: 1719810000,
      token_amount: 35590.579523614,
      amount: 15.980787725,
      usdBalance: 2355.754539845813,
      sp: 1
    },
    {
      timestamp: 1719810000,
      token_amount: 44488.224404517,
      amount: 18.846673127,
      usdBalance: 2778.2194810375236,
      sp: 1
    },
    {
      timestamp: 1719809940,
      token_amount: 55610.280505647,
      amount: 22.49412315,
      usdBalance: 3314.147874145626,
      sp: 1
    },
    {
      timestamp: 1719809880,
      token_amount: 69512.850632059,
      amount: 21.558434143,
      usdBalance: 3176.7578193083414,
      sp: 1
    },
    {
      timestamp: 1719809700,
      token_amount: 86891.063290073,
      amount: 20.597705443,
      usdBalance: 3031.9585783333596,
      sp: 1
    },
    {
      timestamp: 1719809640,
      token_amount: 108613.829112591,
      amount: 30.945482831,
      usdBalance: 4556.882672908978,
      sp: 1
    },
    {
      timestamp: 1719809460,
      token_amount: 135767.286390739,
      amount: 39.950422567,
      usdBalance: 5878.423285041207,
      sp: 1
    },
    {
      timestamp: 1719808680,
      token_amount: 678836.431953698,
      amount: 35,
      usdBalance: 5163.753573320433,
      sp: -1
    }
  ],
  BDOG: [
    {
      timestamp: 1719799920,
      token_amount: 13102179.755862,
      amount: 14.914791455,
      usdBalance: 2204.4668146831405,
      sp: 1
    },
    {
      timestamp: 1719799500,
      token_amount: 6554868.259985,
      amount: 10,
      usdBalance: 1481.9043219818388,
      sp: -1
    },
    {
      timestamp: 1719799440,
      token_amount: 6547311.495877,
      amount: 10,
      usdBalance: 1481.0829877048943,
      sp: -1
    }
  ],
  MILO: [
    {
      timestamp: 1719794220,
      token_amount: 17195269.099623,
      amount: 5.146327795,
      usdBalance: 756.9229498933339,
      sp: 1
    },
    {
      timestamp: 1719791700,
      token_amount: 17195269.099623,
      amount: 10,
      usdBalance: 1466.009002430907,
      sp: -1
    }
  ],
  bun: [
    {
      timestamp: 1719790260,
      token_amount: 15229344.956538,
      amount: 20.829322549,
      usdBalance: 3055.2527105877207,
      sp: 1
    },
    {
      timestamp: 1719788280,
      token_amount: 15229344.956538,
      amount: 10,
      usdBalance: 1468.127979059112,
      sp: -1
    }
  ],
  KAT: [
    {
      timestamp: 1719786900,
      token_amount: 8252866.731423,
      amount: 7.408206622,
      usdBalance: 1086.664322998043,
      sp: 1
    },
    {
      timestamp: 1719785580,
      token_amount: 8252866.731423,
      amount: 5,
      usdBalance: 724.3983082717308,
      sp: -1
    }
  ],
  JONATHAN: [
    {
      timestamp: 1719783060,
      token_amount: 13359941.652866,
      amount: 1.099050179,
      usdBalance: 158.60952703377538,
      sp: 1
    }
  ],
  FAKED: [
    {
      timestamp: 1719771960,
      token_amount: 8863675.694346,
      amount: 1.552035158,
      usdBalance: 223.56381392824233,
      sp: 1
    }
  ],
  OMNOM: [
    {
      timestamp: 1719710940,
      token_amount: 20841565.514328,
      amount: 5.900286756,
      usdBalance: 827.1727833434984,
      sp: 1
    },
    {
      timestamp: 1719703680,
      token_amount: 6741069.54411,
      amount: 5,
      usdBalance: 700.7071843048271,
      sp: -1
    },
    {
      timestamp: 1719702720,
      token_amount: 14100495.970218,
      amount: 10,
      usdBalance: 1401.9084517151332,
      sp: -1
    }
  ],
  Mango: [
    {
      timestamp: 1719702180,
      token_amount: 13363429.86223,
      amount: 11.406458107,
      usdBalance: 1596.9349298107752,
      sp: 1
    },
    {
      timestamp: 1719694380,
      token_amount: 7575737.503474,
      amount: 10,
      usdBalance: 1408.5080918866809,
      sp: -1
    },
    {
      timestamp: 1719694320,
      token_amount: 5787692.358756,
      amount: 10,
      usdBalance: 1409.2466051561485,
      sp: -1
    }
  ],
  CATeye: [
    {
      timestamp: 1719591840,
      token_amount: 1475757.855019,
      amount: 1.429597738,
      usdBalance: 202.0384269960347,
      sp: 1
    },
    {
      timestamp: 1719591600,
      token_amount: 1475757.855018,
      amount: 4.42088175,
      usdBalance: 627.7965061222925,
      sp: 1
    },
    {
      timestamp: 1719591540,
      token_amount: 2951515.710037,
      amount: 13.107232026,
      usdBalance: 1865.8453809871326,
      sp: 1
    },
    {
      timestamp: 1719590880,
      token_amount: 1475757.855018,
      amount: 2.426197738,
      usdBalance: 347.3407291777134,
      sp: 1
    },
    {
      timestamp: 1719590760,
      token_amount: 1844697.318772,
      amount: 3.498024572,
      usdBalance: 501.09235806344367,
      sp: 1
    },
    {
      timestamp: 1719590640,
      token_amount: 2305871.648465,
      amount: 6.067157029,
      usdBalance: 868.6786719784043,
      sp: 1
    },
    {
      timestamp: 1719590340,
      token_amount: 5325547.589039,
      amount: 10,
      usdBalance: 1430.2892671275272,
      sp: -1
    },
    {
      timestamp: 1719590340,
      token_amount: 6203810.65329,
      amount: 10,
      usdBalance: 1430.2892671275272,
      sp: -1
    }
  ],
  KIMI: [
    {
      timestamp: 1719533400,
      token_amount: 1656842.022938,
      amount: 5.855208259,
      usdBalance: 875.158129095435,
      sp: 1
    },
    {
      timestamp: 1719532260,
      token_amount: 414210.505734,
      amount: 1.938117117,
      usdBalance: 289.1338544684466,
      sp: 1
    },
    {
      timestamp: 1719532020,
      token_amount: 517763.132168,
      amount: 2.816920733,
      usdBalance: 420.1323672086811,
      sp: 1
    },
    {
      timestamp: 1719531720,
      token_amount: 647203.915209,
      amount: 4.362742387,
      usdBalance: 650.2202373195906,
      sp: 1
    },
    {
      timestamp: 1719530820,
      token_amount: 809004.894012,
      amount: 4.58448401,
      usdBalance: 683.922017505653,
      sp: 1
    },
    {
      timestamp: 1719530700,
      token_amount: 1011256.117515,
      amount: 7.814109267,
      usdBalance: 1166.683080545982,
      sp: 1
    },
    {
      timestamp: 1719530580,
      token_amount: 1264070.146893,
      amount: 13.84434603,
      usdBalance: 2065.533347104477,
      sp: 1
    },
    {
      timestamp: 1719530520,
      token_amount: 1580087.683617,
      amount: 12.366582265,
      usdBalance: 1846.272382262255,
      sp: 1
    },
    {
      timestamp: 1719530460,
      token_amount: 1975109.604521,
      amount: 21.565030244,
      usdBalance: 3222.3661009850566,
      sp: 1
    },
    {
      timestamp: 1719529740,
      token_amount: 3240.481321,
      amount: 4.169527118,
      usdBalance: 624.1886260383302,
      sp: 1
    },
    {
      timestamp: 1719529440,
      token_amount: 4050.601651,
      amount: 4.461030993,
      usdBalance: 669.3702529865824,
      sp: 1
    },
    {
      timestamp: 1719528840,
      token_amount: 9875548.022607,
      amount: 10,
      usdBalance: 1497.2704973642153,
      sp: -1
    },
    {
      timestamp: 1719528420,
      token_amount: 5063.252064,
      amount: 3.235412675,
      usdBalance: 483.9730420240493,
      sp: 1
    },
    {
      timestamp: 1719528420,
      token_amount: 6329.06508,
      amount: 3.827785913,
      usdBalance: 572.5838953546823,
      sp: 1
    },
    {
      timestamp: 1719528420,
      token_amount: 7911.33135,
      amount: 5.048019635,
      usdBalance: 755.1140037949195,
      sp: 1
    },
    {
      timestamp: 1719528360,
      token_amount: 9889.164188,
      amount: 6.489661833,
      usdBalance: 970.8285377948191,
      sp: 1
    },
    {
      timestamp: 1719526080,
      token_amount: 12361.455235,
      amount: 2.011409239,
      usdBalance: 300.648732551627,
      sp: 1
    },
    {
      timestamp: 1719525960,
      token_amount: 15451.819043,
      amount: 4.350926789,
      usdBalance: 651.2307505325232,
      sp: 1
    },
    {
      timestamp: 1719524940,
      token_amount: 19314.773804,
      amount: 2.020040993,
      usdBalance: 302.48534307815345,
      sp: 1
    },
    {
      timestamp: 1719523140,
      token_amount: 24143.467255,
      amount: 1.473404813,
      usdBalance: 220.61823288042228,
      sp: 1
    },
    {
      timestamp: 1719523020,
      token_amount: 30179.334069,
      amount: 2.520265679,
      usdBalance: 376.6795157952773,
      sp: 1
    },
    {
      timestamp: 1719522780,
      token_amount: 37724.167586,
      amount: 2.531714155,
      usdBalance: 378.29297990226223,
      sp: 1
    },
    {
      timestamp: 1719522720,
      token_amount: 47155.209483,
      amount: 3.828405972,
      usdBalance: 571.7326831513553,
      sp: 1
    },
    {
      timestamp: 1719522420,
      token_amount: 58944.011853,
      amount: 4.281002476,
      usdBalance: 639.1074431792724,
      sp: 1
    },
    {
      timestamp: 1719522360,
      token_amount: 73680.014816,
      amount: 6.536832463,
      usdBalance: 976.208404475943,
      sp: 1
    },
    {
      timestamp: 1719522240,
      token_amount: 92100.018521,
      amount: 4.113039845,
      usdBalance: 613.8924860939902,
      sp: 1
    },
    {
      timestamp: 1719522060,
      token_amount: 115125.023151,
      amount: 7.689587709,
      usdBalance: 1146.082471637624,
      sp: 1
    },
    {
      timestamp: 1719521820,
      token_amount: 143906.278939,
      amount: 3.398717442,
      usdBalance: 506.5860916323772,
      sp: 1
    },
    {
      timestamp: 1719521700,
      token_amount: 179882.848673,
      amount: 3.427292659,
      usdBalance: 510.7737272355775,
      sp: 1
    },
    {
      timestamp: 1719521700,
      token_amount: 224853.560841,
      amount: 5.524502274,
      usdBalance: 823.3235087766701,
      sp: 1
    },
    {
      timestamp: 1719521640,
      token_amount: 281066.951052,
      amount: 10.548600805,
      usdBalance: 1571.1298042059434,
      sp: 1
    },
    {
      timestamp: 1719521580,
      token_amount: 351333.688815,
      amount: 18.156915248,
      usdBalance: 2707.2458461733618,
      sp: 1
    },
    {
      timestamp: 1719521520,
      token_amount: 439167.111018,
      amount: 20.979825505,
      usdBalance: 3125.349111596891,
      sp: 1
    },
    {
      timestamp: 1719520860,
      token_amount: 2195835.555094,
      amount: 10,
      usdBalance: 1490.2089533769047,
      sp: -1
    }
  ],
  MUVA: [
    {
      timestamp: 1719524100,
      token_amount: 1792920.073875,
      amount: 10,
      usdBalance: 1495.280875073952,
      sp: -1
    }
  ],
  tiny: [
    {
      timestamp: 1719520140,
      token_amount: 2651259.383339,
      amount: 7.619398537,
      usdBalance: 1129.998840231834,
      sp: 1
    },
    {
      timestamp: 1719515880,
      token_amount: 2651259.383339,
      amount: 5,
      usdBalance: 739.2981003564354,
      sp: -1
    }
  ],
  WOOF: [
    {
      timestamp: 1719513180,
      token_amount: 11176398.740306,
      amount: 3.778497252,
      usdBalance: 561.7002200794997,
      sp: 1
    },
    {
      timestamp: 1719511200,
      token_amount: 11176398.740306,
      amount: 10,
      usdBalance: 1479.9761765115268,
      sp: -1
    }
  ],
  VUNEKK: [
    {
      timestamp: 1719510900,
      token_amount: 21940076.968541,
      amount: 6.770583129,
      usdBalance: 1002.2105998521766,
      sp: 1
    },
    {
      timestamp: 1719508500,
      token_amount: 1727013.275894,
      amount: 1,
      usdBalance: 147.72779820996945,
      sp: -1
    },
    {
      timestamp: 1719508500,
      token_amount: 1705953.761705,
      amount: 1,
      usdBalance: 147.72779820996945,
      sp: -1
    },
    {
      timestamp: 1719508440,
      token_amount: 1787763.847397,
      amount: 1,
      usdBalance: 147.91619629518155,
      sp: -1
    },
    {
      timestamp: 1719508440,
      token_amount: 1695753.400261,
      amount: 1,
      usdBalance: 147.91619629518155,
      sp: -1
    },
    {
      timestamp: 1719508200,
      token_amount: 1147303.073972,
      amount: 1,
      usdBalance: 148.03801981451437,
      sp: -1
    },
    {
      timestamp: 1719507600,
      token_amount: 847393.773665,
      amount: 1,
      usdBalance: 147.69312638440036,
      sp: -1
    },
    {
      timestamp: 1719507180,
      token_amount: 1491901.864048,
      amount: 2,
      usdBalance: 295.17560610734324,
      sp: -1
    },
    {
      timestamp: 1719506220,
      token_amount: 1349544.560845,
      amount: 2,
      usdBalance: 294.00553336903175,
      sp: -1
    },
    {
      timestamp: 1719505380,
      token_amount: 1689724.754551,
      amount: 2,
      usdBalance: 294.07408454475427,
      sp: -1
    },
    {
      timestamp: 1719505320,
      token_amount: 1097200.286105,
      amount: 2,
      usdBalance: 293.54172885903785,
      sp: -1
    },
    {
      timestamp: 1719497760,
      token_amount: 4379515.992585,
      amount: 10,
      usdBalance: 1496.9855282916342,
      sp: -1
    },
    {
      timestamp: 1719497400,
      token_amount: 3021008.377513,
      amount: 10,
      usdBalance: 1491.0360509321706,
      sp: -1
    }
  ],
  BIDENICA: [
    {
      timestamp: 1719465960,
      token_amount: 6084120.187735,
      amount: 23.8055144,
      usdBalance: 3239.8657727338227,
      sp: 1
    },
    {
      timestamp: 1719460560,
      token_amount: 1675559.887093,
      amount: 10,
      usdBalance: 1372.136656469676,
      sp: -1
    },
    {
      timestamp: 1719460560,
      token_amount: 1933141.338079,
      amount: 10,
      usdBalance: 1372.136656469676,
      sp: -1
    },
    {
      timestamp: 1719460260,
      token_amount: 2475418.962563,
      amount: 10,
      usdBalance: 1374.0689474714068,
      sp: -1
    }
  ],
  Faddy: [
    {
      timestamp: 1719440760,
      token_amount: 1610920.147961,
      amount: 3.361753005,
      usdBalance: 463.41869970419486,
      sp: 1
    },
    {
      timestamp: 1719435780,
      token_amount: 1610920.147961,
      amount: 10,
      usdBalance: 1371.1875267714674,
      sp: -1
    }
  ],
  '$ROFL': [
    {
      timestamp: 1719430080,
      token_amount: 3434475.35006,
      amount: 5.432586234,
      usdBalance: 739.4607871600258,
      sp: 1
    },
    {
      timestamp: 1719429780,
      token_amount: 858618.837515,
      amount: 2.630048067,
      usdBalance: 358.43400400135016,
      sp: 1
    },
    {
      timestamp: 1719429660,
      token_amount: 1073273.546893,
      amount: 3.066813921,
      usdBalance: 417.4201297783046,
      sp: 1
    },
    {
      timestamp: 1719429000,
      token_amount: 1341591.933616,
      amount: 5.748564643,
      usdBalance: 778.6538984484642,
      sp: 1
    },
    {
      timestamp: 1719428820,
      token_amount: 1676989.91702,
      amount: 7.714399632,
      usdBalance: 1045.9891952681498,
      sp: 1
    },
    {
      timestamp: 1719428700,
      token_amount: 2096237.396276,
      amount: 10.604455447,
      usdBalance: 1436.0076492993048,
      sp: 1
    },
    {
      timestamp: 1719426840,
      token_amount: 2620296.745344,
      amount: 3.353222017,
      usdBalance: 455.24665279904167,
      sp: 1
    },
    {
      timestamp: 1719426480,
      token_amount: 3275370.93168,
      amount: 4.398002955,
      usdBalance: 596.4738983853509,
      sp: 1
    },
    {
      timestamp: 1719426240,
      token_amount: 4094213.6646,
      amount: 7.044283457,
      usdBalance: 954.5416078229154,
      sp: 1
    },
    {
      timestamp: 1719426060,
      token_amount: 5117767.08075,
      amount: 9.061330773,
      usdBalance: 1225.0520152566044,
      sp: 1
    },
    {
      timestamp: 1719425400,
      token_amount: 25588835.403754,
      amount: 10,
      usdBalance: 1357.340652224485,
      sp: -1
    }
  ],
  TANUKI: [
    {
      timestamp: 1719424980,
      token_amount: 279852.951975756,
      amount: 7.87951638,
      usdBalance: 1070.5223194042771,
      sp: 1
    },
    {
      timestamp: 1719424320,
      token_amount: 279852.951975756,
      amount: 20,
      usdBalance: 2711.6558599757905,
      sp: -1
    }
  ],
  Lyin: [
    {
      timestamp: 1719419520,
      token_amount: 10505686.614194,
      amount: 5,
      usdBalance: 682.7140890473815,
      sp: -1
    }
  ],
  KITSUNE: [
    {
      timestamp: 1719412200,
      token_amount: 83820089.26492657,
      amount: 17.133546873,
      usdBalance: 2368.066301515134,
      sp: 1
    },
    {
      timestamp: 1719411780,
      token_amount: 83820089.26492657,
      amount: 20,
      usdBalance: 2768.900511205838,
      sp: -1
    },
    {
      timestamp: 1718908140,
      token_amount: 7959547.65057561,
      amount: 29.957699515,
      usdBalance: 4061.900709254396,
      sp: 1
    },
    {
      timestamp: 1718905380,
      token_amount: 3293351.58295055,
      amount: 20,
      usdBalance: 2677.6801949253286,
      sp: -1
    },
    {
      timestamp: 1718905260,
      token_amount: 1746517.81331121,
      amount: 10,
      usdBalance: 1340.6451387822003,
      sp: -1
    },
    {
      timestamp: 1718905080,
      token_amount: 2919678.25431385,
      amount: 15,
      usdBalance: 2009.482759116138,
      sp: -1
    }
  ],
  MONI: [
    {
      timestamp: 1719410040,
      token_amount: 440332.521889,
      amount: 28.320075929,
      usdBalance: 3921.2000307775606,
      sp: 1
    },
    {
      timestamp: 1719409620,
      token_amount: 230735.007448,
      amount: 15,
      usdBalance: 2077.737414549657,
      sp: -1
    },
    {
      timestamp: 1719409560,
      token_amount: 141953.192154,
      amount: 15,
      usdBalance: 2075.0794059672007,
      sp: -1
    },
    {
      timestamp: 1719409440,
      token_amount: 67644.322287,
      amount: 7,
      usdBalance: 965.0067813193602,
      sp: -1
    }
  ],
  BILLY: [
    {
      timestamp: 1719409620,
      token_amount: 67284.901624,
      amount: 15.295593509,
      usdBalance: 2118.6817940928117,
      sp: 1
    },
    {
      timestamp: 1719409440,
      token_amount: 67284.901624,
      amount: 15.309430658,
      usdBalance: 2110.5292004440735,
      sp: 1
    },
    {
      timestamp: 1719409380,
      token_amount: 33642.450812,
      amount: 7.684101713,
      usdBalance: 1060.4235867386244,
      sp: 1
    },
    {
      timestamp: 1719177900,
      token_amount: 83189.214179,
      amount: 20,
      usdBalance: 2596.1638842188904,
      sp: -1
    },
    {
      timestamp: 1719177840,
      token_amount: 85023.039881,
      amount: 20,
      usdBalance: 2592.3589895071373,
      sp: -1
    }
  ],
  METIS: [
    {
      timestamp: 1719324300,
      token_amount: 1530062.191943,
      amount: 2,
      usdBalance: 273.6519853690796,
      sp: -1
    },
    {
      timestamp: 1719324240,
      token_amount: 2160790.154899,
      amount: 3,
      usdBalance: 410.6532189397386,
      sp: -1
    },
    {
      timestamp: 1719324180,
      token_amount: 5855120.35708,
      amount: 5,
      usdBalance: 683.4024818451372,
      sp: -1
    }
  ],
  ZicoDocura: [
    {
      timestamp: 1719324300,
      token_amount: 4650667.039781429,
      amount: 2.52996122,
      usdBalance: 346.16445537988943,
      sp: 1
    },
    {
      timestamp: 1719257220,
      token_amount: 1963335.053323913,
      amount: 5,
      usdBalance: 641.0523305647529,
      sp: -1
    },
    {
      timestamp: 1719257100,
      token_amount: 2687331.986457516,
      amount: 5,
      usdBalance: 641.6291088978962,
      sp: -1
    }
  ],
  COPE: [
    {
      timestamp: 1719276540,
      token_amount: 2912969.632277,
      amount: 3.79331194,
      usdBalance: 501.3042015838421,
      sp: 1
    },
    {
      timestamp: 1719276120,
      token_amount: 2912969.632277,
      amount: 5,
      usdBalance: 660.6539629445193,
      sp: -1
    }
  ],
  CHEEZ: [
    {
      timestamp: 1719264000,
      token_amount: 2870756.631783,
      amount: 3,
      usdBalance: 389.3537476067306,
      sp: -1
    }
  ],
  bicho: [
    {
      timestamp: 1719264000,
      token_amount: 244697.627536,
      amount: 3.598996751,
      usdBalance: 467.09429087543253,
      sp: 1
    },
    {
      timestamp: 1718661000,
      token_amount: 244697.627536,
      amount: 15.945529067,
      usdBalance: 2283.8587509482822,
      sp: 1
    },
    {
      timestamp: 1718660700,
      token_amount: 122348.813767,
      amount: 8.311589917,
      usdBalance: 1188.2860081671722,
      sp: 1
    },
    {
      timestamp: 1718660160,
      token_amount: 611744.068838,
      amount: 32.746505739,
      usdBalance: 4702.431592153053,
      sp: 1
    },
    {
      timestamp: 1718659980,
      token_amount: 305872.034419,
      amount: 17.697271775,
      usdBalance: 2536.778588996666,
      sp: 1
    },
    {
      timestamp: 1718659860,
      token_amount: 382340.043024,
      amount: 23.170974675,
      usdBalance: 3320.55809910747,
      sp: 1
    },
    {
      timestamp: 1718654520,
      token_amount: 340067.113847,
      amount: 5,
      usdBalance: 719.5254175512754,
      sp: -1
    },
    {
      timestamp: 1718652660,
      token_amount: 768832.102337,
      amount: 10,
      usdBalance: 1452.2700284350597,
      sp: -1
    },
    {
      timestamp: 1718652660,
      token_amount: 802800.998936,
      amount: 10,
      usdBalance: 1452.2700284350597,
      sp: -1
    }
  ],
  newsum: [
    {
      timestamp: 1719255660,
      token_amount: 2714388.342371,
      amount: 10.344260746,
      usdBalance: 1340.9208331389289,
      sp: 1
    },
    {
      timestamp: 1718977020,
      token_amount: 2714388.342371,
      amount: 10,
      usdBalance: 1304.880105343191,
      sp: -1
    }
  ],
  LAUNCH: [
    {
      timestamp: 1719249060,
      token_amount: 907015.114953132,
      amount: 1.043443534,
      usdBalance: 131.73546558478026,
      sp: 1
    },
    {
      timestamp: 1719248820,
      token_amount: 367562.430718165,
      amount: 1,
      usdBalance: 128.2669610174002,
      sp: -1
    },
    {
      timestamp: 1719248700,
      token_amount: 539452.684234967,
      amount: 3,
      usdBalance: 383.49969315371493,
      sp: -1
    }
  ],
  DADDYCTO: [
    {
      timestamp: 1719245520,
      token_amount: 664115.835909,
      amount: 3.586450727,
      usdBalance: 455.29949306381553,
      sp: 1
    },
    {
      timestamp: 1719238440,
      token_amount: 664115.835909,
      amount: 5,
      usdBalance: 644.6061738033925,
      sp: -1
    }
  ],
  popsy: [
    {
      timestamp: 1719182520,
      token_amount: 5638544.331095,
      amount: 1.432251289,
      usdBalance: 184.46874440564594,
      sp: 1
    },
    {
      timestamp: 1719180900,
      token_amount: 5638544.331095,
      amount: 10,
      usdBalance: 1293.048123181078,
      sp: -1
    },
    {
      timestamp: 1719179880,
      token_amount: 13131375.417347,
      amount: 15.285914857,
      usdBalance: 1994.8783711514718,
      sp: 1
    },
    {
      timestamp: 1719178440,
      token_amount: 13131375.417347,
      amount: 10,
      usdBalance: 1296.963698316142,
      sp: -1
    }
  ],
  HAPEPE: [
    {
      timestamp: 1719177300,
      token_amount: 4252785.963033,
      amount: 8.141426125,
      usdBalance: 1055.5104634380677,
      sp: 1
    },
    {
      timestamp: 1719176160,
      token_amount: 4252785.963033,
      amount: 10,
      usdBalance: 1303.6800615430134,
      sp: -1
    }
  ],
  FBOY: [
    {
      timestamp: 1719162240,
      token_amount: 1514395.669441,
      amount: 3.033200167,
      usdBalance: 396.4651743829369,
      sp: 1
    },
    {
      timestamp: 1719158640,
      token_amount: 1514395.669441,
      amount: 5,
      usdBalance: 658.6382677653141,
      sp: -1
    }
  ],
  WGIRL: [
    {
      timestamp: 1719162120,
      token_amount: 2014931.579367,
      amount: 4.343536063,
      usdBalance: 567.4742476049491,
      sp: 1
    },
    {
      timestamp: 1719158400,
      token_amount: 2014931.579367,
      amount: 5,
      usdBalance: 657.8264735596722,
      sp: -1
    }
  ],
  misshawk: [
    {
      timestamp: 1719043260,
      token_amount: 6425162.41631,
      amount: 8.794206272,
      usdBalance: 1185.4022794192042,
      sp: 1
    },
    {
      timestamp: 1719038520,
      token_amount: 1171587.365441,
      amount: 2,
      usdBalance: 271.8072838331966,
      sp: -1
    },
    {
      timestamp: 1719037500,
      token_amount: 655748.47619,
      amount: 2,
      usdBalance: 272.09853666698456,
      sp: -1
    },
    {
      timestamp: 1719037500,
      token_amount: 984483.418885,
      amount: 3,
      usdBalance: 408.14780500047686,
      sp: -1
    },
    {
      timestamp: 1719035580,
      token_amount: 3613343.155794,
      amount: 10,
      usdBalance: 1358.2616472956947,
      sp: -1
    }
  ],
  STEVE: [
    {
      timestamp: 1719003540,
      token_amount: 7606311.261396,
      amount: 14.320729666,
      usdBalance: 1909.4693573975778,
      sp: 1
    },
    {
      timestamp: 1719002940,
      token_amount: 7606311.261396,
      amount: 10,
      usdBalance: 1333.6168934256182,
      sp: -1
    },
    {
      timestamp: 1719002040,
      token_amount: 15788756.163172,
      amount: 5.968370238,
      usdBalance: 795.1971954338874,
      sp: 1
    },
    {
      timestamp: 1718999640,
      token_amount: 4602815.014147,
      amount: 5,
      usdBalance: 664.3342735054396,
      sp: -1
    },
    {
      timestamp: 1718999640,
      token_amount: 11185941.149025,
      amount: 10,
      usdBalance: 1328.6685470108791,
      sp: -1
    }
  ],
  GUNIT: [
    {
      timestamp: 1718995980,
      token_amount: 401420.607779,
      amount: 9.085541994,
      usdBalance: 1196.1157569612587,
      sp: 1
    },
    {
      timestamp: 1718995980,
      token_amount: 401420.607779,
      amount: 9.085541994,
      usdBalance: 1196.1157569612587,
      sp: 1
    },
    {
      timestamp: 1718995860,
      token_amount: 401420.607779,
      amount: 10,
      usdBalance: 1313.2367793199842,
      sp: -1
    }
  ],
  MMGA: [
    {
      timestamp: 1718988600,
      token_amount: 14845824.100657,
      amount: 3.910801976,
      usdBalance: 511.9192820701516,
      sp: 1
    },
    {
      timestamp: 1718988300,
      token_amount: 14845824.100657,
      amount: 5,
      usdBalance: 653.7852729864617,
      sp: -1
    }
  ],
  Biggy: [
    {
      timestamp: 1718965200,
      token_amount: 17081926.651767,
      amount: 1.161720712,
      usdBalance: 153.45118731321614,
      sp: 1
    }
  ],
  VIVI: [
    {
      timestamp: 1718925240,
      token_amount: 1448910.641351,
      amount: 16.122389316,
      usdBalance: 2159.6513038529606,
      sp: 1
    },
    {
      timestamp: 1718924460,
      token_amount: 1448910.641351,
      amount: 20.895700251,
      usdBalance: 2796.761355793343,
      sp: 1
    },
    {
      timestamp: 1718920440,
      token_amount: 965940.427567,
      amount: 24.553627353,
      usdBalance: 3285.8818244099034,
      sp: 1
    },
    {
      timestamp: 1718919960,
      token_amount: 416804.59204,
      amount: 10,
      usdBalance: 1342.0321335682863,
      sp: -1
    },
    {
      timestamp: 1718919720,
      token_amount: 883768.273267,
      amount: 10,
      usdBalance: 1340.4003097715386,
      sp: -1
    },
    {
      timestamp: 1718919720,
      token_amount: 2157226.309278,
      amount: 10,
      usdBalance: 1340.4003097715386,
      sp: -1
    },
    {
      timestamp: 1718919660,
      token_amount: 405962.535684,
      amount: 10,
      usdBalance: 1340.3198774525652,
      sp: -1
    }
  ],
  SISTER: [
    {
      timestamp: 1718905020,
      token_amount: 1644691.842351,
      amount: 17.59886765,
      usdBalance: 2361.0486050021645,
      sp: 1
    },
    {
      timestamp: 1718898600,
      token_amount: 534642.253559,
      amount: 10,
      usdBalance: 1337.4266026690177,
      sp: -1
    },
    {
      timestamp: 1718898300,
      token_amount: 1110049.588792,
      amount: 20,
      usdBalance: 2684.295513399835,
      sp: -1
    },
    {
      timestamp: 1718896260,
      token_amount: 516866.700861,
      amount: 8.170253467,
      usdBalance: 1096.2411509987026,
      sp: 1
    },
    {
      timestamp: 1718895780,
      token_amount: 516866.700861,
      amount: 10.501179108,
      usdBalance: 1410.2424696405558,
      sp: 1
    },
    {
      timestamp: 1718893500,
      token_amount: 517149.220716,
      amount: 10,
      usdBalance: 1334.779636485572,
      sp: -1
    },
    {
      timestamp: 1718893380,
      token_amount: 516584.181006,
      amount: 10,
      usdBalance: 1337.3923087901474,
      sp: -1
    }
  ],
  '$SON': [
    {
      timestamp: 1718904180,
      token_amount: 3527372.721695,
      amount: 48.253982328,
      usdBalance: 6441.31368166417,
      sp: 1
    },
    {
      timestamp: 1718896320,
      token_amount: 572449.267547,
      amount: 5,
      usdBalance: 671.826154162161,
      sp: -1
    },
    {
      timestamp: 1718895840,
      token_amount: 1272021.140696,
      amount: 10,
      usdBalance: 1340.7311706794928,
      sp: -1
    },
    {
      timestamp: 1718895540,
      token_amount: 1682902.313452,
      amount: 10,
      usdBalance: 1344.3032061815702,
      sp: -1
    }
  ],
  MELLY: [
    {
      timestamp: 1718895480,
      token_amount: 3840286.238483,
      amount: 11.127150241,
      usdBalance: 1497.7383914648603,
      sp: 1
    },
    {
      timestamp: 1718891700,
      token_amount: 3840286.238483,
      amount: 9,
      usdBalance: 1215.722372066981,
      sp: -1
    }
  ],
  BEBE: [
    {
      timestamp: 1718891640,
      token_amount: 628203.687427,
      amount: 8.095736133,
      usdBalance: 1094.7439803963723,
      sp: 1
    },
    {
      timestamp: 1718833860,
      token_amount: 302458.321347,
      amount: 10,
      usdBalance: 1356.8002383432517,
      sp: -1
    },
    {
      timestamp: 1718833860,
      token_amount: 325745.36608,
      amount: 10,
      usdBalance: 1356.8002383432517,
      sp: -1
    },
    {
      timestamp: 1718833860,
      token_amount: 325745.36608,
      amount: 10,
      usdBalance: 1356.8002383432517,
      sp: -1
    }
  ],
  WESLEY: [
    {
      timestamp: 1718813940,
      token_amount: 6496434.056914,
      amount: 15,
      usdBalance: 2049.8134154735353,
      sp: -1
    }
  ],
  Q: [
    {
      timestamp: 1718813880,
      token_amount: 987786.620108,
      amount: 14.612543381,
      usdBalance: 1990.1564515803689,
      sp: 1
    },
    {
      timestamp: 1718812500,
      token_amount: 987786.620108,
      amount: 15,
      usdBalance: 2053.1468155834127,
      sp: -1
    }
  ],
  dognapper: [
    {
      timestamp: 1718811060,
      token_amount: 15107646.189885,
      amount: 1.567238959,
      usdBalance: 213.76866705167848,
      sp: 1
    }
  ],
  GOLDIE: [
    {
      timestamp: 1718788860,
      token_amount: 9774787.378388,
      amount: 4.710290299,
      usdBalance: 650.2590353991756,
      sp: 1
    },
    {
      timestamp: 1718788320,
      token_amount: 2204661.058458,
      amount: 2,
      usdBalance: 277.2450351708352,
      sp: -1
    },
    {
      timestamp: 1718788020,
      token_amount: 2590758.056758,
      amount: 3,
      usdBalance: 417.22637512343204,
      sp: -1
    },
    {
      timestamp: 1718787900,
      token_amount: 4979368.263172,
      amount: 5,
      usdBalance: 695.4245994829912,
      sp: -1
    }
  ],
  jotchua: [
    {
      timestamp: 1718759760,
      token_amount: 646367.814723,
      amount: 6.918630968,
      usdBalance: 958.3090554220422,
      sp: 1
    },
    {
      timestamp: 1718758860,
      token_amount: 646367.814723,
      amount: 10,
      usdBalance: 1383.5485320151683,
      sp: -1
    }
  ],
  Bidenomics: [
    {
      timestamp: 1718758560,
      token_amount: 7369442.057154,
      amount: 4.570695044,
      usdBalance: 630.2715040081598,
      sp: 1
    },
    {
      timestamp: 1718757660,
      token_amount: 7369442.057154,
      amount: 5,
      usdBalance: 684.5317248869355,
      sp: -1
    }
  ],
  bicha: [
    {
      timestamp: 1718723880,
      token_amount: 7326652.723031,
      amount: 3.345987061,
      usdBalance: 450.66281003273104,
      sp: 1
    },
    {
      timestamp: 1718723700,
      token_amount: 2231967.451927,
      amount: 2,
      usdBalance: 269.1428014933007,
      sp: -1
    },
    {
      timestamp: 1718723580,
      token_amount: 5094685.271104,
      amount: 5,
      usdBalance: 672.0855689095616,
      sp: -1
    }
  ],
  ouppy: [
    {
      timestamp: 1718622120,
      token_amount: 857904.927821,
      amount: 12.761842561,
      usdBalance: 1831.326295122778,
      sp: 1
    },
    {
      timestamp: 1718622000,
      token_amount: 857904.927821,
      amount: 14.83768967,
      usdBalance: 2123.7150016699425,
      sp: 1
    },
    {
      timestamp: 1718615700,
      token_amount: 1715809.855642,
      amount: 10,
      usdBalance: 1459.1766544991087,
      sp: -1
    }
  ],
  Mother: [
    {
      timestamp: 1718388120,
      token_amount: 8207289.674915,
      amount: 5.389331776,
      usdBalance: 762.4080837470182,
      sp: 1
    },
    {
      timestamp: 1718387160,
      token_amount: 8207289.674915,
      amount: 5,
      usdBalance: 707.2603451842092,
      sp: -1
    }
  ],
  Uno: [
    {
      timestamp: 1718321160,
      token_amount: 13373848.868557,
      amount: 9.598147629,
      usdBalance: 1415.7712962732041,
      sp: 1
    },
    {
      timestamp: 1718320140,
      token_amount: 13373848.868557,
      amount: 5,
      usdBalance: 736.3885697378444,
      sp: -1
    }
  ],
  DADDY: [
    {
      timestamp: 1718313240,
      token_amount: 31767.062649,
      amount: 54.243342892,
      usdBalance: 7953.335903710239,
      sp: 1
    }
  ]
}
{
  COUSIN: -798.0576043351747,
  LNGCAT: 1360.196393581468,
  MEOW: -1416.493082478476,
  WIGGER: -1408.149763328452,
  RICO: -353.7348454073009,
  BIG: 7626.741475260986,
  MIAU: -960.6518919466924,
  omni: -832.8363837241795,
  NAHMIR: -343.15964855528074,
  relax: -418.5527420703279,
  Moggy: -808.9201902262861,
  NGMI: 306.70881023249694,
  SUPERCAT: -292.41592145904735,
  Hamster: -829.6985819331458,
  Peon: 3210.3016453071614,
  LEEROY: -224.0473751531057,
  DRAGON: -1044.7566344798456,
  Bull: -1216.0105159470793,
  KPOP: -899.9264288356086,
  FlynnVP: -706.9234546141874,
  Cheese: -5777.635513218596,
  sweeney: 11769.014564064175,
  MAMA: -71.32681795933104,
  WHITMER: 41326.91030960338,
  BUD: -552.3109205000476,
  KING: -1036.6926720468527,
  PRESI: -4104.356482406372,
  OUTSIDE: -745.0427805617466,
  Rubicon: -259.3301583704193,
  GIGA: -1672.959589933435,
  DEXTER: -1333.8847300806942,
  Larp: -1389.9598122263073,
  PUNGU: -332.41995613633253,
  HERO: 18179.003115889518,
  BDOG: -758.5204950035927,
  MILO: -709.0860525375731,
  bun: 1587.1247315286087,
  KAT: 362.26601472631216,
  JONATHAN: 158.60952703377538,
  FAKED: 223.56381392824233,
  OMNOM: -1275.4428526764618,
  Mango: -1220.819767232054,
  CATeye: -2037.0441762132202,
  KIMI: 18499.756044294278,
  MUVA: -1495.280875073952,
  tiny: 390.70073987539854,
  WOOF: -918.2759564320271,
  VUNEKK: -4049.6270674610123,
  BIDENICA: -878.4764876769354,
  Faddy: -907.7688270672726,
  '$ROFL': 4206.726011991643,
  TANUKI: -1641.1335405715133,
  Lyin: -682.7140890473815,
  KITSUNE: -2366.7415932599747,
  MONI: -1196.623571058657,
  BILLY: -1420.9899999833249,
  METIS: -1367.7076861539554,
  ZicoDocura: -936.5169840827597,
  COPE: -159.34976136067723,
  CHEEZ: -389.3537476067306,
  bicho: 7331.9045916015475,
  newsum: 36.040727795737894,
  LAUNCH: -380.0311885863349,
  DADDYCTO: -189.30668073957696,
  popsy: -410.6647059401022,
  HAPEPE: -248.16959810494563,
  FBOY: -262.17309338237726,
  WGIRL: -90.35222595472305,
  misshawk: -1124.9129933771485,
  STEVE: -1286.2874346159108,
  GUNIT: 1078.9947346025333,
  MMGA: -141.86599091631007,
  Biggy: 153.45118731321614,
  VIVI: 1315.2813515270127,
  SISTER: -3161.870665493575,
  '$SON': 3084.4531506409467,
  MELLY: 282.0160193978793,
  BEBE: -1521.8608944055454,
  WESLEY: -2049.8134154735353,
  Q: -62.99036400304385,
  dognapper: 213.76866705167848,
  GOLDIE: -739.6369743780829,
  jotchua: -425.23947659312614,
  Bidenomics: -54.260220878775726,
  bicha: -490.56556037013127,
  ouppy: 1766.2763150440574,
  Mother: 55.14773856280897,
  Uno: 679.3827265353598,
  DADDY: 7953.335903710239
}
Total Transaction: 325
Win Rate: 9.0% (8/89)
Total PnL: 66275.95$

Processing wallet (group 8): 9YWZYm4Secnq3GzkwDgaN5KWUJN8wb9L78mSDGXjtxY2
stdout: Processing wallet address: 9YWZYm4Secnq3GzkwDgaN5KWUJN8wb9L78mSDGXjtxY2
{
  MOONWIF: [
    {
      timestamp: 1719583380,
      token_amount: 1501497.19006559,
      amount: 3.240105354,
      usdBalance: 483.52763313765934,
      sp: 1
    },
    {
      timestamp: 1719504360,
      token_amount: 56000,
      amount: 0.102007318,
      usdBalance: 15.2227633506946,
      sp: 1
    },
    {
      timestamp: 1719432360,
      token_amount: 2052381,
      amount: 1.550492028,
      usdBalance: 231.3831368390898,
      sp: 1
    }
  ],
  WAVAX: [
    {
      timestamp: 1719420600,
      token_amount: 6.21232549,
      amount: 1.164756562,
      usdBalance: 173.81903428237024,
      sp: 1
    }
  ],
  USDC: [
    {
      timestamp: 1719420480,
      token_amount: 161.625112,
      amount: 1.19869,
      usdBalance: 178.88299152070746,
      sp: -1
    }
  ],
  GODFATHER: [
    {
      timestamp: 1719339540,
      token_amount: 595352.22705,
      amount: 2.547704524,
      usdBalance: 380.1992231218747,
      sp: 1
    }
  ],
  MBJGA: [
    {
      timestamp: 1719336000,
      token_amount: 1597149.24611,
      amount: 2.563242853,
      usdBalance: 382.51804014275,
      sp: 1
    }
  ],
  BJ: [
    {
      timestamp: 1719287760,
      token_amount: 11797537.586648,
      amount: 0.963972909,
      usdBalance: 143.85567386633633,
      sp: 1
    },
    {
      timestamp: 1718712780,
      token_amount: 328739.760882,
      amount: 0.2,
      usdBalance: 29.84641425568036,
      sp: -1
    },
    {
      timestamp: 1718711880,
      token_amount: 2473890.609866,
      amount: 1.5,
      usdBalance: 223.8481069176027,
      sp: -1
    },
    {
      timestamp: 1718657220,
      token_amount: 762219.107713,
      amount: 0.29,
      usdBalance: 43.27730067073652,
      sp: -1
    }
  ],
  WIFBEER: [
    {
      timestamp: 1718713920,
      token_amount: 237532.610716,
      amount: 1.139037,
      usdBalance: 169.98085077273697,
      sp: -1
    }
  ],
  DJT: [
    {
      timestamp: 1718712300,
      token_amount: 1440.639404,
      amount: 0.2,
      usdBalance: 29.84641425568036,
      sp: -1
    }
  ],
  Trilly: [
    {
      timestamp: 1718637600,
      token_amount: 382622.543584,
      amount: 0.2,
      usdBalance: 28.5219418351911,
      sp: -1
    }
  ]
}
{
  MOONWIF: 694.9241963723589,
  WAVAX: 158.04410057186868,
  USDC: -163.0393265644615,
  GODFATHER: 350.84369402988915,
  MBJGA: 353.5845101982298,
  BJ: -143.15873848574677,
  WIFBEER: -154.96760209911034,
  DJT: -27.3297663779881,
  Trilly: -28.5219418351911
}
Total Transaction: 14
Win Rate: 0.0% (0/9)
Total PnL: 1040.38$

Processing wallet (group 8): 
stdout: Processing wallet address: undefined
No more transactions available.
{}
{}
Total Transaction: 0
Win Rate: 0% (0/0)
Total PnL: 0.00$

Processing completed for group 8.

