stdout: Processing wallet (group 3): DNCcqvtme6porP4QQXMp7xYZddHqK6x4PLWHHpGCdw1i
stdout: Processing wallet address: DNCcqvtme6porP4QQXMp7xYZddHqK6x4PLWHHpGCdw1i
No more transactions available.
{
  HERO: [
    {
      timestamp: 1719810000,
      token_amount: 174055.656226799,
      amount: 76.709307737,
      usdBalance: 11307.846838311425,
      sp: 1
    },
    {
      timestamp: 1719809880,
      token_amount: 174055.656226799,
      amount: 55,
      usdBalance: 8104.562646016233,
      sp: -1
    },
    {
      timestamp: 1719809700,
      token_amount: 645406.638608246,
      amount: 169.297302435,
      usdBalance: 24920.368427782232,
      sp: 1
    },
    {
      timestamp: 1719809700,
      token_amount: 71711.848734249,
      amount: 18.540699363,
      usdBalance: 2729.1696464691363,
      sp: 1
    },
    {
      timestamp: 1719809520,
      token_amount: 79679.831926943,
      amount: 24.137982915,
      usdBalance: 3551.4259599361426,
      sp: 1
    },
    {
      timestamp: 1719809460,
      token_amount: 88533.146585493,
      amount: 25.743307764,
      usdBalance: 3787.9464113323784,
      sp: 1
    },
    {
      timestamp: 1719809040,
      token_amount: 98370.16287277,
      amount: 27.341237059,
      usdBalance: 4029.5694989178087,
      sp: 1
    }
  ],
  KORG: [
    {
      timestamp: 1719374760,
      token_amount: 9119050.183085,
      amount: 28.047157527,
      usdBalance: 3874.581567955789,
      sp: 1
    },
    {
      timestamp: 1719374760,
      token_amount: 9119050.183085,
      amount: 25,
      usdBalance: 3453.631231815441,
      sp: -1
    },
    {
      timestamp: 1719259620,
      token_amount: 5247067.123398,
      amount: 14.319138039,
      usdBalance: 1843.4203917258897,
      sp: 1
    },
    {
      timestamp: 1719259620,
      token_amount: 5247067.123398,
      amount: 14.991874103,
      usdBalance: 1930.0272374207457,
      sp: 1
    },
    {
      timestamp: 1719259140,
      token_amount: 10494134.246796,
      amount: 25,
      usdBalance: 3183.0871475291956,
      sp: -1
    }
  ],
  RYU: [
    {
      timestamp: 1719093900,
      token_amount: 5013804.881421,
      amount: 16.633303965,
      usdBalance: 2236.5310243492736,
      sp: 1
    },
    {
      timestamp: 1719090360,
      token_amount: 5013804.881421,
      amount: 25,
      usdBalance: 3353.4059826922553,
      sp: -1
    }
  ],
  HOG: [
    {
      timestamp: 1718993760,
      token_amount: 59032.570644,
      amount: 0.01,
      usdBalance: 1.2999465349207717,
      sp: -1
    }
  ],
  booky: [
    {
      timestamp: 1718993520,
      token_amount: 69791.397207,
      amount: 0.01,
      usdBalance: 1.2951230037495247,
      sp: -1
    }
  ],
  DARK: [
    {
      timestamp: 1718992980,
      token_amount: 10434.802815,
      amount: 0.01,
      usdBalance: 1.2930568647348528,
      sp: -1
    }
  ],
  LEANY: [
    {
      timestamp: 1718992620,
      token_amount: 15100.265179,
      amount: 0.01,
      usdBalance: 1.2915884050175424,
      sp: -1
    }
  ],
  MACA: [
    {
      timestamp: 1718992440,
      token_amount: 30986.29571,
      amount: 0.01,
      usdBalance: 1.2979570862676815,
      sp: -1
    }
  ],
  STARDOG: [
    {
      timestamp: 1718992200,
      token_amount: 185188.449783,
      amount: 0.01,
      usdBalance: 1.2981226951595914,
      sp: -1
    },
    {
      timestamp: 1718992140,
      token_amount: 185702.00847,
      amount: 0.01,
      usdBalance: 1.2981852409802377,
      sp: -1
    }
  ],
  Drake: [
    {
      timestamp: 1718990040,
      token_amount: 68362.740548848,
      amount: 0.01,
      usdBalance: 1.3053541959602413,
      sp: -1
    }
  ],
  KYLO: [
    {
      timestamp: 1718989680,
      token_amount: 13792.776198526,
      amount: 0.01,
      usdBalance: 1.3073631230587137,
      sp: -1
    }
  ],
  RileyReid: [
    {
      timestamp: 1718989500,
      token_amount: 105458.633812528,
      amount: 0.01,
      usdBalance: 1.3061545605586475,
      sp: -1
    }
  ],
  MOG: [
    {
      timestamp: 1718989140,
      token_amount: 13276.10853,
      amount: 0.01,
      usdBalance: 1.30830531936534,
      sp: -1
    }
  ],
  Mao: [
    {
      timestamp: 1718946240,
      token_amount: 9387.796129,
      amount: 0.01,
      usdBalance: 1.3290791541607703,
      sp: -1
    },
    {
      timestamp: 1718946240,
      token_amount: 9389.858731,
      amount: 0.01,
      usdBalance: 1.3290791541607703,
      sp: -1
    },
    {
      timestamp: 1718946060,
      token_amount: 9390.890288,
      amount: 0.01,
      usdBalance: 1.329126141812947,
      sp: -1
    },
    {
      timestamp: 1718946000,
      token_amount: 9392.95391,
      amount: 0.01,
      usdBalance: 1.329491723098427,
      sp: -1
    },
    {
      timestamp: 1718945760,
      token_amount: 9395.018213,
      amount: 0.01,
      usdBalance: 1.3282991284979229,
      sp: -1
    },
    {
      timestamp: 1718945640,
      token_amount: 9397.083197,
      amount: 0.01,
      usdBalance: 1.3275412092029253,
      sp: -1
    },
    {
      timestamp: 1718945520,
      token_amount: 9398.115945,
      amount: 0.01,
      usdBalance: 1.3282566023863391,
      sp: -1
    },
    {
      timestamp: 1718945400,
      token_amount: 9400.181951,
      amount: 0.01,
      usdBalance: 1.3304392512072463,
      sp: -1
    },
    {
      timestamp: 1718945340,
      token_amount: 9402.248638,
      amount: 0.01,
      usdBalance: 1.329242267901735,
      sp: -1
    },
    {
      timestamp: 1718945100,
      token_amount: 9405.349948,
      amount: 0.01,
      usdBalance: 1.3293410189100383,
      sp: -1
    },
    {
      timestamp: 1718944680,
      token_amount: 9407.418341,
      amount: 0.01,
      usdBalance: 1.3297021292890174,
      sp: -1
    },
    {
      timestamp: 1718944560,
      token_amount: 9408.452793,
      amount: 0.01,
      usdBalance: 1.330983902148173,
      sp: -1
    },
    {
      timestamp: 1718944140,
      token_amount: 9410.52221,
      amount: 0.01,
      usdBalance: 1.328175296928939,
      sp: -1
    },
    {
      timestamp: 1718943960,
      token_amount: 9413.627616,
      amount: 0.01,
      usdBalance: 1.3295455052190082,
      sp: -1
    },
    {
      timestamp: 1718943900,
      token_amount: 9414.663094,
      amount: 0.01,
      usdBalance: 1.3288187188598315,
      sp: -1
    },
    {
      timestamp: 1718943660,
      token_amount: 9415.698742,
      amount: 0.01,
      usdBalance: 1.3301688287906455,
      sp: -1
    },
    {
      timestamp: 1718943540,
      token_amount: 9417.770551,
      amount: 0.01,
      usdBalance: 1.329791928238375,
      sp: -1
    },
    {
      timestamp: 1718839260,
      token_amount: 9423.815795,
      amount: 0.01,
      usdBalance: 1.3530478442012719,
      sp: -1
    },
    {
      timestamp: 1718839200,
      token_amount: 9426.927789,
      amount: 0.01,
      usdBalance: 1.355442688379688,
      sp: -1
    },
    {
      timestamp: 1718838540,
      token_amount: 9429.003308,
      amount: 0.01,
      usdBalance: 1.3526789666943981,
      sp: -1
    },
    {
      timestamp: 1718407200,
      token_amount: 7474.090594,
      amount: 0.01,
      usdBalance: 1.4289784211717165,
      sp: -1
    },
    {
      timestamp: 1718406540,
      token_amount: 7474.823267,
      amount: 0.01,
      usdBalance: 1.4284594748726955,
      sp: -1
    },
    {
      timestamp: 1718405940,
      token_amount: 7477.021931,
      amount: 0.01,
      usdBalance: 1.4319831794792799,
      sp: -1
    },
    {
      timestamp: 1718405700,
      token_amount: 7477.755034,
      amount: 0.01,
      usdBalance: 1.4311257470747218,
      sp: -1
    }
  ],
  VIVI: [
    {
      timestamp: 1718931120,
      token_amount: 1370774.222785,
      amount: 21.968091888,
      usdBalance: 2924.7518235414723,
      sp: 1
    },
    {
      timestamp: 1718931120,
      token_amount: 1370774.222785,
      amount: 25,
      usdBalance: 3328.4090380411108,
      sp: -1
    }
  ],
  MELLY: [
    {
      timestamp: 1718895060,
      token_amount: 2322109.322221,
      amount: 6.792119189,
      usdBalance: 914.0784436732451,
      sp: 1
    },
    {
      timestamp: 1718893800,
      token_amount: 4644218.644443,
      amount: 25,
      usdBalance: 3358.0688163498316,
      sp: -1
    }
  ],
  RNT: [
    {
      timestamp: 1718831640,
      token_amount: 534743.394279,
      amount: 50.880679583,
      usdBalance: 6873.604142886862,
      sp: 1
    },
    {
      timestamp: 1718830680,
      token_amount: 534743.394279,
      amount: 25,
      usdBalance: 3383.811204987074,
      sp: -1
    }
  ],
  lilpump: [
    {
      timestamp: 1718573460,
      token_amount: 1049353.703601,
      amount: 25.173248654,
      usdBalance: 3748.238118471878,
      sp: 1
    },
    {
      timestamp: 1718573400,
      token_amount: 1049353.703601,
      amount: 25,
      usdBalance: 3720.156642189066,
      sp: -1
    }
  ],
  gim: [
    {
      timestamp: 1718506500,
      token_amount: 8430911.380818,
      amount: 30.165818662,
      usdBalance: 4352.963774418657,
      sp: 1
    },
    {
      timestamp: 1718506200,
      token_amount: 8430911.380818,
      amount: 25,
      usdBalance: 3604.5089046893227,
      sp: -1
    }
  ],
  DADDY: [
    {
      timestamp: 1718403420,
      token_amount: 14.645092,
      amount: 0.025,
      usdBalance: 3.569191304033609,
      sp: -1
    }
  ],
  '$JELLO': [
    {
      timestamp: 1718317800,
      token_amount: 300974.279665,
      amount: 13.559818855,
      usdBalance: 2003.6387238054758,
      sp: 1
    },
    {
      timestamp: 1718317680,
      token_amount: 300974.279665,
      amount: 16,
      usdBalance: 2361.298977485541,
      sp: -1
    }
  ]
}
{
  HERO: 37641.34908568536,
  KORG: -580.2327560068106,
  RYU: -1116.8749583429817,
  HOG: -1.2999465349207717,
  booky: -1.2951230037495247,
  DARK: -1.2930568647348528,
  LEANY: -1.2915884050175424,
  MACA: -1.2979570862676815,
  STARDOG: -2.596307936139829,
  Drake: -1.3053541959602413,
  KYLO: -1.3073631230587137,
  RileyReid: -1.3061545605586475,
  MOG: -1.30830531936534,
  Mao: -32.37879828268689,
  VIVI: -403.65721449963803,
  MELLY: -764.9559645013094,
  RNT: 3489.7929378997883,
  lilpump: 28.081476282811764,
  gim: 748.454869729334,
  DADDY: -3.569191304033609,
  '$JELLO': -357.6602536800651
}
Total Transaction: 62
Win Rate: 14.3% (3/21)
Total PnL: 38634.05$

Processing wallet (group 3): Ckd3Dw9ge15KxUEHKisN3YcaTtzbtRHRRyvGgfTjmxee
stdout: Processing wallet address: Ckd3Dw9ge15KxUEHKisN3YcaTtzbtRHRRyvGgfTjmxee
{
  BEAR: [
    {
      timestamp: 1720456380,
      token_amount: 1062701.117366,
      amount: 1,
      usdBalance: 174.6797707862011,
      sp: -1
    }
  ],
  YESSEC: [
    {
      timestamp: 1720439580,
      token_amount: 2591250.436174,
      amount: 0.173661034,
      usdBalance: 30.335069613614674,
      sp: 1
    }
  ],
  MIMU: [
    {
      timestamp: 1720439460,
      token_amount: 951514.095237,
      amount: 1.133338742,
      usdBalance: 197.97135167568152,
      sp: 1
    }
  ],
  BUDDY: [
    {
      timestamp: 1720439160,
      token_amount: 96000,
      amount: 0.761078185,
      usdBalance: 132.94496290617795,
      sp: 1
    },
    {
      timestamp: 1720428060,
      token_amount: 80722.356384,
      amount: 0.805200235,
      usdBalance: 140.65219248679526,
      sp: 1
    }
  ],
  Goat: [
    {
      timestamp: 1720414860,
      token_amount: 2288608.347734,
      amount: 0.495614487,
      usdBalance: 86.57382498748063,
      sp: 1
    }
  ],
  '$LANDLORD': [
    {
      timestamp: 1720412460,
      token_amount: 20342.870557162,
      amount: 0.639937307,
      usdBalance: 111.7841021042988,
      sp: 1
    }
  ],
  PRESI: [
    {
      timestamp: 1719895800,
      token_amount: 14000,
      amount: 0.665142557,
      usdBalance: 116.18694939690769,
      sp: 1
    },
    {
      timestamp: 1719891120,
      token_amount: 7755.819552392,
      amount: 0.526105167,
      usdBalance: 91.89992998099605,
      sp: 1
    }
  ],
  WYD: [
    {
      timestamp: 1719889620,
      token_amount: 2000000,
      amount: 0.628599216,
      usdBalance: 109.80356696726571,
      sp: 1
    },
    {
      timestamp: 1719877800,
      token_amount: 1000000,
      amount: 1.74060953,
      usdBalance: 304.0492737286772,
      sp: 1
    },
    {
      timestamp: 1719877680,
      token_amount: 4757066.013597,
      amount: 7.730079201,
      usdBalance: 1350.2884629898604,
      sp: 1
    }
  ],
  Steve: [
    {
      timestamp: 1719816540,
      token_amount: 83136.500798,
      amount: 1,
      usdBalance: 174.6797707862011,
      sp: -1
    }
  ],
  Warren: [
    {
      timestamp: 1719815700,
      token_amount: 4489728.936994,
      amount: 5.451078603,
      usdBalance: 952.1931609096052,
      sp: 1
    }
  ],
  '$BOOB': [
    {
      timestamp: 1719736500,
      token_amount: 122569.128145,
      amount: 0.450800528,
      usdBalance: 78.74573290133843,
      sp: 1
    }
  ],
  Purrr: [
    {
      timestamp: 1719736440,
      token_amount: 15498045524.0595,
      amount: 0.946286918,
      usdBalance: 165.29718193422067,
      sp: 1
    }
  ],
  SOLARA: [
    {
      timestamp: 1719512040,
      token_amount: 11768955.8615142,
      amount: 1.093724365,
      usdBalance: 191.05152138148333,
      sp: 1
    }
  ],
  '$LUCK': [
    {
      timestamp: 1719511740,
      token_amount: 25596828.4910915,
      amount: 0.728112538,
      usdBalance: 127.18653124439912,
      sp: 1
    }
  ]
}
{
  BEAR: -174.6797707862011,
  YESSEC: 30.335069613614674,
  MIMU: 197.97135167568152,
  BUDDY: 273.5971553929732,
  Goat: 86.57382498748063,
  '$LANDLORD': 111.7841021042988,
  PRESI: 208.08687937790376,
  WYD: 1764.1413036858032,
  Steve: -174.6797707862011,
  Warren: 952.1931609096052,
  '$BOOB': 78.74573290133843,
  Purrr: 165.29718193422067,
  SOLARA: 191.05152138148333,
  '$LUCK': 127.18653124439912
}
Total Transaction: 18
Win Rate: 14.3% (2/14)
Total PnL: 3837.60$

Processing wallet (group 3): 
stdout: Processing wallet address: undefined
No more transactions available.
{}
{}
Total Transaction: 0
Win Rate: 0% (0/0)
Total PnL: 0.00$

Processing completed for group 3.

