stdout: Processing wallet (group 27): FaQ6a7FraeiCAXFXzTytDSfosTKRE3ssLRqyfExpZexk
stdout: Processing wallet address: FaQ6a7FraeiCAXFXzTytDSfosTKRE3ssLRqyfExpZexk
{
  ouppy: [
    {
      timestamp: 1720872300,
      token_amount: 10836539.14734,
      amount: 3.98,
      usdBalance: 695.2254877290803,
      sp: -1
    },
    {
      timestamp: 1720850940,
      token_amount: 10396195.384546,
      amount: 4.188355927,
      usdBalance: 731.6210532993867,
      sp: 1
    },
    {
      timestamp: 1720815660,
      token_amount: 10396195.384546,
      amount: 3.7,
      usdBalance: 646.315151908944,
      sp: -1
    },
    {
      timestamp: 1720811280,
      token_amount: 7292073.563931,
      amount: 2.6,
      usdBalance: 454.16740404412286,
      sp: -1
    },
    {
      timestamp: 1719812460,
      token_amount: 6029427.651763,
      amount: 2.3,
      usdBalance: 340.6478944325811,
      sp: -1
    },
    {
      timestamp: 1719222720,
      token_amount: 3107880.389165,
      amount: 0.93,
      usdBalance: 116.77612153595805,
      sp: -1
    },
    {
      timestamp: 1718738580,
      token_amount: 7282412.264307,
      amount: 6.06229046,
      usdBalance: 800.9843169414781,
      sp: 1
    },
    {
      timestamp: 1718727420,
      token_amount: 6080142.34161,
      amount: 5,
      usdBalance: 673.7924806374305,
      sp: -1
    },
    {
      timestamp: 1718714160,
      token_amount: 3628040.037996,
      amount: 3.652766382,
      usdBalance: 496.68166245523713,
      sp: 1
    },
    {
      timestamp: 1718706780,
      token_amount: 3628040.037996,
      amount: 4.35,
      usdBalance: 600.8278772533221,
      sp: -1
    },
    {
      timestamp: 1718705460,
      token_amount: 3323933.242598,
      amount: 4.326043718,
      usdBalance: 592.5978561081038,
      sp: 1
    },
    {
      timestamp: 1718702820,
      token_amount: 3323933.242598,
      amount: 3.8,
      usdBalance: 523.4731923071347,
      sp: -1
    },
    {
      timestamp: 1718701020,
      token_amount: 3119912.558523,
      amount: 3.730134766,
      usdBalance: 516.6245602333131,
      sp: 1
    },
    {
      timestamp: 1718690280,
      token_amount: 3119912.558523,
      amount: 3.3,
      usdBalance: 450.58522921307866,
      sp: -1
    },
    {
      timestamp: 1718688780,
      token_amount: 4964954.665008,
      amount: 5.22274143,
      usdBalance: 717.3780940551709,
      sp: 1
    },
    {
      timestamp: 1718684760,
      token_amount: 4964954.665008,
      amount: 6.7,
      usdBalance: 915.2766642345406,
      sp: -1
    },
    {
      timestamp: 1718649840,
      token_amount: 2071100.841775,
      amount: 17.702185785,
      usdBalance: 2579.0376265012187,
      sp: 1
    },
    {
      timestamp: 1718649600,
      token_amount: 2071100.841776,
      amount: 15.002922796,
      usdBalance: 2194.930584889262,
      sp: 1
    }
  ],
  JOHN: [
    {
      timestamp: 1720870080,
      token_amount: 722632.168275,
      amount: 5.31691763,
      usdBalance: 928.7579528975115,
      sp: 1
    },
    {
      timestamp: 1720868460,
      token_amount: 722632.168275,
      amount: 5.35,
      usdBalance: 934.5367737061757,
      sp: -1
    }
  ],
  FIRST: [
    {
      timestamp: 1720868340,
      token_amount: 1008084.16177455,
      amount: 5.363301117,
      usdBalance: 936.8602097749363,
      sp: 1
    },
    {
      timestamp: 1720856340,
      token_amount: 1008084.16177455,
      amount: 5.06,
      usdBalance: 883.8796401781774,
      sp: -1
    }
  ],
  DEVIN: [
    {
      timestamp: 1720856100,
      token_amount: 539907.13105,
      amount: 5.102207156,
      usdBalance: 891.2523765137951,
      sp: 1
    },
    {
      timestamp: 1720852380,
      token_amount: 539907.13105,
      amount: 4.2,
      usdBalance: 733.6550373020447,
      sp: -1
    }
  ],
  BETA: [
    {
      timestamp: 1720815480,
      token_amount: 8076574.144906,
      amount: 3.692231179,
      usdBalance: 644.9580960373851,
      sp: 1
    },
    {
      timestamp: 1720810800,
      token_amount: 5840314.341396,
      amount: 2.582983871,
      usdBalance: 451.1950305307344,
      sp: 1
    },
    {
      timestamp: 1720806240,
      token_amount: 5840314.341396,
      amount: 2.8,
      usdBalance: 489.103358201363,
      sp: -1
    },
    {
      timestamp: 1720802460,
      token_amount: 2376166.835773,
      amount: 1.570023661,
      usdBalance: 274.25137323239227,
      sp: 1
    },
    {
      timestamp: 1720802460,
      token_amount: 2376166.835773,
      amount: 1.6,
      usdBalance: 279.48763325792174,
      sp: -1
    },
    {
      timestamp: 1720802220,
      token_amount: 2514095.879525,
      amount: 1.654997636,
      usdBalance: 289.0946077081847,
      sp: 1
    },
    {
      timestamp: 1720800420,
      token_amount: 2514095.879525,
      amount: 2.7,
      usdBalance: 471.63538112274296,
      sp: -1
    }
  ],
  cepi: [
    {
      timestamp: 1720804200,
      token_amount: 8837188.559223,
      amount: 2.836967026,
      usdBalance: 495.56074982969056,
      sp: 1
    },
    {
      timestamp: 1720803840,
      token_amount: 8837188.559223,
      amount: 1.8,
      usdBalance: 314.423587415162,
      sp: -1
    },
    {
      timestamp: 1720803360,
      token_amount: 6935973.942973,
      amount: 1.755768463,
      usdBalance: 306.69723267048056,
      sp: 1
    },
    {
      timestamp: 1720802640,
      token_amount: 6935973.942973,
      amount: 1.5,
      usdBalance: 262.01965617930165,
      sp: -1
    },
    {
      timestamp: 1720789020,
      token_amount: 3873327.634419,
      amount: 1.4,
      usdBalance: 244.5516791006815,
      sp: -1
    },
    {
      timestamp: 1720789020,
      token_amount: 5767580.801937,
      amount: 2,
      usdBalance: 349.3595415724022,
      sp: -1
    }
  ],
  BLINK: [
    {
      timestamp: 1720729980,
      token_amount: 2180063.272387,
      amount: 13.225480352,
      usdBalance: 2310.223876424766,
      sp: 1
    }
  ],
  SQUIRRY: [
    {
      timestamp: 1719847140,
      token_amount: 530830.692164,
      amount: 1.587333273,
      usdBalance: 277.2750122889504,
      sp: 1
    },
    {
      timestamp: 1719847140,
      token_amount: 530830.692164,
      amount: 1.5,
      usdBalance: 262.01965617930165,
      sp: -1
    },
    {
      timestamp: 1719847080,
      token_amount: 480008.665073,
      amount: 1.532168181,
      usdBalance: 267.6387866629907,
      sp: 1
    },
    {
      timestamp: 1719846900,
      token_amount: 480008.665073,
      amount: 1.4,
      usdBalance: 244.5516791006815,
      sp: -1
    },
    {
      timestamp: 1719846300,
      token_amount: 344973.191834,
      amount: 1.379821471,
      usdBalance: 241.02689828015883,
      sp: 1
    },
    {
      timestamp: 1719846000,
      token_amount: 344973.191834,
      amount: 1,
      usdBalance: 174.6797707862011,
      sp: -1
    },
    {
      timestamp: 1719845220,
      token_amount: 339084.637318,
      amount: 1.028509334,
      usdBalance: 179.65977471458834,
      sp: 1
    },
    {
      timestamp: 1719845100,
      token_amount: 339084.637318,
      amount: 0.75,
      usdBalance: 131.00982808965082,
      sp: -1
    },
    {
      timestamp: 1719844200,
      token_amount: 635073.278757,
      amount: 0.689750369,
      usdBalance: 120.48543635661761,
      sp: 1
    },
    {
      timestamp: 1719843480,
      token_amount: 229616.469552,
      amount: 0.4,
      usdBalance: 69.87190831448044,
      sp: -1
    }
  ],
  Warren: [
    {
      timestamp: 1719824820,
      token_amount: 6455352.996483,
      amount: 2.446520151,
      usdBalance: 427.3575792005021,
      sp: 1
    },
    {
      timestamp: 1719824760,
      token_amount: 6455352.996483,
      amount: 2.25,
      usdBalance: 331.7900084210041,
      sp: -1
    },
    {
      timestamp: 1719811020,
      token_amount: 8043199.631862,
      amount: 4.723669624,
      usdBalance: 696.2697617205821,
      sp: 1
    },
    {
      timestamp: 1719811020,
      token_amount: 8043199.631863,
      amount: 4.821802664,
      usdBalance: 710.7345896650598,
      sp: 1
    }
  ],
  OFFSET: [
    {
      timestamp: 1719818040,
      token_amount: 40274755.747085,
      amount: 3.176604287,
      usdBalance: 470.1950000855802,
      sp: 1
    },
    {
      timestamp: 1719818040,
      token_amount: 40274755.747085,
      amount: 2,
      usdBalance: 296.03624348793824,
      sp: -1
    },
    {
      timestamp: 1719817320,
      token_amount: 3056870.572242,
      amount: 9.40615353,
      usdBalance: 1387.3792818114698,
      sp: 1
    },
    {
      timestamp: 1719816900,
      token_amount: 3056870.572242,
      amount: 7.5,
      usdBalance: 1108.378233708484,
      sp: -1
    }
  ],
  KORG: [
    {
      timestamp: 1719816900,
      token_amount: 10956275.874186,
      amount: 7.733851477,
      usdBalance: 1142.9376853121348,
      sp: 1
    },
    {
      timestamp: 1719811500,
      token_amount: 6156303.181363,
      amount: 4.723082757,
      usdBalance: 698.9798909894073,
      sp: -1
    }
  ],
  MILON: [
    {
      timestamp: 1719811740,
      token_amount: 15183398.793346,
      amount: 2.360016738,
      usdBalance: 348.9495614995955,
      sp: -1
    }
  ],
  ICF: [
    {
      timestamp: 1719291720,
      token_amount: 129914.952033,
      amount: 0.074890468,
      usdBalance: 10.207797546131188,
      sp: 1
    },
    {
      timestamp: 1719286680,
      token_amount: 129914.952033,
      amount: 0.083662412,
      usdBalance: 11.381703616295068,
      sp: -1
    },
    {
      timestamp: 1718652300,
      token_amount: 6456325.204625,
      amount: 6.3,
      usdBalance: 917.7082646779606,
      sp: -1
    },
    {
      timestamp: 1718652000,
      token_amount: 5186505.523879,
      amount: 4.999326832,
      usdBalance: 725.2050137406351,
      sp: 1
    },
    {
      timestamp: 1718651220,
      token_amount: 5186505.523879,
      amount: 5,
      usdBalance: 728.7639745789022,
      sp: -1
    },
    {
      timestamp: 1718386740,
      token_amount: 3166704.072972,
      amount: 6.629640565,
      usdBalance: 944.4737866949895,
      sp: 1
    },
    {
      timestamp: 1718382060,
      token_amount: 3166704.072972,
      amount: 5,
      usdBalance: 709.8320825412013,
      sp: -1
    },
    {
      timestamp: 1718371140,
      token_amount: 4523284.287815,
      amount: 7.70724921,
      usdBalance: 1141.3246784304804,
      sp: 1
    },
    {
      timestamp: 1718362500,
      token_amount: 4523284.287815,
      amount: 6.5,
      usdBalance: 960.6172539098854,
      sp: -1
    },
    {
      timestamp: 1718339520,
      token_amount: 4663806.49395,
      amount: 6.2,
      usdBalance: 914.793984326228,
      sp: -1
    },
    {
      timestamp: 1718293380,
      token_amount: 2462487.867752,
      amount: 4.5,
      usdBalance: 659.6969872632062,
      sp: -1
    },
    {
      timestamp: 1718280780,
      token_amount: 3652957.783935,
      amount: 11.547105366,
      usdBalance: 1734.6421045487639,
      sp: 1
    },
    {
      timestamp: 1718260680,
      token_amount: 2916975.634909,
      amount: 7.4,
      usdBalance: 1119.3748337958825,
      sp: -1
    },
    {
      timestamp: 1718257440,
      token_amount: 2030060.703404,
      amount: 7.381253211,
      usdBalance: 1125.26523221705,
      sp: 1
    },
    {
      timestamp: 1718254800,
      token_amount: 2030060.703404,
      amount: 5.2,
      usdBalance: 790.9951347552088,
      sp: -1
    },
    {
      timestamp: 1718248320,
      token_amount: 1021507.166312,
      amount: 3.5,
      usdBalance: 527.7720451197547,
      sp: -1
    },
    {
      timestamp: 1718246940,
      token_amount: 959332.540123,
      amount: 3.320213377,
      usdBalance: 505.1353478394741,
      sp: 1
    }
  ],
  LAMBOW: [
    {
      timestamp: 1719286200,
      token_amount: 1569788.636048,
      amount: 0.078936001,
      usdBalance: 10.610319944585159,
      sp: 1
    }
  ],
  ZEUS: [
    {
      timestamp: 1719221640,
      token_amount: 1046224.588646871,
      amount: 0.925395341,
      usdBalance: 114.58740290338906,
      sp: 1
    },
    {
      timestamp: 1719221220,
      token_amount: 1046224.588646871,
      amount: 0.93,
      usdBalance: 116.00159449997304,
      sp: -1
    },
    {
      timestamp: 1718938560,
      token_amount: 317341.072934914,
      amount: 0.260466734,
      usdBalance: 34.65055747882685,
      sp: 1
    },
    {
      timestamp: 1718937540,
      token_amount: 317341.072934914,
      amount: 0.266942702,
      usdBalance: 35.500116399427334,
      sp: -1
    }
  ],
  BIZ: [
    {
      timestamp: 1719218580,
      token_amount: 5085639.311848,
      amount: 0.764852651,
      usdBalance: 96.42735790462316,
      sp: 1
    },
    {
      timestamp: 1719206160,
      token_amount: 5085639.311848,
      amount: 0.95,
      usdBalance: 118.64260499801627,
      sp: -1
    },
    {
      timestamp: 1719150180,
      token_amount: 5806216.517206,
      amount: 3.544339989,
      usdBalance: 473.40542586228287,
      sp: -1
    }
  ],
  DODO: [
    {
      timestamp: 1719205980,
      token_amount: 13570423.773818985,
      amount: 0.94614741,
      usdBalance: 118.35111016679917,
      sp: 1
    },
    {
      timestamp: 1719150120,
      token_amount: 3224176.282351836,
      amount: 3.589541748,
      usdBalance: 479.5305606136869,
      sp: 1
    }
  ],
  Ross: [
    {
      timestamp: 1719141960,
      token_amount: 6334554.905811,
      amount: 2.7,
      usdBalance: 360.8466625723299,
      sp: -1
    }
  ],
  HOOD: [
    {
      timestamp: 1719141300,
      token_amount: 3310031.259091,
      amount: 2.694133417,
      usdBalance: 361.0732981904852,
      sp: 1
    }
  ],
  MOMF: [
    {
      timestamp: 1719120120,
      token_amount: 817325.272085,
      amount: 0.016482014,
      usdBalance: 2.21458109698917,
      sp: 1
    },
    {
      timestamp: 1718938620,
      token_amount: 817325.272085,
      amount: 0.259446734,
      usdBalance: 34.496704733123664,
      sp: -1
    }
  ],
  BURN: [
    {
      timestamp: 1718986980,
      token_amount: 896130.783976,
      amount: 2.15,
      usdBalance: 281.2951754647297,
      sp: -1
    },
    {
      timestamp: 1718908080,
      token_amount: 833698.36905,
      amount: 2.194972164,
      usdBalance: 297.43315588003014,
      sp: 1
    },
    {
      timestamp: 1718877060,
      token_amount: 833698.36905,
      amount: 2.95,
      usdBalance: 405.66370527126674,
      sp: -1
    },
    {
      timestamp: 1718651340,
      token_amount: 1710602.207389,
      amount: 7.4,
      usdBalance: 1077.9304854081204,
      sp: -1
    },
    {
      timestamp: 1718293260,
      token_amount: 890562.177844,
      amount: 4.533470701,
      usdBalance: 663.9437879343205,
      sp: 1
    },
    {
      timestamp: 1718292420,
      token_amount: 890562.177845,
      amount: 4.832567724,
      usdBalance: 713.6241923820342,
      sp: 1
    },
    {
      timestamp: 1718282040,
      token_amount: 1781124.355689,
      amount: 11.5,
      usdBalance: 1739.322788016508,
      sp: -1
    },
    {
      timestamp: 1718267220,
      token_amount: 1093652.406215,
      amount: 7.5,
      usdBalance: 1140.5901306307446,
      sp: -1
    },
    {
      timestamp: 1718260620,
      token_amount: 1457374.254191,
      amount: 7.669364273,
      usdBalance: 1159.499413854091,
      sp: 1
    },
    {
      timestamp: 1718257800,
      token_amount: 1457374.254191,
      amount: 7.2,
      usdBalance: 1096.311281137042,
      sp: -1
    }
  ],
  KITSUNE: [
    {
      timestamp: 1718937420,
      token_amount: 7923204.494952,
      amount: 0.211458769,
      usdBalance: 28.12130546296151,
      sp: 1
    },
    {
      timestamp: 1718908080,
      token_amount: 7923204.494952,
      amount: 2.2,
      usdBalance: 298.11446070623896,
      sp: -1
    }
  ],
  GRIMES: [
    {
      timestamp: 1718805000,
      token_amount: 1319638.358037,
      amount: 0.033459476,
      usdBalance: 4.610051924319777,
      sp: 1
    },
    {
      timestamp: 1718800980,
      token_amount: 1319638.358037,
      amount: 0.3,
      usdBalance: 41.40141975516838,
      sp: -1
    }
  ],
  GOLDIE: [
    {
      timestamp: 1718790360,
      token_amount: 4109054.563685,
      amount: 0.309656059,
      usdBalance: 42.789330792266504,
      sp: 1
    },
    {
      timestamp: 1718788980,
      token_amount: 4109054.563685,
      amount: 1.6,
      usdBalance: 220.98602919367937,
      sp: -1
    }
  ],
  billish: [
    {
      timestamp: 1718788140,
      token_amount: 1240872.222629,
      amount: 1.826323997,
      usdBalance: 253.7783274211137,
      sp: 1
    },
    {
      timestamp: 1718787840,
      token_amount: 1240872.222629,
      amount: 1.05,
      usdBalance: 145.9913583991248,
      sp: -1
    }
  ],
  GOAT: [
    {
      timestamp: 1718787840,
      token_amount: 23084567.229056,
      amount: 1.040499181,
      usdBalance: 144.67037033082556,
      sp: 1
    },
    {
      timestamp: 1718787660,
      token_amount: 23084567.229056,
      amount: 1,
      usdBalance: 138.97303565747987,
      sp: -1
    }
  ],
  Brett: [
    {
      timestamp: 1718781960,
      token_amount: 18252.324771,
      amount: 1.19051159,
      usdBalance: 166.8998656191396,
      sp: 1
    },
    {
      timestamp: 1718781660,
      token_amount: 18252.324771,
      amount: 1.4,
      usdBalance: 197.19386932230765,
      sp: -1
    }
  ],
  OOPS: [
    {
      timestamp: 1718779620,
      token_amount: 34815711.405035,
      amount: 1.48881857,
      usdBalance: 210.11244296900725,
      sp: 1
    },
    {
      timestamp: 1718779500,
      token_amount: 34815711.405035,
      amount: 0.9,
      usdBalance: 126.83773781354405,
      sp: -1
    }
  ],
  BAYLEY: [
    {
      timestamp: 1718777700,
      token_amount: 272285.276066,
      amount: 1.036030789,
      usdBalance: 145.59635582513928,
      sp: 1
    },
    {
      timestamp: 1718777640,
      token_amount: 272285.276066,
      amount: 1,
      usdBalance: 140.45859803844627,
      sp: -1
    }
  ],
  ok: [
    {
      timestamp: 1718775900,
      token_amount: 3045702.589161,
      amount: 1.13744506,
      usdBalance: 159.46153780923936,
      sp: 1
    },
    {
      timestamp: 1718775900,
      token_amount: 3045702.589161,
      amount: 1,
      usdBalance: 140.19273846003549,
      sp: -1
    },
    {
      timestamp: 1718775540,
      token_amount: 2630432.188296,
      amount: 1.179998791,
      usdBalance: 165.79722272971384,
      sp: 1
    },
    {
      timestamp: 1718774760,
      token_amount: 2630432.188296,
      amount: 1.4,
      usdBalance: 196.65645670286506,
      sp: -1
    },
    {
      timestamp: 1718774400,
      token_amount: 1204187.746237,
      amount: 1.324087019,
      usdBalance: 185.19183092687786,
      sp: 1
    },
    {
      timestamp: 1718774340,
      token_amount: 1204187.746237,
      amount: 0.6,
      usdBalance: 83.88043425141944,
      sp: -1
    }
  ],
  HoldBilly: [
    {
      timestamp: 1718774100,
      token_amount: 1177780.248966,
      amount: 0.753875393,
      usdBalance: 105.3166409289365,
      sp: 1
    },
    {
      timestamp: 1718774040,
      token_amount: 1177780.248966,
      amount: 0.8,
      usdBalance: 111.71170865376723,
      sp: -1
    }
  ],
  SCOOBY: [
    {
      timestamp: 1718773620,
      token_amount: 1025369.408075,
      amount: 1.103144424,
      usdBalance: 155.15268947668562,
      sp: 1
    },
    {
      timestamp: 1718773440,
      token_amount: 1025369.408075,
      amount: 0.6,
      usdBalance: 84.35770036088138,
      sp: -1
    }
  ],
  inbred: [
    {
      timestamp: 1718772420,
      token_amount: 10573016.012886,
      amount: 1.933337037,
      usdBalance: 271.2003333101487,
      sp: 1
    },
    {
      timestamp: 1718771820,
      token_amount: 10573016.012886,
      amount: 2.5,
      usdBalance: 351.36222110686214,
      sp: -1
    }
  ],
  NIGGA: [
    {
      timestamp: 1718771820,
      token_amount: 6117823.93788,
      amount: 1.996690082,
      usdBalance: 280.6245848294251,
      sp: 1
    },
    {
      timestamp: 1718771340,
      token_amount: 6117823.93788,
      amount: 3,
      usdBalance: 422.4465990446074,
      sp: -1
    },
    {
      timestamp: 1718770740,
      token_amount: 7661786.157723,
      amount: 2.736652581,
      usdBalance: 383.89226152930576,
      sp: 1
    }
  ],
  CONAN: [
    {
      timestamp: 1718769600,
      token_amount: 29954320.278337,
      amount: 1.228190984,
      usdBalance: 172.1617091888112,
      sp: 1
    },
    {
      timestamp: 1718769480,
      token_amount: 29954320.278337,
      amount: 2,
      usdBalance: 280.89118671,
      sp: -1
    }
  ],
  SCREW: [
    {
      timestamp: 1718769060,
      token_amount: 367176.586557,
      amount: 0.375415422,
      usdBalance: 52.80640061977225,
      sp: 1
    },
    {
      timestamp: 1718769060,
      token_amount: 367176.586557,
      amount: 0.4,
      usdBalance: 56.264497967025186,
      sp: -1
    },
    {
      timestamp: 1718768640,
      token_amount: 3066274.761283,
      amount: 1.527484045,
      usdBalance: 215.527159408625,
      sp: 1
    }
  ],
  chilly: [
    {
      timestamp: 1718768940,
      token_amount: 2956991.624895,
      amount: 0.422534542,
      usdBalance: 59.492069161312344,
      sp: 1
    },
    {
      timestamp: 1718768700,
      token_amount: 2956991.624895,
      amount: 1,
      usdBalance: 140.8629239708623,
      sp: -1
    }
  ],
  lixi: [
    {
      timestamp: 1718768160,
      token_amount: 4283259.715248,
      amount: 1.363883596,
      usdBalance: 191.20852082487716,
      sp: 1
    },
    {
      timestamp: 1718768040,
      token_amount: 4283259.715248,
      amount: 1.2,
      usdBalance: 167.9154631186307,
      sp: -1
    },
    {
      timestamp: 1718767680,
      token_amount: 2127308.723299,
      amount: 1.295002861,
      usdBalance: 181.63344200935958,
      sp: 1
    },
    {
      timestamp: 1718767620,
      token_amount: 2127308.723299,
      amount: 1.1,
      usdBalance: 154.3398404989007,
      sp: -1
    }
  ],
  BUSTER: [
    {
      timestamp: 1718767620,
      token_amount: 3634299.658614,
      amount: 1.152848403,
      usdBalance: 161.7549442167567,
      sp: 1
    },
    {
      timestamp: 1718767560,
      token_amount: 3634299.658614,
      amount: 1,
      usdBalance: 140.29822596106368,
      sp: -1
    }
  ],
  BOO: [
    {
      timestamp: 1718766420,
      token_amount: 3449084.957714,
      amount: 1.716709407,
      usdBalance: 239.34993275946772,
      sp: 1
    },
    {
      timestamp: 1718766360,
      token_amount: 3449084.957714,
      amount: 1.5,
      usdBalance: 209.548699156324,
      sp: -1
    }
  ],
  peeni: [
    {
      timestamp: 1718765940,
      token_amount: 4053809.26141,
      amount: 1.873999043,
      usdBalance: 260.5755502608779,
      sp: 1
    },
    {
      timestamp: 1718765760,
      token_amount: 4053809.26141,
      amount: 2,
      usdBalance: 278.0148108965446,
      sp: -1
    },
    {
      timestamp: 1718765760,
      token_amount: 3609601.413407,
      amount: 1.684463959,
      usdBalance: 234.1529645117149,
      sp: 1
    },
    {
      timestamp: 1718765700,
      token_amount: 3609601.413407,
      amount: 2,
      usdBalance: 277.469654334328,
      sp: -1
    }
  ],
  Maurice: [
    {
      timestamp: 1718764560,
      token_amount: 16258029.357666,
      amount: 2.127236683,
      usdBalance: 295.30207754977886,
      sp: 1
    },
    {
      timestamp: 1718764500,
      token_amount: 16258029.357666,
      amount: 2,
      usdBalance: 277.70104821169946,
      sp: -1
    },
    {
      timestamp: 1718764380,
      token_amount: 14058226.585217,
      amount: 2.174634587,
      usdBalance: 302.2144687119581,
      sp: 1
    },
    {
      timestamp: 1718764200,
      token_amount: 14058226.585217,
      amount: 4.5,
      usdBalance: 629.0801246994189,
      sp: -1
    },
    {
      timestamp: 1718763900,
      token_amount: 10643597.352747,
      amount: 4.363729909,
      usdBalance: 606.659745347468,
      sp: 1
    }
  ],
  LUNA: [
    {
      timestamp: 1718763180,
      token_amount: 5466224.721453,
      amount: 3.172582849,
      usdBalance: 441.194425551106,
      sp: 1
    },
    {
      timestamp: 1718763120,
      token_amount: 5466224.721453,
      amount: 2,
      usdBalance: 278.05956191768036,
      sp: -1
    }
  ],
  THIRSTY: [
    {
      timestamp: 1718762580,
      token_amount: 6734352.563791,
      amount: 2.186163231,
      usdBalance: 302.86960373862684,
      sp: 1
    },
    {
      timestamp: 1718762580,
      token_amount: 6734352.563791,
      amount: 1.8,
      usdBalance: 249.3708058936466,
      sp: -1
    }
  ],
  STEVIE: [
    {
      timestamp: 1718762100,
      token_amount: 5168222.616147,
      amount: 1.871138532,
      usdBalance: 257.6316672424558,
      sp: 1
    },
    {
      timestamp: 1718762040,
      token_amount: 5168222.616147,
      amount: 1.4,
      usdBalance: 192.86831834883301,
      sp: -1
    },
    {
      timestamp: 1718761920,
      token_amount: 2732430.459043,
      amount: 1.550258619,
      usdBalance: 213.12364442779634,
      sp: 1
    },
    {
      timestamp: 1718761860,
      token_amount: 2732430.459043,
      amount: 1.4,
      usdBalance: 192.20487630318357,
      sp: -1
    },
    {
      timestamp: 1718761740,
      token_amount: 2857761.162354,
      amount: 0.928817934,
      usdBalance: 127.51372528459888,
      sp: 1
    },
    {
      timestamp: 1718761680,
      token_amount: 2857761.162355,
      amount: 1.009173511,
      usdBalance: 138.68034772647658,
      sp: 1
    }
  ],
  aw: [
    {
      timestamp: 1718761260,
      token_amount: 3514226.271548,
      amount: 0.599184913,
      usdBalance: 82.68973746352104,
      sp: 1
    },
    {
      timestamp: 1718738580,
      token_amount: 3514226.271548,
      amount: 5.8,
      usdBalance: 766.329008633574,
      sp: -1
    }
  ],
  MAVU: [
    {
      timestamp: 1718715960,
      token_amount: 14711897.355262,
      amount: 1.8,
      usdBalance: 242.78400793934128,
      sp: -1
    }
  ],
  DANIS: [
    {
      timestamp: 1718715900,
      token_amount: 46689594.073613,
      amount: 1.916894698,
      usdBalance: 258.13875596821066,
      sp: 1
    },
    {
      timestamp: 1718714220,
      token_amount: 46689594.073613,
      amount: 3.5,
      usdBalance: 475.315387520748,
      sp: -1
    }
  ],
  LOUDON: [
    {
      timestamp: 1718684640,
      token_amount: 9258462.56429,
      amount: 6.540777739,
      usdBalance: 894.9705475510899,
      sp: 1
    },
    {
      timestamp: 1718684580,
      token_amount: 9258462.56429,
      amount: 6,
      usdBalance: 821.0030669598186,
      sp: -1
    },
    {
      timestamp: 1718684460,
      token_amount: 14388521.941898,
      amount: 6.387646386,
      usdBalance: 870.8417236950315,
      sp: 1
    }
  ],
  willy: [
    {
      timestamp: 1718652060,
      token_amount: 8537251.360327,
      amount: 6.511990106,
      usdBalance: 945.7179431153389,
      sp: 1
    },
    {
      timestamp: 1718652000,
      token_amount: 8537251.360327,
      amount: 5,
      usdBalance: 725.3026638493587,
      sp: -1
    }
  ],
  GOME: [
    {
      timestamp: 1718387700,
      token_amount: 565179.500561,
      amount: 14.496934995,
      usdBalance: 2055.714550706921,
      sp: 1
    },
    {
      timestamp: 1718386800,
      token_amount: 260071.153848,
      amount: 6.721493357,
      usdBalance: 957.2113395691993,
      sp: -1
    },
    {
      timestamp: 1718382060,
      token_amount: 305108.346713,
      amount: 8.4,
      usdBalance: 1192.5178986692183,
      sp: -1
    }
  ],
  GOBE: [
    {
      timestamp: 1718380860,
      token_amount: 1650513.307939439,
      amount: 13.341717728,
      usdBalance: 1914.6329396962599,
      sp: 1
    },
    {
      timestamp: 1718380800,
      token_amount: 1650513.307939439,
      amount: 7,
      usdBalance: 1006.997753261792,
      sp: -1
    }
  ],
  SADO: [
    {
      timestamp: 1718361720,
      token_amount: 8625209.33887,
      amount: 0.35239389,
      usdBalance: 52.02586103528336,
      sp: 1
    }
  ],
  JESUS: [
    {
      timestamp: 1718357580,
      token_amount: 17946673.105929,
      amount: 8.151152694,
      usdBalance: 1206.9921942651456,
      sp: 1
    },
    {
      timestamp: 1718339340,
      token_amount: 9686545.000826,
      amount: 6.374461794,
      usdBalance: 941.5591239596894,
      sp: 1
    },
    {
      timestamp: 1718292840,
      token_amount: 3569752.287757,
      amount: 4.6,
      usdBalance: 679.5250538817276,
      sp: -1
    },
    {
      timestamp: 1718265780,
      token_amount: 5165962.885348,
      amount: 7.707759229,
      usdBalance: 1171.6426799258938,
      sp: 1
    },
    {
      timestamp: 1718254680,
      token_amount: 5787792.347461,
      amount: 5.335803033,
      usdBalance: 811.6363369543875,
      sp: 1
    },
    {
      timestamp: 1718248260,
      token_amount: 3276195.69145,
      amount: 3.496418751,
      usdBalance: 526.741913370471,
      sp: 1
    },
    {
      timestamp: 1718248020,
      token_amount: 3276195.69145,
      amount: 3,
      usdBalance: 452.4518936392561,
      sp: -1
    },
    {
      timestamp: 1718247120,
      token_amount: 1990438.603924,
      amount: 3.719890958,
      usdBalance: 565.6910871742612,
      sp: 1
    },
    {
      timestamp: 1718247000,
      token_amount: 1990438.603924,
      amount: 3,
      usdBalance: 456.6189687651307,
      sp: -1
    }
  ],
  HL: [
    {
      timestamp: 1718292780,
      token_amount: 6787369.869656,
      amount: 3.132053021,
      usdBalance: 462.3351210861604,
      sp: 1
    },
    {
      timestamp: 1718292480,
      token_amount: 6787369.869656,
      amount: 3,
      usdBalance: 442.13023897961114,
      sp: -1
    }
  ]
}
{
  ouppy: 2574.885440263428,
  JOHN: -4.580651766790879,
  FIRST: 41.99568523826076,
  DEVIN: 124.92142501104729,
  BETA: 332.34157237226617,
  cepi: -76.95170758226567,
  BLINK: 1831.226721091809,
  SQUIRRY: -222.22037496629952,
  Warren: 1435.606594260935,
  OFFSET: 453.1598047006278,
  KORG: 443.9577943227275,
  MILON: -348.9495614995955,
  ICF: -1528.0216990833735,
  LAMBOW: 10.610319944585159,
  ZEUS: -2.2637505171844623,
  BIZ: -318.2263562778978,
  DODO: 597.881670780486,
  Ross: -360.8466625723299,
  HOOD: 361.0732981904852,
  MOMF: -32.28212363613449,
  BURN: -2328.4191200415935,
  KITSUNE: -269.99315524327744,
  GRIMES: -36.7913678308486,
  GOLDIE: -178.19669840141287,
  billish: 107.78696902198888,
  GOAT: 5.6973346733456935,
  Brett: -30.294003703168045,
  OOPS: 83.2747051554632,
  BAYLEY: 5.137757786693015,
  ok: 89.72096205151107,
  HoldBilly: -6.395067724830753,
  SCOOBY: 70.79498911580424,
  inbred: -80.16188779671347,
  NIGGA: 242.0702473141235,
  CONAN: -108.72947752118881,
  SCREW: 212.06906206137205,
  chilly: -81.37085480954997,
  lixi: 50.58665921670533,
  BUSTER: 21.456718255693033,
  BOO: 29.801233603143714,
  peeni: -60.75595045827981,
  Maurice: -360.68829233064633,
  LUNA: 163.13486363342565,
  THIRSTY: 53.49879784498023,
  STEVIE: 237.9023558416159,
  aw: -683.6392711700529,
  MAVU: -242.78400793934128,
  DANIS: -217.17663155253734,
  LOUDON: 944.8092042863028,
  willy: 220.4152792659802,
  GOME: -94.01468753149675,
  GOBE: 907.6351864344678,
  SADO: 52.02586103528336,
  JESUS: 3635.6674193637336,
  HL: 20.20488210654929
}
Total Transaction: 192
Win Rate: 29.1% (16/55)
Total PnL: 7687.60$

Processing wallet (group 27): 
stdout: Processing wallet address: undefined
No more transactions available.
{}
{}
Total Transaction: 0
Win Rate: 0% (0/0)
Total PnL: 0.00$

Processing completed for group 27.

