stderr: Error executing index.js: Error: Command failed: node index.js 2HGoTA85Wh3hVnxS3qpWDi8m5craEaVCrwPudkMdSp3S
^C
Error processing wallet 2HGoTA85Wh3hVnxS3qpWDi8m5craEaVCrwPudkMdSp3S: Error: Command failed: node index.js 2HGoTA85Wh3hVnxS3qpWDi8m5craEaVCrwPudkMdSp3S
^C

stdout: Processing wallet (group 1): 9Pj6FmtKKveoAU4ySkcbUHht6u8cwEUhzKWJFzJBasSt
stdout: Processing wallet address: 9Pj6FmtKKveoAU4ySkcbUHht6u8cwEUhzKWJFzJBasSt
No more transactions available.
{}
{}
Total Transaction: 0
Win Rate: 0% (0/0)
Total PnL: 0.00$

Processing wallet (group 1): 2HGoTA85Wh3hVnxS3qpWDi8m5craEaVCrwPudkMdSp3S
Processing wallet (group 1): 
stdout: Processing wallet address: undefined
No more transactions available.
{}
{}
Total Transaction: 0
Win Rate: 0% (0/0)
Total PnL: 0.00$

Processing completed for group 1.

