stdout: Processing wallet (group 7): 9qLxeT62DFv1fx7aB3TPQEArqqPnKpS4gzG1Wq2Y4LYN
stdout: Processing wallet address: 9qLxeT62DFv1fx7aB3TPQEArqqPnKpS4gzG1Wq2Y4LYN
{
  cepi: [
    {
      timestamp: 1720740300,
      token_amount: 4091049.825597,
      amount: 11.00554418,
      usdBalance: 1866.5766394434795,
      sp: 1
    },
    {
      timestamp: 1720740300,
      token_amount: 4091049.825597,
      amount: 10.871983418,
      usdBalance: 1843.9242931152974,
      sp: 1
    },
    {
      timestamp: 1720740240,
      token_amount: 3506614.136226,
      amount: 8.350674825,
      usdBalance: 1416.3020289591684,
      sp: 1
    },
    {
      timestamp: 1720740240,
      token_amount: 2922178.446854,
      amount: 6.985790404,
      usdBalance: 1184.8131235392332,
      sp: 1
    },
    {
      timestamp: 1720740240,
      token_amount: 4174540.638364,
      amount: 10.314507282,
      usdBalance: 1749.3744993490052,
      sp: 1
    },
    {
      timestamp: 1720740240,
      token_amount: 2087270.319182,
      amount: 6.190240291,
      usdBalance: 1049.8851970191636,
      sp: 1
    }
  ],
  MOMMY: [
    {
      timestamp: 1720643400,
      token_amount: 4402596.461519,
      amount: 1,
      usdBalance: 169.6033025641336,
      sp: -1
    }
  ],
  JIPPA: [
    {
      timestamp: 1719873360,
      token_amount: 5661934.889528,
      amount: 38.017651601,
      usdBalance: 6447.91926726222,
      sp: 1
    },
    {
      timestamp: 1719873360,
      token_amount: 5661934.889528,
      amount: 100,
      usdBalance: 16960.33025641336,
      sp: -1
    }
  ],
  HERO: [
    {
      timestamp: 1719808800,
      token_amount: 293300.529364943,
      amount: 49.348370835,
      usdBalance: 8369.646669775571,
      sp: 1
    },
    {
      timestamp: 1719808740,
      token_amount: 293300.529364942,
      amount: 28.74620884,
      usdBalance: 4875.451955462292,
      sp: 1
    },
    {
      timestamp: 1719808740,
      token_amount: 251400.453741378,
      amount: 18.350698387,
      usdBalance: 3112.3390507935196,
      sp: 1
    },
    {
      timestamp: 1719808620,
      token_amount: 359143.505344826,
      amount: 21.345014575,
      usdBalance: 3620.1849651995667,
      sp: 1
    },
    {
      timestamp: 1719808620,
      token_amount: 513062.150492609,
      amount: 32.832611944,
      usdBalance: 5568.519417509018,
      sp: 1
    },
    {
      timestamp: 1719808560,
      token_amount: 732945.929275156,
      amount: 24.070158779,
      usdBalance: 4082.3784221614737,
      sp: 1
    },
    {
      timestamp: 1719808560,
      token_amount: 610788.274395963,
      amount: 17.939000278,
      usdBalance: 3042.513691847711,
      sp: 1
    },
    {
      timestamp: 1719808500,
      token_amount: 3053941.371979816,
      amount: 80.490471111,
      usdBalance: 13651.449725368588,
      sp: 1
    },
    {
      timestamp: 1719808500,
      token_amount: 6107882.743959633,
      amount: 100,
      usdBalance: 16960.33025641336,
      sp: -1
    }
  ],
  '$michi': [
    {
      timestamp: 1719022320,
      token_amount: 46767.144351,
      amount: 32.65741626,
      usdBalance: 5538.805650907636,
      sp: 1
    },
    {
      timestamp: 1718668560,
      token_amount: 46767.144351,
      amount: 50,
      usdBalance: 8480.16512820668,
      sp: -1
    }
  ],
  FLOCKA: [
    {
      timestamp: 1718605260,
      token_amount: 1191085.833719,
      amount: 47.7989654,
      usdBalance: 8106.862390988753,
      sp: 1
    },
    {
      timestamp: 1718605260,
      token_amount: 1191085.833719,
      amount: 50,
      usdBalance: 8480.16512820668,
      sp: -1
    }
  ]
}
{
  cepi: 9110.875781425348,
  MOMMY: -169.6033025641336,
  JIPPA: -10512.41098915114,
  HERO: -11342.63897368764,
  '$michi': -2941.3594772990436,
  FLOCKA: -373.30273721792673
}
Total Transaction: 22
Win Rate: 0.0% (0/6)
Total PnL: -16228.44$

Processing wallet (group 7): AUkpGfjAUiTycNeNekrbWHyb763g8GpkB87TB5617YkB
stdout: Processing wallet address: AUkpGfjAUiTycNeNekrbWHyb763g8GpkB87TB5617YkB
No more transactions available.
{}
{}
Total Transaction: 0
Win Rate: 0% (0/0)
Total PnL: 0.00$

Processing wallet (group 7): 
stdout: Processing wallet address: undefined
No more transactions available.
{}
{}
Total Transaction: 0
Win Rate: 0% (0/0)
Total PnL: 0.00$

Processing completed for group 7.

