stdout: Processing wallet (group 10): 3rEv4YKa1JxsupETm8C2H5CNyVc3YNMhzjgNWCDkQWv6
stdout: Processing wallet address: 3rEv4YKa1JxsupETm8C2H5CNyVc3YNMhzjgNWCDkQWv6
{
  YIPPIE: [
    {
      timestamp: 1720887540,
      token_amount: 4536057.797414,
      amount: 2,
      usdBalance: 276.92403940774597,
      sp: -1
    }
  ],
  SIGMA: [
    {
      timestamp: 1720885860,
      token_amount: 400000,
      amount: 12.573314481,
      usdBalance: 1740.9265174112136,
      sp: 1
    },
    {
      timestamp: 1720885800,
      token_amount: 400000,
      amount: 12.616055142,
      usdBalance: 1746.8444756567521,
      sp: 1
    },
    {
      timestamp: 1720874520,
      token_amount: 152904.318084,
      amount: 2.942186034,
      usdBalance: 407.3810206121679,
      sp: 1
    },
    {
      timestamp: 1720833120,
      token_amount: 1011080.104432,
      amount: 18,
      usdBalance: 2492.3163546697137,
      sp: -1
    },
    {
      timestamp: 1720832520,
      token_amount: 1000790.924294,
      amount: 15.750245435,
      usdBalance: 2180.8107937618056,
      sp: 1
    },
    {
      timestamp: 1720831320,
      token_amount: 1000790.924294,
      amount: 15.1,
      usdBalance: 2090.776497528482,
      sp: -1
    }
  ],
  LOCKIN: [
    {
      timestamp: 1720882920,
      token_amount: 101.973740655,
      amount: 0.021142579,
      usdBalance: 2.9274441900886914,
      sp: 1
    },
    {
      timestamp: 1720882920,
      token_amount: 50101.973740655,
      amount: 10.4,
      usdBalance: 1440.0050049202791,
      sp: -1
    },
    {
      timestamp: 1720112460,
      token_amount: 19177.008642548,
      amount: 2.123677402,
      usdBalance: 287.2766125635822,
      sp: 1
    },
    {
      timestamp: 1720054440,
      token_amount: 59130.04757004,
      amount: 4.925591341,
      usdBalance: 696.7996167765222,
      sp: -1
    }
  ],
  CHINA: [
    {
      timestamp: 1720879620,
      token_amount: 3300000,
      amount: 8.977335516,
      usdBalance: 1243.0200071046706,
      sp: 1
    },
    {
      timestamp: 1720718160,
      token_amount: 84553.779576,
      amount: 0.247402321,
      usdBalance: 34.255825045085906,
      sp: 1
    },
    {
      timestamp: 1720718160,
      token_amount: 1584553.779576,
      amount: 4.6,
      usdBalance: 636.9252906378157,
      sp: -1
    },
    {
      timestamp: 1720627680,
      token_amount: 75777.524185,
      amount: 0.209967952,
      usdBalance: 29.760130515073595,
      sp: 1
    },
    {
      timestamp: 1719796980,
      token_amount: 2000000,
      amount: 10.913270103,
      usdBalance: 1615.479758129515,
      sp: 1
    },
    {
      timestamp: 1719775740,
      token_amount: 197825.31752,
      amount: 1.100766623,
      usdBalance: 159.37709093572374,
      sp: 1
    },
    {
      timestamp: 1719775740,
      token_amount: 2197825.31752,
      amount: 12,
      usdBalance: 1737.4482940047183,
      sp: -1
    }
  ],
  WIF: [
    {
      timestamp: 1720878600,
      token_amount: 4458541.310231,
      amount: 6.785004951,
      usdBalance: 939.4654892162378,
      sp: 1
    },
    {
      timestamp: 1720878360,
      token_amount: 1958541.310231,
      amount: 3,
      usdBalance: 415.3860591116189,
      sp: -1
    },
    {
      timestamp: 1720791240,
      token_amount: 200000,
      amount: 3.955515936,
      usdBalance: 547.6887254694155,
      sp: 1
    },
    {
      timestamp: 1720790880,
      token_amount: 300000,
      amount: 6.830148942,
      usdBalance: 945.7162173875912,
      sp: 1
    },
    {
      timestamp: 1720787460,
      token_amount: 300000,
      amount: 4.572689975,
      usdBalance: 633.1438894181525,
      sp: 1
    },
    {
      timestamp: 1720787220,
      token_amount: 300000,
      amount: 4.586584347,
      usdBalance: 635.0677322277893,
      sp: 1
    },
    {
      timestamp: 1720787100,
      token_amount: 200000,
      amount: 2.816672116,
      usdBalance: 390.0021100249416,
      sp: 1
    },
    {
      timestamp: 1720787040,
      token_amount: 200000,
      amount: 2.610972049,
      usdBalance: 361.5204632948996,
      sp: 1
    },
    {
      timestamp: 1720785660,
      token_amount: 269147.933185,
      amount: 3.806665604,
      usdBalance: 527.0786078671035,
      sp: 1
    },
    {
      timestamp: 1720785480,
      token_amount: 206286.175744,
      amount: 2.693590341,
      usdBalance: 372.959958869704,
      sp: 1
    },
    {
      timestamp: 1720739640,
      token_amount: 4475434.108929,
      amount: 4.25,
      usdBalance: 588.4635837414602,
      sp: -1
    }
  ],
  Sigma: [
    {
      timestamp: 1720831260,
      token_amount: 7500000.000000028,
      amount: 1.752807055,
      usdBalance: 242.69720498649755,
      sp: 1
    },
    {
      timestamp: 1720831260,
      token_amount: 7500000.000000029,
      amount: 1.932332478,
      usdBalance: 267.5546576432697,
      sp: 1
    },
    {
      timestamp: 1720717500,
      token_amount: 7177143.0366109,
      amount: 8.716186999,
      usdBalance: 1206.8608559981794,
      sp: 1
    },
    {
      timestamp: 1720506960,
      token_amount: 19333.335773256,
      amount: 0.021672455,
      usdBalance: 3.0008118912413004,
      sp: 1
    },
    {
      timestamp: 1720506960,
      token_amount: 520772.561076394,
      amount: 0.582570823,
      usdBalance: 80.6639327731275,
      sp: -1
    },
    {
      timestamp: 1720496220,
      token_amount: 194421.626388303,
      amount: 0.254722314,
      usdBalance: 35.269366060084124,
      sp: 1
    },
    {
      timestamp: 1720496160,
      token_amount: 4056341.442909675,
      amount: 5,
      usdBalance: 692.3100985193649,
      sp: -1
    }
  ],
  USA: [
    {
      timestamp: 1720818240,
      token_amount: 25764724.354591,
      amount: 0.150381482,
      usdBalance: 20.822123723781623,
      sp: 1
    },
    {
      timestamp: 1720818240,
      token_amount: 1025764724.354591,
      amount: 6,
      usdBalance: 830.7721182232378,
      sp: -1
    },
    {
      timestamp: 1720476060,
      token_amount: 12008643.246913,
      amount: 0.06823373,
      usdBalance: 9.536932972915872,
      sp: 1
    },
    {
      timestamp: 1720476000,
      token_amount: 412008643.246913,
      amount: 2.35,
      usdBalance: 328.77294031490976,
      sp: -1
    },
    {
      timestamp: 1720192800,
      token_amount: 570936950.674641,
      amount: 5.5,
      usdBalance: 731.8154742804334,
      sp: -1
    },
    {
      timestamp: 1720139340,
      token_amount: 215030163.484143,
      amount: 2,
      usdBalance: 252.94705596834743,
      sp: -1
    },
    {
      timestamp: 1720114500,
      token_amount: 633386616.372063,
      amount: 7.093464331,
      usdBalance: 957.6758194953396,
      sp: -1
    }
  ],
  WALTER: [
    {
      timestamp: 1720814940,
      token_amount: 248245.021593,
      amount: 2.87,
      usdBalance: 397.38599655011546,
      sp: -1
    },
    {
      timestamp: 1720189080,
      token_amount: 44573.786793,
      amount: 1.5,
      usdBalance: 197.51879887208796,
      sp: -1
    }
  ],
  FATGF: [
    {
      timestamp: 1720471020,
      token_amount: 2654772.502652,
      amount: 6.358454314,
      usdBalance: 884.6907056746194,
      sp: 1
    }
  ],
  USDC: [
    {
      timestamp: 1720325340,
      token_amount: 150,
      amount: 1.060541973,
      usdBalance: 149.9734002334069,
      sp: 1
    },
    {
      timestamp: 1719683220,
      token_amount: 775.501969,
      amount: 5.460322917,
      usdBalance: 775.5192333309967,
      sp: 1
    }
  ],
  monk: [
    {
      timestamp: 1720300080,
      token_amount: 712.156312,
      amount: 0.022996203,
      usdBalance: 3.3027594350564673,
      sp: 1
    },
    {
      timestamp: 1720300080,
      token_amount: 25053.870143,
      amount: 0.812724081,
      usdBalance: 116.72501441304665,
      sp: -1
    }
  ],
  Roger: [
    {
      timestamp: 1720243440,
      token_amount: 2000000,
      amount: 1.711126097,
      usdBalance: 230.33175564039195,
      sp: 1
    },
    {
      timestamp: 1719775380,
      token_amount: 9952075.865292,
      amount: 3.326535737,
      usdBalance: 480.69195374147046,
      sp: -1
    }
  ],
  grass: [
    {
      timestamp: 1720243260,
      token_amount: 1543239.472092,
      amount: 0.831329134,
      usdBalance: 111.78821335340902,
      sp: 1
    }
  ],
  SHOENICE: [
    {
      timestamp: 1720043580,
      token_amount: 3053764.331265,
      amount: 4.519439039,
      usdBalance: 638.291104342786,
      sp: 1
    },
    {
      timestamp: 1720036860,
      token_amount: 1159952.962896,
      amount: 2.916954832,
      usdBalance: 409.35561798894116,
      sp: 1
    },
    {
      timestamp: 1720036500,
      token_amount: 4159952.962896,
      amount: 6,
      usdBalance: 840.6054287971649,
      sp: -1
    }
  ],
  mini: [
    {
      timestamp: 1720043100,
      token_amount: 603968.624597,
      amount: 13,
      usdBalance: 1834.7986397126695,
      sp: -1
    },
    {
      timestamp: 1719800460,
      token_amount: 100000,
      amount: 3.762208731,
      usdBalance: 556.4237177490702,
      sp: 1
    },
    {
      timestamp: 1719678660,
      token_amount: 400000,
      amount: 14.461016066,
      usdBalance: 2052.547558306821,
      sp: 1
    },
    {
      timestamp: 1719365580,
      token_amount: 101236.325457,
      amount: 3,
      usdBalance: 413.61261787312355,
      sp: -1
    }
  ],
  MANIFEST: [
    {
      timestamp: 1720036200,
      token_amount: 1000000,
      amount: 4.329438999,
      usdBalance: 605.611933448874,
      sp: 1
    },
    {
      timestamp: 1720027500,
      token_amount: 2000000,
      amount: 7.597824361,
      usdBalance: 1082.7112615856713,
      sp: 1
    },
    {
      timestamp: 1720025820,
      token_amount: 5000000,
      amount: 17.156380683,
      usdBalance: 2439.323599375012,
      sp: 1
    },
    {
      timestamp: 1719970140,
      token_amount: 786909.049765,
      amount: 1.847136476,
      usdBalance: 283.06229900784274,
      sp: 1
    }
  ],
  nub: [
    {
      timestamp: 1719965700,
      token_amount: 1442.0848074,
      amount: 0.282671987,
      usdBalance: 43.48108486305387,
      sp: 1
    },
    {
      timestamp: 1719965700,
      token_amount: 6928.278105591,
      amount: 1.365877259,
      usdBalance: 210.10155849328785,
      sp: -1
    },
    {
      timestamp: 1719859620,
      token_amount: 1043.482043831,
      amount: 0.235628409,
      usdBalance: 34.74919539747782,
      sp: 1
    },
    {
      timestamp: 1719859620,
      token_amount: 21165.084272299,
      amount: 4.8,
      usdBalance: 707.8778769324607,
      sp: -1
    },
    {
      timestamp: 1719859440,
      token_amount: 3.825241226,
      amount: 0.000867443,
      usdBalance: 0.12793094228034496,
      sp: 1
    },
    {
      timestamp: 1719859380,
      token_amount: 308.503239245,
      amount: 0.07,
      usdBalance: 10.311489937818962,
      sp: -1
    },
    {
      timestamp: 1719797100,
      token_amount: 78437.89982486,
      amount: 17,
      usdBalance: 2511.153169306503,
      sp: -1
    },
    {
      timestamp: 1719627060,
      token_amount: 33659.606481287,
      amount: 6,
      usdBalance: 849.3792157652736,
      sp: -1
    }
  ],
  MUMU: [
    {
      timestamp: 1719824040,
      token_amount: 281906.756656,
      amount: 0.035722523,
      usdBalance: 5.255980644150881,
      sp: 1
    },
    {
      timestamp: 1719823980,
      token_amount: 7817305.667922,
      amount: 1,
      usdBalance: 147.0300799296239,
      sp: -1
    },
    {
      timestamp: 1719820260,
      token_amount: 192464601.088734,
      amount: 25,
      usdBalance: 3705.01319342426,
      sp: -1
    }
  ],
  TRUMP: [
    {
      timestamp: 1719823860,
      token_amount: 0.12754218,
      amount: 0.005583151,
      usdBalance: 0.8217856930045477,
      sp: 1
    },
    {
      timestamp: 1719823800,
      token_amount: 500.12754218,
      amount: 22.12,
      usdBalance: 3254.0089118745677,
      sp: -1
    }
  ],
  HARAMBE: [
    {
      timestamp: 1719823260,
      token_amount: 95801.13876485,
      amount: 12.137243903,
      usdBalance: 1781.8319811741733,
      sp: 1
    },
    {
      timestamp: 1719820140,
      token_amount: 140683.962278402,
      amount: 18,
      usdBalance: 2670.449442800976,
      sp: -1
    },
    {
      timestamp: 1719816780,
      token_amount: 155117.176486448,
      amount: 20,
      usdBalance: 2955.5477825192274,
      sp: -1
    },
    {
      timestamp: 1719808080,
      token_amount: 55.141532598,
      amount: 0.006955818,
      usdBalance: 1.0274330087276586,
      sp: 1
    },
    {
      timestamp: 1719808080,
      token_amount: 3951.897980948,
      amount: 0.5,
      usdBalance: 73.85421877970776,
      sp: -1
    },
    {
      timestamp: 1719808020,
      token_amount: 33164.663799113,
      amount: 4.2,
      usdBalance: 620.4020844243432,
      sp: -1
    }
  ],
  lilpump: [
    {
      timestamp: 1719823200,
      token_amount: 2304.291175,
      amount: 0.037790479,
      usdBalance: 5.547152346077417,
      sp: 1
    },
    {
      timestamp: 1719823140,
      token_amount: 1002304.291175,
      amount: 16.25,
      usdBalance: 2392.484864478816,
      sp: -1
    }
  ],
  HERO: [
    {
      timestamp: 1719818460,
      token_amount: 150000,
      amount: 45.23489274,
      usdBalance: 6694.636575944396,
      sp: 1
    },
    {
      timestamp: 1719815520,
      token_amount: 25000,
      amount: 12.227082485,
      usdBalance: 1803.1054187259656,
      sp: 1
    },
    {
      timestamp: 1719811260,
      token_amount: 25000,
      amount: 9.789940243,
      usdBalance: 1450.1622738728213,
      sp: 1
    },
    {
      timestamp: 1719809940,
      token_amount: 50000,
      amount: 21.43405824,
      usdBalance: 3157.964330359307,
      sp: 1
    },
    {
      timestamp: 1719809100,
      token_amount: 50000,
      amount: 13.168689835,
      usdBalance: 1941.3160342236945,
      sp: 1
    },
    {
      timestamp: 1719808800,
      token_amount: 160980.475579488,
      amount: 28.246897415,
      usdBalance: 4168.128747416703,
      sp: 1
    }
  ],
  WETH: [
    {
      timestamp: 1719816720,
      token_amount: 1,
      amount: 23.549225692,
      usdBalance: 3480.0513584926753,
      sp: 1
    },
    {
      timestamp: 1719812820,
      token_amount: 0.65588315,
      amount: 15.427047005,
      usdBalance: 2283.272323954551,
      sp: 1
    },
    {
      timestamp: 1719812580,
      token_amount: 1.65588315,
      amount: 39,
      usdBalance: 5773.572116435506,
      sp: -1
    }
  ],
  OBLOCK: [
    {
      timestamp: 1719677700,
      token_amount: 438095.06545076,
      amount: 2.487970282,
      usdBalance: 353.1765370551514,
      sp: 1
    }
  ],
  JOEVER: [
    {
      timestamp: 1719626580,
      token_amount: 120134.089279265,
      amount: 6.400017604,
      usdBalance: 908.8407052994296,
      sp: 1
    },
    {
      timestamp: 1719607440,
      token_amount: 20134.089279265,
      amount: 1.11,
      usdBalance: 155.90519020223397,
      sp: -1
    },
    {
      timestamp: 1719555600,
      token_amount: 33.078067178,
      amount: 0.003297937,
      usdBalance: 0.47588418101191465,
      sp: 1
    },
    {
      timestamp: 1719555540,
      token_amount: 178.961569476,
      amount: 0.02,
      usdBalance: 2.8860841946660156,
      sp: -1
    },
    {
      timestamp: 1719555540,
      token_amount: 11854.116497702,
      amount: 1.24,
      usdBalance: 178.93722006929298,
      sp: -1
    },
    {
      timestamp: 1719554520,
      token_amount: 262.646437067,
      amount: 0.0359951,
      usdBalance: 5.188016784146891,
      sp: 1
    },
    {
      timestamp: 1719554520,
      token_amount: 38262.646437067,
      amount: 5,
      usdBalance: 720.6559759726866,
      sp: -1
    },
    {
      timestamp: 1719550620,
      token_amount: 25000,
      amount: 6.675905507,
      usdBalance: 974.8549654857308,
      sp: 1
    },
    {
      timestamp: 1719549420,
      token_amount: 779.067633635,
      amount: 0.169760879,
      usdBalance: 24.817854125094915,
      sp: 1
    }
  ],
  Sam: [
    {
      timestamp: 1719365520,
      token_amount: 4206022.021683,
      amount: 2.68097438,
      usdBalance: 368.49689522339304,
      sp: 1
    },
    {
      timestamp: 1719363360,
      token_amount: 1621997.83229,
      amount: 1,
      usdBalance: 136.59137295397738,
      sp: -1
    },
    {
      timestamp: 1719358200,
      token_amount: 803639.226546,
      amount: 1,
      usdBalance: 136.33685913813824,
      sp: -1
    },
    {
      timestamp: 1719356460,
      token_amount: 1780384.962847,
      amount: 2.94,
      usdBalance: 402.05154660518014,
      sp: -1
    }
  ],
  HAPPI: [
    {
      timestamp: 1719347160,
      token_amount: 778197.302337,
      amount: 5.018866336,
      usdBalance: 696.584138561081,
      sp: 1
    },
    {
      timestamp: 1718413020,
      token_amount: 27076.447603,
      amount: 0.127261579,
      usdBalance: 18.267634970147718,
      sp: 1
    }
  ]
}
{
  YIPPIE: -276.92403940774597,
  SIGMA: 270.7351514809384,
  LOCKIN: 62.440105666804605,
  CHINA: 484.9786882220718,
  WIF: 4019.2033605092847,
  Sigma: 945.7604350251056,
  USA: -27.506850446959746,
  WALTER: -594.9047954222035,
  FATGF: 884.6907056746194,
  USDC: 925.4926335644036,
  monk: -0.015149347422294568,
  Roger: 133.73041130822298,
  grass: 111.78821335340902,
  SHOENICE: -27.35144274314132,
  mini: 686.5739680308503,
  MANIFEST: 4410.709093417399,
  nub: 14.368331149623302,
  MUMU: -0.17082639889793416,
  TRUMP: -0.008049409759178894,
  HARAMBE: -31.634214018582725,
  lilpump: 0.04684489645376555,
  HERO: 19215.313380542888,
  WETH: -2297.117931078027,
  OBLOCK: 353.1765370551514,
  JOEVER: 343.3591347906013,
  Sam: -306.4828834739027,
  HAPPI: 714.8517735312287
}
Total Transaction: 110
Win Rate: 14.8% (4/27)
Total PnL: 30015.10$

Processing wallet (group 10): 
stdout: Processing wallet address: undefined
No more transactions available.
{}
{}
Total Transaction: 0
Win Rate: 0% (0/0)
Total PnL: 0.00$

Processing wallet (group 10): 
stdout: Processing wallet address: undefined
No more transactions available.
{}
{}
Total Transaction: 0
Win Rate: 0% (0/0)
Total PnL: 0.00$

Processing completed for group 10.

