stdout: Processing wallet (group 28): 5z6kaZ5Ekq8PXoTZ3TBueETUPDF8dGy9Le3huRCHAjkD
stdout: Processing wallet address: 5z6kaZ5Ekq8PXoTZ3TBueETUPDF8dGy9Le3huRCHAjkD
{
  DCA: [
    {
      timestamp: 1720820820,
      token_amount: 12993143.35288,
      amount: 0.847581236,
      usdBalance: 138.34210214445713,
      sp: 1
    },
    {
      timestamp: 1720819500,
      token_amount: 12993143.35288,
      amount: 5,
      usdBalance: 816.0993676390042,
      sp: -1
    }
  ],
  PLS: [
    {
      timestamp: 1720815000,
      token_amount: 14583356.197733,
      amount: 3.515350106,
      usdBalance: 573.7749997072613,
      sp: 1
    }
  ],
  frig: [
    {
      timestamp: 1720814220,
      token_amount: 9990914.189521,
      amount: 1.58120698,
      usdBalance: 258.0844032968759,
      sp: 1
    },
    {
      timestamp: 1720813380,
      token_amount: 9990914.189521,
      amount: 5,
      usdBalance: 816.0993676390042,
      sp: -1
    }
  ],
  WAGMI: [
    {
      timestamp: 1720799580,
      token_amount: 6942383.275277,
      amount: 4.859228076,
      usdBalance: 793.122592007459,
      sp: 1
    },
    {
      timestamp: 1720799460,
      token_amount: 6942383.275277,
      amount: 3.886054985,
      usdBalance: 634.28140317378,
      sp: 1
    },
    {
      timestamp: 1720799280,
      token_amount: 13884766.550554,
      amount: 4,
      usdBalance: 652.8794941112034,
      sp: -1
    }
  ],
  SAIKO: [
    {
      timestamp: 1720766280,
      token_amount: 5852866.724802,
      amount: 0.952600188,
      usdBalance: 155.4832822079193,
      sp: 1
    },
    {
      timestamp: 1720765620,
      token_amount: 5852866.724802,
      amount: 4,
      usdBalance: 652.8794941112034,
      sp: -1
    },
    {
      timestamp: 1720765560,
      token_amount: 5205397.768903,
      amount: 2.702440049,
      usdBalance: 441.0919230142439,
      sp: 1
    },
    {
      timestamp: 1720765320,
      token_amount: 5205397.768903,
      amount: 3,
      usdBalance: 489.65962058340256,
      sp: -1
    }
  ],
  MOG: [
    {
      timestamp: 1720760160,
      token_amount: 16217334.697202,
      amount: 2.98240774,
      usdBalance: 486.7882141311344,
      sp: 1
    },
    {
      timestamp: 1720759620,
      token_amount: 16217334.697202,
      amount: 5,
      usdBalance: 816.0993676390042,
      sp: -1
    }
  ],
  him: [
    {
      timestamp: 1720746540,
      token_amount: 33259593.286155,
      amount: 1.388932929,
      usdBalance: 226.70145700997801,
      sp: 1
    }
  ],
  '$DOLLY': [
    {
      timestamp: 1720746000,
      token_amount: 3600527.040027,
      amount: 1.717719739,
      usdBalance: 280.3659985557871,
      sp: 1
    },
    {
      timestamp: 1720743060,
      token_amount: 3600527.040027,
      amount: 5.671320864,
      usdBalance: 925.6722741576582,
      sp: 1
    },
    {
      timestamp: 1720742940,
      token_amount: 2400351.360018,
      amount: 3.947271828,
      usdBalance: 644.2732085460112,
      sp: 1
    },
    {
      timestamp: 1720742760,
      token_amount: 3200468.480023,
      amount: 3.883720379,
      usdBalance: 633.9003490777228,
      sp: 1
    },
    {
      timestamp: 1720742460,
      token_amount: 12801873.920095,
      amount: 6,
      usdBalance: 979.3192411668051,
      sp: -1
    }
  ],
  VPTRUMP: [
    {
      timestamp: 1720741800,
      token_amount: 13944952.884574,
      amount: 2.487969817,
      usdBalance: 406.08611887172583,
      sp: 1
    },
    {
      timestamp: 1720741680,
      token_amount: 13944952.884574,
      amount: 4,
      usdBalance: 652.8794941112034,
      sp: -1
    }
  ],
  WIF: [
    {
      timestamp: 1720731840,
      token_amount: 2292228.864615,
      amount: 5.8813496,
      usdBalance: 959.9531378847821,
      sp: 1
    },
    {
      timestamp: 1720731540,
      token_amount: 2292228.864614,
      amount: 6.627515891,
      usdBalance: 1081.7423055325103,
      sp: 1
    },
    {
      timestamp: 1720731000,
      token_amount: 4584457.729229,
      amount: 10,
      usdBalance: 1632.1987352780084,
      sp: -1
    }
  ],
  allin: [
    {
      timestamp: 1720731360,
      token_amount: 21185571.708155,
      amount: 1.015410378,
      usdBalance: 165.73515347597643,
      sp: 1
    },
    {
      timestamp: 1720730160,
      token_amount: 21185571.708155,
      amount: 4,
      usdBalance: 652.8794941112034,
      sp: -1
    }
  ],
  RT: [
    {
      timestamp: 1720727400,
      token_amount: 15015651.690689,
      amount: 2.506704683,
      usdBalance: 409.14402133080614,
      sp: 1
    },
    {
      timestamp: 1720727400,
      token_amount: 15015651.690689,
      amount: 2.506704683,
      usdBalance: 347.0833932093367,
      sp: 1
    },
    {
      timestamp: 1720726800,
      token_amount: 15015651.690689,
      amount: 4,
      usdBalance: 553.8480788154919,
      sp: -1
    }
  ],
  Ben: [
    {
      timestamp: 1720714200,
      token_amount: 9109826.296971,
      amount: 3.620243534,
      usdBalance: 501.2662315375268,
      sp: 1
    },
    {
      timestamp: 1720712220,
      token_amount: 9109826.296971,
      amount: 5,
      usdBalance: 692.3100985193649,
      sp: -1
    }
  ],
  THINGS: [
    {
      timestamp: 1720667820,
      token_amount: 1353260.847292,
      amount: 5.001124873,
      usdBalance: 704.1902466789223,
      sp: 1
    },
    {
      timestamp: 1720666740,
      token_amount: 1353260.847292,
      amount: 5.205048659,
      usdBalance: 737.8336098940591,
      sp: 1
    },
    {
      timestamp: 1720666680,
      token_amount: 902173.898194,
      amount: 3.367564435,
      usdBalance: 477.34003499622935,
      sp: 1
    },
    {
      timestamp: 1720665300,
      token_amount: 3608695.592778,
      amount: 8,
      usdBalance: 1139.3144122215117,
      sp: -1
    }
  ],
  Ascend: [
    {
      timestamp: 1720651500,
      token_amount: 7404026.098347,
      amount: 1.528188671,
      usdBalance: 216.2512430893797,
      sp: 1
    }
  ],
  FATARDIO: [
    {
      timestamp: 1720639260,
      token_amount: 5330184.769015,
      amount: 4.395480534,
      usdBalance: 618.9529574916021,
      sp: 1
    },
    {
      timestamp: 1720638840,
      token_amount: 5330184.769015,
      amount: 3.618203893,
      usdBalance: 508.3122118125446,
      sp: 1
    }
  ],
  Nan: [
    {
      timestamp: 1720577820,
      token_amount: 12949633.272025,
      amount: 2.672351699,
      usdBalance: 370.01921360261645,
      sp: 1
    }
  ],
  bussin: [
    {
      timestamp: 1720554120,
      token_amount: 7407000.003274,
      amount: 0.850864661,
      usdBalance: 117.8124394567112,
      sp: 1
    },
    {
      timestamp: 1720549320,
      token_amount: 7407000.003273,
      amount: 5.966174132,
      usdBalance: 826.0885202217213,
      sp: 1
    }
  ],
  FUD: [
    {
      timestamp: 1720504080,
      token_amount: 16272386.508426,
      amount: 3.519838649,
      usdBalance: 487.36396837229165,
      sp: 1
    }
  ],
  CHADDY: [
    {
      timestamp: 1720485540,
      token_amount: 12992860.887552,
      amount: 1.758250146,
      usdBalance: 243.80874583984567,
      sp: 1
    },
    {
      timestamp: 1720484880,
      token_amount: 12992860.887552,
      amount: 4,
      usdBalance: 553.9946777818978,
      sp: -1
    }
  ],
  MILK: [
    {
      timestamp: 1720485480,
      token_amount: 9792963.673927,
      amount: 1.971200925,
      usdBalance: 273.4478143519434,
      sp: 1
    },
    {
      timestamp: 1720484880,
      token_amount: 9792963.673927,
      amount: 5,
      usdBalance: 692.4933472273723,
      sp: -1
    }
  ],
  ber: [
    {
      timestamp: 1720418100,
      token_amount: 12794789.64701,
      amount: 3.692221277,
      usdBalance: 511.23241520703306,
      sp: 1
    },
    {
      timestamp: 1720418040,
      token_amount: 12794789.64701,
      amount: 4.069279291,
      usdBalance: 563.4406293710043,
      sp: 1
    },
    {
      timestamp: 1720414020,
      token_amount: 25589579.29402,
      amount: 6,
      usdBalance: 796.6117616092026,
      sp: -1
    }
  ],
  BUB: [
    {
      timestamp: 1720413240,
      token_amount: 7158641.875682,
      amount: 5.280507155,
      usdBalance: 698.0126981191977,
      sp: 1
    },
    {
      timestamp: 1720409040,
      token_amount: 7158641.875681,
      amount: 10.162587672,
      usdBalance: 1327.4052816403373,
      sp: 1
    }
  ],
  RAWDOG: [
    {
      timestamp: 1720393380,
      token_amount: 4585762.400798,
      amount: 11.34830682,
      usdBalance: 1512.4636280092438,
      sp: 1
    },
    {
      timestamp: 1720392600,
      token_amount: 7642937.334664,
      amount: 10,
      usdBalance: 1333.9890942049442,
      sp: -1
    },
    {
      timestamp: 1720389180,
      token_amount: 4075156.852192,
      amount: 19.315910188,
      usdBalance: 2602.6568939813505,
      sp: 1
    },
    {
      timestamp: 1720386600,
      token_amount: 4075156.852192,
      amount: 7.000124064,
      usdBalance: 951.5525954295534,
      sp: 1
    },
    {
      timestamp: 1720386300,
      token_amount: 2716771.234794,
      amount: 4.179974987,
      usdBalance: 570.3403725323548,
      sp: 1
    },
    {
      timestamp: 1720386180,
      token_amount: 10867084.939178,
      amount: 5,
      usdBalance: 683.1982305823032,
      sp: -1
    }
  ],
  Babby: [
    {
      timestamp: 1720362960,
      token_amount: 8117845.844178,
      amount: 7.350971602,
      usdBalance: 1004.6574183041165,
      sp: 1
    },
    {
      timestamp: 1720362480,
      token_amount: 8117845.844177,
      amount: 4.2927199,
      usdBalance: 585.6196305286358,
      sp: 1
    },
    {
      timestamp: 1720362060,
      token_amount: 16235691.688355,
      amount: 4,
      usdBalance: 543.1660217786837,
      sp: -1
    }
  ],
  LALA: [
    {
      timestamp: 1720320600,
      token_amount: 9324649.300808,
      amount: 3.000126418,
      usdBalance: 428.8788265998954,
      sp: 1
    },
    {
      timestamp: 1720319400,
      token_amount: 9324649.300808,
      amount: 3.666517234,
      usdBalance: 523.3249674135385,
      sp: 1
    }
  ],
  WOOSH: [
    {
      timestamp: 1720304100,
      token_amount: 10665239.711091,
      amount: 0.299613837,
      usdBalance: 43.00062200355886,
      sp: 1
    },
    {
      timestamp: 1720238100,
      token_amount: 10665239.71109,
      amount: 4.787437377,
      usdBalance: 644.4095252048189,
      sp: 1
    }
  ],
  '$YOLKED': [
    {
      timestamp: 1720303620,
      token_amount: 6611156.469306,
      amount: 4.662680953,
      usdBalance: 667.9805373642656,
      sp: 1
    },
    {
      timestamp: 1720302120,
      token_amount: 6611156.469306,
      amount: 9,
      usdBalance: 1288.3398658517795,
      sp: -1
    }
  ],
  MEOWDY: [
    {
      timestamp: 1720299000,
      token_amount: 13298924.255377,
      amount: 2.057008156,
      usdBalance: 292.7731754774215,
      sp: 1
    },
    {
      timestamp: 1720292340,
      token_amount: 13298924.255377,
      amount: 4.92957638,
      usdBalance: 682.5591018593069,
      sp: 1
    }
  ],
  FSHK: [
    {
      timestamp: 1720286460,
      token_amount: 19722651.20073,
      amount: 2.985379978,
      usdBalance: 425.9250989625618,
      sp: 1
    },
    {
      timestamp: 1720284900,
      token_amount: 4909072.380308,
      amount: 2,
      usdBalance: 285.3877475854306,
      sp: -1
    },
    {
      timestamp: 1720284780,
      token_amount: 14813578.820422,
      amount: 7,
      usdBalance: 997.5652797514784,
      sp: -1
    }
  ],
  LOCKIN: [
    {
      timestamp: 1720250160,
      token_amount: 30535488.616163,
      amount: 0.580028875,
      usdBalance: 79.44559000785034,
      sp: 1
    },
    {
      timestamp: 1720228980,
      token_amount: 10791535.834219,
      amount: 0.5,
      usdBalance: 67.21573399421955,
      sp: -1
    },
    {
      timestamp: 1720228440,
      token_amount: 12042220.363662,
      amount: 1,
      usdBalance: 134.69587751478812,
      sp: -1
    },
    {
      timestamp: 1720228200,
      token_amount: 7701732.418282,
      amount: 4,
      usdBalance: 538.5115426918419,
      sp: -1
    }
  ],
  PICHA: [
    {
      timestamp: 1720243500,
      token_amount: 5307486.520307,
      amount: 8.098999509,
      usdBalance: 1090.0429281222127,
      sp: 1
    },
    {
      timestamp: 1720242600,
      token_amount: 5307486.520307,
      amount: 4.991145929,
      usdBalance: 668.1881924780176,
      sp: 1
    },
    {
      timestamp: 1720242240,
      token_amount: 10614973.040614,
      amount: 4,
      usdBalance: 536.5486665511642,
      sp: -1
    }
  ],
  poccat: [
    {
      timestamp: 1720230000,
      token_amount: 13402484.242505,
      amount: 2.440107837,
      usdBalance: 327.4057450638349,
      sp: 1
    },
    {
      timestamp: 1720229820,
      token_amount: 6090710.339322,
      amount: 2,
      usdBalance: 268.52868157999075,
      sp: -1
    },
    {
      timestamp: 1720229520,
      token_amount: 7311773.903183,
      amount: 5,
      usdBalance: 671.4976253621727,
      sp: -1
    },
    {
      timestamp: 1720229100,
      token_amount: 14830471.755853,
      amount: 4.807230085,
      usdBalance: 647.1928212350517,
      sp: 1
    }
  ],
  MILLY: [
    {
      timestamp: 1720226100,
      token_amount: 1806376.093893,
      amount: 8.170517358,
      usdBalance: 1117.9090622339718,
      sp: 1
    },
    {
      timestamp: 1720225920,
      token_amount: 1806376.093893,
      amount: 8,
      usdBalance: 1088.9607983140252,
      sp: -1
    }
  ],
  DAGMI: [
    {
      timestamp: 1720218240,
      token_amount: 19613169.023724,
      amount: 3.180007357,
      usdBalance: 429.4032635536454,
      sp: 1
    },
    {
      timestamp: 1720217880,
      token_amount: 19613169.023724,
      amount: 3,
      usdBalance: 405.0597572114541,
      sp: -1
    }
  ],
  Peon: [
    {
      timestamp: 1720143840,
      token_amount: 4299154.867613,
      amount: 11.928540403,
      usdBalance: 1519.1542373848347,
      sp: 1
    },
    {
      timestamp: 1720137120,
      token_amount: 4299154.867613,
      amount: 15,
      usdBalance: 1917.36392849942,
      sp: -1
    },
    {
      timestamp: 1720120680,
      token_amount: 1509396.371932,
      amount: 20.706701409,
      usdBalance: 2784.1157264943963,
      sp: 1
    },
    {
      timestamp: 1720120680,
      token_amount: 1509396.371932,
      amount: 15,
      usdBalance: 2016.8222389716086,
      sp: -1
    }
  ],
  TIMMY: [
    {
      timestamp: 1720128480,
      token_amount: 11534747.288213,
      amount: 2.749209386,
      usdBalance: 371.4062098513161,
      sp: 1
    },
    {
      timestamp: 1720128060,
      token_amount: 11534747.288213,
      amount: 4,
      usdBalance: 541.2904225151756,
      sp: -1
    }
  ],
  LEEROY: [
    {
      timestamp: 1720120620,
      token_amount: 5728862.491093,
      amount: 5.867096144,
      usdBalance: 788.0351074875944,
      sp: 1
    },
    {
      timestamp: 1720120260,
      token_amount: 5728862.491093,
      amount: 7,
      usdBalance: 943.2792650158702,
      sp: -1
    },
    {
      timestamp: 1720118580,
      token_amount: 7401950.389565,
      amount: 2.100662088,
      usdBalance: 282.0970249712799,
      sp: 1
    },
    {
      timestamp: 1720118040,
      token_amount: 7401950.389565,
      amount: 5,
      usdBalance: 672.6890613058964,
      sp: -1
    },
    {
      timestamp: 1720116960,
      token_amount: 10972955.723193,
      amount: 3.510821914,
      usdBalance: 469.89649366114827,
      sp: 1
    }
  ],
  BAR: [
    {
      timestamp: 1720071300,
      token_amount: 8100710.21175,
      amount: 4.39399369,
      usdBalance: 599.0250584696073,
      sp: 1
    },
    {
      timestamp: 1720071180,
      token_amount: 8100710.21175,
      amount: 4.497601309,
      usdBalance: 612.9529493962685,
      sp: 1
    }
  ],
  heroine: [
    {
      timestamp: 1720060680,
      token_amount: 5267409.397244,
      amount: 0.179616428,
      usdBalance: 24.46766666080383,
      sp: 1
    },
    {
      timestamp: 1719810540,
      token_amount: 5267409.397244,
      amount: 6.111068524,
      usdBalance: 902.5602682077,
      sp: 1
    }
  ],
  mylo: [
    {
      timestamp: 1720060260,
      token_amount: 15595110.855988,
      amount: 0.87033409,
      usdBalance: 118.35521935976669,
      sp: 1
    },
    {
      timestamp: 1720053900,
      token_amount: 5198370.285329,
      amount: 5.92052918,
      usdBalance: 840.5778573402621,
      sp: 1
    },
    {
      timestamp: 1720053900,
      token_amount: 5198370.285329,
      amount: 5.92052918,
      usdBalance: 840.5778573402621,
      sp: 1
    }
  ],
  GRIND: [
    {
      timestamp: 1720057860,
      token_amount: 12189991.330915,
      amount: 0.313311639,
      usdBalance: 42.56986904540369,
      sp: 1
    },
    {
      timestamp: 1720054980,
      token_amount: 12189991.330915,
      amount: 4,
      usdBalance: 565.0884158547934,
      sp: -1
    }
  ],
  shrizz: [
    {
      timestamp: 1720053540,
      token_amount: 18189503.748153,
      amount: 7.918514021,
      usdBalance: 1127.2917345222827,
      sp: 1
    },
    {
      timestamp: 1720052040,
      token_amount: 18189503.748153,
      amount: 6,
      usdBalance: 849.5336880928514,
      sp: -1
    }
  ],
  WINNY: [
    {
      timestamp: 1720046580,
      token_amount: 7530615.413713,
      amount: 12.697345836,
      usdBalance: 1791.457457488266,
      sp: 1
    },
    {
      timestamp: 1720046220,
      token_amount: 7530615.413712,
      amount: 3.455846669,
      usdBalance: 486.62145272669113,
      sp: 1
    }
  ],
  coconut: [
    {
      timestamp: 1720045140,
      token_amount: 6180063.593668,
      amount: 8.385431226,
      usdBalance: 1182.251217401181,
      sp: 1
    },
    {
      timestamp: 1720042080,
      token_amount: 6180063.593668,
      amount: 8,
      usdBalance: 1119.4093480535369,
      sp: -1
    }
  ],
  BC: [
    {
      timestamp: 1720043520,
      token_amount: 2103376.579368,
      amount: 0.703614557,
      usdBalance: 99.36360848924929,
      sp: 1
    },
    {
      timestamp: 1719992160,
      token_amount: 6310129.738102,
      amount: 9.044375282,
      usdBalance: 1330.961126924017,
      sp: 1
    },
    {
      timestamp: 1719990240,
      token_amount: 8413506.31747,
      amount: 9,
      usdBalance: 1335.7359175104107,
      sp: -1
    }
  ],
  KIT: [
    {
      timestamp: 1719994440,
      token_amount: 14533989.497276,
      amount: 3.450471781,
      usdBalance: 502.0627743883561,
      sp: 1
    }
  ],
  QINGWA: [
    {
      timestamp: 1719978600,
      token_amount: 12625056.573195,
      amount: 6.778540665,
      usdBalance: 1018.0418726809658,
      sp: 1
    },
    {
      timestamp: 1719977820,
      token_amount: 12625056.573195,
      amount: 6,
      usdBalance: 904.0654591942243,
      sp: -1
    }
  ],
  BUNNI: [
    {
      timestamp: 1719975120,
      token_amount: 12446818.434806,
      amount: 6.06216349,
      usdBalance: 920.718511815797,
      sp: 1
    },
    {
      timestamp: 1719974820,
      token_amount: 12446818.434806,
      amount: 6,
      usdBalance: 910.8720514111963,
      sp: -1
    }
  ],
  ceily: [
    {
      timestamp: 1719974280,
      token_amount: 18379643.139709,
      amount: 1.705325334,
      usdBalance: 259.31288707405383,
      sp: 1
    },
    {
      timestamp: 1719973320,
      token_amount: 18379643.139709,
      amount: 4,
      usdBalance: 607.940836326585,
      sp: -1
    }
  ],
  kyun: [
    {
      timestamp: 1719968460,
      token_amount: 6031609.171403,
      amount: 3.115202316,
      usdBalance: 477.76760668722324,
      sp: 1
    },
    {
      timestamp: 1719967500,
      token_amount: 6031609.171403,
      amount: 5,
      usdBalance: 769.4730126647811,
      sp: -1
    }
  ],
  BILL: [
    {
      timestamp: 1719963840,
      token_amount: 12407308.440908,
      amount: 5.40251097,
      usdBalance: 831.790863915714,
      sp: 1
    },
    {
      timestamp: 1719963000,
      token_amount: 12407308.440908,
      amount: 5,
      usdBalance: 771.7668937333815,
      sp: -1
    }
  ],
  JEFF: [
    {
      timestamp: 1719962340,
      token_amount: 6466257.155781,
      amount: 1.377323919,
      usdBalance: 213.06285902357516,
      sp: 1
    },
    {
      timestamp: 1719962160,
      token_amount: 6466257.155781,
      amount: 5,
      usdBalance: 772.7107339585286,
      sp: -1
    }
  ],
  Warren: [
    {
      timestamp: 1719810420,
      token_amount: 6098425.598984,
      amount: 4.620713436,
      usdBalance: 682.3560316064182,
      sp: 1
    },
    {
      timestamp: 1719810060,
      token_amount: 6098425.598984,
      amount: 7.109486208,
      usdBalance: 1049.001121209591,
      sp: 1
    },
    {
      timestamp: 1719809520,
      token_amount: 12196851.197968,
      amount: 5,
      usdBalance: 735.6509391116501,
      sp: -1
    }
  ],
  JONATHAN: [
    {
      timestamp: 1719783240,
      token_amount: 23741580.858339,
      amount: 1.48551129,
      usdBalance: 214.16095203045478,
      sp: 1
    },
    {
      timestamp: 1719783060,
      token_amount: 23741580.858339,
      amount: 2,
      usdBalance: 288.63018279673173,
      sp: -1
    }
  ],
  TURD: [
    {
      timestamp: 1719779460,
      token_amount: 6312635.380725,
      amount: 4.778696571,
      usdBalance: 694.594874255062,
      sp: 1
    },
    {
      timestamp: 1719779340,
      token_amount: 6312635.380725,
      amount: 5,
      usdBalance: 726.8075864014485,
      sp: -1
    }
  ],
  Pretty: [
    {
      timestamp: 1719714960,
      token_amount: 12560102.407857,
      amount: 4.931402419,
      usdBalance: 685.1471629054458,
      sp: 1
    }
  ],
  BOOBA: [
    {
      timestamp: 1719712860,
      token_amount: 3524429.316754,
      amount: 0.109636256,
      usdBalance: 15.335412643811448,
      sp: 1
    }
  ],
  DIF: [
    {
      timestamp: 1719712860,
      token_amount: 13432263.019155,
      amount: 0.263583178,
      usdBalance: 36.868796400683394,
      sp: 1
    }
  ],
  '$dib': [
    {
      timestamp: 1719712860,
      token_amount: 29130686.791896,
      amount: 0.540856825,
      usdBalance: 75.6525523144161,
      sp: 1
    },
    {
      timestamp: 1718590320,
      token_amount: 9710228.930631,
      amount: 4.32555057,
      usdBalance: 642.3672515718434,
      sp: 1
    }
  ],
  WILLY: [
    {
      timestamp: 1719712800,
      token_amount: 7187314.819031,
      amount: 0.183530598,
      usdBalance: 25.673884648116132,
      sp: 1
    },
    {
      timestamp: 1719691380,
      token_amount: 7187314.81903,
      amount: 6.273109729,
      usdBalance: 886.5771472157869,
      sp: 1
    }
  ],
  MOON: [
    {
      timestamp: 1719637680,
      token_amount: 26999644.133492,
      amount: 0.865320378,
      usdBalance: 122.12516963145366,
      sp: 1
    },
    {
      timestamp: 1719634920,
      token_amount: 14163006.715798,
      amount: 1,
      usdBalance: 141.19364983791988,
      sp: -1
    },
    {
      timestamp: 1719634380,
      token_amount: 12836637.417694,
      amount: 3,
      usdBalance: 424.40300590635206,
      sp: -1
    }
  ],
  capoo: [
    {
      timestamp: 1719612720,
      token_amount: 47236629.914373,
      amount: 1.287461851,
      usdBalance: 180.3127403813733,
      sp: 1
    },
    {
      timestamp: 1719612660,
      token_amount: 47236629.914373,
      amount: 2,
      usdBalance: 280.120629165696,
      sp: -1
    }
  ],
  SPOON: [
    {
      timestamp: 1719612240,
      token_amount: 3409451.945241,
      amount: 1,
      usdBalance: 140.23653451050708,
      sp: -1
    }
  ],
  DANNY: [
    {
      timestamp: 1719550740,
      token_amount: 2854260.759976,
      amount: 13.823111234,
      usdBalance: 2018.0118450986192,
      sp: 1
    },
    {
      timestamp: 1719104220,
      token_amount: 2854260.759975,
      amount: 16.220926607,
      usdBalance: 2181.6398688583927,
      sp: 1
    },
    {
      timestamp: 1719099900,
      token_amount: 5708521.519951,
      amount: 6.839750199,
      usdBalance: 912.588093937082,
      sp: 1
    },
    {
      timestamp: 1719099360,
      token_amount: 11417043.039902,
      amount: 7,
      usdBalance: 933.6035891346364,
      sp: -1
    }
  ],
  USACTO: [
    {
      timestamp: 1719544740,
      token_amount: 1668093.43495,
      amount: 9.595841356,
      usdBalance: 1410.2983800897648,
      sp: 1
    },
    {
      timestamp: 1719544260,
      token_amount: 1668093.43495,
      amount: 5,
      usdBalance: 735.7045564848374,
      sp: -1
    }
  ],
  moonie: [
    {
      timestamp: 1719535320,
      token_amount: 17168511.889381,
      amount: 4.23380608,
      usdBalance: 625.8785671995328,
      sp: 1
    },
    {
      timestamp: 1719535200,
      token_amount: 17168511.889381,
      amount: 5,
      usdBalance: 739.2690380127455,
      sp: -1
    }
  ],
  POLLY: [
    {
      timestamp: 1719528720,
      token_amount: 11452865.575472,
      amount: 3.097250464,
      usdBalance: 463.1964900851866,
      sp: 1
    },
    {
      timestamp: 1719528660,
      token_amount: 11452865.575472,
      amount: 3,
      usdBalance: 448.9154056415407,
      sp: -1
    }
  ],
  BEAR: [
    {
      timestamp: 1719476040,
      token_amount: 7241192.907304,
      amount: 2.058659349,
      usdBalance: 279.69941521357833,
      sp: 1
    }
  ],
  TRUTH: [
    {
      timestamp: 1719468720,
      token_amount: 2666897.464427,
      amount: 3.782104876,
      usdBalance: 514.3362453781424,
      sp: 1
    },
    {
      timestamp: 1719468720,
      token_amount: 2666897.464427,
      amount: 3,
      usdBalance: 407.9761896413438,
      sp: -1
    }
  ],
  BFG: [
    {
      timestamp: 1719445320,
      token_amount: 15833009.006756,
      amount: 1.544259822,
      usdBalance: 211.08529689335128,
      sp: 1
    },
    {
      timestamp: 1719444540,
      token_amount: 12109273.305773,
      amount: 1,
      usdBalance: 136.88077214620043,
      sp: -1
    },
    {
      timestamp: 1719440880,
      token_amount: 11171207.102946,
      amount: 5.955799978,
      usdBalance: 820.910396777899,
      sp: 1
    }
  ],
  FROGE: [
    {
      timestamp: 1719441780,
      token_amount: 15052650.414029,
      amount: 5.211168152,
      usdBalance: 715.3888753506892,
      sp: 1
    },
    {
      timestamp: 1719441420,
      token_amount: 15052650.414029,
      amount: 5,
      usdBalance: 687.2910143018538,
      sp: -1
    },
    {
      timestamp: 1719440640,
      token_amount: 10365625.404269,
      amount: 4.22952643,
      usdBalance: 584.2832892026822,
      sp: 1
    }
  ],
  NEKO: [
    {
      timestamp: 1719380820,
      token_amount: 24695215.876879,
      amount: 1.852955169,
      usdBalance: 253.7290773449489,
      sp: 1
    },
    {
      timestamp: 1719380760,
      token_amount: 24695215.876879,
      amount: 3.495438117,
      usdBalance: 478.62442165951103,
      sp: 1
    },
    {
      timestamp: 1719380580,
      token_amount: 49390431.753758,
      amount: 3,
      usdBalance: 410.8265001264813,
      sp: -1
    }
  ],
  Noramyako: [
    {
      timestamp: 1719379860,
      token_amount: 8732426.637392,
      amount: 3.558001609,
      usdBalance: 485.91935280444653,
      sp: 1
    },
    {
      timestamp: 1719378720,
      token_amount: 8732426.637392,
      amount: 5,
      usdBalance: 685.602057358056,
      sp: -1
    }
  ],
  MICHAEL: [
    {
      timestamp: 1719370980,
      token_amount: 9238615.953839,
      amount: 1.40432766,
      usdBalance: 195.11479148388548,
      sp: 1
    },
    {
      timestamp: 1719370620,
      token_amount: 9238615.953839,
      amount: 5,
      usdBalance: 694.1724640236364,
      sp: -1
    }
  ],
  TONGUE: [
    {
      timestamp: 1719358260,
      token_amount: 9352493.70779,
      amount: 5.436792691,
      usdBalance: 741.4640235382668,
      sp: 1
    },
    {
      timestamp: 1719358080,
      token_amount: 3916071.204459,
      amount: 3,
      usdBalance: 408.6166397459115,
      sp: -1
    }
  ],
  KEY: [
    {
      timestamp: 1719295080,
      token_amount: 7375576.645056,
      amount: 4.585134509,
      usdBalance: 622.2248856995385,
      sp: 1
    }
  ],
  COPE: [
    {
      timestamp: 1719279480,
      token_amount: 3235892.142215,
      amount: 5.391436516,
      usdBalance: 708.4543094758441,
      sp: 1
    },
    {
      timestamp: 1719279360,
      token_amount: 3235892.142215,
      amount: 5,
      usdBalance: 656.8789597327982,
      sp: -1
    }
  ],
  IANEPO: [
    {
      timestamp: 1719276600,
      token_amount: 18509094.159722,
      amount: 1.928027627,
      usdBalance: 255.192899557942,
      sp: 1
    }
  ],
  PTSD: [
    {
      timestamp: 1719275760,
      token_amount: 11258222.40498,
      amount: 4,
      usdBalance: 528.1730087892078,
      sp: -1
    }
  ],
  PANCHO: [
    {
      timestamp: 1719126180,
      token_amount: 13569203.592174,
      amount: 4.103652124,
      usdBalance: 551.3766308048092,
      sp: 1
    },
    {
      timestamp: 1719124860,
      token_amount: 13569203.592174,
      amount: 4,
      usdBalance: 537.7153349203542,
      sp: -1
    }
  ],
  BIZ: [
    {
      timestamp: 1719103980,
      token_amount: 5929922.571504,
      amount: 5.716783764,
      usdBalance: 769.0704063305305,
      sp: 1
    },
    {
      timestamp: 1719102180,
      token_amount: 5929922.571504,
      amount: 11.376712076,
      usdBalance: 1528.5130143917984,
      sp: 1
    },
    {
      timestamp: 1719101820,
      token_amount: 3953281.714336,
      amount: 5.714936848,
      usdBalance: 767.0136187248381,
      sp: 1
    },
    {
      timestamp: 1719101700,
      token_amount: 5271042.285781,
      amount: 7.347854397,
      usdBalance: 984.7614634566072,
      sp: 1
    },
    {
      timestamp: 1719101160,
      token_amount: 4517542.709609,
      amount: 2,
      usdBalance: 267.2182268046143,
      sp: -1
    },
    {
      timestamp: 1719101160,
      token_amount: 8105571.149832,
      amount: 2,
      usdBalance: 267.2182268046143,
      sp: -1
    },
    {
      timestamp: 1719101040,
      token_amount: 8461055.283684,
      amount: 5,
      usdBalance: 668.5480396234843,
      sp: -1
    }
  ],
  EMILIO: [
    {
      timestamp: 1719095280,
      token_amount: 20574460.31882,
      amount: 1.845329183,
      usdBalance: 247.58405084321484,
      sp: 1
    },
    {
      timestamp: 1719094860,
      token_amount: 20574460.31882,
      amount: 3,
      usdBalance: 402.56263924527434,
      sp: -1
    }
  ],
  ALWAYS: [
    {
      timestamp: 1719077160,
      token_amount: 15968499.570575,
      amount: 4.384799014,
      usdBalance: 588.5120638194892,
      sp: 1
    }
  ],
  Vibe: [
    {
      timestamp: 1719072180,
      token_amount: 17190906.276114,
      amount: 1.200020104,
      usdBalance: 161.20826658832743,
      sp: 1
    },
    {
      timestamp: 1719071520,
      token_amount: 17190906.276114,
      amount: 3,
      usdBalance: 403.2933227667595,
      sp: -1
    }
  ],
  KITTY: [
    {
      timestamp: 1719040020,
      token_amount: 14506406.995008,
      amount: 4.112422819,
      usdBalance: 555.6074511119143,
      sp: 1
    },
    {
      timestamp: 1719039780,
      token_amount: 14506406.995008,
      amount: 5,
      usdBalance: 676.7746048920543,
      sp: -1
    }
  ],
  '$BERT': [
    {
      timestamp: 1719032640,
      token_amount: 11898776.811101,
      amount: 5.590358172,
      usdBalance: 755.6550969769273,
      sp: 1
    },
    {
      timestamp: 1719028800,
      token_amount: 11898776.811101,
      amount: 7.908840695,
      usdBalance: 1068.8869115883033,
      sp: 1
    }
  ],
  YO: [
    {
      timestamp: 1719027780,
      token_amount: 28468551.875702,
      amount: 2.220155578,
      usdBalance: 299.6296189022261,
      sp: 1
    },
    {
      timestamp: 1719021780,
      token_amount: 28468551.875702,
      amount: 5,
      usdBalance: 668.7313535580826,
      sp: -1
    },
    {
      timestamp: 1719020820,
      token_amount: 11126982.311401,
      amount: 5.378215138,
      usdBalance: 719.8196340624514,
      sp: 1
    }
  ],
  BLUBBY: [
    {
      timestamp: 1719019200,
      token_amount: 10881222.815492,
      amount: 9.695521411,
      usdBalance: 1296.790321105349,
      sp: 1
    },
    {
      timestamp: 1719019080,
      token_amount: 4514684.603988,
      amount: 4,
      usdBalance: 535.3015003125803,
      sp: -1
    },
    {
      timestamp: 1719017880,
      token_amount: 6366538.211504,
      amount: 10,
      usdBalance: 1334.130533514498,
      sp: -1
    }
  ],
  Chinu: [
    {
      timestamp: 1719014040,
      token_amount: 11244032.352747,
      amount: 1.251132388,
      usdBalance: 168.27786180884146,
      sp: 1
    }
  ],
  SUS: [
    {
      timestamp: 1718953260,
      token_amount: 15014652.104923,
      amount: 2.595698469,
      usdBalance: 344.5735344050658,
      sp: 1
    },
    {
      timestamp: 1718952600,
      token_amount: 5936834.063112,
      amount: 2,
      usdBalance: 264.1044995409525,
      sp: -1
    },
    {
      timestamp: 1718951760,
      token_amount: 9077818.041811,
      amount: 6,
      usdBalance: 795.2621011660665,
      sp: -1
    }
  ],
  FHP: [
    {
      timestamp: 1718950740,
      token_amount: 2152389.361245,
      amount: 5.985507098,
      usdBalance: 794.1836951273826,
      sp: 1
    },
    {
      timestamp: 1718948040,
      token_amount: 2152389.361245,
      amount: 4.254171864,
      usdBalance: 564.8833692104104,
      sp: 1
    },
    {
      timestamp: 1718946960,
      token_amount: 4304778.72249,
      amount: 2,
      usdBalance: 264.4479014830524,
      sp: -1
    }
  ],
  KING: [
    {
      timestamp: 1718915760,
      token_amount: 6778306.437096,
      amount: 5,
      usdBalance: 668.2104579567159,
      sp: -1
    }
  ],
  PAGER: [
    {
      timestamp: 1718872200,
      token_amount: 12629119.195284,
      amount: 6.615173498,
      usdBalance: 905.5348213581522,
      sp: 1
    },
    {
      timestamp: 1718871660,
      token_amount: 12629119.195284,
      amount: 5,
      usdBalance: 685.6708723363643,
      sp: -1
    }
  ],
  POGBY: [
    {
      timestamp: 1718859840,
      token_amount: 27293034.689122,
      amount: 2.436768318,
      usdBalance: 328.0629069703156,
      sp: 1
    },
    {
      timestamp: 1718859720,
      token_amount: 17007949.303518,
      amount: 2,
      usdBalance: 268.7483287846838,
      sp: -1
    }
  ],
  nomnom: [
    {
      timestamp: 1718848380,
      token_amount: 9904374.76079,
      amount: 11.881945942,
      usdBalance: 1603.3853105770133,
      sp: 1
    },
    {
      timestamp: 1718838900,
      token_amount: 9904374.760789,
      amount: 7.996735786,
      usdBalance: 1083.0449025675591,
      sp: 1
    },
    {
      timestamp: 1718832480,
      token_amount: 4729033.383572,
      amount: 1,
      usdBalance: 135.41357181464704,
      sp: -1
    },
    {
      timestamp: 1718832420,
      token_amount: 15079716.138007,
      amount: 5,
      usdBalance: 676.3004519240671,
      sp: -1
    },
    {
      timestamp: 1718832300,
      token_amount: 22651059.409023,
      amount: 6.234290226,
      usdBalance: 842.1945816243355,
      sp: 1
    }
  ],
  CHEESE: [
    {
      timestamp: 1718826120,
      token_amount: 12807692.402655,
      amount: 2.991378929,
      usdBalance: 406.9849915101684,
      sp: 1
    },
    {
      timestamp: 1718825340,
      token_amount: 12807692.402655,
      amount: 3,
      usdBalance: 407.78110068777266,
      sp: -1
    }
  ],
  ok: [
    {
      timestamp: 1718775960,
      token_amount: 9226098.586583,
      amount: 3.236671044,
      usdBalance: 453.7819722988258,
      sp: 1
    },
    {
      timestamp: 1718775540,
      token_amount: 9226098.586583,
      amount: 4,
      usdBalance: 562.0250596670784,
      sp: -1
    }
  ],
  NIGGA: [
    {
      timestamp: 1718772780,
      token_amount: 21147793.21912,
      amount: 4.184912541,
      usdBalance: 587.1358247173525,
      sp: 1
    },
    {
      timestamp: 1718772120,
      token_amount: 8520114.799546,
      amount: 3,
      usdBalance: 420.6686042950266,
      sp: -1
    },
    {
      timestamp: 1718771160,
      token_amount: 6581109.610021,
      amount: 5,
      usdBalance: 701.9213749394386,
      sp: -1
    },
    {
      timestamp: 1718771100,
      token_amount: 6046568.809553,
      amount: 10,
      usdBalance: 1403.8483223041567,
      sp: -1
    }
  ],
  PEEP: [
    {
      timestamp: 1718767200,
      token_amount: 9028097.600894,
      amount: 10.702058747,
      usdBalance: 1494.9794618909405,
      sp: 1
    },
    {
      timestamp: 1718766600,
      token_amount: 9028097.600894,
      amount: 10,
      usdBalance: 1394.7962095408493,
      sp: -1
    }
  ],
  Michiko: [
    {
      timestamp: 1718766300,
      token_amount: 7494721.488152,
      amount: 4.023013112,
      usdBalance: 561.000428770223,
      sp: 1
    },
    {
      timestamp: 1718765940,
      token_amount: 7494721.488151,
      amount: 8.801998737,
      usdBalance: 1223.8990584635678,
      sp: 1
    },
    {
      timestamp: 1718765340,
      token_amount: 4996480.9921,
      amount: 6.574409311,
      usdBalance: 912.5132236974086,
      sp: 1
    },
    {
      timestamp: 1718764500,
      token_amount: 7349324.809662,
      amount: 2,
      usdBalance: 277.70104821169946,
      sp: -1
    },
    {
      timestamp: 1718764440,
      token_amount: 12636599.158741,
      amount: 8,
      usdBalance: 1112.5676566902448,
      sp: -1
    }
  ],
  schizo: [
    {
      timestamp: 1718760840,
      token_amount: 13042324.974119,
      amount: 6.219242267,
      usdBalance: 860.3585941798485,
      sp: 1
    },
    {
      timestamp: 1718760060,
      token_amount: 13042324.974119,
      amount: 5,
      usdBalance: 695.4187853960111,
      sp: -1
    }
  ],
  BREAD: [
    {
      timestamp: 1718755680,
      token_amount: 13092421.065183,
      amount: 3.659739664,
      usdBalance: 503.03828414837426,
      sp: 1
    }
  ],
  PAWTUS: [
    {
      timestamp: 1718755080,
      token_amount: 3958845.337112,
      amount: 4.874842,
      usdBalance: 669.6446397227934,
      sp: 1
    },
    {
      timestamp: 1718727000,
      token_amount: 3958845.337112,
      amount: 10,
      usdBalance: 1352.8857439294707,
      sp: -1
    }
  ],
  GOD: [
    {
      timestamp: 1718754900,
      token_amount: 7917304.690909,
      amount: 1.018204882,
      usdBalance: 140.02215813701878,
      sp: 1
    },
    {
      timestamp: 1718753760,
      token_amount: 7917304.690909,
      amount: 4.959695639,
      usdBalance: 678.0536312073363,
      sp: 1
    }
  ],
  VOYAGE: [
    {
      timestamp: 1718752140,
      token_amount: 26579209.362889,
      amount: 2.873092563,
      usdBalance: 392.80732024283657,
      sp: 1
    },
    {
      timestamp: 1718752020,
      token_amount: 26579209.362889,
      amount: 5,
      usdBalance: 683.7388738661311,
      sp: -1
    }
  ],
  OVER: [
    {
      timestamp: 1718682420,
      token_amount: 9121789.387417,
      amount: 3.446284052,
      usdBalance: 466.56515530450713,
      sp: 1
    },
    {
      timestamp: 1718681100,
      token_amount: 9121789.387417,
      amount: 3.899119512,
      usdBalance: 523.2661417668703,
      sp: 1
    },
    {
      timestamp: 1718680260,
      token_amount: 9565986.426654,
      amount: 2,
      usdBalance: 267.82723581982543,
      sp: -1
    },
    {
      timestamp: 1718680260,
      token_amount: 8677592.34818,
      amount: 2,
      usdBalance: 267.82723581982543,
      sp: -1
    }
  ],
  GS: [
    {
      timestamp: 1718654520,
      token_amount: 18215864.182649,
      amount: 3.851733032,
      usdBalance: 554.2839636291679,
      sp: 1
    }
  ],
  LILLY: [
    {
      timestamp: 1718653620,
      token_amount: 10978249.231142,
      amount: 1.608916174,
      usdBalance: 232.78485718750707,
      sp: 1
    }
  ],
  DILLY: [
    {
      timestamp: 1718652360,
      token_amount: 14253434.058672,
      amount: 5.016353205,
      usdBalance: 730.3357047860753,
      sp: 1
    }
  ],
  kilo: [
    {
      timestamp: 1718651640,
      token_amount: 10202533.275839,
      amount: 4.741522187,
      usdBalance: 690.3227306461491,
      sp: 1
    },
    {
      timestamp: 1718650980,
      token_amount: 10202533.275838,
      amount: 4.035670312,
      usdBalance: 588.8931687250436,
      sp: 1
    }
  ],
  willy: [
    {
      timestamp: 1718651580,
      token_amount: 8696485.911046,
      amount: 2.956506246,
      usdBalance: 430.5766342167522,
      sp: 1
    },
    {
      timestamp: 1718651340,
      token_amount: 8696485.911046,
      amount: 8,
      usdBalance: 1165.3302544952653,
      sp: -1
    }
  ],
  VASE: [
    {
      timestamp: 1718610060,
      token_amount: 20132258.184312,
      amount: 5.944429771,
      usdBalance: 872.3196692546084,
      sp: 1
    },
    {
      timestamp: 1718609880,
      token_amount: 6460367.652535,
      amount: 2,
      usdBalance: 293.8490805220651,
      sp: -1
    },
    {
      timestamp: 1718609700,
      token_amount: 13671890.531777,
      amount: 7,
      usdBalance: 1028.3011325269406,
      sp: -1
    }
  ],
  DOXCAT: [
    {
      timestamp: 1718602560,
      token_amount: 10443438.117236,
      amount: 7.745664806,
      usdBalance: 1150.961495032836,
      sp: 1
    },
    {
      timestamp: 1718601600,
      token_amount: 2463038.374772,
      amount: 2,
      usdBalance: 297.5599305692497,
      sp: -1
    },
    {
      timestamp: 1718601300,
      token_amount: 3786266.703589,
      amount: 5,
      usdBalance: 743.2866924565981,
      sp: -1
    },
    {
      timestamp: 1718601180,
      token_amount: 4194133.038875,
      amount: 5,
      usdBalance: 743.5355630230381,
      sp: -1
    }
  ],
  HT: [
    {
      timestamp: 1718600280,
      token_amount: 2101193.94366,
      amount: 7.33654103,
      usdBalance: 1088.629492501624,
      sp: 1
    },
    {
      timestamp: 1718600040,
      token_amount: 2101193.94366,
      amount: 10,
      usdBalance: 1482.657753643989,
      sp: -1
    }
  ],
  Test: [
    {
      timestamp: 1718594220,
      token_amount: 12392431.520157,
      amount: 2.538903374,
      usdBalance: 375.85327119845596,
      sp: 1
    }
  ],
  MEEMI: [
    {
      timestamp: 1718583480,
      token_amount: 8530759.539127,
      amount: 4.899594261,
      usdBalance: 738.0202947656536,
      sp: 1
    },
    {
      timestamp: 1718583180,
      token_amount: 8530759.539127,
      amount: 6.393803962,
      usdBalance: 963.5229172066247,
      sp: 1
    }
  ],
  RETODD: [
    {
      timestamp: 1718520480,
      token_amount: 20189036.702289,
      amount: 4.531148242,
      usdBalance: 654.7119670776926,
      sp: 1
    },
    {
      timestamp: 1718520360,
      token_amount: 20189036.702289,
      amount: 5,
      usdBalance: 721.1711471712708,
      sp: -1
    }
  ],
  Deadass: [
    {
      timestamp: 1718510040,
      token_amount: 20623129.288447,
      amount: 5.613765098,
      usdBalance: 808.7211036671494,
      sp: 1
    },
    {
      timestamp: 1718509800,
      token_amount: 20623129.288447,
      amount: 5,
      usdBalance: 720.3766446123873,
      sp: -1
    }
  ],
  ZOOM: [
    {
      timestamp: 1718502000,
      token_amount: 7836224.149186,
      amount: 7.817739231,
      usdBalance: 1129.6820667755323,
      sp: 1
    },
    {
      timestamp: 1718501280,
      token_amount: 4695571.631653,
      amount: 5,
      usdBalance: 723.4282840067281,
      sp: -1
    },
    {
      timestamp: 1718500140,
      token_amount: 3140652.517533,
      amount: 5,
      usdBalance: 723.3547210867977,
      sp: -1
    },
    {
      timestamp: 1718496420,
      token_amount: 6505225.979969,
      amount: 9.054472461,
      usdBalance: 1316.709895866309,
      sp: 1
    },
    {
      timestamp: 1718495820,
      token_amount: 1996693.210226,
      amount: 2,
      usdBalance: 290.9252192144574,
      sp: -1
    },
    {
      timestamp: 1718495820,
      token_amount: 4508532.769743,
      amount: 5,
      usdBalance: 727.3130480361435,
      sp: -1
    },
    {
      timestamp: 1718495340,
      token_amount: 13080020.095306,
      amount: 9.453099688,
      usdBalance: 1373.1441847591261,
      sp: 1
    },
    {
      timestamp: 1718495160,
      token_amount: 13080020.095306,
      amount: 10,
      usdBalance: 1452.6704057711981,
      sp: -1
    }
  ],
  SPANDA: [
    {
      timestamp: 1718501220,
      token_amount: 12415733.809534,
      amount: 3.192890885,
      usdBalance: 461.8529987383915,
      sp: 1
    }
  ],
  WUDS: [
    {
      timestamp: 1718492040,
      token_amount: 9374058.730418,
      amount: 2.614811535,
      usdBalance: 379.8106366059729,
      sp: 1
    },
    {
      timestamp: 1718491740,
      token_amount: 9374058.730418,
      amount: 5,
      usdBalance: 725.9549934802267,
      sp: -1
    }
  ],
  Groupie: [
    {
      timestamp: 1718489160,
      token_amount: 7824209.307766,
      amount: 4.970504147,
      usdBalance: 719.5836016778381,
      sp: 1
    },
    {
      timestamp: 1718484180,
      token_amount: 3666081.155708,
      amount: 5,
      usdBalance: 721.7719415248325,
      sp: -1
    },
    {
      timestamp: 1718483700,
      token_amount: 4158128.152058,
      amount: 5,
      usdBalance: 723.1214914229674,
      sp: -1
    }
  ],
  FMI: [
    {
      timestamp: 1718484120,
      token_amount: 15717068.596947,
      amount: 4.240735411,
      usdBalance: 612.5160632233703,
      sp: 1
    },
    {
      timestamp: 1718483520,
      token_amount: 15717068.596947,
      amount: 4,
      usdBalance: 577.6928461193637,
      sp: -1
    }
  ],
  WII: [
    {
      timestamp: 1718481060,
      token_amount: 9635747.948632,
      amount: 5.153225705,
      usdBalance: 744.8369280289711,
      sp: 1
    },
    {
      timestamp: 1718480640,
      token_amount: 5383896.198062,
      amount: 3,
      usdBalance: 433.50016602035737,
      sp: -1
    },
    {
      timestamp: 1718480160,
      token_amount: 4251851.75057,
      amount: 5,
      usdBalance: 723.6265853056558,
      sp: -1
    }
  ],
  MOMMY: [
    {
      timestamp: 1718472060,
      token_amount: 35266694.882144,
      amount: 2.883744442,
      usdBalance: 418.5124703560497,
      sp: 1
    },
    {
      timestamp: 1718471880,
      token_amount: 22088758.102753,
      amount: 1,
      usdBalance: 144.88682280413767,
      sp: -1
    },
    {
      timestamp: 1718471880,
      token_amount: 13177936.779391,
      amount: 5,
      usdBalance: 724.4341140206883,
      sp: -1
    }
  ],
  '$PAIN': [
    {
      timestamp: 1718466780,
      token_amount: 10457964.388639,
      amount: 1,
      usdBalance: 145.11074096620155,
      sp: -1
    },
    {
      timestamp: 1718429580,
      token_amount: 1962726.838801,
      amount: 2.522731024,
      usdBalance: 365.8006890844861,
      sp: 1
    },
    {
      timestamp: 1718428860,
      token_amount: 7850907.355204,
      amount: 5,
      usdBalance: 725.8667246738075,
      sp: -1
    }
  ],
  bleo: [
    {
      timestamp: 1718433960,
      token_amount: 5854862.036379,
      amount: 8.782081379,
      usdBalance: 1268.7667629368793,
      sp: 1
    },
    {
      timestamp: 1718432160,
      token_amount: 5854862.036378,
      amount: 8.104847479,
      usdBalance: 1175.911427775463,
      sp: 1
    },
    {
      timestamp: 1718431200,
      token_amount: 11709724.072757,
      amount: 9.295675083,
      usdBalance: 1346.9472591166798,
      sp: 1
    }
  ],
  FAHSJ: [
    {
      timestamp: 1718428380,
      token_amount: 4394395.867621,
      amount: 8.573377407,
      usdBalance: 1243.3474302820966,
      sp: 1
    },
    {
      timestamp: 1718425260,
      token_amount: 4394395.86762,
      amount: 7.801164023,
      usdBalance: 1127.3649945419988,
      sp: 1
    },
    {
      timestamp: 1718424660,
      token_amount: 2929597.24508,
      amount: 6.032071799,
      usdBalance: 873.7023200562019,
      sp: 1
    },
    {
      timestamp: 1718424300,
      token_amount: 3906129.660107,
      amount: 5.161084443,
      usdBalance: 746.1011544536815,
      sp: 1
    },
    {
      timestamp: 1718424000,
      token_amount: 4817581.707465,
      amount: 5,
      usdBalance: 723.6682953303341,
      sp: -1
    },
    {
      timestamp: 1718424000,
      token_amount: 5599731.244386,
      amount: 5,
      usdBalance: 723.6682953303341,
      sp: -1
    },
    {
      timestamp: 1718423760,
      token_amount: 5207205.688577,
      amount: 5,
      usdBalance: 723.2228667525588,
      sp: -1
    }
  ],
  rok: [
    {
      timestamp: 1718424660,
      token_amount: 7817413.239983,
      amount: 14.369315175,
      usdBalance: 2081.292203467734,
      sp: 1
    },
    {
      timestamp: 1718415960,
      token_amount: 7817413.239982,
      amount: 11.271012869,
      usdBalance: 1615.286585381497,
      sp: 1
    },
    {
      timestamp: 1718414400,
      token_amount: 6915324.045439,
      amount: 5,
      usdBalance: 717.5740760443023,
      sp: -1
    },
    {
      timestamp: 1718414340,
      token_amount: 8719502.434526,
      amount: 5,
      usdBalance: 717.5745308687113,
      sp: -1
    }
  ],
  SSB: [
    {
      timestamp: 1718410800,
      token_amount: 14404056.181073,
      amount: 4.17581891,
      usdBalance: 599.9467270505893,
      sp: 1
    },
    {
      timestamp: 1718410560,
      token_amount: 14404056.181073,
      amount: 5,
      usdBalance: 717.7209514871078,
      sp: -1
    }
  ],
  DOGMAN: [
    {
      timestamp: 1718403900,
      token_amount: 23420177.345858,
      amount: 4.436367089,
      usdBalance: 633.142787742321,
      sp: 1
    },
    {
      timestamp: 1718403900,
      token_amount: 8657828.335399,
      amount: 2,
      usdBalance: 285.43300184162064,
      sp: -1
    },
    {
      timestamp: 1718403480,
      token_amount: 4130814.885992,
      amount: 2,
      usdBalance: 285.75389524243064,
      sp: -1
    },
    {
      timestamp: 1718402580,
      token_amount: 10631534.124467,
      amount: 5,
      usdBalance: 713.6530947513256,
      sp: -1
    }
  ],
  PINO: [
    {
      timestamp: 1718365920,
      token_amount: 10405546.601639,
      amount: 3.959084194,
      usdBalance: 585.4801430981491,
      sp: 1
    },
    {
      timestamp: 1718365200,
      token_amount: 3468515.533879,
      amount: 2.199302677,
      usdBalance: 325.255753438609,
      sp: 1
    },
    {
      timestamp: 1718364720,
      token_amount: 4624687.378505,
      amount: 2.141542702,
      usdBalance: 317.135695801314,
      sp: 1
    }
  ],
  DBTG: [
    {
      timestamp: 1718348640,
      token_amount: 14617891.721318,
      amount: 2.765032736,
      usdBalance: 408.63984903352383,
      sp: 1
    },
    {
      timestamp: 1718348280,
      token_amount: 14617891.721318,
      amount: 4,
      usdBalance: 591.5424353494294,
      sp: -1
    },
    {
      timestamp: 1718348220,
      token_amount: 14540203.391661,
      amount: 3.101069871,
      usdBalance: 458.8844387112641,
      sp: 1
    }
  ],
  PLENTY: [
    {
      timestamp: 1718347620,
      token_amount: 6678384.366166,
      amount: 5.288482326,
      usdBalance: 782.9635900104848,
      sp: 1
    },
    {
      timestamp: 1718347560,
      token_amount: 6678384.366166,
      amount: 5,
      usdBalance: 739.4834050651232,
      sp: -1
    }
  ],
  FuckRacism: [
    {
      timestamp: 1718345580,
      token_amount: 8254090.471257,
      amount: 1.866385465,
      usdBalance: 275.77931018295186,
      sp: 1
    },
    {
      timestamp: 1718342760,
      token_amount: 8254090.471256,
      amount: 8.5287957,
      usdBalance: 1253.1377010398817,
      sp: 1
    },
    {
      timestamp: 1718341020,
      token_amount: 5502726.980837,
      amount: 7.562173875,
      usdBalance: 1111.6577737746752,
      sp: 1
    },
    {
      timestamp: 1718340660,
      token_amount: 3884277.868826,
      amount: 6.033687661,
      usdBalance: 889.0663479065257,
      sp: 1
    },
    {
      timestamp: 1718340180,
      token_amount: 8631728.597392,
      amount: 4.805975188,
      usdBalance: 708.6391822693548,
      sp: 1
    }
  ],
  SUBO: [
    {
      timestamp: 1718335920,
      token_amount: 8780757.297558,
      amount: 6.381860905,
      usdBalance: 940.1597618089854,
      sp: 1
    },
    {
      timestamp: 1718334600,
      token_amount: 8780757.297558,
      amount: 5,
      usdBalance: 736.9987936055604,
      sp: -1
    }
  ],
  meow: [
    {
      timestamp: 1718310180,
      token_amount: 317625.845591922,
      amount: 1.895142111,
      usdBalance: 279.83327112295643,
      sp: 1
    },
    {
      timestamp: 1718310180,
      token_amount: 317625.845591922,
      amount: 2,
      usdBalance: 295.3163981726924,
      sp: -1
    }
  ],
  BIBLE: [
    {
      timestamp: 1718258700,
      token_amount: 7052275.741021,
      amount: 2.113085725,
      usdBalance: 321.09001177235115,
      sp: 1
    },
    {
      timestamp: 1718258340,
      token_amount: 7052275.741021,
      amount: 5,
      usdBalance: 761.6120122986671,
      sp: -1
    },
    {
      timestamp: 1718256600,
      token_amount: 35476636.608352,
      amount: 7.512807656,
      usdBalance: 1143.4265178869396,
      sp: 1
    },
    {
      timestamp: 1718256300,
      token_amount: 21921015.871001,
      amount: 2,
      usdBalance: 304.55738247350473,
      sp: -1
    },
    {
      timestamp: 1718256240,
      token_amount: 13555620.737351,
      amount: 5,
      usdBalance: 760.9461645435671,
      sp: -1
    }
  ],
  SOLANA: [
    {
      timestamp: 1718256120,
      token_amount: 15635292.312759,
      amount: 4.665697875,
      usdBalance: 710.120579509672,
      sp: 1
    },
    {
      timestamp: 1718256060,
      token_amount: 15635292.312759,
      amount: 5,
      usdBalance: 760.2916613789675,
      sp: -1
    }
  ],
  LUCIFER: [
    {
      timestamp: 1718255880,
      token_amount: 32841062.585348,
      amount: 6.838483577,
      usdBalance: 1042.2440595316946,
      sp: 1
    },
    {
      timestamp: 1718255760,
      token_amount: 9899802.120111,
      amount: 2,
      usdBalance: 304.9924354981378,
      sp: -1
    },
    {
      timestamp: 1718255520,
      token_amount: 11167533.218345,
      amount: 5,
      usdBalance: 761.2283133105886,
      sp: -1
    },
    {
      timestamp: 1718255460,
      token_amount: 11773727.246892,
      amount: 5,
      usdBalance: 761.2183993540704,
      sp: -1
    },
    {
      timestamp: 1718255400,
      token_amount: 14568645.564029,
      amount: 5.211932554,
      usdBalance: 793.5417628457828,
      sp: 1
    },
    {
      timestamp: 1718255340,
      token_amount: 14568645.564029,
      amount: 5,
      usdBalance: 761.8250388726107,
      sp: -1
    }
  ],
  WIFMOM: [
    {
      timestamp: 1718254500,
      token_amount: 9837273.043262,
      amount: 4.479138139,
      usdBalance: 681.8353046634967,
      sp: 1
    },
    {
      timestamp: 1718253720,
      token_amount: 9837273.043262,
      amount: 5,
      usdBalance: 762.6000977911835,
      sp: -1
    }
  ],
  CULT: [
    {
      timestamp: 1718238360,
      token_amount: 15221591.805614,
      amount: 6.348146902,
      usdBalance: 980.7763281497323,
      sp: 1
    },
    {
      timestamp: 1718238240,
      token_amount: 15221591.805614,
      amount: 5,
      usdBalance: 771.4653684433895,
      sp: -1
    },
    {
      timestamp: 1718238060,
      token_amount: 7129643.830717,
      amount: 6.330515915,
      usdBalance: 975.3855349181563,
      sp: 1
    },
    {
      timestamp: 1718237880,
      token_amount: 7129643.830717,
      amount: 5.391780246,
      usdBalance: 829.2498412132438,
      sp: 1
    },
    {
      timestamp: 1718237820,
      token_amount: 14259287.661434,
      amount: 5,
      usdBalance: 769.9586860527556,
      sp: -1
    }
  ],
  DUSTY: [
    {
      timestamp: 1718236200,
      token_amount: 3938521.131531,
      amount: 0.796475415,
      usdBalance: 123.34294152189635,
      sp: 1
    },
    {
      timestamp: 1718235600,
      token_amount: 3938521.131531,
      amount: 4.125817012,
      usdBalance: 638.5748231420295,
      sp: 1
    },
    {
      timestamp: 1718234460,
      token_amount: 7877042.263062,
      amount: 9.796859007,
      usdBalance: 1512.8120829371217,
      sp: 1
    }
  ],
  SISTER: [
    {
      timestamp: 1718232300,
      token_amount: 3638741.93263,
      amount: 5.783626433,
      usdBalance: 898.5195528500474,
      sp: 1
    },
    {
      timestamp: 1718231760,
      token_amount: 3638741.93263,
      amount: 10,
      usdBalance: 1550.6088269871775,
      sp: -1
    }
  ]
}
{
  DCA: -574.9522887196999,
  PLS: 486.742475642984,
  frig: -473.3729864987034,
  WAGMI: 380.1174372848908,
  SAIKO: -463.1498846131683,
  MOG: -279.3598992585016,
  him: 192.31445858255603,
  '$DOLLY': 445.85224638538625,
  VPTRUMP: -209.35875299139667,
  WIF: -344.9275154700049,
  allin: -413.2523070493388,
  RT: 140.31870760318145,
  Ben: -191.04386698183816,
  THINGS: -74.43632981827682,
  Ascend: 216.2512430893797,
  FATARDIO: 1127.2651693041466,
  Nan: 370.01921360261645,
  bussin: 943.9009596784325,
  FUD: 487.36396837229165,
  CHADDY: -310.1859319420522,
  MILK: -419.0455328754289,
  ber: -120.2445978357664,
  BUB: 2025.417979759535,
  RAWDOG: 3641.0231299106067,
  Babby: 775.5280161647436,
  LALA: 952.2037940134339,
  WOOSH: 687.4101472083778,
  '$YOLKED': -620.3593284875138,
  MEOWDY: 975.3322773367283,
  FSHK: -857.0279283743473,
  LOCKIN: -660.9775641929991,
  PICHA: 953.4081207734841,
  poccat: 34.57225935672318,
  MILLY: 28.948263919946612,
  DAGMI: 24.34350634219129,
  Peon: 369.0837964082027,
  TIMMY: -169.8842126638595,
  LEEROY: -663.9194765900772,
  BAR: 1211.978007865876,
  heroine: 927.0279348685038,
  mylo: 1799.510934040291,
  GRIND: -522.5185468093897,
  shrizz: 277.75804642943126,
  WINNY: 2278.0789102149574,
  coconut: 62.841869347644206,
  BC: -907.2131202298731,
  KIT: 502.0627743883561,
  QINGWA: 113.97641348674142,
  BUNNI: 9.846460404600748,
  ceily: -348.62794925253115,
  kyun: -291.70540597755775,
  BILL: 60.023970182332505,
  JEFF: -559.6478749349535,
  Warren: 627.8807441485342,
  JONATHAN: -74.46923076627695,
  TURD: -32.21271214638648,
  Pretty: 685.1471629054458,
  BOOBA: 15.335412643811448,
  DIF: 36.868796400683394,
  '$dib': 718.0198038862595,
  WILLY: 912.251031863903,
  MOON: -443.4714861128183,
  capoo: -99.80788878432273,
  SPOON: -140.23653451050708,
  DANNY: 3245.032629624903,
  USACTO: 674.5938236049274,
  moonie: -113.39047081321269,
  POLLY: 14.28108444364591,
  BEAR: 279.69941521357833,
  TRUTH: 106.36005573679859,
  BFG: 768.8378596862217,
  FROGE: 139.09564889333944,
  NEKO: 116.11374881473807,
  Noramyako: -199.68270455360943,
  MICHAEL: -499.0576725397509,
  TONGUE: 332.8473837923553,
  KEY: 622.2248856995385,
  COPE: 51.57534974304588,
  IANEPO: 255.192899557942,
  PTSD: -528.1730087892078,
  PANCHO: 13.661295884455058,
  BIZ: 2188.9055474196753,
  EMILIO: -154.9785884020595,
  ALWAYS: 588.5120638194892,
  Vibe: -242.08505617843207,
  KITTY: -121.16715378013998,
  '$BERT': 1824.5420085652306,
  YO: 89.34310329443599,
  BLUBBY: -572.6417127217293,
  Chinu: 168.27786180884146,
  SUS: -714.7930663019531,
  FHP: 962.3952121132145,
  KING: -668.2104579567159,
  PAGER: 219.8639490217879,
  POGBY: 59.31457818563183,
  nomnom: 2716.9107710301937,
  CHEESE: -0.796109177604194,
  ok: -108.24308736825259,
  NIGGA: -1939.3024768212692,
  PEEP: 100.18325235009115,
  Michiko: -224.15730898424783,
  schizo: 164.9398087838374,
  BREAD: 503.03828414837426,
  PAWTUS: -683.2411042066773,
  GOD: 818.075789344355,
  VOYAGE: -290.9315536232946,
  OVER: 441.7402548709831,
  GS: 554.2839636291679,
  LILLY: 232.78485718750707,
  DILLY: 730.3357047860753,
  kilo: 1279.2158993711928,
  willy: -734.7536202785132,
  VASE: -449.83054379439733,
  DOXCAT: -633.4206910160498,
  HT: -394.02826114236495,
  Test: 375.85327119845596,
  MEEMI: 1701.5432119722782,
  RETODD: -66.45918009357808,
  Deadass: 88.34445905476207,
  ZOOM: -98.1555307143575,
  SPANDA: 461.8529987383915,
  WUDS: -346.1443568742538,
  Groupie: -725.3098312699617,
  FMI: 34.82321710400663,
  WII: -412.28982329704206,
  MOMMY: -450.80846646877626,
  '$PAIN': 184.33400791603424,
  bleo: 3791.6254498290223,
  FAHSJ: 1003.4119313857208,
  rok: 1618.0933997736147,
  SSB: -117.77422443651847,
  DOGMAN: -651.6972040930559,
  PINO: 1227.8715923380723,
  DBTG: -312.41676819612513,
  PLENTY: 43.48018494536166,
  FuckRacism: 4238.28031517339,
  SUBO: 203.160968203425,
  meow: -15.48312704973597,
  BIBLE: -667.1564121299525,
  SOLANA: -50.17108186929556,
  LUCIFER: -753.4783646579298,
  WIFMOM: -80.76479312768686,
  CULT: 859.0083067586095,
  DUSTY: 2274.7298476010474,
  SISTER: -652.0892741371301
}
Total Transaction: 361
Win Rate: 24.8% (36/145)
Total PnL: 38926.13$

Processing wallet (group 28): 
stdout: Processing wallet address: undefined
No more transactions available.
{}
{}
Total Transaction: 0
Win Rate: 0% (0/0)
Total PnL: 0.00$

Processing completed for group 28.

