stdout: Processing wallet (group 36): HBDc1wVKkJbWswZDb2svGtPfB5cccRkVqBRcVTit35rf
stdout: Processing wallet address: HBDc1wVKkJbWswZDb2svGtPfB5cccRkVqBRcVTit35rf
No more transactions available.
{
  BUB: [
    {
      timestamp: 1720243380,
      token_amount: 15725738.413226,
      amount: 4.947016294,
      usdBalance: 665.7196360219093,
      sp: 1
    },
    {
      timestamp: 1720243140,
      token_amount: 15725738.413226,
      amount: 4.95,
      usdBalance: 664.5471134082767,
      sp: -1
    }
  ],
  tobo: [
    {
      timestamp: 1720228200,
      token_amount: 19349183.448852,
      amount: 1.952138687,
      usdBalance: 262.8123039711992,
      sp: 1
    },
    {
      timestamp: 1720227960,
      token_amount: 19349183.448852,
      amount: 2.97,
      usdBalance: 399.20844524387275,
      sp: -1
    },
    {
      timestamp: 1720227300,
      token_amount: 12928699.722862,
      amount: 5.337102929,
      usdBalance: 721.3483957114764,
      sp: 1
    },
    {
      timestamp: 1720227300,
      token_amount: 12928699.722862,
      amount: 4.95,
      usdBalance: 669.028610891122,
      sp: -1
    }
  ],
  RYOSHI: [
    {
      timestamp: 1720227180,
      token_amount: 11955331.545602,
      amount: 0.952230772,
      usdBalance: 128.92282635253036,
      sp: 1
    },
    {
      timestamp: 1720226820,
      token_amount: 11955331.545602,
      amount: 4.95,
      usdBalance: 672.3100875541767,
      sp: -1
    }
  ],
  NAHMIR: [
    {
      timestamp: 1720223880,
      token_amount: 14798520.595727,
      amount: 5.347135451,
      usdBalance: 718.1737379387729,
      sp: 1
    },
    {
      timestamp: 1720223820,
      token_amount: 14798520.595727,
      amount: 4.95,
      usdBalance: 665.0782508791458,
      sp: -1
    }
  ],
  maxi: [
    {
      timestamp: 1720211100,
      token_amount: 16926973.28307,
      amount: 4.374883748,
      usdBalance: 588.2866830995118,
      sp: 1
    },
    {
      timestamp: 1720210920,
      token_amount: 16926973.28307,
      amount: 4.95,
      usdBalance: 665.1839484254982,
      sp: -1
    }
  ],
  YOPI: [
    {
      timestamp: 1720210080,
      token_amount: 17012481.463912,
      amount: 2.992758767,
      usdBalance: 403.47060379136934,
      sp: 1
    },
    {
      timestamp: 1720209960,
      token_amount: 17012481.463912,
      amount: 4.95,
      usdBalance: 667.2781315608814,
      sp: -1
    }
  ],
  CARDI: [
    {
      timestamp: 1720202280,
      token_amount: 22258402.415076,
      amount: 5.697090689,
      usdBalance: 769.2312163248728,
      sp: 1
    },
    {
      timestamp: 1720202280,
      token_amount: 22258402.415076,
      amount: 4.95,
      usdBalance: 668.3577160110958,
      sp: -1
    }
  ],
  DOLLY: [
    {
      timestamp: 1720201020,
      token_amount: 36672095.560813,
      amount: 2.895672279,
      usdBalance: 389.85673916922934,
      sp: 1
    },
    {
      timestamp: 1720200960,
      token_amount: 36672095.560813,
      amount: 2.97,
      usdBalance: 398.9226077977269,
      sp: -1
    }
  ],
  RORY: [
    {
      timestamp: 1720199400,
      token_amount: 19330523.199179,
      amount: 2.907805319,
      usdBalance: 390.0653437563559,
      sp: 1
    },
    {
      timestamp: 1720199340,
      token_amount: 19330523.199179,
      amount: 4.95,
      usdBalance: 663.5206429998573,
      sp: -1
    }
  ],
  LILY: [
    {
      timestamp: 1720198680,
      token_amount: 17335637.102113,
      amount: 2.699414094,
      usdBalance: 363.25344921730016,
      sp: 1
    },
    {
      timestamp: 1720198320,
      token_amount: 17335637.102113,
      amount: 4.95,
      usdBalance: 667.5366350954964,
      sp: -1
    }
  ],
  hamsi: [
    {
      timestamp: 1720196040,
      token_amount: 17221020.73792,
      amount: 5.989768949,
      usdBalance: 808.0258950325992,
      sp: 1
    },
    {
      timestamp: 1720196040,
      token_amount: 17221020.73792,
      amount: 4.95,
      usdBalance: 667.7600111902691,
      sp: -1
    }
  ],
  WILLY: [
    {
      timestamp: 1720194780,
      token_amount: 14697802.11107,
      amount: 6.103061414,
      usdBalance: 820.2726516095744,
      sp: 1
    },
    {
      timestamp: 1720194300,
      token_amount: 14697802.11107,
      amount: 4.95,
      usdBalance: 664.2294608704536,
      sp: -1
    },
    {
      timestamp: 1720137480,
      token_amount: 17711056.02145,
      amount: 3.414119752,
      usdBalance: 435.2131049305523,
      sp: 1
    },
    {
      timestamp: 1720137240,
      token_amount: 17711056.02145,
      amount: 4.95,
      usdBalance: 632.0448690771117,
      sp: -1
    }
  ],
  Spudo: [
    {
      timestamp: 1720193400,
      token_amount: 5822256.990238,
      amount: 2.617968477,
      usdBalance: 350.74082742232684,
      sp: 1
    },
    {
      timestamp: 1720193340,
      token_amount: 5822256.990238,
      amount: 1.98,
      usdBalance: 264.7139334501012,
      sp: -1
    }
  ],
  DORAE2: [
    {
      timestamp: 1720185900,
      token_amount: 6396519.236612,
      amount: 0.84263858,
      usdBalance: 110.64995764397956,
      sp: 1
    },
    {
      timestamp: 1720155180,
      token_amount: 6396519.236612,
      amount: 1.98,
      usdBalance: 249.45579824406167,
      sp: -1
    },
    {
      timestamp: 1720154880,
      token_amount: 1049773.687095,
      amount: 0.245561751,
      usdBalance: 30.869813139321593,
      sp: 1
    },
    {
      timestamp: 1720154700,
      token_amount: 1049773.687095,
      amount: 0.2475,
      usdBalance: 31.30671126130889,
      sp: -1
    },
    {
      timestamp: 1720154520,
      token_amount: 8510572.041442,
      amount: 2.36353006,
      usdBalance: 298.6019492891481,
      sp: 1
    },
    {
      timestamp: 1720154340,
      token_amount: 8510572.041442,
      amount: 2.97,
      usdBalance: 374.7476075670237,
      sp: -1
    },
    {
      timestamp: 1720153620,
      token_amount: 1312996.891675,
      amount: 1.594936056,
      usdBalance: 200.98559653031137,
      sp: 1
    },
    {
      timestamp: 1720152900,
      token_amount: 1312996.891675,
      amount: 1.98,
      usdBalance: 244.1523443022292,
      sp: -1
    },
    {
      timestamp: 1720152240,
      token_amount: 170572.368499,
      amount: 0.188291189,
      usdBalance: 23.346184539292736,
      sp: 1
    },
    {
      timestamp: 1720151580,
      token_amount: 170572.368499,
      amount: 0.2475,
      usdBalance: 30.53287532582397,
      sp: -1
    },
    {
      timestamp: 1720151580,
      token_amount: 2694290.040422,
      amount: 4.025905296,
      usdBalance: 496.6564221266362,
      sp: 1
    },
    {
      timestamp: 1720150980,
      token_amount: 2694290.040422,
      amount: 1.98,
      usdBalance: 245.23737667503696,
      sp: -1
    }
  ],
  PUSH: [
    {
      timestamp: 1720144560,
      token_amount: 9241906.426549,
      amount: 3.599898159,
      usdBalance: 463.20180217750635,
      sp: 1
    },
    {
      timestamp: 1720144560,
      token_amount: 9241906.426549,
      amount: 4.95,
      usdBalance: 636.9204959441345,
      sp: -1
    }
  ],
  BOYZ: [
    {
      timestamp: 1720142340,
      token_amount: 12171698.45685,
      amount: 5.275884491,
      usdBalance: 676.2899978630339,
      sp: 1
    },
    {
      timestamp: 1720142340,
      token_amount: 12171698.45685,
      amount: 4.95,
      usdBalance: 634.5164484045596,
      sp: -1
    }
  ],
  BONY: [
    {
      timestamp: 1720139640,
      token_amount: 3596007.947641,
      amount: 2.660698979,
      usdBalance: 336.7666055186846,
      sp: 1
    },
    {
      timestamp: 1720139460,
      token_amount: 3596007.947641,
      amount: 1.98,
      usdBalance: 251.46886921705928,
      sp: -1
    }
  ],
  Yoda: [
    {
      timestamp: 1720136700,
      token_amount: 8759458.728844,
      amount: 6.728825003,
      usdBalance: 868.0465153968302,
      sp: 1
    },
    {
      timestamp: 1720136460,
      token_amount: 8759458.728844,
      amount: 4.95,
      usdBalance: 632.4599003867373,
      sp: -1
    }
  ],
  'カネキ': [
    {
      timestamp: 1720133640,
      token_amount: 23542214.768231,
      amount: 1.746707712,
      usdBalance: 231.91988225394604,
      sp: 1
    },
    {
      timestamp: 1720133580,
      token_amount: 23542214.768231,
      amount: 4.95,
      usdBalance: 657.2190652083472,
      sp: -1
    }
  ]
}
{
  BUB: 1.1725226136326228,
  tobo: -84.07635645231909,
  RYOSHI: -543.3872612016463,
  NAHMIR: 53.09548705962709,
  maxi: -76.89726532598638,
  YOPI: -263.8075277695121,
  CARDI: 100.87350031377696,
  DOLLY: -9.065868628497583,
  RORY: -273.4552992435014,
  LILY: -304.28318587819626,
  hamsi: 140.26588384233014,
  WILLY: -40.78857340743866,
  Spudo: 86.02689397222565,
  DORAE2: -14.322790106794912,
  PUSH: -173.71869376662812,
  BOYZ: 41.77354945847435,
  BONY: 85.29773630162532,
  Yoda: 235.58661501009283,
  'カネキ': -425.2991829544011
}
Total Transaction: 52
Win Rate: 42.1% (8/19)
Total PnL: -1465.01$

Processing wallet (group 36): 
stdout: Processing wallet address: undefined
No more transactions available.
{}
{}
Total Transaction: 0
Win Rate: 0% (0/0)
Total PnL: 0.00$

Processing completed for group 36.

