stdout: Processing wallet (group 29): J1FjDiZ9Uht7KyoJnSSUSTEDSgUKttt2KR6GiMyf8jsa
stdout: Processing wallet address: J1FjDiZ9Uht7KyoJnSSUSTEDSgUKttt2KR6GiMyf8jsa
{
  DORAE: [
    {
      timestamp: 1719375720,
      token_amount: 11526.311808,
      amount: 42.928343863,
      usdBalance: 5911.4868319145335,
      sp: 1
    }
  ],
  USDC: [
    {
      timestamp: 1718862300,
      token_amount: 53191.275344,
      amount: 392.254,
      usdBalance: 53148.71972601344,
      sp: 1
    },
    {
      timestamp: 1718851740,
      token_amount: 53639.27464,
      amount: 400.122087973,
      usdBalance: 53631.546621479,
      sp: -1
    },
    {
      timestamp: 1718847600,
      token_amount: 208.386273,
      amount: 1.531667189,
      usdBalance: 208.3556712774466,
      sp: 1
    },
    {
      timestamp: 1718846880,
      token_amount: 17713.601604,
      amount: 129.8527,
      usdBalance: 17714.885200405657,
      sp: 1
    },
    {
      timestamp: 1718843220,
      token_amount: 35224.199616,
      amount: 260.56493208,
      usdBalance: 35195.128119107976,
      sp: 1
    },
    {
      timestamp: 1718764620,
      token_amount: 55478.519819,
      amount: 400.137728094,
      usdBalance: 55569.25986794073,
      sp: -1
    },
    {
      timestamp: 1718668140,
      token_amount: 17358.427796,
      amount: 121.160356314,
      usdBalance: 17366.53158790033,
      sp: 1
    },
    {
      timestamp: 1718667000,
      token_amount: 17411.119979,
      amount: 121.648744211,
      usdBalance: 17403.29884069772,
      sp: 1
    },
    {
      timestamp: 1718665620,
      token_amount: 17451.086643,
      amount: 121.1632,
      usdBalance: 17431.3730311765,
      sp: 1
    }
  ]
}
{ DORAE: 5911.4868319145335, USDC: -119061.04762200444 }
Total Transaction: 10
Win Rate: 0.0% (0/2)
Total PnL: -113149.56$

Processing wallet (group 29): 
stdout: Processing wallet address: undefined
No more transactions available.
{}
{}
Total Transaction: 0
Win Rate: 0% (0/0)
Total PnL: 0.00$

Processing completed for group 29.

