stdout: Processing wallet (group 20): 2yErv8N8zQ1FisWEfA8mtWw2V1Qm6eKEKwGNarym8CCK
stdout: Processing wallet address: 2yErv8N8zQ1FisWEfA8mtWw2V1Qm6eKEKwGNarym8CCK
{
  SC: [
    {
      timestamp: 1720791840,
      token_amount: 971696.902330083,
      amount: 15,
      usdBalance: 2046.4032222669612,
      sp: -1
    },
    {
      timestamp: 1720769460,
      token_amount: 557695.386713014,
      amount: 10,
      usdBalance: 1364.2688148446407,
      sp: -1
    },
    {
      timestamp: 1720749900,
      token_amount: 1321651.916279987,
      amount: 23.584308113,
      usdBalance: 3217.5336078253354,
      sp: 1
    },
    {
      timestamp: 1720662960,
      token_amount: 176831.976256195,
      amount: 2,
      usdBalance: 272.85376296892815,
      sp: -1
    },
    {
      timestamp: 1720492560,
      token_amount: 161372.391400107,
      amount: 2,
      usdBalance: 272.85376296892815,
      sp: -1
    },
    {
      timestamp: 1720481940,
      token_amount: 359251.654830299,
      amount: 5,
      usdBalance: 682.1344074223204,
      sp: -1
    },
    {
      timestamp: 1720469520,
      token_amount: 327254.416093034,
      amount: 5,
      usdBalance: 682.1344074223204,
      sp: -1
    },
    {
      timestamp: 1720342140,
      token_amount: 297917.965395996,
      amount: 5,
      usdBalance: 682.1344074223204,
      sp: -1
    },
    {
      timestamp: 1720340340,
      token_amount: 288719.263507224,
      amount: 5,
      usdBalance: 682.1344074223204,
      sp: -1
    },
    {
      timestamp: 1720120920,
      token_amount: 484840.048992857,
      amount: 9,
      usdBalance: 1227.8419333601767,
      sp: -1
    },
    {
      timestamp: 1720120860,
      token_amount: 272601.66979197,
      amount: 5,
      usdBalance: 682.1344074223204,
      sp: -1
    },
    {
      timestamp: 1720060740,
      token_amount: 131262.364573969,
      amount: 3,
      usdBalance: 409.28064445339226,
      sp: -1
    },
    {
      timestamp: 1720056600,
      token_amount: 83571.844490162,
      amount: 2,
      usdBalance: 272.85376296892815,
      sp: -1
    },
    {
      timestamp: 1720032900,
      token_amount: 197972.800377936,
      amount: 5,
      usdBalance: 682.1344074223204,
      sp: -1
    },
    {
      timestamp: 1720019100,
      token_amount: 73363.461726726,
      amount: 2,
      usdBalance: 272.85376296892815,
      sp: -1
    },
    {
      timestamp: 1719474480,
      token_amount: 125327.836785381,
      amount: 9.916008037,
      usdBalance: 1345.409508772203,
      sp: 1
    },
    {
      timestamp: 1719474420,
      token_amount: 126476.664054174,
      amount: 9.967471774,
      usdBalance: 1352.5290851099546,
      sp: 1
    },
    {
      timestamp: 1719474300,
      token_amount: 131741.244708542,
      amount: 9.92450055,
      usdBalance: 1348.3043817247085,
      sp: 1
    },
    {
      timestamp: 1719474240,
      token_amount: 134346.732040027,
      amount: 9.963135746,
      usdBalance: 1353.7843921429567,
      sp: 1
    },
    {
      timestamp: 1719474240,
      token_amount: 133915.599151447,
      amount: 10.118140145,
      usdBalance: 1374.8462888619636,
      sp: 1
    },
    {
      timestamp: 1719474240,
      token_amount: 136873.859369566,
      amount: 10.080348202,
      usdBalance: 1369.7111442763146,
      sp: 1
    },
    {
      timestamp: 1719383100,
      token_amount: 970785.450132068,
      amount: 5,
      usdBalance: 686.458521792084,
      sp: -1
    }
  ],
  Larry: [
    {
      timestamp: 1720745280,
      token_amount: 1409264.061351,
      amount: 0.09002199,
      usdBalance: 12.281419360725609,
      sp: 1
    },
    {
      timestamp: 1720474860,
      token_amount: 1409264.061351,
      amount: 0.1,
      usdBalance: 13.642688148446409,
      sp: -1
    }
  ],
  chandi: [
    {
      timestamp: 1720497660,
      token_amount: 382732.998867,
      amount: 0.182242908,
      usdBalance: 24.86283161110009,
      sp: 1
    },
    {
      timestamp: 1720495920,
      token_amount: 672357,
      amount: 0.594758894,
      usdBalance: 81.14110114356893,
      sp: 1
    },
    {
      timestamp: 1720495140,
      token_amount: 1055089.998867,
      amount: 0.5,
      usdBalance: 68.21344074223204,
      sp: -1
    }
  ],
  '$TEEF': [
    {
      timestamp: 1720392840,
      token_amount: 2708152.64375,
      amount: 0.099689279,
      usdBalance: 13.600297451404675,
      sp: 1
    },
    {
      timestamp: 1719161340,
      token_amount: 2708152.64375,
      amount: 0.1,
      usdBalance: 13.110377429727698,
      sp: -1
    }
  ],
  '◎': [
    {
      timestamp: 1720392780,
      token_amount: 7646187.857981,
      amount: 0.1401754,
      usdBalance: 19.123692682837348,
      sp: 1
    },
    {
      timestamp: 1719157680,
      token_amount: 4249672.003799,
      amount: 0.1,
      usdBalance: 13.162642967722869,
      sp: -1
    },
    {
      timestamp: 1719145080,
      token_amount: 3396515.854182,
      amount: 0.1,
      usdBalance: 13.399598680380727,
      sp: -1
    }
  ],
  FAIRY: [
    {
      timestamp: 1720392780,
      token_amount: 11793798.931097,
      amount: 0.31150674,
      usdBalance: 42.497893099591764,
      sp: 1
    },
    {
      timestamp: 1719070620,
      token_amount: 2355192.634514,
      amount: 0.2,
      usdBalance: 26.83533105856276,
      sp: -1
    },
    {
      timestamp: 1719025860,
      token_amount: 3792949.097455,
      amount: 0.5,
      usdBalance: 67.34728603400583,
      sp: -1
    },
    {
      timestamp: 1719025260,
      token_amount: 3678963.127899,
      amount: 0.5,
      usdBalance: 67.44788476716263,
      sp: -1
    },
    {
      timestamp: 1719025020,
      token_amount: 1966694.071229,
      amount: 0.5,
      usdBalance: 67.38697497582072,
      sp: -1
    }
  ],
  Leaf: [
    {
      timestamp: 1720392660,
      token_amount: 34168896.561198,
      amount: 0.69413627,
      usdBalance: 94.69884664135796,
      sp: 1
    },
    {
      timestamp: 1719748800,
      token_amount: 4739650.633151,
      amount: 0.1,
      usdBalance: 14.096595852057622,
      sp: -1
    },
    {
      timestamp: 1719709200,
      token_amount: 29429245.928047,
      amount: 1,
      usdBalance: 140.5035757354802,
      sp: -1
    }
  ],
  pilot: [
    {
      timestamp: 1720392660,
      token_amount: 22377395.584342,
      amount: 1.394715221,
      usdBalance: 190.27664815994513,
      sp: 1
    },
    {
      timestamp: 1719901080,
      token_amount: 13525095.377173,
      amount: 1,
      usdBalance: 136.42688148446408,
      sp: -1
    },
    {
      timestamp: 1719900960,
      token_amount: 4209053.650852,
      amount: 0.3,
      usdBalance: 40.928064445339224,
      sp: -1
    },
    {
      timestamp: 1719748740,
      token_amount: 1033706.394195,
      amount: 0.1,
      usdBalance: 14.092034079528378,
      sp: -1
    },
    {
      timestamp: 1719734880,
      token_amount: 903214.798326,
      amount: 0.1,
      usdBalance: 14.091413801198133,
      sp: -1
    },
    {
      timestamp: 1719717000,
      token_amount: 486717.807293,
      amount: 0.1,
      usdBalance: 13.88883148398357,
      sp: -1
    },
    {
      timestamp: 1719715140,
      token_amount: 519188.600806,
      amount: 0.1,
      usdBalance: 13.864983647069884,
      sp: -1
    },
    {
      timestamp: 1719713640,
      token_amount: 362040.261877,
      amount: 0.1,
      usdBalance: 13.971396288592954,
      sp: -1
    },
    {
      timestamp: 1719713640,
      token_amount: 313246.372824,
      amount: 0.1,
      usdBalance: 13.971396288592954,
      sp: -1
    },
    {
      timestamp: 1719713580,
      token_amount: 280045.517896,
      amount: 0.1,
      usdBalance: 13.982188128716908,
      sp: -1
    },
    {
      timestamp: 1719713460,
      token_amount: 247168.08908,
      amount: 0.1,
      usdBalance: 13.974463373223806,
      sp: -1
    },
    {
      timestamp: 1719712980,
      token_amount: 195588.832489,
      amount: 0.1,
      usdBalance: 13.975681412225548,
      sp: -1
    },
    {
      timestamp: 1719712560,
      token_amount: 158579.019163,
      amount: 0.1,
      usdBalance: 13.988245707307161,
      sp: -1
    },
    {
      timestamp: 1719712560,
      token_amount: 143750.862368,
      amount: 0.1,
      usdBalance: 13.988245707307161,
      sp: -1
    }
  ],
  '$imba': [
    {
      timestamp: 1720392660,
      token_amount: 24438233.930293,
      amount: 0.459298441,
      usdBalance: 62.660653976306115,
      sp: 1
    },
    {
      timestamp: 1719715020,
      token_amount: 24438233.930293,
      amount: 1,
      usdBalance: 138.86734770334212,
      sp: -1
    }
  ],
  POSH: [
    {
      timestamp: 1720392660,
      token_amount: 10339883.449047,
      amount: 0.262572996,
      usdBalance: 35.82201500631266,
      sp: 1
    },
    {
      timestamp: 1719768000,
      token_amount: 4563816.91271,
      amount: 0.2,
      usdBalance: 27.285376296892817,
      sp: -1
    },
    {
      timestamp: 1719765960,
      token_amount: 1748670.597007,
      amount: 0.1,
      usdBalance: 13.642688148446409,
      sp: -1
    },
    {
      timestamp: 1719764340,
      token_amount: 1260327.169368,
      amount: 0.1,
      usdBalance: 13.642688148446409,
      sp: -1
    },
    {
      timestamp: 1719764100,
      token_amount: 942293.645421,
      amount: 0.1,
      usdBalance: 14.312742793803238,
      sp: -1
    },
    {
      timestamp: 1719761220,
      token_amount: 1278125.044826,
      amount: 0.2,
      usdBalance: 28.431753728895412,
      sp: -1
    },
    {
      timestamp: 1719760020,
      token_amount: 546650.079715,
      amount: 0.2,
      usdBalance: 28.452715635064024,
      sp: -1
    }
  ],
  MUCK: [
    {
      timestamp: 1720392600,
      token_amount: 19230264.670503,
      amount: 0.286929096,
      usdBalance: 39.144841774436415,
      sp: 1
    },
    {
      timestamp: 1719888300,
      token_amount: 5898087.933553,
      amount: 0.1,
      usdBalance: 13.642688148446409,
      sp: -1
    },
    {
      timestamp: 1719843360,
      token_amount: 5107314.647324,
      amount: 0.1,
      usdBalance: 13.642688148446409,
      sp: -1
    },
    {
      timestamp: 1719837780,
      token_amount: 6529606.552713,
      amount: 0.15,
      usdBalance: 20.464032222669612,
      sp: -1
    },
    {
      timestamp: 1719806340,
      token_amount: 962408.435636,
      amount: 0.2,
      usdBalance: 27.285376296892817,
      sp: -1
    },
    {
      timestamp: 1719805800,
      token_amount: 732847.101277,
      amount: 0.4,
      usdBalance: 54.570752593785635,
      sp: -1
    }
  ],
  drippy: [
    {
      timestamp: 1720392600,
      token_amount: 9769898.476002,
      amount: 0.322523861,
      usdBalance: 44.000924560558765,
      sp: 1
    },
    {
      timestamp: 1720372020,
      token_amount: 3408624.283288,
      amount: 0.1,
      usdBalance: 13.642688148446409,
      sp: -1
    },
    {
      timestamp: 1720336200,
      token_amount: 1083563.335444,
      amount: 0.1,
      usdBalance: 13.642688148446409,
      sp: -1
    },
    {
      timestamp: 1720334760,
      token_amount: 870429.675333,
      amount: 0.1,
      usdBalance: 13.642688148446409,
      sp: -1
    },
    {
      timestamp: 1720334460,
      token_amount: 1513110.226789,
      amount: 0.2,
      usdBalance: 27.285376296892817,
      sp: -1
    },
    {
      timestamp: 1720334400,
      token_amount: 1460559.793155,
      amount: 0.2,
      usdBalance: 27.285376296892817,
      sp: -1
    },
    {
      timestamp: 1720334340,
      token_amount: 1433611.161993,
      amount: 0.2,
      usdBalance: 27.285376296892817,
      sp: -1
    }
  ],
  STFU: [
    {
      timestamp: 1720392600,
      token_amount: 6977714.687735,
      amount: 0.727162957,
      usdBalance: 99.20457455453145,
      sp: 1
    },
    {
      timestamp: 1720371960,
      token_amount: 3562705.684689,
      amount: 0.5,
      usdBalance: 68.21344074223204,
      sp: -1
    },
    {
      timestamp: 1720342080,
      token_amount: 899683.835095,
      amount: 0.5,
      usdBalance: 68.21344074223204,
      sp: -1
    },
    {
      timestamp: 1720341060,
      token_amount: 683165.813892,
      amount: 0.5,
      usdBalance: 68.21344074223204,
      sp: -1
    },
    {
      timestamp: 1720340940,
      token_amount: 505700.012383,
      amount: 0.5,
      usdBalance: 68.21344074223204,
      sp: -1
    },
    {
      timestamp: 1720340460,
      token_amount: 402027.918024,
      amount: 0.5,
      usdBalance: 68.21344074223204,
      sp: -1
    },
    {
      timestamp: 1720340280,
      token_amount: 384754.560727,
      amount: 0.5,
      usdBalance: 68.21344074223204,
      sp: -1
    },
    {
      timestamp: 1720339980,
      token_amount: 539676.862925,
      amount: 1,
      usdBalance: 136.42688148446408,
      sp: -1
    }
  ],
  BONE: [
    {
      timestamp: 1720218480,
      token_amount: 2303261,
      amount: 1.918028337,
      usdBalance: 261.6706246157427,
      sp: 1
    },
    {
      timestamp: 1720218420,
      token_amount: 2452928.736029,
      amount: 2,
      usdBalance: 272.85376296892815,
      sp: -1
    }
  ],
  PUSH: [
    {
      timestamp: 1720180560,
      token_amount: 629145.197279,
      amount: 0.493846368,
      usdBalance: 67.37391991866903,
      sp: 1
    },
    {
      timestamp: 1720158240,
      token_amount: 1264245,
      amount: 0.985117821,
      usdBalance: 134.3965522138005,
      sp: 1
    },
    {
      timestamp: 1720149360,
      token_amount: 1893390.197279,
      amount: 1,
      usdBalance: 136.42688148446408,
      sp: -1
    }
  ],
  SLERF: [
    {
      timestamp: 1720135320,
      token_amount: 213885.253814577,
      amount: 310,
      usdBalance: 42292.33326018386,
      sp: -1
    }
  ],
  YEETI: [
    {
      timestamp: 1720032720,
      token_amount: 8710696.170359,
      amount: 0.616580356,
      usdBalance: 84.11813515366067,
      sp: 1
    },
    {
      timestamp: 1720028100,
      token_amount: 8710696.170359,
      amount: 0.5,
      usdBalance: 68.21344074223204,
      sp: -1
    }
  ],
  PEIPEI: [
    {
      timestamp: 1719627960,
      token_amount: 12834525.768642,
      amount: 0.0004,
      usdBalance: 0.05678603226053207,
      sp: -1
    },
    {
      timestamp: 1719627900,
      token_amount: 12833061,
      amount: 0.000319749,
      usdBalance: 0.04538112574117629,
      sp: 1
    }
  ],
  SUE: [
    {
      timestamp: 1719384120,
      token_amount: 16291619.862275472,
      amount: 0.099509463,
      usdBalance: 13.603691528026772,
      sp: 1
    },
    {
      timestamp: 1719352020,
      token_amount: 16291619.862275472,
      amount: 0.1,
      usdBalance: 13.756476642362442,
      sp: -1
    }
  ],
  DORA: [
    {
      timestamp: 1719382620,
      token_amount: 1391547.397863,
      amount: 0.13572315,
      usdBalance: 18.636491977152357,
      sp: 1
    },
    {
      timestamp: 1719381420,
      token_amount: 1383304,
      amount: 0.489400336,
      usdBalance: 66.99790235844286,
      sp: 1
    },
    {
      timestamp: 1719381420,
      token_amount: 2774851.397863,
      amount: 0.640756662,
      usdBalance: 87.71827299317134,
      sp: 1
    },
    {
      timestamp: 1719381360,
      token_amount: 5549702.795726,
      amount: 1,
      usdBalance: 136.89859442399032,
      sp: -1
    }
  ],
  '$BIGZ': [
    {
      timestamp: 1719124800,
      token_amount: 2731499,
      amount: 4.705070214,
      usdBalance: 632.7902335658886,
      sp: 1
    },
    {
      timestamp: 1719124800,
      token_amount: 2873289,
      amount: 4.83655003,
      usdBalance: 650.4731032557563,
      sp: 1
    },
    {
      timestamp: 1719124740,
      token_amount: 3702587,
      amount: 4.951858298,
      usdBalance: 665.5976618736031,
      sp: 1
    },
    {
      timestamp: 1719124380,
      token_amount: 7684788.05641,
      amount: 10.834106568,
      usdBalance: 1455.2450770040978,
      sp: 1
    },
    {
      timestamp: 1719056340,
      token_amount: 4497197.597753,
      amount: 0.1,
      usdBalance: 13.399817005821092,
      sp: -1
    },
    {
      timestamp: 1719024540,
      token_amount: 20295005.84046,
      amount: 0.45,
      usdBalance: 60.59340918468658,
      sp: -1
    },
    {
      timestamp: 1719014160,
      token_amount: 13790781.109119,
      amount: 0.3,
      usdBalance: 40.378311258766296,
      sp: -1
    },
    {
      timestamp: 1719013740,
      token_amount: 9446940.805231,
      amount: 0.2,
      usdBalance: 26.912206794272624,
      sp: -1
    }
  ],
  POGGA: [
    {
      timestamp: 1719016920,
      token_amount: 5670331.359469,
      amount: 0.447926178,
      usdBalance: 59.725468406402165,
      sp: 1
    },
    {
      timestamp: 1719016800,
      token_amount: 1232926.625338,
      amount: 0.1,
      usdBalance: 13.357232698504866,
      sp: -1
    },
    {
      timestamp: 1719016020,
      token_amount: 2351989.268784,
      amount: 0.2,
      usdBalance: 26.744755168939534,
      sp: -1
    },
    {
      timestamp: 1719013620,
      token_amount: 2085415.465347,
      amount: 0.2,
      usdBalance: 26.894609362470153,
      sp: -1
    }
  ],
  MAGAWIF: [
    {
      timestamp: 1719016860,
      token_amount: 13343098.4135,
      amount: 0.263154015,
      usdBalance: 35.11407364310921,
      sp: 1
    },
    {
      timestamp: 1718824260,
      token_amount: 13343098.4135,
      amount: 0.3,
      usdBalance: 41.201772153622144,
      sp: -1
    }
  ],
  SUCC: [
    {
      timestamp: 1718878380,
      token_amount: 9861895.736834,
      amount: 0.205955862,
      usdBalance: 28.19646465157904,
      sp: 1
    },
    {
      timestamp: 1718450460,
      token_amount: 3378574.311387,
      amount: 0.2,
      usdBalance: 28.809973222583768,
      sp: -1
    },
    {
      timestamp: 1718446500,
      token_amount: 2638839.102368,
      amount: 0.5,
      usdBalance: 71.71948378583954,
      sp: -1
    }
  ],
  STORMCAT: [
    {
      timestamp: 1718878380,
      token_amount: 22222222,
      amount: 0.205988142,
      usdBalance: 28.200883957104576,
      sp: 1
    }
  ],
  THEGOD: [
    {
      timestamp: 1718824260,
      token_amount: 10542921.916714,
      amount: 0.32843611,
      usdBalance: 45.10716590413993,
      sp: 1
    },
    {
      timestamp: 1718554260,
      token_amount: 4700700.856435,
      amount: 0.2,
      usdBalance: 29.72399558005039,
      sp: -1
    },
    {
      timestamp: 1718465400,
      token_amount: 5842221.060279,
      amount: 0.5,
      usdBalance: 72.5231469256394,
      sp: -1
    }
  ],
  MEOWG: [
    {
      timestamp: 1718582820,
      token_amount: 7043432.440074,
      amount: 0.350873068,
      usdBalance: 52.89482908747604,
      sp: 1
    },
    {
      timestamp: 1718582520,
      token_amount: 3163122.721188,
      amount: 0.2,
      usdBalance: 30.219926706238795,
      sp: -1
    },
    {
      timestamp: 1718582460,
      token_amount: 2332209.711733,
      amount: 0.2,
      usdBalance: 30.221479872987096,
      sp: -1
    },
    {
      timestamp: 1718581920,
      token_amount: 753525.250545,
      amount: 0.1,
      usdBalance: 15.078954886555923,
      sp: -1
    },
    {
      timestamp: 1718581560,
      token_amount: 488753.266491,
      amount: 0.1,
      usdBalance: 15.076413754124951,
      sp: -1
    },
    {
      timestamp: 1718581560,
      token_amount: 305821.490117,
      amount: 0.1,
      usdBalance: 15.076413754124951,
      sp: -1
    }
  ],
  SOCCER: [
    {
      timestamp: 1718440320,
      token_amount: 1308364.455625,
      amount: 0.5,
      usdBalance: 72.08167919622535,
      sp: -1
    }
  ],
  FAHSJ: [
    {
      timestamp: 1718422560,
      token_amount: 450678.841977,
      amount: 0.63921233,
      usdBalance: 92.0530857636523,
      sp: 1
    },
    {
      timestamp: 1718422560,
      token_amount: 241664,
      amount: 0.298547583,
      usdBalance: 42.99389259658071,
      sp: 1
    },
    {
      timestamp: 1718422320,
      token_amount: 251339.433443,
      amount: 0.2,
      usdBalance: 28.854209252382788,
      sp: -1
    },
    {
      timestamp: 1718422260,
      token_amount: 441003.408534,
      amount: 0.5,
      usdBalance: 72.15583919290506,
      sp: -1
    }
  ],
  wifgod: [
    {
      timestamp: 1718256120,
      token_amount: 1561269.751418,
      amount: 0.728427567,
      usdBalance: 110.86688848425712,
      sp: 1
    },
    {
      timestamp: 1718255400,
      token_amount: 1324975,
      amount: 0.773354593,
      usdBalance: 117.7469509967306,
      sp: 1
    },
    {
      timestamp: 1718254260,
      token_amount: 1068295.788303,
      amount: 0.5,
      usdBalance: 76.1308718607091,
      sp: -1
    },
    {
      timestamp: 1718254200,
      token_amount: 1817948.963115,
      amount: 1,
      usdBalance: 152.3124165157321,
      sp: -1
    }
  ]
}
{
  SC: 6441.781723982152,
  Larry: -1.574333429741058,
  chandi: -5.763290999540331,
  '$TEEF': 0.17902146577232436,
  '◎': -7.859011026143792,
  FAIRY: -187.4539614218997,
  Leaf: -62.02883087260027,
  pilot: -160.79045605088186,
  '$imba': -77.61442906295665,
  POSH: -93.52526440524711,
  MUCK: -101.76425928988883,
  drippy: -83.33426010429179,
  STFU: -459.72933102766126,
  BONE: 5.561265880957507,
  PUSH: -16.792408577621643,
  SLERF: -40497.51448387011,
  YEETI: 16.118072237622087,
  PEIPEI: -0.011398425687819166,
  SUE: -0.15278511433566955,
  DORA: -100.24117557038386,
  '$BIGZ': 3327.5437602397087,
  POGGA: -7.271128823512392,
  MAGAWIF: -6.087698510512936,
  SUCC: -72.33299235684427,
  STORMCAT: 28.200883957104576,
  THEGOD: -57.13997660154985,
  MEOWG: -52.77835988655568,
  SOCCER: -72.08167919622535,
  FAHSJ: -5.50350987594102,
  wifgod: -110.83924519200994
}
Total Transaction: 136
Win Rate: 10.0% (3/30)
Total PnL: -32420.80$

Processing wallet (group 20): 
stdout: Processing wallet address: undefined
No more transactions available.
{}
{}
Total Transaction: 0
Win Rate: 0% (0/0)
Total PnL: 0.00$

Processing completed for group 20.

