stdout: Processing wallet (group 39): 6ktY85wiQDxoBkupXb1vW41Z3Xfh9CnPcVayh9m1rNbX
stdout: Processing wallet address: 6ktY85wiQDxoBkupXb1vW41Z3Xfh9CnPcVayh9m1rNbX
Data appended to final.csv.
{
  MANIFEST: [
    {
      timestamp: 1720059780,
      token_amount: 1412099.471981,
      amount: 3.817903898,
      usdBalance: 623.1577913728578,
      sp: 1
    },
    {
      timestamp: 1720031880,
      token_amount: 1412099.471981,
      amount: 4.95,
      usdBalance: 807.9383739626142,
      sp: -1
    }
  ],
  freak: [
    {
      timestamp: 1720058700,
      token_amount: 2936571.384723,
      amount: 1.611921471,
      usdBalance: 263.0976186333667,
      sp: 1
    },
    {
      timestamp: 1720057380,
      token_amount: 2936571.384723,
      amount: 1.98,
      usdBalance: 323.17534958504564,
      sp: -1
    }
  ],
  GARF: [
    {
      timestamp: 1719887460,
      token_amount: 1229232.455781,
      amount: 4.154376579,
      usdBalance: 678.0768198112379,
      sp: 1
    },
    {
      timestamp: 1719886080,
      token_amount: 497477.708595,
      amount: 1.98,
      usdBalance: 323.17534958504564,
      sp: -1
    },
    {
      timestamp: 1719872820,
      token_amount: 731754.747186,
      amount: 4.95,
      usdBalance: 807.9383739626142,
      sp: -1
    }
  ],
  HERO: [
    {
      timestamp: 1719810180,
      token_amount: 28282.997615591,
      amount: 11.064198816,
      usdBalance: 1805.8971314339638,
      sp: 1
    },
    {
      timestamp: 1719810000,
      token_amount: 12210.47299636,
      amount: 4.95,
      usdBalance: 807.9383739626142,
      sp: -1
    },
    {
      timestamp: 1719809520,
      token_amount: 16072.524619231,
      amount: 4.95,
      usdBalance: 807.9383739626142,
      sp: -1
    }
  ],
  Warren: [
    {
      timestamp: 1719810120,
      token_amount: 2667980.195763,
      amount: 3.320626988,
      usdBalance: 541.9923170143622,
      sp: 1
    },
    {
      timestamp: 1719810060,
      token_amount: 1314079.797913,
      amount: 1.63380244,
      usdBalance: 266.6690276262124,
      sp: 1
    },
    {
      timestamp: 1719809700,
      token_amount: 3982059.993676,
      amount: 1.98,
      usdBalance: 323.17534958504564,
      sp: -1
    }
  ],
  CURVE: [
    {
      timestamp: 1719802020,
      token_amount: 3945294.857361,
      amount: 4.407644216,
      usdBalance: 719.4151314910629,
      sp: 1
    },
    {
      timestamp: 1719801900,
      token_amount: 3945294.857361,
      amount: 3.96,
      usdBalance: 646.3506991700913,
      sp: -1
    }
  ],
  MEOWING: [
    {
      timestamp: 1719710520,
      token_amount: 3354590.400037,
      amount: 3.125963969,
      usdBalance: 510.21944367264234,
      sp: 1
    },
    {
      timestamp: 1719710400,
      token_amount: 3354590.400037,
      amount: 2.97,
      usdBalance: 484.7630243775685,
      sp: -1
    },
    {
      timestamp: 1719709680,
      token_amount: 2067242.234605,
      amount: 1.847624327,
      usdBalance: 301.56900897982814,
      sp: 1
    },
    {
      timestamp: 1719709500,
      token_amount: 1018193.936446,
      amount: 0.925029105,
      usdBalance: 150.9831335276348,
      sp: 1
    },
    {
      timestamp: 1719709440,
      token_amount: 3085436.171051,
      amount: 2.08365421,
      usdBalance: 340.0937766318698,
      sp: 1
    },
    {
      timestamp: 1719709320,
      token_amount: 6170872.342102,
      amount: 2.97,
      usdBalance: 484.7630243775685,
      sp: -1
    }
  ],
  aura: [
    {
      timestamp: 1719709620,
      token_amount: 90970.411871,
      amount: 11.079630583,
      usdBalance: 1808.4159024920143,
      sp: 1
    },
    {
      timestamp: 1719687420,
      token_amount: 90970.411871,
      amount: 6.93,
      usdBalance: 1131.11372354766,
      sp: -1
    }
  ],
  '$SOLE': [
    {
      timestamp: 1719621960,
      token_amount: 553688.777805,
      amount: 1.652000647,
      usdBalance: 269.63933667118516,
      sp: 1
    },
    {
      timestamp: 1719615600,
      token_amount: 553688.777805,
      amount: 4.95,
      usdBalance: 807.9383739626142,
      sp: -1
    }
  ],
  GRIMACEX: [
    {
      timestamp: 1719609720,
      token_amount: 11940276.928735,
      amount: 0.458143283,
      usdBalance: 74.77808870887146,
      sp: 1
    },
    {
      timestamp: 1719609420,
      token_amount: 7159775.655291,
      amount: 0.99,
      usdBalance: 161.58767479252282,
      sp: -1
    },
    {
      timestamp: 1719609240,
      token_amount: 4780501.273444,
      amount: 1.98,
      usdBalance: 323.17534958504564,
      sp: -1
    }
  ],
  BWD: [
    {
      timestamp: 1719609480,
      token_amount: 1281645.531886,
      amount: 1.908071391,
      usdBalance: 311.435171121035,
      sp: 1
    },
    {
      timestamp: 1719609000,
      token_amount: 1281645.531886,
      amount: 2.97,
      usdBalance: 484.7630243775685,
      sp: -1
    }
  ],
  TERRIO: [
    {
      timestamp: 1719609420,
      token_amount: 2487699.305202,
      amount: 0.532015846,
      usdBalance: 86.83555909890596,
      sp: 1
    },
    {
      timestamp: 1719609180,
      token_amount: 2487699.305202,
      amount: 1.98,
      usdBalance: 323.17534958504564,
      sp: -1
    }
  ],
  BOOK: [
    {
      timestamp: 1719607500,
      token_amount: 2382784.553712,
      amount: 2.665163399,
      usdBalance: 435.0076329157038,
      sp: 1
    },
    {
      timestamp: 1719606780,
      token_amount: 2382784.553712,
      amount: 2.97,
      usdBalance: 484.7630243775685,
      sp: -1
    }
  ],
  SLEEPY: [
    {
      timestamp: 1719536940,
      token_amount: 124337.868733,
      amount: 1.987556046,
      usdBalance: 324.4086464575359,
      sp: 1
    },
    {
      timestamp: 1719536760,
      token_amount: 124337.868733,
      amount: 3.96,
      usdBalance: 646.3506991700913,
      sp: -1
    }
  ],
  MB: [
    {
      timestamp: 1719513540,
      token_amount: 252161.959583,
      amount: 5.869694439,
      usdBalance: 958.0507839804159,
      sp: 1
    },
    {
      timestamp: 1719513240,
      token_amount: 252161.959583,
      amount: 4.95,
      usdBalance: 807.9383739626142,
      sp: -1
    },
    {
      timestamp: 1719513180,
      token_amount: 223889.264853,
      amount: 2.996392752,
      usdBalance: 489.07084602105914,
      sp: 1
    },
    {
      timestamp: 1719513060,
      token_amount: 110273.817017,
      amount: 4.253006614,
      usdBalance: 694.1752016499805,
      sp: 1
    },
    {
      timestamp: 1719512880,
      token_amount: 334163.08187,
      amount: 5.070522723,
      usdBalance: 827.6100775679004,
      sp: 1
    },
    {
      timestamp: 1719512760,
      token_amount: 668326.16374,
      amount: 4.95,
      usdBalance: 807.9383739626142,
      sp: -1
    }
  ],
  MALTY: [
    {
      timestamp: 1719418800,
      token_amount: 3961624.851068,
      amount: 1.366994717,
      usdBalance: 223.12070482191191,
      sp: 1
    },
    {
      timestamp: 1719418680,
      token_amount: 3961624.851068,
      amount: 1.98,
      usdBalance: 323.17534958504564,
      sp: -1
    }
  ],
  NOBITA: [
    {
      timestamp: 1719417360,
      token_amount: 210618.153926,
      amount: 0.053169934,
      usdBalance: 8.678389902961518,
      sp: 1
    },
    {
      timestamp: 1719378900,
      token_amount: 210618.153926,
      amount: 4.95,
      usdBalance: 680.1583835528284,
      sp: -1
    }
  ],
  Dorinu: [
    {
      timestamp: 1719417360,
      token_amount: 3066417.059921,
      amount: 0.189485115,
      usdBalance: 30.9277365057008,
      sp: 1
    },
    {
      timestamp: 1719416400,
      token_amount: 3066417.059921,
      amount: 0.99,
      usdBalance: 161.58767479252282,
      sp: -1
    }
  ],
  'Him/Her': [
    {
      timestamp: 1719417360,
      token_amount: 5010372.699802,
      amount: 0.161512573,
      usdBalance: 26.3620617382097,
      sp: 1
    },
    {
      timestamp: 1719415860,
      token_amount: 5010372.699802,
      amount: 1.98,
      usdBalance: 323.17534958504564,
      sp: -1
    }
  ],
  HER: [
    {
      timestamp: 1719414300,
      token_amount: 1788914.879093,
      amount: 3.784507203,
      usdBalance: 617.7067870387114,
      sp: 1
    },
    {
      timestamp: 1719413700,
      token_amount: 1788914.879093,
      amount: 2.97,
      usdBalance: 409.9236317810357,
      sp: -1
    }
  ],
  STAWOZ: [
    {
      timestamp: 1719410340,
      token_amount: 6529763.506156,
      amount: 0.135724992,
      usdBalance: 18.81919944327751,
      sp: 1
    }
  ],
  'Jesus-Z': [
    {
      timestamp: 1719410340,
      token_amount: 36804445.28705,
      amount: 0.16589457,
      usdBalance: 23.00241800262373,
      sp: 1
    }
  ],
  LOG: [
    {
      timestamp: 1719410340,
      token_amount: 13446760.278096,
      amount: 0.157923751,
      usdBalance: 21.897209372460278,
      sp: 1
    }
  ],
  OVERPAID: [
    {
      timestamp: 1719410340,
      token_amount: 12646461.036534,
      amount: 0.154346958,
      usdBalance: 21.40126253288103,
      sp: 1
    }
  ],
  CRED: [
    {
      timestamp: 1719410280,
      token_amount: 3656103.300231,
      amount: 0.164191731,
      usdBalance: 22.7756201047385,
      sp: 1
    }
  ],
  DORAMI: [
    {
      timestamp: 1719379080,
      token_amount: 675596.979476548,
      amount: 3.366720146,
      usdBalance: 462.33730841812456,
      sp: 1
    },
    {
      timestamp: 1719378780,
      token_amount: 675596.979476548,
      amount: 2.97,
      usdBalance: 407.58911067195584,
      sp: -1
    }
  ],
  DORA: [
    {
      timestamp: 1719378600,
      token_amount: 10857944.545426,
      amount: 2.393365868,
      usdBalance: 328.13669684733935,
      sp: 1
    }
  ],
  sprite: [
    {
      timestamp: 1719372900,
      token_amount: 1129986.909813,
      amount: 4.493365416,
      usdBalance: 620.1161799808376,
      sp: 1
    },
    {
      timestamp: 1719372540,
      token_amount: 1129986.909813,
      amount: 4.95,
      usdBalance: 683.9438404638868,
      sp: -1
    },
    {
      timestamp: 1719371580,
      token_amount: 2873941.819545,
      amount: 7.372813831,
      usdBalance: 1024.6083160827802,
      sp: 1
    },
    {
      timestamp: 1719368460,
      token_amount: 1303659.975596,
      amount: 1.98,
      usdBalance: 275.88823813439103,
      sp: -1
    },
    {
      timestamp: 1719366000,
      token_amount: 1570281.843949,
      amount: 4.95,
      usdBalance: 683.6715463534805,
      sp: -1
    }
  ],
  CHUCK: [
    {
      timestamp: 1719368400,
      token_amount: 1632827.258195,
      amount: 1.551076977,
      usdBalance: 216.4719988519565,
      sp: 1
    },
    {
      timestamp: 1719367080,
      token_amount: 1632827.258195,
      amount: 4.95,
      usdBalance: 687.7765213089067,
      sp: -1
    }
  ],
  MINI: [
    {
      timestamp: 1719364440,
      token_amount: 784173.362294,
      amount: 4.167255108,
      usdBalance: 570.6832308572533,
      sp: 1
    },
    {
      timestamp: 1719363120,
      token_amount: 784173.362294,
      amount: 4.95,
      usdBalance: 675.0610049852353,
      sp: -1
    }
  ],
  METAL: [
    {
      timestamp: 1719362700,
      token_amount: 398950.684047,
      amount: 1.482884011,
      usdBalance: 202.0599446494929,
      sp: 1
    },
    {
      timestamp: 1719362100,
      token_amount: 398950.684047,
      amount: 5.94,
      usdBalance: 811.5372373759329,
      sp: -1
    }
  ],
  TRUMPS: [
    {
      timestamp: 1719346020,
      token_amount: 8058813.178368,
      amount: 4.911280905,
      usdBalance: 681.3793427657299,
      sp: 1
    },
    {
      timestamp: 1719345840,
      token_amount: 8058813.178368,
      amount: 3.96,
      usdBalance: 549.1462825272414,
      sp: -1
    }
  ],
  Laika: [
    {
      timestamp: 1719252000,
      token_amount: 983635.792508212,
      amount: 0.99,
      usdBalance: 126.90016781369255,
      sp: -1
    },
    {
      timestamp: 1719251700,
      token_amount: 1133757.553343219,
      amount: 1.98,
      usdBalance: 253.38588622261898,
      sp: -1
    },
    {
      timestamp: 1719251460,
      token_amount: 921293.026389866,
      amount: 3.96,
      usdBalance: 504.7609703519595,
      sp: -1
    },
    {
      timestamp: 1719250980,
      token_amount: 2340677.026623983,
      amount: 1.98,
      usdBalance: 253.12968100922322,
      sp: -1
    }
  ],
  STAN: [
    {
      timestamp: 1719251160,
      token_amount: 837214.878563257,
      amount: 3.129680796,
      usdBalance: 400.2758435377025,
      sp: 1
    },
    {
      timestamp: 1719250800,
      token_amount: 837214.878563257,
      amount: 4.95,
      usdBalance: 630.5464789366516,
      sp: -1
    },
    {
      timestamp: 1719249900,
      token_amount: 2056638.888410943,
      amount: 3.796916598,
      usdBalance: 485.3898103830474,
      sp: 1
    },
    {
      timestamp: 1719249420,
      token_amount: 2056638.888410943,
      amount: 2.97,
      usdBalance: 381.68807779354603,
      sp: -1
    }
  ],
  FIRST: [
    {
      timestamp: 1719249240,
      token_amount: 193359.560284413,
      amount: 6.490589683,
      usdBalance: 829.5625573180664,
      sp: 1
    },
    {
      timestamp: 1719249120,
      token_amount: 193359.560284413,
      amount: 4.95,
      usdBalance: 627.5023453649515,
      sp: -1
    }
  ],
  Potato: [
    {
      timestamp: 1719249060,
      token_amount: 3871650.703438569,
      amount: 1.528022198,
      usdBalance: 192.91385601456923,
      sp: 1
    },
    {
      timestamp: 1719249000,
      token_amount: 3871650.703438569,
      amount: 2.97,
      usdBalance: 378.03319733302527,
      sp: -1
    }
  ],
  WOLF: [
    {
      timestamp: 1719092520,
      token_amount: 161876.23448282,
      amount: 20.657478637,
      usdBalance: 2773.661241170237,
      sp: 1
    },
    {
      timestamp: 1719070680,
      token_amount: 45825.69877196,
      amount: 4.95,
      usdBalance: 664.2302414633295,
      sp: -1
    },
    {
      timestamp: 1718905020,
      token_amount: 116050.53571086,
      amount: 9.9,
      usdBalance: 1328.175292546247,
      sp: -1
    }
  ],
  MIZUCHI: [
    {
      timestamp: 1719011040,
      token_amount: 240867.102038257,
      amount: 5.3034329,
      usdBalance: 717.3222969679881,
      sp: 1
    },
    {
      timestamp: 1719010980,
      token_amount: 240867.102038257,
      amount: 4.95,
      usdBalance: 668.7970362099313,
      sp: -1
    }
  ],
  VIVI: [
    {
      timestamp: 1718999400,
      token_amount: 593924.782174,
      amount: 3.521786097,
      usdBalance: 467.65061150049786,
      sp: 1
    },
    {
      timestamp: 1718989200,
      token_amount: 190744.43335,
      amount: 2.3067,
      usdBalance: 300.8551587248015,
      sp: -1
    },
    {
      timestamp: 1718921460,
      token_amount: 139471.411647,
      amount: 2.97,
      usdBalance: 397.9601241581495,
      sp: -1
    },
    {
      timestamp: 1718920080,
      token_amount: 263708.937177,
      amount: 7.92,
      usdBalance: 1060.4240522946895,
      sp: -1
    }
  ],
  CELEBY: [
    {
      timestamp: 1718921160,
      token_amount: 1314977.294284,
      amount: 3.758028784,
      usdBalance: 503.10381732141377,
      sp: 1
    },
    {
      timestamp: 1718921040,
      token_amount: 1314977.294284,
      amount: 4.95,
      usdBalance: 662.9273156413755,
      sp: -1
    }
  ],
  QSOL: [
    {
      timestamp: 1718919300,
      token_amount: 4682940.026497,
      amount: 1.859997489,
      usdBalance: 249.68649767659554,
      sp: 1
    },
    {
      timestamp: 1718919060,
      token_amount: 2378243.329888,
      amount: 1.98,
      usdBalance: 266.52654538099966,
      sp: -1
    },
    {
      timestamp: 1718915220,
      token_amount: 2304696.696609,
      amount: 2.97,
      usdBalance: 397.3178276626127,
      sp: -1
    }
  ],
  RAT: [
    {
      timestamp: 1718909640,
      token_amount: 1916617.90108,
      amount: 2.167006117,
      usdBalance: 291.1141769195993,
      sp: 1
    },
    {
      timestamp: 1718909160,
      token_amount: 1916617.90108,
      amount: 5.94,
      usdBalance: 798.7429261366087,
      sp: -1
    }
  ],
  KITSUNE: [
    {
      timestamp: 1718907240,
      token_amount: 1088962.72567245,
      amount: 6.72619385,
      usdBalance: 907.5194604871853,
      sp: 1
    },
    {
      timestamp: 1718906040,
      token_amount: 1088962.72567245,
      amount: 11.88,
      usdBalance: 1592.9592821438016,
      sp: -1
    },
    {
      timestamp: 1718905920,
      token_amount: 1654904.5506052,
      amount: 14.4563349,
      usdBalance: 1935.7685465394968,
      sp: 1
    },
    {
      timestamp: 1718905380,
      token_amount: 1654904.5506052,
      amount: 9.9,
      usdBalance: 1325.4516964880377,
      sp: -1
    }
  ],
  Alpha: [
    {
      timestamp: 1718832900,
      token_amount: 2981300.783398,
      amount: 5.229820312,
      usdBalance: 709.8035251947366,
      sp: 1
    },
    {
      timestamp: 1718832720,
      token_amount: 1375967.283437,
      amount: 1.98,
      usdBalance: 268.15231267295627,
      sp: -1
    },
    {
      timestamp: 1718830740,
      token_amount: 1605333.499961,
      amount: 2.97,
      usdBalance: 401.9558136137692,
      sp: -1
    }
  ],
  fw: [
    {
      timestamp: 1718816460,
      token_amount: 3487372.763588,
      amount: 0.66139675,
      usdBalance: 90.59491139857175,
      sp: 1
    },
    {
      timestamp: 1718814840,
      token_amount: 3487372.763588,
      amount: 0.99,
      usdBalance: 135.8527010910775,
      sp: -1
    }
  ],
  GARCIA: [
    {
      timestamp: 1718671740,
      token_amount: 1297649.747923,
      amount: 3.461782671,
      usdBalance: 485.79597352588564,
      sp: 1
    },
    {
      timestamp: 1718666160,
      token_amount: 1297649.747923,
      amount: 9.9,
      usdBalance: 1419.3522180385191,
      sp: -1
    }
  ],
  Lulu: [
    {
      timestamp: 1718666100,
      token_amount: 3547565.209853,
      amount: 3.141373199,
      usdBalance: 450.12756023077014,
      sp: 1
    },
    {
      timestamp: 1718665800,
      token_amount: 1540003.908502,
      amount: 1.98,
      usdBalance: 284.7088794958548,
      sp: -1
    },
    {
      timestamp: 1718665500,
      token_amount: 857618.871382,
      amount: 1.98,
      usdBalance: 285.2828345729108,
      sp: -1
    },
    {
      timestamp: 1718664060,
      token_amount: 598156.631258,
      amount: 2.97,
      usdBalance: 427.3724415431683,
      sp: -1
    },
    {
      timestamp: 1718662800,
      token_amount: 551785.798711,
      amount: 6.93,
      usdBalance: 994.3665159032649,
      sp: -1
    }
  ],
  WGMI: [
    {
      timestamp: 1718663160,
      token_amount: 2775481.033261,
      amount: 3.238115446,
      usdBalance: 465.2121900952933,
      sp: 1
    },
    {
      timestamp: 1718662920,
      token_amount: 2775481.033261,
      amount: 1.98,
      usdBalance: 284.1508521533629,
      sp: -1
    }
  ],
  GOBE: [
    {
      timestamp: 1718381760,
      token_amount: 717734.585978701,
      amount: 16.466904721,
      usdBalance: 2328.5361604704917,
      sp: 1
    },
    {
      timestamp: 1718381460,
      token_amount: 717734.585978701,
      amount: 11.88,
      usdBalance: 1688.4528534386725,
      sp: -1
    }
  ]
}
{
  MANIFEST: -189.59102363267255,
  freak: -50.107921753270375,
  GARF: -402.1342362602193,
  HERO: 174.4455619215281,
  Warren: 343.2074095767589,
  CURVE: 65.02080967688823,
  MEOWING: -60.55046557998929,
  aura: 570.0641187177347,
  '$SOLE': -459.76275797881203,
  GRIMACEX: -350.9337243209794,
  BWD: -146.15526977231212,
  TERRIO: -201.81737509041278,
  BOOK: -44.35579468243475,
  SLEEPY: -290.04115332979825,
  MB: 625.5998384977016,
  MALTY: -84.06226297290672,
  NOBITA: -672.8837107432497,
  Dorinu: -108.92904685374444,
  'Him/Her': -248.34626634235204,
  HER: 110.52212020676797,
  STAWOZ: 18.81919944327751,
  'Jesus-Z': 23.00241800262373,
  LOG: 21.897209372460278,
  OVERPAID: 21.40126253288103,
  CRED: 22.7756201047385,
  DORAMI: 54.748197746168785,
  DORA: 328.13669684733935,
  sprite: 1.2208711118594238,
  CHUCK: -471.30452245695017,
  MINI: -104.37777412798198,
  METAL: -609.4772927264399,
  TRUMPS: 132.23306023848852,
  Laika: -1138.1767053974943,
  STAN: -126.56890280944776,
  FIRST: 202.06021195311496,
  Potato: -185.11934131845604,
  WOLF: 781.2557071606607,
  MIZUCHI: 48.52526075805679,
  VIVI: -1291.5887236771428,
  CELEBY: -159.8234983199617,
  QSOL: -414.15787536701674,
  RAT: -507.62874921700944,
  KITSUNE: -75.12297160515732,
  Alpha: 39.6953989080111,
  fw: -45.25778969250575,
  GARCIA: -933.5562445126335,
  Lulu: -1541.6031112844287,
  WGMI: 181.0613379419304,
  GOBE: 640.0833070318192
}
Total Transaction: 121
Win Rate: 18.4% (9/49)
Total PnL: -6507.66$

Processing wallet (group 39): 
stdout: Processing wallet address: undefined
No more transactions available.
{}
{}
Total Transaction: 0
Win Rate: 0% (0/0)
Total PnL: 0.00$

Processing completed for group 39.

