stdout: Processing wallet (group 5): En6YHLWvCp8K8KDfqH43JpUQEPAfgqLJVV2GeTjiwUCm
stdout: Processing wallet address: En6YHLWvCp8K8KDfqH43JpUQEPAfgqLJVV2GeTjiwUCm
No more transactions available.
{
  Cutie: [
    {
      timestamp: 1720127880,
      token_amount: 774435.937163,
      amount: 0.464438588,
      usdBalance: 68.04422659570952,
      sp: 1
    },
    {
      timestamp: 1720126260,
      token_amount: 774435.937163,
      amount: 1,
      usdBalance: 146.50855539098643,
      sp: -1
    }
  ],
  HERO: [
    {
      timestamp: 1720115460,
      token_amount: 54541.090316152,
      amount: 10.92061068,
      usdBalance: 1599.962894714178,
      sp: 1
    },
    {
      timestamp: 1720111260,
      token_amount: 54541.090316152,
      amount: 10.449424044,
      usdBalance: 1530.9300213542795,
      sp: 1
    },
    {
      timestamp: 1720111260,
      token_amount: 5741.1674017,
      amount: 1.102601954,
      usdBalance: 161.54061945181888,
      sp: 1
    },
    {
      timestamp: 1720111200,
      token_amount: 38274.449344668,
      amount: 7.363191018,
      usdBalance: 1078.7704791150668,
      sp: 1
    },
    {
      timestamp: 1720111200,
      token_amount: 51032.599126223,
      amount: 9.854698269,
      usdBalance: 1443.7976072052445,
      sp: 1
    },
    {
      timestamp: 1719822120,
      token_amount: 22681.15516721,
      amount: 8.723084518,
      usdBalance: 1278.0065112856591,
      sp: 1
    },
    {
      timestamp: 1719822120,
      token_amount: 25201.283519122,
      amount: 9.698273148,
      usdBalance: 1420.8799887006744,
      sp: 1
    },
    {
      timestamp: 1719822120,
      token_amount: 31501.604398903,
      amount: 12.121175593,
      usdBalance: 1775.8559257709132,
      sp: 1
    },
    {
      timestamp: 1719822060,
      token_amount: 31501.604398903,
      amount: 12.218769195,
      usdBalance: 1790.1542234153362,
      sp: 1
    },
    {
      timestamp: 1719815100,
      token_amount: 35001.782665448,
      amount: 17.890788545,
      usdBalance: 2633.9908819180555,
      sp: 1
    },
    {
      timestamp: 1719809220,
      token_amount: 116672.608884827,
      amount: 53.807087779,
      usdBalance: 7933.415327034566,
      sp: 1
    },
    {
      timestamp: 1719809040,
      token_amount: 51854.4928377,
      amount: 14.124017509,
      usdBalance: 2081.606989238734,
      sp: 1
    },
    {
      timestamp: 1719809040,
      token_amount: 57616.103153,
      amount: 16.751118661,
      usdBalance: 2468.790884752576,
      sp: 1
    },
    {
      timestamp: 1719808800,
      token_amount: 72020.128941251,
      amount: 12.529368137,
      usdBalance: 1848.8409099069393,
      sp: 1
    },
    {
      timestamp: 1719808800,
      token_amount: 72020.128941251,
      amount: 12.455132147,
      usdBalance: 1837.8866036882455,
      sp: 1
    },
    {
      timestamp: 1719808620,
      token_amount: 360100.644706255,
      amount: 23.559025672,
      usdBalance: 3477.5914673255193,
      sp: 1
    },
    {
      timestamp: 1719808620,
      token_amount: 360100.644706255,
      amount: 23.299785526,
      usdBalance: 3439.3245486392643,
      sp: 1
    },
    {
      timestamp: 1719808560,
      token_amount: 480134.192941673,
      amount: 14.367539792,
      usdBalance: 2120.9147401381592,
      sp: 1
    },
    {
      timestamp: 1719808140,
      token_amount: 240067.096470836,
      amount: 3.621495128,
      usdBalance: 534.8656200485912,
      sp: 1
    },
    {
      timestamp: 1719808140,
      token_amount: 240067.096470836,
      amount: 3.671353166,
      usdBalance: 542.2292501148294,
      sp: 1
    },
    {
      timestamp: 1719808020,
      token_amount: 2400670.964708364,
      amount: 26.115528938,
      usdBalance: 3857.649664042727,
      sp: 1
    },
    {
      timestamp: 1719808020,
      token_amount: 1600447.309805576,
      amount: 11.056559016,
      usdBalance: 1633.2172047826582,
      sp: 1
    },
    {
      timestamp: 1719807960,
      token_amount: 711309.915469145,
      amount: 1.156594061,
      usdBalance: 170.7832275315848,
      sp: 1
    },
    {
      timestamp: 1719807960,
      token_amount: 790344.350521272,
      amount: 1.302350605,
      usdBalance: 192.3057079398336,
      sp: 1
    },
    {
      timestamp: 1719807900,
      token_amount: 7903443.505212722,
      amount: 5,
      usdBalance: 738.07102224275,
      sp: -1
    }
  ],
  BHAD: [
    {
      timestamp: 1719885540,
      token_amount: 2750818.755348,
      amount: 0.096260339,
      usdBalance: 14.10296320833663,
      sp: 1
    },
    {
      timestamp: 1719885480,
      token_amount: 916939.585116,
      amount: 0.041542071,
      usdBalance: 6.086268810159791,
      sp: 1
    }
  ],
  BEANIE: [
    {
      timestamp: 1719875940,
      token_amount: 1032726.425633842,
      amount: 3.964657311,
      usdBalance: 580.8562152549227,
      sp: 1
    },
    {
      timestamp: 1719875880,
      token_amount: 1032726.425633842,
      amount: 5,
      usdBalance: 732.5427769549322,
      sp: -1
    }
  ],
  DEXTER: [
    {
      timestamp: 1719867120,
      token_amount: 10906222.437501,
      amount: 2.25846608,
      usdBalance: 330.884602780344,
      sp: 1
    },
    {
      timestamp: 1719865860,
      token_amount: 10906222.437501,
      amount: 4.438782043,
      usdBalance: 650.3195448153814,
      sp: 1
    },
    {
      timestamp: 1719865860,
      token_amount: 21812444.875001,
      amount: 11.577288986,
      usdBalance: 1696.171884682838,
      sp: 1
    }
  ]
}
{
  Cutie: -71.33371225159775,
  HERO: 42599.093365977926,
  BHAD: 20.327170688910417,
  BEANIE: -152.0124856717381,
  DEXTER: 2695.6914244527566
}
Total Transaction: 34
Win Rate: 20.0% (1/5)
Total PnL: 45091.77$

Processing wallet (group 5): 8Q8wW7SndLFeq6SvV4pdVNn9fV22K4FQsUS5f9qPHktf
stdout: Processing wallet address: 8Q8wW7SndLFeq6SvV4pdVNn9fV22K4FQsUS5f9qPHktf
{
  '38': [
    {
      timestamp: 1718300940,
      token_amount: 58062244.227919,
      amount: 4.866146549,
      usdBalance: 721.0851456770429,
      sp: 1
    }
  ],
  Mia: [
    {
      timestamp: 1720738740,
      token_amount: 4989325.730194,
      amount: 10.332467027,
      usdBalance: 1430.6542530820918,
      sp: 1
    }
  ],
  mood: [
    {
      timestamp: 1720724100,
      token_amount: 3000387.770529,
      amount: 0.569317923,
      usdBalance: 78.82890947219403,
      sp: 1
    },
    {
      timestamp: 1720720800,
      token_amount: 3000387.770529,
      amount: 1.6,
      usdBalance: 221.53923152619677,
      sp: -1
    }
  ],
  MANYU: [
    {
      timestamp: 1720627380,
      token_amount: 13989238.622112,
      amount: 0.419639634,
      usdBalance: 59.27471721908046,
      sp: 1
    }
  ],
  glak: [
    {
      timestamp: 1720602240,
      token_amount: 2660978.359233,
      amount: 7.64652898,
      usdBalance: 1058.7538462949958,
      sp: 1
    },
    {
      timestamp: 1720600200,
      token_amount: 1519630.545289,
      amount: 2.2,
      usdBalance: 304.6164433485206,
      sp: -1
    },
    {
      timestamp: 1720598160,
      token_amount: 1141347.813944,
      amount: 2.2,
      usdBalance: 304.6164433485206,
      sp: -1
    }
  ],
  MOONWIF: [
    {
      timestamp: 1719836940,
      token_amount: 2486103.693533355,
      amount: 3.154085685,
      usdBalance: 462.3283150957327,
      sp: 1
    },
    {
      timestamp: 1719599880,
      token_amount: 373458.870917248,
      amount: 0.827593733,
      usdBalance: 117.31471552990742,
      sp: 1
    },
    {
      timestamp: 1719599460,
      token_amount: 908473.493594729,
      amount: 1.980250694,
      usdBalance: 280.27717342569616,
      sp: 1
    },
    {
      timestamp: 1719588900,
      token_amount: 959738.167858472,
      amount: 1.979729796,
      usdBalance: 280.46851578086455,
      sp: 1
    },
    {
      timestamp: 1719523500,
      token_amount: 4727774.225903804,
      amount: 10,
      usdBalance: 1494.5337509051171,
      sp: -1
    },
    {
      timestamp: 1719523440,
      token_amount: 5085648.5574,
      amount: 10.742589615,
      usdBalance: 1606.208366876073,
      sp: 1
    },
    {
      timestamp: 1719519960,
      token_amount: 1580557.4426,
      amount: 3.361026471,
      usdBalance: 498.7405541639816,
      sp: 1
    }
  ],
  STEVE: [
    {
      timestamp: 1719836940,
      token_amount: 1808140.471666,
      amount: 1.194647362,
      usdBalance: 175.11233275421364,
      sp: 1
    },
    {
      timestamp: 1719836220,
      token_amount: 1808140.471666,
      amount: 1.2,
      usdBalance: 175.92843682150055,
      sp: -1
    }
  ],
  HARRY: [
    {
      timestamp: 1719835920,
      token_amount: 4794475.556901,
      amount: 1.340762875,
      usdBalance: 196.65699696146535,
      sp: 1
    },
    {
      timestamp: 1719835260,
      token_amount: 4794475.426745,
      amount: 2,
      usdBalance: 292.64222640604714,
      sp: -1
    }
  ],
  Sony: [
    {
      timestamp: 1719834120,
      token_amount: 1232194.087707,
      amount: 0.600604052,
      usdBalance: 87.68522867192543,
      sp: 1
    },
    {
      timestamp: 1719833760,
      token_amount: 1232194.087707,
      amount: 0.7,
      usdBalance: 102.23307373826617,
      sp: -1
    }
  ],
  BUDDY: [
    {
      timestamp: 1719826980,
      token_amount: 3469298.012933,
      amount: 3.455553083,
      usdBalance: 508.9921427308281,
      sp: 1
    },
    {
      timestamp: 1719826080,
      token_amount: 1541215.248333,
      amount: 1.55,
      usdBalance: 228.24789939761624,
      sp: -1
    },
    {
      timestamp: 1719825840,
      token_amount: 636353.316308,
      amount: 0.5,
      usdBalance: 73.52089448834822,
      sp: -1
    },
    {
      timestamp: 1719825540,
      token_amount: 642764.278016,
      amount: 0.5,
      usdBalance: 73.55779257764839,
      sp: -1
    },
    {
      timestamp: 1719825540,
      token_amount: 648965.170276,
      amount: 0.5,
      usdBalance: 73.55779257764839,
      sp: -1
    }
  ],
  VILLAIN: [
    {
      timestamp: 1719823860,
      token_amount: 3146231.514727,
      amount: 3.155952843,
      usdBalance: 464.5256583915477,
      sp: 1
    },
    {
      timestamp: 1719823200,
      token_amount: 3146231.514727,
      amount: 5,
      usdBalance: 733.9351726763527,
      sp: -1
    }
  ],
  Berry: [
    {
      timestamp: 1719779280,
      token_amount: 17355187.854911,
      amount: 4.723473128,
      usdBalance: 687.6078514781483,
      sp: 1
    },
    {
      timestamp: 1719778920,
      token_amount: 17355187.854911,
      amount: 5,
      usdBalance: 725.4810718710702,
      sp: -1
    }
  ],
  PINKI: [
    {
      timestamp: 1719778620,
      token_amount: 14504994.835021,
      amount: 1.622233265,
      usdBalance: 234.81524626824486,
      sp: 1
    }
  ],
  '$Bash': [
    {
      timestamp: 1719777900,
      token_amount: 9247684.581251,
      amount: 1.779873469,
      usdBalance: 257.1375804604426,
      sp: 1
    }
  ],
  PUCHI: [
    {
      timestamp: 1719775620,
      token_amount: 1314783.025037,
      amount: 1.294013759,
      usdBalance: 187.37318247451478,
      sp: 1
    },
    {
      timestamp: 1719773220,
      token_amount: 1314783.025036,
      amount: 2.345275671,
      usdBalance: 340.7901422759884,
      sp: 1
    },
    {
      timestamp: 1719771720,
      token_amount: 2629566.050073,
      amount: 2.134877431,
      usdBalance: 307.4624810774272,
      sp: 1
    }
  ],
  ell: [
    {
      timestamp: 1719763500,
      token_amount: 3028611.066764,
      amount: 2.57525488,
      usdBalance: 369.08669689607336,
      sp: 1
    },
    {
      timestamp: 1719758400,
      token_amount: 1009537.022254,
      amount: 4.123187939,
      usdBalance: 583.6538996315147,
      sp: 1
    },
    {
      timestamp: 1719756240,
      token_amount: 4038148.089018,
      amount: 9.39967656,
      usdBalance: 1331.8148465724475,
      sp: 1
    },
    {
      timestamp: 1719755520,
      token_amount: 4203196.114823,
      amount: 5,
      usdBalance: 708.1584884631006,
      sp: -1
    },
    {
      timestamp: 1719755280,
      token_amount: 3873100.063213,
      amount: 5,
      usdBalance: 708.4117604971295,
      sp: -1
    },
    {
      timestamp: 1719755160,
      token_amount: 2226308.301853,
      amount: 1.960992995,
      usdBalance: 277.8533140200668,
      sp: 1
    },
    {
      timestamp: 1719752940,
      token_amount: 2226308.301853,
      amount: 2,
      usdBalance: 282.18733861040505,
      sp: -1
    }
  ],
  JELLY: [
    {
      timestamp: 1719752760,
      token_amount: 8792722.133534,
      amount: 1.471858626,
      usdBalance: 207.62275763863823,
      sp: 1
    },
    {
      timestamp: 1719752640,
      token_amount: 8792722.133534,
      amount: 2,
      usdBalance: 282.05478598651064,
      sp: -1
    },
    {
      timestamp: 1719752400,
      token_amount: 13778283.807235,
      amount: 4.319257648,
      usdBalance: 608.6876940781601,
      sp: 1
    },
    {
      timestamp: 1719751440,
      token_amount: 3623957.092918,
      amount: 3,
      usdBalance: 421.5633945819625,
      sp: -1
    }
  ],
  Adidas: [
    {
      timestamp: 1719745620,
      token_amount: 7405690.76708,
      amount: 1.66673915,
      usdBalance: 234.8846459604823,
      sp: 1
    }
  ],
  Nike: [
    {
      timestamp: 1719744840,
      token_amount: 3781884.051779,
      amount: 1.539931749,
      usdBalance: 216.13538788152908,
      sp: 1
    }
  ],
  YAMI: [
    {
      timestamp: 1719726900,
      token_amount: 2192871.383718,
      amount: 1.875305085,
      usdBalance: 257.8209107773841,
      sp: 1
    },
    {
      timestamp: 1719708780,
      token_amount: 2192871.383717,
      amount: 3.266504162,
      usdBalance: 459.1270945409958,
      sp: 1
    },
    {
      timestamp: 1719702300,
      token_amount: 1055625.430374,
      amount: 2.750609521,
      usdBalance: 384.8995194652722,
      sp: 1
    },
    {
      timestamp: 1719700620,
      token_amount: 2186005.222163,
      amount: 2.773438898,
      usdBalance: 387.85135613895477,
      sp: 1
    },
    {
      timestamp: 1719700080,
      token_amount: 1430563.816135,
      amount: 1.1,
      usdBalance: 153.89967774447084,
      sp: -1
    },
    {
      timestamp: 1719699180,
      token_amount: 3065221.208885,
      amount: 2.1,
      usdBalance: 294.4590780870178,
      sp: -1
    }
  ],
  mshiba: [
    {
      timestamp: 1719609660,
      token_amount: 7391249.680261,
      amount: 1.106135146,
      usdBalance: 154.43321345483022,
      sp: 1
    }
  ],
  PARTY: [
    {
      timestamp: 1719523500,
      token_amount: 28369673.666413,
      amount: 1.156143739,
      usdBalance: 172.78958388331367,
      sp: 1
    },
    {
      timestamp: 1719521580,
      token_amount: 2296569.613039,
      amount: 0.5,
      usdBalance: 74.5513709018267,
      sp: -1
    }
  ],
  ROARINGDOG: [
    {
      timestamp: 1719509220,
      token_amount: 149870.316973,
      amount: 0.504590484,
      usdBalance: 74.81377851956587,
      sp: 1
    },
    {
      timestamp: 1719508260,
      token_amount: 151472.420902,
      amount: 3,
      usdBalance: 443.9688239259899,
      sp: -1
    }
  ],
  Caviar: [
    {
      timestamp: 1719508260,
      token_amount: 622575.189872,
      amount: 2.993484284,
      usdBalance: 443.0045656694713,
      sp: 1
    },
    {
      timestamp: 1719504180,
      token_amount: 622575.189872,
      amount: 3,
      usdBalance: 442.32295829241446,
      sp: -1
    }
  ],
  SC: [
    {
      timestamp: 1719501420,
      token_amount: 6934371.783582,
      amount: 0.217462655,
      usdBalance: 32.19557883901339,
      sp: 1
    },
    {
      timestamp: 1719500880,
      token_amount: 6934371.783582,
      amount: 1,
      usdBalance: 147.58074244530022,
      sp: -1
    }
  ],
  VANECK: [
    {
      timestamp: 1719499140,
      token_amount: 5379868.453783,
      amount: 0.190633245,
      usdBalance: 28.412468042718178,
      sp: 1
    }
  ],
  door: [
    {
      timestamp: 1719436440,
      token_amount: 10285255.088125,
      amount: 1.103098985,
      usdBalance: 150.79500909671066,
      sp: 1
    }
  ],
  SPARUS: [
    {
      timestamp: 1719428700,
      token_amount: 392016.048105,
      amount: 0.077568837,
      usdBalance: 10.504022939788296,
      sp: 1
    }
  ],
  BURNPILE: [
    {
      timestamp: 1719407340,
      token_amount: 4692466.22623,
      amount: 0.141832965,
      usdBalance: 19.399730535493262,
      sp: 1
    },
    {
      timestamp: 1719407100,
      token_amount: 4739864.874979,
      amount: 2,
      usdBalance: 273.43870093470764,
      sp: -1
    }
  ],
  WEIRDO: [
    {
      timestamp: 1719401280,
      token_amount: 3401185.341509,
      amount: 0.233890324,
      usdBalance: 32.020909163626754,
      sp: 1
    },
    {
      timestamp: 1719401160,
      token_amount: 3435959.573467,
      amount: 2,
      usdBalance: 274.0365495171293,
      sp: -1
    }
  ],
  MER: [
    {
      timestamp: 1719398880,
      token_amount: 273885.992973357,
      amount: 0.159200975,
      usdBalance: 21.714966300228703,
      sp: 1
    },
    {
      timestamp: 1719398520,
      token_amount: 276652.518154906,
      amount: 5,
      usdBalance: 681.7344626039128,
      sp: -1
    }
  ],
  Doraemon: [
    {
      timestamp: 1719382800,
      token_amount: 18236757.700336,
      amount: 1.090380018,
      usdBalance: 149.68335414928038,
      sp: 1
    },
    {
      timestamp: 1719381480,
      token_amount: 18420967.374076,
      amount: 4,
      usdBalance: 547.4196072614988,
      sp: -1
    }
  ],
  TARDAR: [
    {
      timestamp: 1719381300,
      token_amount: 1000,
      amount: 0.00234592,
      usdBalance: 0.32118805722410054,
      sp: 1
    }
  ],
  Shizuka: [
    {
      timestamp: 1719381120,
      token_amount: 6703752.879949,
      amount: 2.491789645,
      usdBalance: 341.33109361787336,
      sp: 1
    },
    {
      timestamp: 1719380880,
      token_amount: 6772848.992116,
      amount: 5,
      usdBalance: 684.9431805147411,
      sp: -1
    }
  ],
  NOIDEA: [
    {
      timestamp: 1719354600,
      token_amount: 9071016.055826,
      amount: 3.739084837,
      usdBalance: 514.9410278967739,
      sp: 1
    },
    {
      timestamp: 1719352740,
      token_amount: 2913415.250589,
      amount: 3.222935207,
      usdBalance: 442.5285607928541,
      sp: 1
    },
    {
      timestamp: 1719352500,
      token_amount: 2707773.310987,
      amount: 3.170963837,
      usdBalance: 435.7779770591089,
      sp: 1
    }
  ],
  BIAO: [
    {
      timestamp: 1719347580,
      token_amount: 265745.689489,
      amount: 3.96249625,
      usdBalance: 549.0013311124433,
      sp: 1
    },
    {
      timestamp: 1719345060,
      token_amount: 114061.652969,
      amount: 3,
      usdBalance: 416.33985709540536,
      sp: -1
    },
    {
      timestamp: 1719340140,
      token_amount: 151684.03652,
      amount: 4.8,
      usdBalance: 664.9650139280695,
      sp: -1
    }
  ],
  MoonPopCat: [
    {
      timestamp: 1719328620,
      token_amount: 16638233.561356,
      amount: 0.699031075,
      usdBalance: 96.38774726134305,
      sp: 1
    },
    {
      timestamp: 1719326100,
      token_amount: 7585299.694212,
      amount: 1,
      usdBalance: 138.75091331969438,
      sp: -1
    },
    {
      timestamp: 1719325680,
      token_amount: 9052933.867144,
      amount: 2,
      usdBalance: 277.28564027695217,
      sp: -1
    }
  ],
  MD: [
    {
      timestamp: 1719321120,
      token_amount: 1154312.5,
      amount: 4.09594709,
      usdBalance: 562.729818414317,
      sp: 1
    },
    {
      timestamp: 1719298140,
      token_amount: 1154312.5,
      amount: 4.149576006,
      usdBalance: 562.8261862270748,
      sp: 1
    }
  ],
  MP: [
    {
      timestamp: 1719314580,
      token_amount: 4277328.8064,
      amount: 3.497883802,
      usdBalance: 482.795639977852,
      sp: 1
    },
    {
      timestamp: 1719311460,
      token_amount: 2167343.1936,
      amount: 4.762305979,
      usdBalance: 654.4132981651262,
      sp: 1
    }
  ],
  MMAGA: [
    {
      timestamp: 1719307200,
      token_amount: 6205888.4,
      amount: 5.407175851,
      usdBalance: 728.9604300233802,
      sp: 1
    },
    {
      timestamp: 1719305280,
      token_amount: 3056631.6,
      amount: 5.477922564,
      usdBalance: 732.7217935918293,
      sp: 1
    }
  ],
  POCAT: [
    {
      timestamp: 1719305520,
      token_amount: 2800,
      amount: 0.027024249,
      usdBalance: 3.6128297484756495,
      sp: 1
    }
  ],
  BOBBI: [
    {
      timestamp: 1719301140,
      token_amount: 1606593.184321,
      amount: 4.351270649,
      usdBalance: 589.8969743091197,
      sp: 1
    },
    {
      timestamp: 1719297840,
      token_amount: 1606593.184321,
      amount: 10,
      usdBalance: 1358.5985825116952,
      sp: -1
    }
  ],
  DADDYCTO: [
    {
      timestamp: 1719262080,
      token_amount: 2512764.076551,
      amount: 2.931279911,
      usdBalance: 372.48937478037095,
      sp: 1
    },
    {
      timestamp: 1719250200,
      token_amount: 1465189.512098,
      amount: 5,
      usdBalance: 633.5638765262125,
      sp: -1
    },
    {
      timestamp: 1719229320,
      token_amount: 1047574.564453,
      amount: 5,
      usdBalance: 632.6025617400019,
      sp: -1
    }
  ],
  OVER: [
    {
      timestamp: 1719224220,
      token_amount: 1340814.859955,
      amount: 1.524040353,
      usdBalance: 193.8902619560364,
      sp: 1
    },
    {
      timestamp: 1719222300,
      token_amount: 1340814.859955,
      amount: 3,
      usdBalance: 374.513317027065,
      sp: -1
    }
  ],
  USDC: [
    {
      timestamp: 1719221400,
      token_amount: 4367.086573,
      amount: 35,
      usdBalance: 4354.685310983087,
      sp: -1
    }
  ],
  '$ABU': [
    {
      timestamp: 1719175860,
      token_amount: 1050731.259998,
      amount: 6.320232459,
      usdBalance: 823.9515921404014,
      sp: 1
    },
    {
      timestamp: 1719168780,
      token_amount: 1317914.501943,
      amount: 4.754916371,
      usdBalance: 625.9934138560371,
      sp: 1
    },
    {
      timestamp: 1719160860,
      token_amount: 1330051.555268,
      amount: 2.946016017,
      usdBalance: 387.4795949589291,
      sp: 1
    }
  ],
  LOLA: [
    {
      timestamp: 1719126420,
      token_amount: 5734191.606332,
      amount: 0.880072718,
      usdBalance: 118.26426973564084,
      sp: 1
    },
    {
      timestamp: 1719097380,
      token_amount: 5734191.606332,
      amount: 1,
      usdBalance: 134.19364946485516,
      sp: -1
    }
  ],
  collin: [
    {
      timestamp: 1719071520,
      token_amount: 20896224.457371,
      amount: 2.324749397,
      usdBalance: 312.51863630538355,
      sp: 1
    },
    {
      timestamp: 1719071280,
      token_amount: 4243602.849379,
      amount: 0.796676093,
      usdBalance: 106.91561524771967,
      sp: 1
    },
    {
      timestamp: 1719070380,
      token_amount: 5105393.225913,
      amount: 3.020812544,
      usdBalance: 405.2371782001601,
      sp: 1
    }
  ],
  skepta: [
    {
      timestamp: 1719063600,
      token_amount: 6777164.946118,
      amount: 0.622361087,
      usdBalance: 83.50108092315739,
      sp: 1
    },
    {
      timestamp: 1719061620,
      token_amount: 6777164.946118,
      amount: 0.5,
      usdBalance: 67.16826378642453,
      sp: -1
    }
  ],
  '$Snoopz': [
    {
      timestamp: 1718995740,
      token_amount: 1687698.577732,
      amount: 1.831835321,
      usdBalance: 240.51563981804244,
      sp: 1
    },
    {
      timestamp: 1718991120,
      token_amount: 1687698.577732,
      amount: 5,
      usdBalance: 647.7894819678668,
      sp: -1
    }
  ],
  iluvucat: [
    {
      timestamp: 1718990280,
      token_amount: 5010816.17303,
      amount: 1.095827967,
      usdBalance: 142.5278171302281,
      sp: 1
    }
  ],
  ZEKE: [
    {
      timestamp: 1718990280,
      token_amount: 585746.054037,
      amount: 3.608140857,
      usdBalance: 469.28939188736774,
      sp: 1
    },
    {
      timestamp: 1718989920,
      token_amount: 585746.054036,
      amount: 2.291934412,
      usdBalance: 299.98372992020757,
      sp: 1
    },
    {
      timestamp: 1718989440,
      token_amount: 1183339.6561,
      amount: 2,
      usdBalance: 260.8837176322944,
      sp: -1
    }
  ],
  CHRYSIPPUS: [
    {
      timestamp: 1718981640,
      token_amount: 3870380.27985,
      amount: 3.588342963,
      usdBalance: 476.543939752763,
      sp: 1
    },
    {
      timestamp: 1718981460,
      token_amount: 3870380.27985,
      amount: 5,
      usdBalance: 666.4161716934691,
      sp: -1
    }
  ],
  BOBO: [
    {
      timestamp: 1718981160,
      token_amount: 11879044.829374,
      amount: 3.458113986,
      usdBalance: 459.09586999604943,
      sp: 1
    },
    {
      timestamp: 1718980860,
      token_amount: 6756259.771013,
      amount: 10,
      usdBalance: 1319.7136675727268,
      sp: -1
    },
    {
      timestamp: 1718980560,
      token_amount: 5122785.058361,
      amount: 10,
      usdBalance: 1327.7808305501833,
      sp: -1
    }
  ],
  NCAT: [
    {
      timestamp: 1718974320,
      token_amount: 930214.915002,
      amount: 28.025805355,
      usdBalance: 3676.9260901272673,
      sp: 1
    },
    {
      timestamp: 1718919900,
      token_amount: 112530.888176,
      amount: 6,
      usdBalance: 805.01963362943,
      sp: -1
    },
    {
      timestamp: 1718901720,
      token_amount: 116956.54859,
      amount: 8,
      usdBalance: 1069.2860508154215,
      sp: -1
    },
    {
      timestamp: 1718896860,
      token_amount: 101567.553947,
      amount: 10,
      usdBalance: 1339.7880453945668,
      sp: -1
    },
    {
      timestamp: 1718894640,
      token_amount: 99098.087043,
      amount: 10,
      usdBalance: 1340.7047523337721,
      sp: -1
    },
    {
      timestamp: 1718893560,
      token_amount: 94657.880947,
      amount: 10,
      usdBalance: 1336.891629469004,
      sp: -1
    },
    {
      timestamp: 1718893380,
      token_amount: 93659.661473,
      amount: 10,
      usdBalance: 1337.3923087901474,
      sp: -1
    },
    {
      timestamp: 1718892360,
      token_amount: 81261.000435,
      amount: 10,
      usdBalance: 1342.6812293686341,
      sp: -1
    },
    {
      timestamp: 1718892240,
      token_amount: 37040.214303,
      amount: 5,
      usdBalance: 670.1051419066648,
      sp: -1
    },
    {
      timestamp: 1718892240,
      token_amount: 37855.352602,
      amount: 5,
      usdBalance: 670.1051419066648,
      sp: -1
    },
    {
      timestamp: 1718892180,
      token_amount: 38391.520884,
      amount: 5,
      usdBalance: 669.622603208445,
      sp: -1
    },
    {
      timestamp: 1718892180,
      token_amount: 38871.604114,
      amount: 5,
      usdBalance: 669.622603208445,
      sp: -1
    },
    {
      timestamp: 1718892180,
      token_amount: 39527.859608,
      amount: 5,
      usdBalance: 669.622603208445,
      sp: -1
    },
    {
      timestamp: 1718892180,
      token_amount: 38796.74288,
      amount: 5,
      usdBalance: 669.622603208445,
      sp: -1
    }
  ],
  '$LOUIE': [
    {
      timestamp: 1718901660,
      token_amount: 4762329.008612,
      amount: 1.021542357,
      usdBalance: 136.39359247154502,
      sp: 1
    }
  ],
  FURIE: [
    {
      timestamp: 1718894520,
      token_amount: 1930333.420048,
      amount: 10.872885861,
      usdBalance: 1461.2997505652681,
      sp: 1
    },
    {
      timestamp: 1718893740,
      token_amount: 1930333.420048,
      amount: 10,
      usdBalance: 1344.2421955670102,
      sp: -1
    }
  ],
  MOKA: [
    {
      timestamp: 1718882700,
      token_amount: 4188773.317492,
      amount: 3.883466539,
      usdBalance: 545.0847963965649,
      sp: 1
    },
    {
      timestamp: 1718882580,
      token_amount: 4188773.317492,
      amount: 5,
      usdBalance: 702.3010538314702,
      sp: -1
    },
    {
      timestamp: 1718867760,
      token_amount: 6976758.395788,
      amount: 1.000888699,
      usdBalance: 136.1333247751748,
      sp: 1
    },
    {
      timestamp: 1718866080,
      token_amount: 6976758.395788,
      amount: 2,
      usdBalance: 271.93694391561013,
      sp: -1
    }
  ],
  NPEPE: [
    {
      timestamp: 1718873700,
      token_amount: 8717247.776871,
      amount: 2.597399166,
      usdBalance: 356.95793823354006,
      sp: 1
    },
    {
      timestamp: 1718873280,
      token_amount: 8717247.776871,
      amount: 3,
      usdBalance: 410.27961406134864,
      sp: -1
    }
  ],
  VINI: [
    {
      timestamp: 1718834760,
      token_amount: 1350944.252411,
      amount: 8.669491731,
      usdBalance: 1172.7678629551037,
      sp: 1
    },
    {
      timestamp: 1718830260,
      token_amount: 27570.290865,
      amount: 0.128866851,
      usdBalance: 17.394937553155295,
      sp: 1
    },
    {
      timestamp: 1718828580,
      token_amount: 1378514.543276,
      amount: 2.360526783,
      usdBalance: 319.3628652037432,
      sp: 1
    },
    {
      timestamp: 1718827440,
      token_amount: 2757029.086552,
      amount: 2,
      usdBalance: 273.0448293246154,
      sp: -1
    }
  ],
  BUBBLES: [
    {
      timestamp: 1718829780,
      token_amount: 15285303.780244,
      amount: 0.365556751,
      usdBalance: 49.45880635278207,
      sp: 1
    },
    {
      timestamp: 1718809260,
      token_amount: 15285303.780244,
      amount: 1,
      usdBalance: 136.43763237157148,
      sp: -1
    }
  ],
  WOW: [
    {
      timestamp: 1718807280,
      token_amount: 3607247.959846,
      amount: 2.073420392,
      usdBalance: 281.45981613245175,
      sp: 1
    },
    {
      timestamp: 1718797980,
      token_amount: 3607247.959846,
      amount: 5,
      usdBalance: 688.187296454616,
      sp: -1
    }
  ],
  bicho: [
    {
      timestamp: 1718774820,
      token_amount: 239864.437788,
      amount: 6.18810351,
      usdBalance: 869.7203289651272,
      sp: 1
    },
    {
      timestamp: 1718711880,
      token_amount: 239864.437787,
      amount: 8.913902539,
      usdBalance: 1220.9443783905683,
      sp: 1
    },
    {
      timestamp: 1718659800,
      token_amount: 205598.089531,
      amount: 12.523104327,
      usdBalance: 1791.7590998380622,
      sp: 1
    },
    {
      timestamp: 1718653320,
      token_amount: 685326.965106,
      amount: 10,
      usdBalance: 1450.2283984000428,
      sp: -1
    }
  ],
  DOGNUT: [
    {
      timestamp: 1718774760,
      token_amount: 16362680.423551,
      amount: 0.67007863,
      usdBalance: 94.12520649150724,
      sp: 1
    },
    {
      timestamp: 1718749020,
      token_amount: 16362680.423551,
      amount: 2,
      usdBalance: 273.6373166755087,
      sp: -1
    }
  ],
  DAWG: [
    {
      timestamp: 1718748120,
      token_amount: 875483.224377,
      amount: 1.158108087,
      usdBalance: 159.01488409503702,
      sp: 1
    },
    {
      timestamp: 1718746320,
      token_amount: 875483.224377,
      amount: 3,
      usdBalance: 412.06624348185676,
      sp: -1
    }
  ],
  SHIBBY: [
    {
      timestamp: 1718740860,
      token_amount: 1192942.630544,
      amount: 2.272134173,
      usdBalance: 300.60193068476076,
      sp: 1
    },
    {
      timestamp: 1718736120,
      token_amount: 1192942.630543,
      amount: 5.443449405,
      usdBalance: 727.7372755878824,
      sp: 1
    },
    {
      timestamp: 1718734380,
      token_amount: 2385885.261087,
      amount: 5,
      usdBalance: 667.3931945762724,
      sp: -1
    }
  ],
  MKT: [
    {
      timestamp: 1718723880,
      token_amount: 15542087.762174,
      amount: 0.97295537,
      usdBalance: 131.04497808476,
      sp: 1
    }
  ],
  TIMMY: [
    {
      timestamp: 1718699400,
      token_amount: 2488769.281341,
      amount: 3.698354906,
      usdBalance: 508.1546223035844,
      sp: 1
    },
    {
      timestamp: 1718698800,
      token_amount: 2488769.281341,
      amount: 3,
      usdBalance: 411.5393915787105,
      sp: -1
    }
  ],
  milly: [
    {
      timestamp: 1718659800,
      token_amount: 5845555.904963,
      amount: 2.956677627,
      usdBalance: 423.0304168306764,
      sp: 1
    },
    {
      timestamp: 1718637420,
      token_amount: 974836.844004,
      amount: 1.964100697,
      usdBalance: 280.62880291207733,
      sp: 1
    },
    {
      timestamp: 1718634480,
      token_amount: 974836.844004,
      amount: 3.71520369,
      usdBalance: 533.3663781632608,
      sp: 1
    },
    {
      timestamp: 1718634480,
      token_amount: 649891.229335,
      amount: 2.559393017,
      usdBalance: 367.434546710851,
      sp: 1
    },
    {
      timestamp: 1718630460,
      token_amount: 1114099.250289,
      amount: 4.251169071,
      usdBalance: 610.796457509483,
      sp: 1
    },
    {
      timestamp: 1718630400,
      token_amount: 1237888.055877,
      amount: 4.741404474,
      usdBalance: 681.5150427983629,
      sp: 1
    },
    {
      timestamp: 1718630340,
      token_amount: 1650517.407836,
      amount: 6.784594942,
      usdBalance: 974.6499668878402,
      sp: 1
    },
    {
      timestamp: 1718614920,
      token_amount: 2200689.877114,
      amount: 8.482995641,
      usdBalance: 1237.0230319550467,
      sp: 1
    },
    {
      timestamp: 1718614860,
      token_amount: 1200376.296607,
      amount: 5.133680037,
      usdBalance: 748.7413928444302,
      sp: 1
    },
    {
      timestamp: 1718614380,
      token_amount: 1364063.973418,
      amount: 7.078399173,
      usdBalance: 1032.5319787908793,
      sp: 1
    },
    {
      timestamp: 1718611680,
      token_amount: 1550072.697065,
      amount: 6.617523592,
      usdBalance: 970.382707896769,
      sp: 1
    },
    {
      timestamp: 1718610780,
      token_amount: 1761446.246665,
      amount: 5.802865088,
      usdBalance: 851.2141661877242,
      sp: 1
    },
    {
      timestamp: 1718608260,
      token_amount: 2001643.462119,
      amount: 2.72233997,
      usdBalance: 397.08441468764596,
      sp: 1
    },
    {
      timestamp: 1718607960,
      token_amount: 2274594.843318,
      amount: 3.214823871,
      usdBalance: 471.92135801070555,
      sp: 1
    }
  ],
  WOLF: [
    {
      timestamp: 1718445720,
      token_amount: 533706.45995711,
      amount: 7.319548585,
      usdBalance: 1050.8354909668258,
      sp: 1
    },
    {
      timestamp: 1718406360,
      token_amount: 533706.45995711,
      amount: 10,
      usdBalance: 1428.6378872068497,
      sp: -1
    }
  ],
  KANYE: [
    {
      timestamp: 1718403600,
      token_amount: 2676348.953408,
      amount: 0.164544,
      usdBalance: 23.523647248529297,
      sp: 1
    }
  ],
  SILLY: [
    {
      timestamp: 1718401560,
      token_amount: 11341200.877565,
      amount: 7.85989318,
      usdBalance: 1126.1690674773934,
      sp: 1
    }
  ],
  EuroBrett: [
    {
      timestamp: 1718388720,
      token_amount: 25389725.047685,
      amount: 7.356039507,
      usdBalance: 1033.9404226187662,
      sp: 1
    }
  ],
  LEGEND: [
    {
      timestamp: 1718384760,
      token_amount: 1683145.93453,
      amount: 6.543367497,
      usdBalance: 917.754064910669,
      sp: 1
    },
    {
      timestamp: 1718303280,
      token_amount: 622844.781789,
      amount: 5,
      usdBalance: 741.6165636300103,
      sp: -1
    },
    {
      timestamp: 1718301480,
      token_amount: 1110301.152741,
      amount: 5,
      usdBalance: 742.7803339273719,
      sp: -1
    }
  ],
  RNL: [
    {
      timestamp: 1718301960,
      token_amount: 20895406.422299,
      amount: 5.08154687,
      usdBalance: 753.2526620346467,
      sp: 1
    },
    {
      timestamp: 1718301660,
      token_amount: 20895406.422299,
      amount: 5,
      usdBalance: 741.2857454021848,
      sp: -1
    }
  ],
  RNT: [
    {
      timestamp: 1718299260,
      token_amount: 33474.171372,
      amount: 5.584208509,
      usdBalance: 824.2037054581378,
      sp: 1
    },
    {
      timestamp: 1718295060,
      token_amount: 33474.171372,
      amount: 5,
      usdBalance: 737.0954688319415,
      sp: -1
    }
  ],
  DADMOM: [
    {
      timestamp: 1718293200,
      token_amount: 934272.2121,
      amount: 1,
      usdBalance: 146.69254744283322,
      sp: -1
    },
    {
      timestamp: 1718291580,
      token_amount: 249819.024029,
      amount: 1,
      usdBalance: 148.58648890654368,
      sp: -1
    }
  ],
  DAUGHTER: [
    {
      timestamp: 1718290320,
      token_amount: 12149481.760266,
      amount: 1.524050169,
      usdBalance: 227.80945817591277,
      sp: 1
    },
    {
      timestamp: 1718289660,
      token_amount: 12149481.760266,
      amount: 2,
      usdBalance: 299.8446261667393,
      sp: -1
    },
    {
      timestamp: 1718289120,
      token_amount: 17312765.966443,
      amount: 7.01914716,
      usdBalance: 1045.3528886001848,
      sp: 1
    },
    {
      timestamp: 1718288820,
      token_amount: 2360831.722696,
      amount: 2.395366101,
      usdBalance: 356.6722982388803,
      sp: 1
    },
    {
      timestamp: 1718288760,
      token_amount: 2682763.321246,
      amount: 2.793701912,
      usdBalance: 416.10311050984996,
      sp: 1
    },
    {
      timestamp: 1718287080,
      token_amount: 10787048.506468,
      amount: 3,
      usdBalance: 450.7208931827762,
      sp: -1
    },
    {
      timestamp: 1718286420,
      token_amount: 11569312.503917,
      amount: 6.5,
      usdBalance: 980.4100690538942,
      sp: -1
    },
    {
      timestamp: 1718286240,
      token_amount: 12124432.754275,
      amount: 5.938178886,
      usdBalance: 898.8539951561154,
      sp: 1
    }
  ],
  AlmightyT: [
    {
      timestamp: 1718286420,
      token_amount: 10774500.477093,
      amount: 4.571993546,
      usdBalance: 689.6043858688951,
      sp: 1
    },
    {
      timestamp: 1718285700,
      token_amount: 1034711.945608,
      amount: 1.22444279,
      usdBalance: 185.1813719928307,
      sp: 1
    },
    {
      timestamp: 1718285700,
      token_amount: 1124686.897399,
      amount: 1.372094978,
      usdBalance: 207.5118842673841,
      sp: 1
    },
    {
      timestamp: 1718285640,
      token_amount: 1124686.897399,
      amount: 1.41386872,
      usdBalance: 213.7548044856389,
      sp: 1
    }
  ],
  ANGRY: [
    {
      timestamp: 1718274000,
      token_amount: 16725543.966298,
      amount: 3.394043978,
      usdBalance: 511.4004847575435,
      sp: 1
    },
    {
      timestamp: 1718273280,
      token_amount: 3055353.821247,
      amount: 1,
      usdBalance: 150.75747246603137,
      sp: -1
    },
    {
      timestamp: 1718272980,
      token_amount: 1525957.236209,
      amount: 0.5,
      usdBalance: 75.64513578385399,
      sp: -1
    },
    {
      timestamp: 1718272860,
      token_amount: 1085669.247225,
      amount: 0.5,
      usdBalance: 75.48341625559742,
      sp: -1
    },
    {
      timestamp: 1718269860,
      token_amount: 6806463.87592,
      amount: 2,
      usdBalance: 303.04061607379595,
      sp: -1
    }
  ],
  SQUIRT: [
    {
      timestamp: 1718259000,
      token_amount: 210480.613192,
      amount: 1.256432589,
      usdBalance: 190.8425159043279,
      sp: 1
    },
    {
      timestamp: 1718251740,
      token_amount: 210480.613192,
      amount: 3.6,
      usdBalance: 545.5971040868993,
      sp: -1
    }
  ],
  POON: [
    {
      timestamp: 1718258760,
      token_amount: 726249.062974,
      amount: 3.653451252,
      usdBalance: 555.1771985618025,
      sp: 1
    },
    {
      timestamp: 1718233980,
      token_amount: 112236.095024,
      amount: 1,
      usdBalance: 155.01361179234877,
      sp: -1
    }
  ],
  IGNITE: [
    {
      timestamp: 1718247780,
      token_amount: 2001551.23511,
      amount: 0.156103345,
      usdBalance: 23.55337797950271,
      sp: 1
    },
    {
      timestamp: 1718246580,
      token_amount: 2001551.23511,
      amount: 3,
      usdBalance: 457.8809083022601,
      sp: -1
    }
  ],
  '♥‿♥': [
    {
      timestamp: 1718243160,
      token_amount: 4936423.516731,
      amount: 0.116391209,
      usdBalance: 17.925508709571254,
      sp: 1
    },
    {
      timestamp: 1718242920,
      token_amount: 548491.501859,
      amount: 0.022744578,
      usdBalance: 3.4966216709232225,
      sp: 1
    },
    {
      timestamp: 1718242860,
      token_amount: 5484915.018589,
      amount: 1.991944034,
      usdBalance: 306.1319128340162,
      sp: 1
    }
  ],
  SLUT: [
    {
      timestamp: 1718237160,
      token_amount: 1644063.572101,
      amount: 1.243115844,
      usdBalance: 191.8729353458278,
      sp: 1
    },
    {
      timestamp: 1718236800,
      token_amount: 1644063.572101,
      amount: 2,
      usdBalance: 310.10643552838565,
      sp: -1
    }
  ],
  BRTHER: [
    {
      timestamp: 1718234160,
      token_amount: 1459005.860104,
      amount: 0.540391023,
      usdBalance: 83.72420592671823,
      sp: 1
    },
    {
      timestamp: 1718233980,
      token_amount: 700649.886759,
      amount: 1,
      usdBalance: 155.01361179234877,
      sp: -1
    },
    {
      timestamp: 1718233860,
      token_amount: 758355.973345,
      amount: 1,
      usdBalance: 155.09895818089655,
      sp: -1
    }
  ]
}
{
  '38': 721.0851456770429,
  Mia: 1430.6542530820918,
  mood: -142.71032205400277,
  MANYU: 59.27471721908046,
  glak: 449.52095959795474,
  MOONWIF: 1251.161493706475,
  STEVE: -0.8161040672869149,
  HARRY: -95.98522944458179,
  Sony: -14.547845066340741,
  BUDDY: 60.107763689566895,
  VILLAIN: -269.409514284805,
  Berry: -37.873220392921894,
  PINKI: 234.81524626824486,
  '$Bash': 257.1375804604426,
  PUCHI: 835.6258058279304,
  ell: 658.8040987007316,
  JELLY: 112.69227114832523,
  Adidas: 234.8846459604823,
  Nike: 216.13538788152908,
  YAMI: 812.3644485746927,
  mshiba: 154.43321345483022,
  PARTY: 98.23821298148697,
  ROARINGDOG: -364.4592453859997,
  Caviar: 0.681607377056821,
  SC: -115.38516360628682,
  VANECK: 28.412468042718178,
  door: 150.79500909671066,
  SPARUS: 10.504022939788296,
  BURNPILE: -251.3045833899129,
  WEIRDO: -239.24220535401474,
  MER: -653.202151677645,
  Doraemon: -392.26205703962603,
  TARDAR: 0.32118805722410054,
  Shizuka: -336.62434645204763,
  NOIDEA: 1393.2475657487369,
  BIAO: -532.3035399110316,
  MoonPopCat: -319.64880633530345,
  MD: 1125.5560046413918,
  MP: 1137.2089381429782,
  MMAGA: 1461.6822236152095,
  POCAT: 3.6128297484756495,
  BOBBI: -768.7016082025755,
  DADDYCTO: -893.6770634858435,
  OVER: -180.6230550710286,
  USDC: -4354.685310983087,
  '$ABU': 1837.4246009553676,
  LOLA: -15.929379729214318,
  collin: 824.6714297532633,
  skepta: 16.332817136732857,
  '$Snoopz': -407.2738421498243,
  iluvucat: 142.5278171302281,
  ZEKE: 384.4256548570015,
  CHRYSIPPUS: -189.87223194070611,
  BOBO: -2188.398628126861,
  NCAT: -8913.538256320819,
  '$LOUIE': 136.39359247154502,
  FURIE: 117.05755499825796,
  MOKA: -293.0198765753406,
  NPEPE: -53.321675827808576,
  VINI: 1094.4975251386898,
  BUBBLES: -86.97882601878942,
  WOW: -406.72748032216424,
  bicho: 1272.012690076885,
  DOGNUT: -179.51211018400147,
  DAWG: -253.05135938681974,
  SHIBBY: 27.249414408374378,
  MKT: 131.04497808476,
  TIMMY: 96.61523072487392,
  milly: 9580.320662185752,
  WOLF: -377.8023962400239,
  KANYE: 23.523647248529297,
  SILLY: 1126.1690674773934,
  EuroBrett: 1033.9404226187662,
  LEGEND: -507.1082113964666,
  RNL: 11.966916632461903,
  RNT: 87.10823662619634,
  DADMOM: -295.2790363493769,
  DAUGHTER: 632.2651314137318,
  AlmightyT: 1296.0524466147488,
  ANGRY: -93.52615582173524,
  SQUIRT: -354.7545881825714,
  POON: 400.1635867694537,
  IGNITE: -434.32753032275735,
  '♥‿♥': 327.55404321451067,
  SLUT: -118.23350018255783,
  BRTHER: -226.3883640465271
}
Total Transaction: 226
Win Rate: 12.8% (11/86)
Total PnL: 8139.77$

Processing wallet (group 5): 
stdout: Processing wallet address: undefined
No more transactions available.
{}
{}
Total Transaction: 0
Win Rate: 0% (0/0)
Total PnL: 0.00$

Processing completed for group 5.

