stdout: Processing wallet (group 15): 33rpuYCDRqHBWj44e8cmH79krKArKb7oMdCUd5Lx3Sea
stdout: Processing wallet address: 33rpuYCDRqHBWj44e8cmH79krKArKb7oMdCUd5Lx3Sea
{
  '777': [
    {
      timestamp: 1720344060,
      token_amount: 3567809.214594,
      amount: 3.520785895,
      usdBalance: 490.8632003596824,
      sp: 1
    },
    {
      timestamp: 1720342140,
      token_amount: 1761573.609369,
      amount: 2,
      usdBalance: 278.57852783960715,
      sp: -1
    },
    {
      timestamp: 1720341420,
      token_amount: 1793125.461546,
      amount: 3,
      usdBalance: 417.20449370465917,
      sp: -1
    },
    {
      timestamp: 1720341180,
      token_amount: 3676954.36545,
      amount: 7.798175943,
      usdBalance: 1085.539520263969,
      sp: 1
    },
    {
      timestamp: 1720341000,
      token_amount: 1395599.293463,
      amount: 3,
      usdBalance: 416.5245357523809,
      sp: -1
    },
    {
      timestamp: 1720340940,
      token_amount: 2294465.215666,
      amount: 5,
      usdBalance: 695.015037295082,
      sp: -1
    }
  ],
  lit: [
    {
      timestamp: 1720799100,
      token_amount: 9761306.235205,
      amount: 1.219560262,
      usdBalance: 203.39751537208022,
      sp: 1
    },
    {
      timestamp: 1720798440,
      token_amount: 9761306.235205,
      amount: 3,
      usdBalance: 500.3381670665166,
      sp: -1
    }
  ],
  ath: [
    {
      timestamp: 1720695780,
      token_amount: 5222730.465017,
      amount: 0.404743172,
      usdBalance: 67.50281893705595,
      sp: 1
    },
    {
      timestamp: 1720694160,
      token_amount: 5222730.465017,
      amount: 1,
      usdBalance: 166.77938902217218,
      sp: -1
    }
  ],
  SC: [
    {
      timestamp: 1720695360,
      token_amount: 1461455.768298929,
      amount: 27.080701781,
      usdBalance: 4516.50289732683,
      sp: 1
    },
    {
      timestamp: 1720693020,
      token_amount: 1461455.768298929,
      amount: 30,
      usdBalance: 4153.860591116189,
      sp: -1
    },
    {
      timestamp: 1720600080,
      token_amount: 2390312.147451333,
      amount: 30.385567955,
      usdBalance: 4207.247108898581,
      sp: 1
    },
    {
      timestamp: 1720513140,
      token_amount: 2390312.147451333,
      amount: 30,
      usdBalance: 4153.860591116189,
      sp: -1
    },
    {
      timestamp: 1720336620,
      token_amount: 817968.676021987,
      amount: 14.211792654,
      usdBalance: 1982.0557277563578,
      sp: 1
    },
    {
      timestamp: 1720336320,
      token_amount: 435534.746456677,
      amount: 7.76007236,
      usdBalance: 1082.0476276560553,
      sp: 1
    },
    {
      timestamp: 1720336320,
      token_amount: 418082.3613534,
      amount: 7.514798157,
      usdBalance: 1047.847125757465,
      sp: 1
    },
    {
      timestamp: 1720291020,
      token_amount: 418082.3613534,
      amount: 10,
      usdBalance: 1419.608232174862,
      sp: -1
    },
    {
      timestamp: 1720155780,
      token_amount: 435534.746456677,
      amount: 10,
      usdBalance: 1263.7227827536135,
      sp: -1
    },
    {
      timestamp: 1720093020,
      token_amount: 817968.676021987,
      amount: 20,
      usdBalance: 2664.763980048437,
      sp: -1
    },
    {
      timestamp: 1719470880,
      token_amount: 500000,
      amount: 34.013354449,
      usdBalance: 4604.289629045296,
      sp: 1
    },
    {
      timestamp: 1719470820,
      token_amount: 500000,
      amount: 35.173494803,
      usdBalance: 4752.259188740316,
      sp: 1
    },
    {
      timestamp: 1719470700,
      token_amount: 500000,
      amount: 37.235656469,
      usdBalance: 5035.256060755294,
      sp: 1
    },
    {
      timestamp: 1719470460,
      token_amount: 500000,
      amount: 36.805999506,
      usdBalance: 4982.366000311143,
      sp: 1
    },
    {
      timestamp: 1719470160,
      token_amount: 500000,
      amount: 34.258944691,
      usdBalance: 4647.650257653083,
      sp: 1
    },
    {
      timestamp: 1719470100,
      token_amount: 500000,
      amount: 32.475290199,
      usdBalance: 4409.033109645606,
      sp: 1
    },
    {
      timestamp: 1719469860,
      token_amount: 500000,
      amount: 35.829119379,
      usdBalance: 4875.115263370824,
      sp: 1
    },
    {
      timestamp: 1719469680,
      token_amount: 493700.637022252,
      amount: 34.679849797,
      usdBalance: 4710.498198884522,
      sp: 1
    },
    {
      timestamp: 1719469560,
      token_amount: 548556.263358058,
      amount: 37.410498448,
      usdBalance: 5067.8705623955,
      sp: 1
    },
    {
      timestamp: 1719419040,
      token_amount: 1000000,
      amount: 19.825688201,
      usdBalance: 2705.3025277092993,
      sp: 1
    },
    {
      timestamp: 1719345540,
      token_amount: 2048072.410604395,
      amount: 17.591556092,
      usdBalance: 2440.7836043876596,
      sp: 1
    },
    {
      timestamp: 1719339480,
      token_amount: 8533635.044184977,
      amount: 5,
      usdBalance: 688.5095332798533,
      sp: -1
    }
  ],
  POPHAM: [
    {
      timestamp: 1720638120,
      token_amount: 24673022.833169,
      amount: 1.645173095,
      usdBalance: 231.26026064556245,
      sp: 1
    },
    {
      timestamp: 1720637880,
      token_amount: 10089612.191327,
      amount: 1,
      usdBalance: 140.83186970774,
      sp: -1
    },
    {
      timestamp: 1720636860,
      token_amount: 4835503.693762,
      amount: 1,
      usdBalance: 140.83875374820133,
      sp: -1
    },
    {
      timestamp: 1720636800,
      token_amount: 9747906.94808,
      amount: 3,
      usdBalance: 422.6052409726015,
      sp: -1
    }
  ],
  UPDOWN: [
    {
      timestamp: 1720634940,
      token_amount: 985814.489912767,
      amount: 0.17601347,
      usdBalance: 24.823564386299182,
      sp: 1
    },
    {
      timestamp: 1720634940,
      token_amount: 985814.489912766,
      amount: 0.215296338,
      usdBalance: 30.36371312080508,
      sp: 1
    },
    {
      timestamp: 1719828660,
      token_amount: 367913.876661976,
      amount: 0.1,
      usdBalance: 14.732633706933312,
      sp: -1
    },
    {
      timestamp: 1719828180,
      token_amount: 487192.631880236,
      amount: 0.1,
      usdBalance: 14.753304682649564,
      sp: -1
    },
    {
      timestamp: 1719508020,
      token_amount: 613527.861979877,
      amount: 0.1,
      usdBalance: 14.801381837616432,
      sp: -1
    },
    {
      timestamp: 1719508020,
      token_amount: 684059.968928486,
      amount: 0.1,
      usdBalance: 14.801381837616432,
      sp: -1
    },
    {
      timestamp: 1719507240,
      token_amount: 615436.028465846,
      amount: 0.100009677,
      usdBalance: 14.77450932923906,
      sp: 1
    },
    {
      timestamp: 1719479100,
      token_amount: 289947.435286447,
      amount: 0.1,
      usdBalance: 13.601671196534397,
      sp: -1
    },
    {
      timestamp: 1719479100,
      token_amount: 313789.463695546,
      amount: 0.1,
      usdBalance: 13.601671196534397,
      sp: -1
    },
    {
      timestamp: 1719468420,
      token_amount: 340961.184886613,
      amount: 0.2,
      usdBalance: 27.168635721480214,
      sp: -1
    }
  ],
  HARRI: [
    {
      timestamp: 1720634880,
      token_amount: 946962.198989,
      amount: 2.675459621,
      usdBalance: 377.15052254418106,
      sp: 1
    },
    {
      timestamp: 1720334220,
      token_amount: 1157398.243208,
      amount: 4.94874007,
      usdBalance: 695.3978331545528,
      sp: 1
    },
    {
      timestamp: 1720112400,
      token_amount: 328819.927083,
      amount: 1,
      usdBalance: 135.40188432110557,
      sp: -1
    },
    {
      timestamp: 1720091580,
      token_amount: 636194.98083,
      amount: 1,
      usdBalance: 134.2706525847717,
      sp: -1
    },
    {
      timestamp: 1719995700,
      token_amount: 1139345.534284,
      amount: 3,
      usdBalance: 437.7392784386493,
      sp: -1
    }
  ],
  chog: [
    {
      timestamp: 1720530840,
      token_amount: 5241402.928199,
      amount: 3.201775289,
      usdBalance: 443.32427315289164,
      sp: 1
    },
    {
      timestamp: 1720530780,
      token_amount: 5241402.928199,
      amount: 3,
      usdBalance: 415.3860591116189,
      sp: -1
    }
  ],
  MOON: [
    {
      timestamp: 1720504380,
      token_amount: 19637089.26265465,
      amount: 4.975608096,
      usdBalance: 688.9327462271019,
      sp: 1
    },
    {
      timestamp: 1720423860,
      token_amount: 19637089.26265465,
      amount: 5,
      usdBalance: 692.3100985193649,
      sp: -1
    }
  ],
  BOBO: [
    {
      timestamp: 1720343220,
      token_amount: 27986809.45923,
      amount: 0.645953862,
      usdBalance: 90.10055380886749,
      sp: 1
    },
    {
      timestamp: 1720340220,
      token_amount: 27986809.45923,
      amount: 1,
      usdBalance: 139.27728641248316,
      sp: -1
    }
  ],
  '$BROFREN': [
    {
      timestamp: 1720341840,
      token_amount: 1972593.963047,
      amount: 3.066528734,
      usdBalance: 426.3809162232802,
      sp: 1
    },
    {
      timestamp: 1720341840,
      token_amount: 1972593.963047,
      amount: 3,
      usdBalance: 417.1305275856061,
      sp: -1
    }
  ],
  STFU: [
    {
      timestamp: 1720340880,
      token_amount: 2535958.095238,
      amount: 3.601772706,
      usdBalance: 500.4593413479332,
      sp: 1
    },
    {
      timestamp: 1720340280,
      token_amount: 2535958.095238,
      amount: 3,
      usdBalance: 417.9306382449379,
      sp: -1
    }
  ],
  omw: [
    {
      timestamp: 1720336920,
      token_amount: 742791.429119,
      amount: 0.842515706,
      usdBalance: 117.26252355911889,
      sp: 1
    },
    {
      timestamp: 1720336860,
      token_amount: 742791.429119,
      amount: 1,
      usdBalance: 139.35417755974694,
      sp: -1
    }
  ],
  BLINK: [
    {
      timestamp: 1720336560,
      token_amount: 3830471.217662,
      amount: 20.613951364,
      usdBalance: 2874.139081667409,
      sp: 1
    },
    {
      timestamp: 1719654660,
      token_amount: 336064.199101,
      amount: 1,
      usdBalance: 141.94242058925076,
      sp: -1
    },
    {
      timestamp: 1719608160,
      token_amount: 1263313.112916,
      amount: 4.999999999,
      usdBalance: 698.8793483870865,
      sp: 1
    },
    {
      timestamp: 1719558660,
      token_amount: 4757720.131477,
      amount: 5,
      usdBalance: 723.9081005040397,
      sp: -1
    },
    {
      timestamp: 1719509220,
      token_amount: 1819016.339819,
      amount: 5.8059465,
      usdBalance: 860.8263717225565,
      sp: 1
    },
    {
      timestamp: 1719508620,
      token_amount: 1819016.339819,
      amount: 5,
      usdBalance: 737.6529931391306,
      sp: -1
    },
    {
      timestamp: 1719507480,
      token_amount: 1330559.153973,
      amount: 5.409706395,
      usdBalance: 799.3538141512063,
      sp: 1
    },
    {
      timestamp: 1719507180,
      token_amount: 1330559.153973,
      amount: 5,
      usdBalance: 737.9390152683582,
      sp: -1
    },
    {
      timestamp: 1719429420,
      token_amount: 198301.490716,
      amount: 0.23230933,
      usdBalance: 31.58931865785757,
      sp: 1
    },
    {
      timestamp: 1719427860,
      token_amount: 198301.490715,
      amount: 0.840250961,
      usdBalance: 113.90643003197236,
      sp: 1
    },
    {
      timestamp: 1719427560,
      token_amount: 396602.981431,
      amount: 1,
      usdBalance: 135.7079643878064,
      sp: -1
    }
  ],
  BULLY: [
    {
      timestamp: 1720291740,
      token_amount: 3321492.849018,
      amount: 1.610094803,
      usdBalance: 229.32054838799374,
      sp: 1
    },
    {
      timestamp: 1720291140,
      token_amount: 1674947.464354,
      amount: 0.6,
      usdBalance: 85.19438389634546,
      sp: -1
    },
    {
      timestamp: 1720291140,
      token_amount: 1646545.384664,
      amount: 0.6,
      usdBalance: 85.19438389634546,
      sp: -1
    },
    {
      timestamp: 1720291080,
      token_amount: 4136035.930225,
      amount: 1.605050447,
      usdBalance: 227.87152469596526,
      sp: 1
    },
    {
      timestamp: 1720291020,
      token_amount: 4136035.930225,
      amount: 1,
      usdBalance: 141.9608232174862,
      sp: -1
    }
  ],
  STAR: [
    {
      timestamp: 1720258020,
      token_amount: 241922.10654546,
      amount: 0.987510703,
      usdBalance: 136.10011583013411,
      sp: 1
    },
    {
      timestamp: 1720257960,
      token_amount: 241922.10654546,
      amount: 1,
      usdBalance: 137.70387394003342,
      sp: -1
    }
  ],
  Brodi: [
    {
      timestamp: 1720256040,
      token_amount: 6237877.923032,
      amount: 0.970759613,
      usdBalance: 132.92481672824564,
      sp: 1
    },
    {
      timestamp: 1720255860,
      token_amount: 6237877.923032,
      amount: 3,
      usdBalance: 410.0607343443908,
      sp: -1
    }
  ],
  MILLY: [
    {
      timestamp: 1720210980,
      token_amount: 556859.95748,
      amount: 1.869371641,
      usdBalance: 251.3636441995418,
      sp: 1
    },
    {
      timestamp: 1720209060,
      token_amount: 254462.575906,
      amount: 2,
      usdBalance: 269.63228479874,
      sp: -1
    },
    {
      timestamp: 1720206360,
      token_amount: 302397.381574,
      amount: 5,
      usdBalance: 676.4461495840296,
      sp: -1
    }
  ],
  LEEROY: [
    {
      timestamp: 1720117680,
      token_amount: 2023609.096668,
      amount: 2.594127747,
      usdBalance: 348.12257431561864,
      sp: 1
    },
    {
      timestamp: 1720117620,
      token_amount: 806335.411215,
      amount: 1,
      usdBalance: 134.05540245372643,
      sp: -1
    },
    {
      timestamp: 1720117620,
      token_amount: 1217273.685453,
      amount: 1,
      usdBalance: 134.05540245372643,
      sp: -1
    }
  ],
  PEON: [
    {
      timestamp: 1720114800,
      token_amount: 3423407.555121,
      amount: 1.556037695,
      usdBalance: 209.89043654450703,
      sp: 1
    },
    {
      timestamp: 1720114620,
      token_amount: 3423407.555121,
      amount: 3,
      usdBalance: 404.5747031527159,
      sp: -1
    }
  ],
  LIBBY: [
    {
      timestamp: 1720110360,
      token_amount: 9655451.749257,
      amount: 1.297635104,
      usdBalance: 174.9583196072738,
      sp: 1
    },
    {
      timestamp: 1720110240,
      token_amount: 6345729.198598,
      amount: 1,
      usdBalance: 134.8778144261757,
      sp: -1
    },
    {
      timestamp: 1720110240,
      token_amount: 3309722.550659,
      amount: 2,
      usdBalance: 269.7556288523514,
      sp: -1
    }
  ],
  MAOOO: [
    {
      timestamp: 1720005780,
      token_amount: 3413534.746562,
      amount: 2.946828977,
      usdBalance: 423.826316809627,
      sp: 1
    },
    {
      timestamp: 1720005720,
      token_amount: 3413534.746562,
      amount: 3,
      usdBalance: 432.0423574601948,
      sp: -1
    }
  ],
  FREEDOM: [
    {
      timestamp: 1720003560,
      token_amount: 3116755.405879,
      amount: 0.726858348,
      usdBalance: 105.09946992452315,
      sp: 1
    },
    {
      timestamp: 1720003320,
      token_amount: 3116755.405879,
      amount: 1,
      usdBalance: 144.6108416056769,
      sp: -1
    }
  ],
  CHAD: [
    {
      timestamp: 1720001520,
      token_amount: 3735707.652994,
      amount: 0.957086239,
      usdBalance: 138.8723039742228,
      sp: 1
    },
    {
      timestamp: 1720001040,
      token_amount: 3735707.652994,
      amount: 1,
      usdBalance: 145.88246803861944,
      sp: -1
    },
    {
      timestamp: 1720000860,
      token_amount: 8191403.264874,
      amount: 3.899223745,
      usdBalance: 569.5979639429934,
      sp: 1
    },
    {
      timestamp: 1720000860,
      token_amount: 1693600.35933,
      amount: 0.966443744,
      usdBalance: 141.17794331595698,
      sp: 1
    }
  ],
  Woah: [
    {
      timestamp: 1719991080,
      token_amount: 3138514.601912,
      amount: 0.938052473,
      usdBalance: 138.1507906939675,
      sp: 1
    },
    {
      timestamp: 1719990600,
      token_amount: 3138514.601912,
      amount: 1,
      usdBalance: 148.07079151384121,
      sp: -1
    }
  ],
  '$BT': [
    {
      timestamp: 1719819480,
      token_amount: 1576313.590466,
      amount: 3.041278521,
      usdBalance: 450.6981351737056,
      sp: 1
    },
    {
      timestamp: 1719819360,
      token_amount: 1576313.590466,
      amount: 3,
      usdBalance: 443.9901862831113,
      sp: -1
    },
    {
      timestamp: 1719819300,
      token_amount: 2327263.131931,
      amount: 6.629396689,
      usdBalance: 981.4343497352295,
      sp: 1
    },
    {
      timestamp: 1719819300,
      token_amount: 2327263.131931,
      amount: 5,
      usdBalance: 740.2139257737435,
      sp: -1
    }
  ],
  Warren: [
    {
      timestamp: 1719816420,
      token_amount: 2550493.129168,
      amount: 2.210554096,
      usdBalance: 326.4545034838706,
      sp: 1
    },
    {
      timestamp: 1719815340,
      token_amount: 2631949.538261,
      amount: 3.048875415,
      usdBalance: 449.18787200341416,
      sp: 1
    },
    {
      timestamp: 1719813360,
      token_amount: 5182442.667429,
      amount: 3,
      usdBalance: 443.84322047595356,
      sp: -1
    }
  ],
  CP: [
    {
      timestamp: 1719680820,
      token_amount: 1291525.438773,
      amount: 2.10487999,
      usdBalance: 298.44018277446725,
      sp: 1
    },
    {
      timestamp: 1719680520,
      token_amount: 1291525.438773,
      amount: 3,
      usdBalance: 425.38464794117004,
      sp: -1
    }
  ],
  meowth: [
    {
      timestamp: 1719671220,
      token_amount: 8827242.097958,
      amount: 0.967221663,
      usdBalance: 136.98687127513818,
      sp: 1
    },
    {
      timestamp: 1719668340,
      token_amount: 2192586.569262,
      amount: 1,
      usdBalance: 142.03871664158976,
      sp: -1
    },
    {
      timestamp: 1719668280,
      token_amount: 2868617.017557,
      amount: 1,
      usdBalance: 141.88710785907588,
      sp: -1
    },
    {
      timestamp: 1719668160,
      token_amount: 3766038.511139,
      amount: 1,
      usdBalance: 142.0484247821278,
      sp: -1
    }
  ],
  GRIMACE: [
    {
      timestamp: 1719653460,
      token_amount: 26043904.442831,
      amount: 1.164905699,
      usdBalance: 165.08927863836547,
      sp: 1
    },
    {
      timestamp: 1719653220,
      token_amount: 26043904.442831,
      amount: 1,
      usdBalance: 141.6951659344795,
      sp: -1
    }
  ],
  VANCE: [
    {
      timestamp: 1719501720,
      token_amount: 6376487.438281,
      amount: 2.817894236,
      usdBalance: 415.2419352814093,
      sp: 1
    }
  ],
  VSOL: [
    {
      timestamp: 1719494520,
      token_amount: 1700019.956091,
      amount: 2.319667551,
      usdBalance: 345.1055443488898,
      sp: 1
    },
    {
      timestamp: 1719494160,
      token_amount: 1700019.956091,
      amount: 5,
      usdBalance: 734.1516023970406,
      sp: -1
    }
  ],
  SHUBA: [
    {
      timestamp: 1719483600,
      token_amount: 41754172.314681,
      amount: 1.004751462,
      usdBalance: 138.7153133811099,
      sp: 1
    },
    {
      timestamp: 1719483240,
      token_amount: 41754172.314681,
      amount: 1,
      usdBalance: 137.99823698293807,
      sp: -1
    }
  ],
  Willow: [
    {
      timestamp: 1719474480,
      token_amount: 2341312.190267,
      amount: 0.261354727,
      usdBalance: 35.46075533181451,
      sp: 1
    },
    {
      timestamp: 1719473460,
      token_amount: 2341312.190267,
      amount: 1,
      usdBalance: 135.88869216742822,
      sp: -1
    }
  ],
  DORAE: [
    {
      timestamp: 1719463740,
      token_amount: 361100.159139,
      amount: 8.741927781,
      usdBalance: 1198.0295644593975,
      sp: 1
    },
    {
      timestamp: 1719438180,
      token_amount: 361100.159139,
      amount: 9.573517232,
      usdBalance: 1312.7408554150284,
      sp: 1
    },
    {
      timestamp: 1719420660,
      token_amount: 317622.295173,
      amount: 5,
      usdBalance: 679.406863142366,
      sp: -1
    },
    {
      timestamp: 1719420000,
      token_amount: 404578.023105,
      amount: 5,
      usdBalance: 681.5509000111344,
      sp: -1
    }
  ],
  TANUKI: [
    {
      timestamp: 1719429360,
      token_amount: 2957238.563394155,
      amount: 4.493535614,
      usdBalance: 611.0242927758042,
      sp: 1
    },
    {
      timestamp: 1719429180,
      token_amount: 1510235.373093052,
      amount: 3,
      usdBalance: 406.62700768728416,
      sp: -1
    },
    {
      timestamp: 1719429000,
      token_amount: 1447003.190301103,
      amount: 3,
      usdBalance: 406.35564535051066,
      sp: -1
    }
  ],
  Kitty: [
    {
      timestamp: 1719428520,
      token_amount: 269725.458207,
      amount: 0.531114325,
      usdBalance: 71.88511826555286,
      sp: 1
    },
    {
      timestamp: 1719428280,
      token_amount: 269725.458207,
      amount: 1,
      usdBalance: 135.7834742438881,
      sp: -1
    }
  ],
  MILA: [
    {
      timestamp: 1719425160,
      token_amount: 14713200.998665,
      amount: 0.911491271,
      usdBalance: 123.73918127264623,
      sp: 1
    },
    {
      timestamp: 1719376440,
      token_amount: 14713200.998665,
      amount: 1,
      usdBalance: 137.50106045405352,
      sp: -1
    }
  ],
  Sam: [
    {
      timestamp: 1719425160,
      token_amount: 4367401.127435,
      amount: 1.905670498,
      usdBalance: 258.70363732529484,
      sp: 1
    },
    {
      timestamp: 1719376680,
      token_amount: 2163955.690039,
      amount: 1,
      usdBalance: 137.21005296294584,
      sp: -1
    },
    {
      timestamp: 1719376620,
      token_amount: 2203445.437396,
      amount: 1,
      usdBalance: 137.28816019000462,
      sp: -1
    }
  ],
  PPP: [
    {
      timestamp: 1719425160,
      token_amount: 7585930.818858,
      amount: 0.647468771,
      usdBalance: 87.89689838197745,
      sp: 1
    },
    {
      timestamp: 1719422760,
      token_amount: 7585930.818858,
      amount: 1,
      usdBalance: 135.13577014942507,
      sp: -1
    }
  ],
  solsummer: [
    {
      timestamp: 1719386820,
      token_amount: 11331525.206368,
      amount: 1.251932149,
      usdBalance: 172.09687357149699,
      sp: 1
    },
    {
      timestamp: 1719386340,
      token_amount: 11331525.206368,
      amount: 1,
      usdBalance: 137.755403598298,
      sp: -1
    }
  ],
  FIRST: [
    {
      timestamp: 1719299880,
      token_amount: 1344191.869700791,
      amount: 2.529882109,
      usdBalance: 343.01321306389434,
      sp: 1
    },
    {
      timestamp: 1719299280,
      token_amount: 1344191.869700791,
      amount: 2,
      usdBalance: 271.74356006091386,
      sp: -1
    }
  ],
  LAUNCH: [
    {
      timestamp: 1719297720,
      token_amount: 6576723.06013317,
      amount: 5.862115329,
      usdBalance: 797.2330894538459,
      sp: 1
    },
    {
      timestamp: 1719297720,
      token_amount: 6576723.06013317,
      amount: 5,
      usdBalance: 679.9875511745036,
      sp: -1
    }
  ],
  GUNIT: [
    {
      timestamp: 1719047160,
      token_amount: 317034.485696,
      amount: 0.936924311,
      usdBalance: 125.32955575386657,
      sp: 1
    },
    {
      timestamp: 1719045780,
      token_amount: 317034.485696,
      amount: 1,
      usdBalance: 134.30034375655453,
      sp: -1
    },
    {
      timestamp: 1719045600,
      token_amount: 5843317.821153,
      amount: 14.939768249,
      usdBalance: 2006.502757361856,
      sp: 1
    },
    {
      timestamp: 1719003600,
      token_amount: 1885467.01119,
      amount: 1,
      usdBalance: 133.44780022609666,
      sp: -1
    },
    {
      timestamp: 1718997420,
      token_amount: 512522.688954,
      amount: 1,
      usdBalance: 131.9465386852776,
      sp: -1
    },
    {
      timestamp: 1718997300,
      token_amount: 609844.802485,
      amount: 1,
      usdBalance: 132.09210545496327,
      sp: -1
    },
    {
      timestamp: 1718996940,
      token_amount: 1108840.135442,
      amount: 2,
      usdBalance: 263.1397807746219,
      sp: -1
    },
    {
      timestamp: 1718996820,
      token_amount: 1726643.183082,
      amount: 5,
      usdBalance: 659.3876137420399,
      sp: -1
    },
    {
      timestamp: 1718996400,
      token_amount: 604542.669781,
      amount: 11.384864586,
      usdBalance: 1503.2271214392217,
      sp: 1
    },
    {
      timestamp: 1718996220,
      token_amount: 604542.669781,
      amount: 15,
      usdBalance: 1978.1739707164534,
      sp: -1
    }
  ]
}
{
  '777': -643.5316128774678,
  lit: -246.52328208451445,
  ath: -82.42046264740094,
  SC: 41525.42987409307,
  POPHAM: -473.0156037829804,
  UPDOWN: -50.557359376753396,
  HARRI: 361.3264678431258,
  chog: 27.938214041272715,
  MOON: -3.3773522922630264,
  BOBO: -49.176732603615676,
  '$BROFREN': 9.25038863767412,
  STFU: 82.52870310299528,
  omw: -22.091654000628054,
  BLINK: 2641.471226941449,
  BULLY: 144.84248207378187,
  STAR: -1.603758109899303,
  Brodi: -277.1359176161452,
  MILLY: -694.7147901832279,
  LEEROY: 80.01176940816578,
  PEON: -194.6842666082089,
  LIBBY: -229.67512367125326,
  MAOOO: -8.216040650567834,
  FREEDOM: -39.51137168115376,
  CHAD: 637.6292509312632,
  Woah: -9.920000819873707,
  '$BT': 247.92837285208026,
  Warren: 106.3894333498103,
  CP: -126.9444651667028,
  meowth: -288.98737800765525,
  GRIMACE: 23.39411270388598,
  VANCE: 415.2419352814093,
  VSOL: -389.0460580481508,
  SHUBA: 0.7170763981718267,
  Willow: -100.4279368356137,
  DORAE: 541.5044333365896,
  TANUKI: -201.95836026199055,
  Kitty: -63.89835597833523,
  MILA: -13.76187918140728,
  Sam: -15.794575827655592,
  PPP: -47.23887176744762,
  solsummer: 34.341469973199,
  FIRST: 71.26965300298048,
  LAUNCH: 117.24553827934233,
  GUNIT: 202.57128119893707
}
Total Transaction: 158
Win Rate: 18.2% (8/44)
Total PnL: 42996.82$

Processing wallet (group 15): 
stdout: Processing wallet address: undefined
No more transactions available.
{}
{}
Total Transaction: 0
Win Rate: 0% (0/0)
Total PnL: 0.00$

Processing wallet (group 15): 
stdout: Processing wallet address: undefined
No more transactions available.
{}
{}
Total Transaction: 0
Win Rate: 0% (0/0)
Total PnL: 0.00$

Processing completed for group 15.

